[2025-07-24T02:13:28.304+0000] {processor.py:161} INFO - Started process (PID=174) to work on /opt/airflow/dags/library_etl_dag.py
[2025-07-24T02:13:28.305+0000] {processor.py:830} INFO - Processing file /opt/airflow/dags/library_etl_dag.py for tasks to queue
[2025-07-24T02:13:28.306+0000] {logging_mixin.py:188} INFO - [2025-07-24T02:13:28.306+0000] {dagbag.py:538} INFO - Filling up the DagBag from /opt/airflow/dags/library_etl_dag.py
[2025-07-24T02:13:28.410+0000] {processor.py:840} INFO - DAG(s) 'open_library_dag' retrieved from /opt/airflow/dags/library_etl_dag.py
[2025-07-24T02:13:28.454+0000] {logging_mixin.py:188} INFO - [2025-07-24T02:13:28.453+0000] {dag.py:3036} INFO - Sync 1 DAGs
[2025-07-24T02:13:28.479+0000] {logging_mixin.py:188} INFO - [2025-07-24T02:13:28.478+0000] {dag.py:3823} INFO - Setting next_dagrun for open_library_dag to 2025-07-24 00:00:00+00:00, run_after=2025-07-25 00:00:00+00:00
[2025-07-24T02:13:28.497+0000] {processor.py:183} INFO - Processing /opt/airflow/dags/library_etl_dag.py took 0.196 seconds
[2025-07-24T02:13:58.921+0000] {processor.py:161} INFO - Started process (PID=229) to work on /opt/airflow/dags/library_etl_dag.py
[2025-07-24T02:13:58.922+0000] {processor.py:830} INFO - Processing file /opt/airflow/dags/library_etl_dag.py for tasks to queue
[2025-07-24T02:13:58.923+0000] {logging_mixin.py:188} INFO - [2025-07-24T02:13:58.923+0000] {dagbag.py:538} INFO - Filling up the DagBag from /opt/airflow/dags/library_etl_dag.py
[2025-07-24T02:13:58.982+0000] {processor.py:840} INFO - DAG(s) 'open_library_dag' retrieved from /opt/airflow/dags/library_etl_dag.py
[2025-07-24T02:13:59.002+0000] {logging_mixin.py:188} INFO - [2025-07-24T02:13:59.002+0000] {dag.py:3036} INFO - Sync 1 DAGs
[2025-07-24T02:13:59.020+0000] {logging_mixin.py:188} INFO - [2025-07-24T02:13:59.019+0000] {dag.py:3823} INFO - Setting next_dagrun for open_library_dag to 2025-07-24 00:00:00+00:00, run_after=2025-07-25 00:00:00+00:00
[2025-07-24T02:13:59.033+0000] {processor.py:183} INFO - Processing /opt/airflow/dags/library_etl_dag.py took 0.114 seconds
[2025-07-24T02:14:29.378+0000] {processor.py:161} INFO - Started process (PID=267) to work on /opt/airflow/dags/library_etl_dag.py
[2025-07-24T02:14:29.379+0000] {processor.py:830} INFO - Processing file /opt/airflow/dags/library_etl_dag.py for tasks to queue
[2025-07-24T02:14:29.380+0000] {logging_mixin.py:188} INFO - [2025-07-24T02:14:29.380+0000] {dagbag.py:538} INFO - Filling up the DagBag from /opt/airflow/dags/library_etl_dag.py
[2025-07-24T02:14:29.434+0000] {processor.py:840} INFO - DAG(s) 'open_library_dag' retrieved from /opt/airflow/dags/library_etl_dag.py
[2025-07-24T02:14:29.454+0000] {logging_mixin.py:188} INFO - [2025-07-24T02:14:29.453+0000] {dag.py:3036} INFO - Sync 1 DAGs
[2025-07-24T02:14:29.470+0000] {logging_mixin.py:188} INFO - [2025-07-24T02:14:29.469+0000] {dag.py:3823} INFO - Setting next_dagrun for open_library_dag to 2025-07-24 00:00:00+00:00, run_after=2025-07-25 00:00:00+00:00
[2025-07-24T02:14:29.484+0000] {processor.py:183} INFO - Processing /opt/airflow/dags/library_etl_dag.py took 0.109 seconds
[2025-07-24T02:14:59.829+0000] {processor.py:161} INFO - Started process (PID=311) to work on /opt/airflow/dags/library_etl_dag.py
[2025-07-24T02:14:59.829+0000] {processor.py:830} INFO - Processing file /opt/airflow/dags/library_etl_dag.py for tasks to queue
[2025-07-24T02:14:59.830+0000] {logging_mixin.py:188} INFO - [2025-07-24T02:14:59.830+0000] {dagbag.py:538} INFO - Filling up the DagBag from /opt/airflow/dags/library_etl_dag.py
[2025-07-24T02:14:59.885+0000] {processor.py:840} INFO - DAG(s) 'open_library_dag' retrieved from /opt/airflow/dags/library_etl_dag.py
[2025-07-24T02:14:59.905+0000] {logging_mixin.py:188} INFO - [2025-07-24T02:14:59.904+0000] {dag.py:3036} INFO - Sync 1 DAGs
[2025-07-24T02:14:59.920+0000] {logging_mixin.py:188} INFO - [2025-07-24T02:14:59.920+0000] {dag.py:3823} INFO - Setting next_dagrun for open_library_dag to 2025-07-24 00:00:00+00:00, run_after=2025-07-25 00:00:00+00:00
[2025-07-24T02:14:59.932+0000] {processor.py:183} INFO - Processing /opt/airflow/dags/library_etl_dag.py took 0.106 seconds
[2025-07-24T02:15:30.275+0000] {processor.py:161} INFO - Started process (PID=349) to work on /opt/airflow/dags/library_etl_dag.py
[2025-07-24T02:15:30.275+0000] {processor.py:830} INFO - Processing file /opt/airflow/dags/library_etl_dag.py for tasks to queue
[2025-07-24T02:15:30.276+0000] {logging_mixin.py:188} INFO - [2025-07-24T02:15:30.276+0000] {dagbag.py:538} INFO - Filling up the DagBag from /opt/airflow/dags/library_etl_dag.py
[2025-07-24T02:15:30.330+0000] {processor.py:840} INFO - DAG(s) 'open_library_dag' retrieved from /opt/airflow/dags/library_etl_dag.py
[2025-07-24T02:15:30.349+0000] {logging_mixin.py:188} INFO - [2025-07-24T02:15:30.349+0000] {dag.py:3036} INFO - Sync 1 DAGs
[2025-07-24T02:15:30.365+0000] {logging_mixin.py:188} INFO - [2025-07-24T02:15:30.365+0000] {dag.py:3823} INFO - Setting next_dagrun for open_library_dag to 2025-07-24 00:00:00+00:00, run_after=2025-07-25 00:00:00+00:00
[2025-07-24T02:15:30.377+0000] {processor.py:183} INFO - Processing /opt/airflow/dags/library_etl_dag.py took 0.105 seconds
[2025-07-24T02:16:00.723+0000] {processor.py:161} INFO - Started process (PID=387) to work on /opt/airflow/dags/library_etl_dag.py
[2025-07-24T02:16:00.723+0000] {processor.py:830} INFO - Processing file /opt/airflow/dags/library_etl_dag.py for tasks to queue
[2025-07-24T02:16:00.724+0000] {logging_mixin.py:188} INFO - [2025-07-24T02:16:00.724+0000] {dagbag.py:538} INFO - Filling up the DagBag from /opt/airflow/dags/library_etl_dag.py
[2025-07-24T02:16:00.788+0000] {processor.py:840} INFO - DAG(s) 'open_library_dag' retrieved from /opt/airflow/dags/library_etl_dag.py
[2025-07-24T02:16:00.808+0000] {logging_mixin.py:188} INFO - [2025-07-24T02:16:00.808+0000] {dag.py:3036} INFO - Sync 1 DAGs
[2025-07-24T02:16:00.825+0000] {logging_mixin.py:188} INFO - [2025-07-24T02:16:00.825+0000] {dag.py:3823} INFO - Setting next_dagrun for open_library_dag to 2025-07-24 00:00:00+00:00, run_after=2025-07-25 00:00:00+00:00
[2025-07-24T02:16:00.837+0000] {processor.py:183} INFO - Processing /opt/airflow/dags/library_etl_dag.py took 0.118 seconds
[2025-07-24T02:16:31.191+0000] {processor.py:161} INFO - Started process (PID=425) to work on /opt/airflow/dags/library_etl_dag.py
[2025-07-24T02:16:31.191+0000] {processor.py:830} INFO - Processing file /opt/airflow/dags/library_etl_dag.py for tasks to queue
[2025-07-24T02:16:31.192+0000] {logging_mixin.py:188} INFO - [2025-07-24T02:16:31.192+0000] {dagbag.py:538} INFO - Filling up the DagBag from /opt/airflow/dags/library_etl_dag.py
[2025-07-24T02:16:31.262+0000] {processor.py:840} INFO - DAG(s) 'open_library_dag' retrieved from /opt/airflow/dags/library_etl_dag.py
[2025-07-24T02:16:31.290+0000] {logging_mixin.py:188} INFO - [2025-07-24T02:16:31.290+0000] {dag.py:3036} INFO - Sync 1 DAGs
[2025-07-24T02:16:31.318+0000] {logging_mixin.py:188} INFO - [2025-07-24T02:16:31.317+0000] {dag.py:3823} INFO - Setting next_dagrun for open_library_dag to 2025-07-24 00:00:00+00:00, run_after=2025-07-25 00:00:00+00:00
[2025-07-24T02:16:31.337+0000] {processor.py:183} INFO - Processing /opt/airflow/dags/library_etl_dag.py took 0.151 seconds
[2025-07-24T02:17:01.696+0000] {processor.py:161} INFO - Started process (PID=463) to work on /opt/airflow/dags/library_etl_dag.py
[2025-07-24T02:17:01.696+0000] {processor.py:830} INFO - Processing file /opt/airflow/dags/library_etl_dag.py for tasks to queue
[2025-07-24T02:17:01.697+0000] {logging_mixin.py:188} INFO - [2025-07-24T02:17:01.697+0000] {dagbag.py:538} INFO - Filling up the DagBag from /opt/airflow/dags/library_etl_dag.py
[2025-07-24T02:17:01.751+0000] {processor.py:840} INFO - DAG(s) 'open_library_dag' retrieved from /opt/airflow/dags/library_etl_dag.py
[2025-07-24T02:17:01.773+0000] {logging_mixin.py:188} INFO - [2025-07-24T02:17:01.772+0000] {dag.py:3036} INFO - Sync 1 DAGs
[2025-07-24T02:17:01.790+0000] {logging_mixin.py:188} INFO - [2025-07-24T02:17:01.790+0000] {dag.py:3823} INFO - Setting next_dagrun for open_library_dag to 2025-07-24 00:00:00+00:00, run_after=2025-07-25 00:00:00+00:00
[2025-07-24T02:17:01.803+0000] {processor.py:183} INFO - Processing /opt/airflow/dags/library_etl_dag.py took 0.110 seconds
[2025-07-24T02:17:32.164+0000] {processor.py:161} INFO - Started process (PID=501) to work on /opt/airflow/dags/library_etl_dag.py
[2025-07-24T02:17:32.165+0000] {processor.py:830} INFO - Processing file /opt/airflow/dags/library_etl_dag.py for tasks to queue
[2025-07-24T02:17:32.166+0000] {logging_mixin.py:188} INFO - [2025-07-24T02:17:32.165+0000] {dagbag.py:538} INFO - Filling up the DagBag from /opt/airflow/dags/library_etl_dag.py
[2025-07-24T02:17:32.226+0000] {processor.py:840} INFO - DAG(s) 'open_library_dag' retrieved from /opt/airflow/dags/library_etl_dag.py
[2025-07-24T02:17:32.248+0000] {logging_mixin.py:188} INFO - [2025-07-24T02:17:32.248+0000] {dag.py:3036} INFO - Sync 1 DAGs
[2025-07-24T02:17:32.269+0000] {logging_mixin.py:188} INFO - [2025-07-24T02:17:32.269+0000] {dag.py:3823} INFO - Setting next_dagrun for open_library_dag to 2025-07-24 00:00:00+00:00, run_after=2025-07-25 00:00:00+00:00
[2025-07-24T02:17:32.283+0000] {processor.py:183} INFO - Processing /opt/airflow/dags/library_etl_dag.py took 0.122 seconds
[2025-07-24T02:18:02.614+0000] {processor.py:161} INFO - Started process (PID=539) to work on /opt/airflow/dags/library_etl_dag.py
[2025-07-24T02:18:02.614+0000] {processor.py:830} INFO - Processing file /opt/airflow/dags/library_etl_dag.py for tasks to queue
[2025-07-24T02:18:02.615+0000] {logging_mixin.py:188} INFO - [2025-07-24T02:18:02.615+0000] {dagbag.py:538} INFO - Filling up the DagBag from /opt/airflow/dags/library_etl_dag.py
[2025-07-24T02:18:02.673+0000] {processor.py:840} INFO - DAG(s) 'open_library_dag' retrieved from /opt/airflow/dags/library_etl_dag.py
[2025-07-24T02:18:02.695+0000] {logging_mixin.py:188} INFO - [2025-07-24T02:18:02.695+0000] {dag.py:3036} INFO - Sync 1 DAGs
[2025-07-24T02:18:02.712+0000] {logging_mixin.py:188} INFO - [2025-07-24T02:18:02.712+0000] {dag.py:3823} INFO - Setting next_dagrun for open_library_dag to 2025-07-24 00:00:00+00:00, run_after=2025-07-25 00:00:00+00:00
[2025-07-24T02:18:02.725+0000] {processor.py:183} INFO - Processing /opt/airflow/dags/library_etl_dag.py took 0.114 seconds
[2025-07-24T02:18:33.160+0000] {processor.py:161} INFO - Started process (PID=577) to work on /opt/airflow/dags/library_etl_dag.py
[2025-07-24T02:18:33.160+0000] {processor.py:830} INFO - Processing file /opt/airflow/dags/library_etl_dag.py for tasks to queue
[2025-07-24T02:18:33.162+0000] {logging_mixin.py:188} INFO - [2025-07-24T02:18:33.161+0000] {dagbag.py:538} INFO - Filling up the DagBag from /opt/airflow/dags/library_etl_dag.py
[2025-07-24T02:18:33.219+0000] {processor.py:840} INFO - DAG(s) 'open_library_dag' retrieved from /opt/airflow/dags/library_etl_dag.py
[2025-07-24T02:18:33.240+0000] {logging_mixin.py:188} INFO - [2025-07-24T02:18:33.239+0000] {dag.py:3036} INFO - Sync 1 DAGs
[2025-07-24T02:18:33.257+0000] {logging_mixin.py:188} INFO - [2025-07-24T02:18:33.257+0000] {dag.py:3823} INFO - Setting next_dagrun for open_library_dag to 2025-07-24 00:00:00+00:00, run_after=2025-07-25 00:00:00+00:00
[2025-07-24T02:18:33.272+0000] {processor.py:183} INFO - Processing /opt/airflow/dags/library_etl_dag.py took 0.115 seconds
[2025-07-24T02:19:03.667+0000] {processor.py:161} INFO - Started process (PID=615) to work on /opt/airflow/dags/library_etl_dag.py
[2025-07-24T02:19:03.668+0000] {processor.py:830} INFO - Processing file /opt/airflow/dags/library_etl_dag.py for tasks to queue
[2025-07-24T02:19:03.669+0000] {logging_mixin.py:188} INFO - [2025-07-24T02:19:03.669+0000] {dagbag.py:538} INFO - Filling up the DagBag from /opt/airflow/dags/library_etl_dag.py
[2025-07-24T02:19:03.814+0000] {processor.py:840} INFO - DAG(s) 'open_library_dag' retrieved from /opt/airflow/dags/library_etl_dag.py
[2025-07-24T02:19:03.849+0000] {logging_mixin.py:188} INFO - [2025-07-24T02:19:03.848+0000] {dag.py:3036} INFO - Sync 1 DAGs
[2025-07-24T02:19:03.886+0000] {logging_mixin.py:188} INFO - [2025-07-24T02:19:03.886+0000] {dag.py:3823} INFO - Setting next_dagrun for open_library_dag to 2025-07-24 00:00:00+00:00, run_after=2025-07-25 00:00:00+00:00
[2025-07-24T02:19:03.913+0000] {processor.py:183} INFO - Processing /opt/airflow/dags/library_etl_dag.py took 0.250 seconds
[2025-07-24T02:19:34.347+0000] {processor.py:161} INFO - Started process (PID=653) to work on /opt/airflow/dags/library_etl_dag.py
[2025-07-24T02:19:34.348+0000] {processor.py:830} INFO - Processing file /opt/airflow/dags/library_etl_dag.py for tasks to queue
[2025-07-24T02:19:34.349+0000] {logging_mixin.py:188} INFO - [2025-07-24T02:19:34.348+0000] {dagbag.py:538} INFO - Filling up the DagBag from /opt/airflow/dags/library_etl_dag.py
[2025-07-24T02:19:34.404+0000] {processor.py:840} INFO - DAG(s) 'open_library_dag' retrieved from /opt/airflow/dags/library_etl_dag.py
[2025-07-24T02:19:34.425+0000] {logging_mixin.py:188} INFO - [2025-07-24T02:19:34.425+0000] {dag.py:3036} INFO - Sync 1 DAGs
[2025-07-24T02:19:34.443+0000] {logging_mixin.py:188} INFO - [2025-07-24T02:19:34.442+0000] {dag.py:3823} INFO - Setting next_dagrun for open_library_dag to 2025-07-24 00:00:00+00:00, run_after=2025-07-25 00:00:00+00:00
[2025-07-24T02:19:34.455+0000] {processor.py:183} INFO - Processing /opt/airflow/dags/library_etl_dag.py took 0.111 seconds
[2025-07-24T02:20:04.818+0000] {processor.py:161} INFO - Started process (PID=692) to work on /opt/airflow/dags/library_etl_dag.py
[2025-07-24T02:20:04.818+0000] {processor.py:830} INFO - Processing file /opt/airflow/dags/library_etl_dag.py for tasks to queue
[2025-07-24T02:20:04.819+0000] {logging_mixin.py:188} INFO - [2025-07-24T02:20:04.819+0000] {dagbag.py:538} INFO - Filling up the DagBag from /opt/airflow/dags/library_etl_dag.py
[2025-07-24T02:20:04.882+0000] {processor.py:840} INFO - DAG(s) 'open_library_dag' retrieved from /opt/airflow/dags/library_etl_dag.py
[2025-07-24T02:20:04.906+0000] {logging_mixin.py:188} INFO - [2025-07-24T02:20:04.906+0000] {dag.py:3036} INFO - Sync 1 DAGs
[2025-07-24T02:20:04.923+0000] {logging_mixin.py:188} INFO - [2025-07-24T02:20:04.923+0000] {dag.py:3823} INFO - Setting next_dagrun for open_library_dag to 2025-07-24 00:00:00+00:00, run_after=2025-07-25 00:00:00+00:00
[2025-07-24T02:20:04.937+0000] {processor.py:183} INFO - Processing /opt/airflow/dags/library_etl_dag.py took 0.123 seconds
[2025-07-24T02:20:35.262+0000] {processor.py:161} INFO - Started process (PID=730) to work on /opt/airflow/dags/library_etl_dag.py
[2025-07-24T02:20:35.263+0000] {processor.py:830} INFO - Processing file /opt/airflow/dags/library_etl_dag.py for tasks to queue
[2025-07-24T02:20:35.264+0000] {logging_mixin.py:188} INFO - [2025-07-24T02:20:35.263+0000] {dagbag.py:538} INFO - Filling up the DagBag from /opt/airflow/dags/library_etl_dag.py
[2025-07-24T02:20:35.322+0000] {processor.py:840} INFO - DAG(s) 'open_library_dag' retrieved from /opt/airflow/dags/library_etl_dag.py
[2025-07-24T02:20:35.342+0000] {logging_mixin.py:188} INFO - [2025-07-24T02:20:35.342+0000] {dag.py:3036} INFO - Sync 1 DAGs
[2025-07-24T02:20:35.359+0000] {logging_mixin.py:188} INFO - [2025-07-24T02:20:35.359+0000] {dag.py:3823} INFO - Setting next_dagrun for open_library_dag to 2025-07-24 00:00:00+00:00, run_after=2025-07-25 00:00:00+00:00
[2025-07-24T02:20:35.371+0000] {processor.py:183} INFO - Processing /opt/airflow/dags/library_etl_dag.py took 0.112 seconds
[2025-07-24T02:21:05.730+0000] {processor.py:161} INFO - Started process (PID=768) to work on /opt/airflow/dags/library_etl_dag.py
[2025-07-24T02:21:05.730+0000] {processor.py:830} INFO - Processing file /opt/airflow/dags/library_etl_dag.py for tasks to queue
[2025-07-24T02:21:05.731+0000] {logging_mixin.py:188} INFO - [2025-07-24T02:21:05.731+0000] {dagbag.py:538} INFO - Filling up the DagBag from /opt/airflow/dags/library_etl_dag.py
[2025-07-24T02:21:05.786+0000] {processor.py:840} INFO - DAG(s) 'open_library_dag' retrieved from /opt/airflow/dags/library_etl_dag.py
[2025-07-24T02:21:05.805+0000] {logging_mixin.py:188} INFO - [2025-07-24T02:21:05.805+0000] {dag.py:3036} INFO - Sync 1 DAGs
[2025-07-24T02:21:05.822+0000] {logging_mixin.py:188} INFO - [2025-07-24T02:21:05.822+0000] {dag.py:3823} INFO - Setting next_dagrun for open_library_dag to 2025-07-24 00:00:00+00:00, run_after=2025-07-25 00:00:00+00:00
[2025-07-24T02:21:05.835+0000] {processor.py:183} INFO - Processing /opt/airflow/dags/library_etl_dag.py took 0.109 seconds
[2025-07-24T02:21:36.158+0000] {processor.py:161} INFO - Started process (PID=806) to work on /opt/airflow/dags/library_etl_dag.py
[2025-07-24T02:21:36.158+0000] {processor.py:830} INFO - Processing file /opt/airflow/dags/library_etl_dag.py for tasks to queue
[2025-07-24T02:21:36.159+0000] {logging_mixin.py:188} INFO - [2025-07-24T02:21:36.159+0000] {dagbag.py:538} INFO - Filling up the DagBag from /opt/airflow/dags/library_etl_dag.py
[2025-07-24T02:21:36.216+0000] {processor.py:840} INFO - DAG(s) 'open_library_dag' retrieved from /opt/airflow/dags/library_etl_dag.py
[2025-07-24T02:21:36.236+0000] {logging_mixin.py:188} INFO - [2025-07-24T02:21:36.236+0000] {dag.py:3036} INFO - Sync 1 DAGs
[2025-07-24T02:21:36.255+0000] {logging_mixin.py:188} INFO - [2025-07-24T02:21:36.255+0000] {dag.py:3823} INFO - Setting next_dagrun for open_library_dag to 2025-07-24 00:00:00+00:00, run_after=2025-07-25 00:00:00+00:00
[2025-07-24T02:21:36.270+0000] {processor.py:183} INFO - Processing /opt/airflow/dags/library_etl_dag.py took 0.116 seconds
[2025-07-24T02:22:06.660+0000] {processor.py:161} INFO - Started process (PID=844) to work on /opt/airflow/dags/library_etl_dag.py
[2025-07-24T02:22:06.660+0000] {processor.py:830} INFO - Processing file /opt/airflow/dags/library_etl_dag.py for tasks to queue
[2025-07-24T02:22:06.661+0000] {logging_mixin.py:188} INFO - [2025-07-24T02:22:06.661+0000] {dagbag.py:538} INFO - Filling up the DagBag from /opt/airflow/dags/library_etl_dag.py
[2025-07-24T02:22:06.723+0000] {processor.py:840} INFO - DAG(s) 'open_library_dag' retrieved from /opt/airflow/dags/library_etl_dag.py
[2025-07-24T02:22:06.744+0000] {logging_mixin.py:188} INFO - [2025-07-24T02:22:06.743+0000] {dag.py:3036} INFO - Sync 1 DAGs
[2025-07-24T02:22:06.764+0000] {logging_mixin.py:188} INFO - [2025-07-24T02:22:06.763+0000] {dag.py:3823} INFO - Setting next_dagrun for open_library_dag to 2025-07-24 00:00:00+00:00, run_after=2025-07-25 00:00:00+00:00
[2025-07-24T02:22:06.776+0000] {processor.py:183} INFO - Processing /opt/airflow/dags/library_etl_dag.py took 0.121 seconds
[2025-07-24T02:22:37.127+0000] {processor.py:161} INFO - Started process (PID=882) to work on /opt/airflow/dags/library_etl_dag.py
[2025-07-24T02:22:37.128+0000] {processor.py:830} INFO - Processing file /opt/airflow/dags/library_etl_dag.py for tasks to queue
[2025-07-24T02:22:37.129+0000] {logging_mixin.py:188} INFO - [2025-07-24T02:22:37.128+0000] {dagbag.py:538} INFO - Filling up the DagBag from /opt/airflow/dags/library_etl_dag.py
[2025-07-24T02:22:37.188+0000] {processor.py:840} INFO - DAG(s) 'open_library_dag' retrieved from /opt/airflow/dags/library_etl_dag.py
[2025-07-24T02:22:37.209+0000] {logging_mixin.py:188} INFO - [2025-07-24T02:22:37.209+0000] {dag.py:3036} INFO - Sync 1 DAGs
[2025-07-24T02:22:37.231+0000] {logging_mixin.py:188} INFO - [2025-07-24T02:22:37.231+0000] {dag.py:3823} INFO - Setting next_dagrun for open_library_dag to 2025-07-24 00:00:00+00:00, run_after=2025-07-25 00:00:00+00:00
[2025-07-24T02:22:37.245+0000] {processor.py:183} INFO - Processing /opt/airflow/dags/library_etl_dag.py took 0.121 seconds
[2025-07-24T02:23:07.571+0000] {processor.py:161} INFO - Started process (PID=920) to work on /opt/airflow/dags/library_etl_dag.py
[2025-07-24T02:23:07.572+0000] {processor.py:830} INFO - Processing file /opt/airflow/dags/library_etl_dag.py for tasks to queue
[2025-07-24T02:23:07.572+0000] {logging_mixin.py:188} INFO - [2025-07-24T02:23:07.572+0000] {dagbag.py:538} INFO - Filling up the DagBag from /opt/airflow/dags/library_etl_dag.py
[2025-07-24T02:23:07.629+0000] {processor.py:840} INFO - DAG(s) 'open_library_dag' retrieved from /opt/airflow/dags/library_etl_dag.py
[2025-07-24T02:23:07.649+0000] {logging_mixin.py:188} INFO - [2025-07-24T02:23:07.649+0000] {dag.py:3036} INFO - Sync 1 DAGs
[2025-07-24T02:23:07.666+0000] {logging_mixin.py:188} INFO - [2025-07-24T02:23:07.666+0000] {dag.py:3823} INFO - Setting next_dagrun for open_library_dag to 2025-07-24 00:00:00+00:00, run_after=2025-07-25 00:00:00+00:00
[2025-07-24T02:23:07.678+0000] {processor.py:183} INFO - Processing /opt/airflow/dags/library_etl_dag.py took 0.110 seconds
[2025-07-24T02:23:38.083+0000] {processor.py:161} INFO - Started process (PID=958) to work on /opt/airflow/dags/library_etl_dag.py
[2025-07-24T02:23:38.083+0000] {processor.py:830} INFO - Processing file /opt/airflow/dags/library_etl_dag.py for tasks to queue
[2025-07-24T02:23:38.084+0000] {logging_mixin.py:188} INFO - [2025-07-24T02:23:38.084+0000] {dagbag.py:538} INFO - Filling up the DagBag from /opt/airflow/dags/library_etl_dag.py
[2025-07-24T02:23:38.141+0000] {processor.py:840} INFO - DAG(s) 'open_library_dag' retrieved from /opt/airflow/dags/library_etl_dag.py
[2025-07-24T02:23:38.159+0000] {logging_mixin.py:188} INFO - [2025-07-24T02:23:38.159+0000] {dag.py:3036} INFO - Sync 1 DAGs
[2025-07-24T02:23:38.175+0000] {logging_mixin.py:188} INFO - [2025-07-24T02:23:38.175+0000] {dag.py:3823} INFO - Setting next_dagrun for open_library_dag to 2025-07-24 00:00:00+00:00, run_after=2025-07-25 00:00:00+00:00
[2025-07-24T02:23:38.187+0000] {processor.py:183} INFO - Processing /opt/airflow/dags/library_etl_dag.py took 0.107 seconds
[2025-07-24T02:24:08.535+0000] {processor.py:161} INFO - Started process (PID=996) to work on /opt/airflow/dags/library_etl_dag.py
[2025-07-24T02:24:08.536+0000] {processor.py:830} INFO - Processing file /opt/airflow/dags/library_etl_dag.py for tasks to queue
[2025-07-24T02:24:08.537+0000] {logging_mixin.py:188} INFO - [2025-07-24T02:24:08.536+0000] {dagbag.py:538} INFO - Filling up the DagBag from /opt/airflow/dags/library_etl_dag.py
[2025-07-24T02:24:08.594+0000] {processor.py:840} INFO - DAG(s) 'open_library_dag' retrieved from /opt/airflow/dags/library_etl_dag.py
[2025-07-24T02:24:08.613+0000] {logging_mixin.py:188} INFO - [2025-07-24T02:24:08.613+0000] {dag.py:3036} INFO - Sync 1 DAGs
[2025-07-24T02:24:08.629+0000] {logging_mixin.py:188} INFO - [2025-07-24T02:24:08.629+0000] {dag.py:3823} INFO - Setting next_dagrun for open_library_dag to 2025-07-24 00:00:00+00:00, run_after=2025-07-25 00:00:00+00:00
[2025-07-24T02:24:08.642+0000] {processor.py:183} INFO - Processing /opt/airflow/dags/library_etl_dag.py took 0.110 seconds
[2025-07-24T02:24:38.987+0000] {processor.py:161} INFO - Started process (PID=1035) to work on /opt/airflow/dags/library_etl_dag.py
[2025-07-24T02:24:38.988+0000] {processor.py:830} INFO - Processing file /opt/airflow/dags/library_etl_dag.py for tasks to queue
[2025-07-24T02:24:38.989+0000] {logging_mixin.py:188} INFO - [2025-07-24T02:24:38.988+0000] {dagbag.py:538} INFO - Filling up the DagBag from /opt/airflow/dags/library_etl_dag.py
[2025-07-24T02:24:39.071+0000] {processor.py:840} INFO - DAG(s) 'open_library_dag' retrieved from /opt/airflow/dags/library_etl_dag.py
[2025-07-24T02:24:39.097+0000] {logging_mixin.py:188} INFO - [2025-07-24T02:24:39.097+0000] {dag.py:3036} INFO - Sync 1 DAGs
[2025-07-24T02:24:39.115+0000] {logging_mixin.py:188} INFO - [2025-07-24T02:24:39.115+0000] {dag.py:3823} INFO - Setting next_dagrun for open_library_dag to 2025-07-24 00:00:00+00:00, run_after=2025-07-25 00:00:00+00:00
[2025-07-24T02:24:39.129+0000] {processor.py:183} INFO - Processing /opt/airflow/dags/library_etl_dag.py took 0.145 seconds
[2025-07-24T02:25:09.441+0000] {processor.py:161} INFO - Started process (PID=1073) to work on /opt/airflow/dags/library_etl_dag.py
[2025-07-24T02:25:09.442+0000] {processor.py:830} INFO - Processing file /opt/airflow/dags/library_etl_dag.py for tasks to queue
[2025-07-24T02:25:09.443+0000] {logging_mixin.py:188} INFO - [2025-07-24T02:25:09.443+0000] {dagbag.py:538} INFO - Filling up the DagBag from /opt/airflow/dags/library_etl_dag.py
[2025-07-24T02:25:09.497+0000] {processor.py:840} INFO - DAG(s) 'open_library_dag' retrieved from /opt/airflow/dags/library_etl_dag.py
[2025-07-24T02:25:09.516+0000] {logging_mixin.py:188} INFO - [2025-07-24T02:25:09.516+0000] {dag.py:3036} INFO - Sync 1 DAGs
[2025-07-24T02:25:09.533+0000] {logging_mixin.py:188} INFO - [2025-07-24T02:25:09.532+0000] {dag.py:3823} INFO - Setting next_dagrun for open_library_dag to 2025-07-24 00:00:00+00:00, run_after=2025-07-25 00:00:00+00:00
[2025-07-24T02:25:09.545+0000] {processor.py:183} INFO - Processing /opt/airflow/dags/library_etl_dag.py took 0.107 seconds
[2025-07-24T02:25:39.895+0000] {processor.py:161} INFO - Started process (PID=1111) to work on /opt/airflow/dags/library_etl_dag.py
[2025-07-24T02:25:39.896+0000] {processor.py:830} INFO - Processing file /opt/airflow/dags/library_etl_dag.py for tasks to queue
[2025-07-24T02:25:39.897+0000] {logging_mixin.py:188} INFO - [2025-07-24T02:25:39.896+0000] {dagbag.py:538} INFO - Filling up the DagBag from /opt/airflow/dags/library_etl_dag.py
[2025-07-24T02:25:39.954+0000] {processor.py:840} INFO - DAG(s) 'open_library_dag' retrieved from /opt/airflow/dags/library_etl_dag.py
[2025-07-24T02:25:39.975+0000] {logging_mixin.py:188} INFO - [2025-07-24T02:25:39.975+0000] {dag.py:3036} INFO - Sync 1 DAGs
[2025-07-24T02:25:39.992+0000] {logging_mixin.py:188} INFO - [2025-07-24T02:25:39.992+0000] {dag.py:3823} INFO - Setting next_dagrun for open_library_dag to 2025-07-24 00:00:00+00:00, run_after=2025-07-25 00:00:00+00:00
[2025-07-24T02:25:40.005+0000] {processor.py:183} INFO - Processing /opt/airflow/dags/library_etl_dag.py took 0.114 seconds
[2025-07-24T02:26:10.345+0000] {processor.py:161} INFO - Started process (PID=1149) to work on /opt/airflow/dags/library_etl_dag.py
[2025-07-24T02:26:10.346+0000] {processor.py:830} INFO - Processing file /opt/airflow/dags/library_etl_dag.py for tasks to queue
[2025-07-24T02:26:10.347+0000] {logging_mixin.py:188} INFO - [2025-07-24T02:26:10.347+0000] {dagbag.py:538} INFO - Filling up the DagBag from /opt/airflow/dags/library_etl_dag.py
[2025-07-24T02:26:10.402+0000] {processor.py:840} INFO - DAG(s) 'open_library_dag' retrieved from /opt/airflow/dags/library_etl_dag.py
[2025-07-24T02:26:10.423+0000] {logging_mixin.py:188} INFO - [2025-07-24T02:26:10.423+0000] {dag.py:3036} INFO - Sync 1 DAGs
[2025-07-24T02:26:10.440+0000] {logging_mixin.py:188} INFO - [2025-07-24T02:26:10.440+0000] {dag.py:3823} INFO - Setting next_dagrun for open_library_dag to 2025-07-24 00:00:00+00:00, run_after=2025-07-25 00:00:00+00:00
[2025-07-24T02:26:10.452+0000] {processor.py:183} INFO - Processing /opt/airflow/dags/library_etl_dag.py took 0.110 seconds
[2025-07-24T02:26:40.807+0000] {processor.py:161} INFO - Started process (PID=1187) to work on /opt/airflow/dags/library_etl_dag.py
[2025-07-24T02:26:40.807+0000] {processor.py:830} INFO - Processing file /opt/airflow/dags/library_etl_dag.py for tasks to queue
[2025-07-24T02:26:40.808+0000] {logging_mixin.py:188} INFO - [2025-07-24T02:26:40.808+0000] {dagbag.py:538} INFO - Filling up the DagBag from /opt/airflow/dags/library_etl_dag.py
[2025-07-24T02:26:40.867+0000] {processor.py:840} INFO - DAG(s) 'open_library_dag' retrieved from /opt/airflow/dags/library_etl_dag.py
[2025-07-24T02:26:40.886+0000] {logging_mixin.py:188} INFO - [2025-07-24T02:26:40.886+0000] {dag.py:3036} INFO - Sync 1 DAGs
[2025-07-24T02:26:40.902+0000] {logging_mixin.py:188} INFO - [2025-07-24T02:26:40.902+0000] {dag.py:3823} INFO - Setting next_dagrun for open_library_dag to 2025-07-24 00:00:00+00:00, run_after=2025-07-25 00:00:00+00:00
[2025-07-24T02:26:40.915+0000] {processor.py:183} INFO - Processing /opt/airflow/dags/library_etl_dag.py took 0.111 seconds
[2025-07-24T02:27:11.270+0000] {processor.py:161} INFO - Started process (PID=1225) to work on /opt/airflow/dags/library_etl_dag.py
[2025-07-24T02:27:11.273+0000] {processor.py:830} INFO - Processing file /opt/airflow/dags/library_etl_dag.py for tasks to queue
[2025-07-24T02:27:11.274+0000] {logging_mixin.py:188} INFO - [2025-07-24T02:27:11.273+0000] {dagbag.py:538} INFO - Filling up the DagBag from /opt/airflow/dags/library_etl_dag.py
[2025-07-24T02:27:11.344+0000] {processor.py:840} INFO - DAG(s) 'open_library_dag' retrieved from /opt/airflow/dags/library_etl_dag.py
[2025-07-24T02:27:11.368+0000] {logging_mixin.py:188} INFO - [2025-07-24T02:27:11.367+0000] {dag.py:3036} INFO - Sync 1 DAGs
[2025-07-24T02:27:11.385+0000] {logging_mixin.py:188} INFO - [2025-07-24T02:27:11.385+0000] {dag.py:3823} INFO - Setting next_dagrun for open_library_dag to 2025-07-24 00:00:00+00:00, run_after=2025-07-25 00:00:00+00:00
[2025-07-24T02:27:11.399+0000] {processor.py:183} INFO - Processing /opt/airflow/dags/library_etl_dag.py took 0.134 seconds
[2025-07-24T02:27:41.762+0000] {processor.py:161} INFO - Started process (PID=1263) to work on /opt/airflow/dags/library_etl_dag.py
[2025-07-24T02:27:41.762+0000] {processor.py:830} INFO - Processing file /opt/airflow/dags/library_etl_dag.py for tasks to queue
[2025-07-24T02:27:41.763+0000] {logging_mixin.py:188} INFO - [2025-07-24T02:27:41.763+0000] {dagbag.py:538} INFO - Filling up the DagBag from /opt/airflow/dags/library_etl_dag.py
[2025-07-24T02:27:41.862+0000] {processor.py:840} INFO - DAG(s) 'open_library_dag' retrieved from /opt/airflow/dags/library_etl_dag.py
[2025-07-24T02:27:41.888+0000] {logging_mixin.py:188} INFO - [2025-07-24T02:27:41.887+0000] {dag.py:3036} INFO - Sync 1 DAGs
[2025-07-24T02:27:41.908+0000] {logging_mixin.py:188} INFO - [2025-07-24T02:27:41.908+0000] {dag.py:3823} INFO - Setting next_dagrun for open_library_dag to 2025-07-24 00:00:00+00:00, run_after=2025-07-25 00:00:00+00:00
[2025-07-24T02:27:41.924+0000] {processor.py:183} INFO - Processing /opt/airflow/dags/library_etl_dag.py took 0.166 seconds
[2025-07-24T02:28:12.284+0000] {processor.py:161} INFO - Started process (PID=1301) to work on /opt/airflow/dags/library_etl_dag.py
[2025-07-24T02:28:12.284+0000] {processor.py:830} INFO - Processing file /opt/airflow/dags/library_etl_dag.py for tasks to queue
[2025-07-24T02:28:12.285+0000] {logging_mixin.py:188} INFO - [2025-07-24T02:28:12.285+0000] {dagbag.py:538} INFO - Filling up the DagBag from /opt/airflow/dags/library_etl_dag.py
[2025-07-24T02:28:12.342+0000] {processor.py:840} INFO - DAG(s) 'open_library_dag' retrieved from /opt/airflow/dags/library_etl_dag.py
[2025-07-24T02:28:12.363+0000] {logging_mixin.py:188} INFO - [2025-07-24T02:28:12.362+0000] {dag.py:3036} INFO - Sync 1 DAGs
[2025-07-24T02:28:12.380+0000] {logging_mixin.py:188} INFO - [2025-07-24T02:28:12.380+0000] {dag.py:3823} INFO - Setting next_dagrun for open_library_dag to 2025-07-24 00:00:00+00:00, run_after=2025-07-25 00:00:00+00:00
[2025-07-24T02:28:12.393+0000] {processor.py:183} INFO - Processing /opt/airflow/dags/library_etl_dag.py took 0.113 seconds
[2025-07-24T02:28:42.810+0000] {processor.py:161} INFO - Started process (PID=1339) to work on /opt/airflow/dags/library_etl_dag.py
[2025-07-24T02:28:42.811+0000] {processor.py:830} INFO - Processing file /opt/airflow/dags/library_etl_dag.py for tasks to queue
[2025-07-24T02:28:42.812+0000] {logging_mixin.py:188} INFO - [2025-07-24T02:28:42.811+0000] {dagbag.py:538} INFO - Filling up the DagBag from /opt/airflow/dags/library_etl_dag.py
[2025-07-24T02:28:42.867+0000] {processor.py:840} INFO - DAG(s) 'open_library_dag' retrieved from /opt/airflow/dags/library_etl_dag.py
[2025-07-24T02:28:42.887+0000] {logging_mixin.py:188} INFO - [2025-07-24T02:28:42.886+0000] {dag.py:3036} INFO - Sync 1 DAGs
[2025-07-24T02:28:42.903+0000] {logging_mixin.py:188} INFO - [2025-07-24T02:28:42.903+0000] {dag.py:3823} INFO - Setting next_dagrun for open_library_dag to 2025-07-24 00:00:00+00:00, run_after=2025-07-25 00:00:00+00:00
[2025-07-24T02:28:42.916+0000] {processor.py:183} INFO - Processing /opt/airflow/dags/library_etl_dag.py took 0.108 seconds
[2025-07-24T02:29:13.276+0000] {processor.py:161} INFO - Started process (PID=1377) to work on /opt/airflow/dags/library_etl_dag.py
[2025-07-24T02:29:13.277+0000] {processor.py:830} INFO - Processing file /opt/airflow/dags/library_etl_dag.py for tasks to queue
[2025-07-24T02:29:13.277+0000] {logging_mixin.py:188} INFO - [2025-07-24T02:29:13.277+0000] {dagbag.py:538} INFO - Filling up the DagBag from /opt/airflow/dags/library_etl_dag.py
[2025-07-24T02:29:13.356+0000] {processor.py:840} INFO - DAG(s) 'open_library_dag' retrieved from /opt/airflow/dags/library_etl_dag.py
[2025-07-24T02:29:13.380+0000] {logging_mixin.py:188} INFO - [2025-07-24T02:29:13.380+0000] {dag.py:3036} INFO - Sync 1 DAGs
[2025-07-24T02:29:13.396+0000] {logging_mixin.py:188} INFO - [2025-07-24T02:29:13.395+0000] {dag.py:3823} INFO - Setting next_dagrun for open_library_dag to 2025-07-24 00:00:00+00:00, run_after=2025-07-25 00:00:00+00:00
[2025-07-24T02:29:13.412+0000] {processor.py:183} INFO - Processing /opt/airflow/dags/library_etl_dag.py took 0.139 seconds
[2025-07-24T02:29:43.732+0000] {processor.py:161} INFO - Started process (PID=1415) to work on /opt/airflow/dags/library_etl_dag.py
[2025-07-24T02:29:43.733+0000] {processor.py:830} INFO - Processing file /opt/airflow/dags/library_etl_dag.py for tasks to queue
[2025-07-24T02:29:43.734+0000] {logging_mixin.py:188} INFO - [2025-07-24T02:29:43.733+0000] {dagbag.py:538} INFO - Filling up the DagBag from /opt/airflow/dags/library_etl_dag.py
[2025-07-24T02:29:43.785+0000] {processor.py:840} INFO - DAG(s) 'open_library_dag' retrieved from /opt/airflow/dags/library_etl_dag.py
[2025-07-24T02:29:43.803+0000] {logging_mixin.py:188} INFO - [2025-07-24T02:29:43.803+0000] {dag.py:3036} INFO - Sync 1 DAGs
[2025-07-24T02:29:43.819+0000] {logging_mixin.py:188} INFO - [2025-07-24T02:29:43.819+0000] {dag.py:3823} INFO - Setting next_dagrun for open_library_dag to 2025-07-24 00:00:00+00:00, run_after=2025-07-25 00:00:00+00:00
[2025-07-24T02:29:43.832+0000] {processor.py:183} INFO - Processing /opt/airflow/dags/library_etl_dag.py took 0.102 seconds
[2025-07-24T02:30:14.195+0000] {processor.py:161} INFO - Started process (PID=1453) to work on /opt/airflow/dags/library_etl_dag.py
[2025-07-24T02:30:14.195+0000] {processor.py:830} INFO - Processing file /opt/airflow/dags/library_etl_dag.py for tasks to queue
[2025-07-24T02:30:14.196+0000] {logging_mixin.py:188} INFO - [2025-07-24T02:30:14.196+0000] {dagbag.py:538} INFO - Filling up the DagBag from /opt/airflow/dags/library_etl_dag.py
[2025-07-24T02:30:14.283+0000] {processor.py:840} INFO - DAG(s) 'open_library_dag' retrieved from /opt/airflow/dags/library_etl_dag.py
[2025-07-24T02:30:14.310+0000] {logging_mixin.py:188} INFO - [2025-07-24T02:30:14.310+0000] {dag.py:3036} INFO - Sync 1 DAGs
[2025-07-24T02:30:14.328+0000] {logging_mixin.py:188} INFO - [2025-07-24T02:30:14.328+0000] {dag.py:3823} INFO - Setting next_dagrun for open_library_dag to 2025-07-24 00:00:00+00:00, run_after=2025-07-25 00:00:00+00:00
[2025-07-24T02:30:14.344+0000] {processor.py:183} INFO - Processing /opt/airflow/dags/library_etl_dag.py took 0.153 seconds
[2025-07-24T02:30:44.713+0000] {processor.py:161} INFO - Started process (PID=1491) to work on /opt/airflow/dags/library_etl_dag.py
[2025-07-24T02:30:44.714+0000] {processor.py:830} INFO - Processing file /opt/airflow/dags/library_etl_dag.py for tasks to queue
[2025-07-24T02:30:44.715+0000] {logging_mixin.py:188} INFO - [2025-07-24T02:30:44.714+0000] {dagbag.py:538} INFO - Filling up the DagBag from /opt/airflow/dags/library_etl_dag.py
[2025-07-24T02:30:44.769+0000] {processor.py:840} INFO - DAG(s) 'open_library_dag' retrieved from /opt/airflow/dags/library_etl_dag.py
[2025-07-24T02:30:44.788+0000] {logging_mixin.py:188} INFO - [2025-07-24T02:30:44.788+0000] {dag.py:3036} INFO - Sync 1 DAGs
[2025-07-24T02:30:44.805+0000] {logging_mixin.py:188} INFO - [2025-07-24T02:30:44.805+0000] {dag.py:3823} INFO - Setting next_dagrun for open_library_dag to 2025-07-24 00:00:00+00:00, run_after=2025-07-25 00:00:00+00:00
[2025-07-24T02:30:44.817+0000] {processor.py:183} INFO - Processing /opt/airflow/dags/library_etl_dag.py took 0.107 seconds
[2025-07-24T02:31:15.164+0000] {processor.py:161} INFO - Started process (PID=1529) to work on /opt/airflow/dags/library_etl_dag.py
[2025-07-24T02:31:15.165+0000] {processor.py:830} INFO - Processing file /opt/airflow/dags/library_etl_dag.py for tasks to queue
[2025-07-24T02:31:15.165+0000] {logging_mixin.py:188} INFO - [2025-07-24T02:31:15.165+0000] {dagbag.py:538} INFO - Filling up the DagBag from /opt/airflow/dags/library_etl_dag.py
[2025-07-24T02:31:15.244+0000] {processor.py:840} INFO - DAG(s) 'open_library_dag' retrieved from /opt/airflow/dags/library_etl_dag.py
[2025-07-24T02:31:15.271+0000] {logging_mixin.py:188} INFO - [2025-07-24T02:31:15.271+0000] {dag.py:3036} INFO - Sync 1 DAGs
[2025-07-24T02:31:15.289+0000] {logging_mixin.py:188} INFO - [2025-07-24T02:31:15.288+0000] {dag.py:3823} INFO - Setting next_dagrun for open_library_dag to 2025-07-24 00:00:00+00:00, run_after=2025-07-25 00:00:00+00:00
[2025-07-24T02:31:15.301+0000] {processor.py:183} INFO - Processing /opt/airflow/dags/library_etl_dag.py took 0.140 seconds
[2025-07-24T02:31:45.670+0000] {processor.py:161} INFO - Started process (PID=1567) to work on /opt/airflow/dags/library_etl_dag.py
[2025-07-24T02:31:45.671+0000] {processor.py:830} INFO - Processing file /opt/airflow/dags/library_etl_dag.py for tasks to queue
[2025-07-24T02:31:45.672+0000] {logging_mixin.py:188} INFO - [2025-07-24T02:31:45.671+0000] {dagbag.py:538} INFO - Filling up the DagBag from /opt/airflow/dags/library_etl_dag.py
[2025-07-24T02:31:45.730+0000] {processor.py:840} INFO - DAG(s) 'open_library_dag' retrieved from /opt/airflow/dags/library_etl_dag.py
[2025-07-24T02:31:45.751+0000] {logging_mixin.py:188} INFO - [2025-07-24T02:31:45.751+0000] {dag.py:3036} INFO - Sync 1 DAGs
[2025-07-24T02:31:45.768+0000] {logging_mixin.py:188} INFO - [2025-07-24T02:31:45.768+0000] {dag.py:3823} INFO - Setting next_dagrun for open_library_dag to 2025-07-24 00:00:00+00:00, run_after=2025-07-25 00:00:00+00:00
[2025-07-24T02:31:45.781+0000] {processor.py:183} INFO - Processing /opt/airflow/dags/library_etl_dag.py took 0.115 seconds
[2025-07-24T02:32:16.150+0000] {processor.py:161} INFO - Started process (PID=1605) to work on /opt/airflow/dags/library_etl_dag.py
[2025-07-24T02:32:16.151+0000] {processor.py:830} INFO - Processing file /opt/airflow/dags/library_etl_dag.py for tasks to queue
[2025-07-24T02:32:16.152+0000] {logging_mixin.py:188} INFO - [2025-07-24T02:32:16.152+0000] {dagbag.py:538} INFO - Filling up the DagBag from /opt/airflow/dags/library_etl_dag.py
[2025-07-24T02:32:16.234+0000] {processor.py:840} INFO - DAG(s) 'open_library_dag' retrieved from /opt/airflow/dags/library_etl_dag.py
[2025-07-24T02:32:16.263+0000] {logging_mixin.py:188} INFO - [2025-07-24T02:32:16.263+0000] {dag.py:3036} INFO - Sync 1 DAGs
[2025-07-24T02:32:16.281+0000] {logging_mixin.py:188} INFO - [2025-07-24T02:32:16.280+0000] {dag.py:3823} INFO - Setting next_dagrun for open_library_dag to 2025-07-24 00:00:00+00:00, run_after=2025-07-25 00:00:00+00:00
[2025-07-24T02:32:16.294+0000] {processor.py:183} INFO - Processing /opt/airflow/dags/library_etl_dag.py took 0.148 seconds
[2025-07-24T02:32:46.672+0000] {processor.py:161} INFO - Started process (PID=1643) to work on /opt/airflow/dags/library_etl_dag.py
[2025-07-24T02:32:46.672+0000] {processor.py:830} INFO - Processing file /opt/airflow/dags/library_etl_dag.py for tasks to queue
[2025-07-24T02:32:46.673+0000] {logging_mixin.py:188} INFO - [2025-07-24T02:32:46.673+0000] {dagbag.py:538} INFO - Filling up the DagBag from /opt/airflow/dags/library_etl_dag.py
[2025-07-24T02:32:46.733+0000] {processor.py:840} INFO - DAG(s) 'open_library_dag' retrieved from /opt/airflow/dags/library_etl_dag.py
[2025-07-24T02:32:46.753+0000] {logging_mixin.py:188} INFO - [2025-07-24T02:32:46.753+0000] {dag.py:3036} INFO - Sync 1 DAGs
[2025-07-24T02:32:46.771+0000] {logging_mixin.py:188} INFO - [2025-07-24T02:32:46.771+0000] {dag.py:3823} INFO - Setting next_dagrun for open_library_dag to 2025-07-24 00:00:00+00:00, run_after=2025-07-25 00:00:00+00:00
[2025-07-24T02:32:46.785+0000] {processor.py:183} INFO - Processing /opt/airflow/dags/library_etl_dag.py took 0.117 seconds
[2025-07-24T02:33:17.141+0000] {processor.py:161} INFO - Started process (PID=1681) to work on /opt/airflow/dags/library_etl_dag.py
[2025-07-24T02:33:17.141+0000] {processor.py:830} INFO - Processing file /opt/airflow/dags/library_etl_dag.py for tasks to queue
[2025-07-24T02:33:17.142+0000] {logging_mixin.py:188} INFO - [2025-07-24T02:33:17.142+0000] {dagbag.py:538} INFO - Filling up the DagBag from /opt/airflow/dags/library_etl_dag.py
[2025-07-24T02:33:17.221+0000] {processor.py:840} INFO - DAG(s) 'open_library_dag' retrieved from /opt/airflow/dags/library_etl_dag.py
[2025-07-24T02:33:17.247+0000] {logging_mixin.py:188} INFO - [2025-07-24T02:33:17.247+0000] {dag.py:3036} INFO - Sync 1 DAGs
[2025-07-24T02:33:17.264+0000] {logging_mixin.py:188} INFO - [2025-07-24T02:33:17.264+0000] {dag.py:3823} INFO - Setting next_dagrun for open_library_dag to 2025-07-24 00:00:00+00:00, run_after=2025-07-25 00:00:00+00:00
[2025-07-24T02:33:17.276+0000] {processor.py:183} INFO - Processing /opt/airflow/dags/library_etl_dag.py took 0.138 seconds
[2025-07-24T02:33:47.711+0000] {processor.py:161} INFO - Started process (PID=1719) to work on /opt/airflow/dags/library_etl_dag.py
[2025-07-24T02:33:47.711+0000] {processor.py:830} INFO - Processing file /opt/airflow/dags/library_etl_dag.py for tasks to queue
[2025-07-24T02:33:47.712+0000] {logging_mixin.py:188} INFO - [2025-07-24T02:33:47.712+0000] {dagbag.py:538} INFO - Filling up the DagBag from /opt/airflow/dags/library_etl_dag.py
[2025-07-24T02:33:47.768+0000] {processor.py:840} INFO - DAG(s) 'open_library_dag' retrieved from /opt/airflow/dags/library_etl_dag.py
[2025-07-24T02:33:47.789+0000] {logging_mixin.py:188} INFO - [2025-07-24T02:33:47.789+0000] {dag.py:3036} INFO - Sync 1 DAGs
[2025-07-24T02:33:47.807+0000] {logging_mixin.py:188} INFO - [2025-07-24T02:33:47.807+0000] {dag.py:3823} INFO - Setting next_dagrun for open_library_dag to 2025-07-24 00:00:00+00:00, run_after=2025-07-25 00:00:00+00:00
[2025-07-24T02:33:47.820+0000] {processor.py:183} INFO - Processing /opt/airflow/dags/library_etl_dag.py took 0.112 seconds
[2025-07-24T02:34:18.185+0000] {processor.py:161} INFO - Started process (PID=1757) to work on /opt/airflow/dags/library_etl_dag.py
[2025-07-24T02:34:18.186+0000] {processor.py:830} INFO - Processing file /opt/airflow/dags/library_etl_dag.py for tasks to queue
[2025-07-24T02:34:18.187+0000] {logging_mixin.py:188} INFO - [2025-07-24T02:34:18.187+0000] {dagbag.py:538} INFO - Filling up the DagBag from /opt/airflow/dags/library_etl_dag.py
[2025-07-24T02:34:18.269+0000] {processor.py:840} INFO - DAG(s) 'open_library_dag' retrieved from /opt/airflow/dags/library_etl_dag.py
[2025-07-24T02:34:18.298+0000] {logging_mixin.py:188} INFO - [2025-07-24T02:34:18.297+0000] {dag.py:3036} INFO - Sync 1 DAGs
[2025-07-24T02:34:18.315+0000] {logging_mixin.py:188} INFO - [2025-07-24T02:34:18.314+0000] {dag.py:3823} INFO - Setting next_dagrun for open_library_dag to 2025-07-24 00:00:00+00:00, run_after=2025-07-25 00:00:00+00:00
[2025-07-24T02:34:18.328+0000] {processor.py:183} INFO - Processing /opt/airflow/dags/library_etl_dag.py took 0.146 seconds
[2025-07-24T02:34:48.698+0000] {processor.py:161} INFO - Started process (PID=1795) to work on /opt/airflow/dags/library_etl_dag.py
[2025-07-24T02:34:48.699+0000] {processor.py:830} INFO - Processing file /opt/airflow/dags/library_etl_dag.py for tasks to queue
[2025-07-24T02:34:48.700+0000] {logging_mixin.py:188} INFO - [2025-07-24T02:34:48.699+0000] {dagbag.py:538} INFO - Filling up the DagBag from /opt/airflow/dags/library_etl_dag.py
[2025-07-24T02:34:48.759+0000] {processor.py:840} INFO - DAG(s) 'open_library_dag' retrieved from /opt/airflow/dags/library_etl_dag.py
[2025-07-24T02:34:48.779+0000] {logging_mixin.py:188} INFO - [2025-07-24T02:34:48.779+0000] {dag.py:3036} INFO - Sync 1 DAGs
[2025-07-24T02:34:48.795+0000] {logging_mixin.py:188} INFO - [2025-07-24T02:34:48.794+0000] {dag.py:3823} INFO - Setting next_dagrun for open_library_dag to 2025-07-24 00:00:00+00:00, run_after=2025-07-25 00:00:00+00:00
[2025-07-24T02:34:48.808+0000] {processor.py:183} INFO - Processing /opt/airflow/dags/library_etl_dag.py took 0.113 seconds
[2025-07-24T02:35:19.177+0000] {processor.py:161} INFO - Started process (PID=1833) to work on /opt/airflow/dags/library_etl_dag.py
[2025-07-24T02:35:19.178+0000] {processor.py:830} INFO - Processing file /opt/airflow/dags/library_etl_dag.py for tasks to queue
[2025-07-24T02:35:19.179+0000] {logging_mixin.py:188} INFO - [2025-07-24T02:35:19.178+0000] {dagbag.py:538} INFO - Filling up the DagBag from /opt/airflow/dags/library_etl_dag.py
[2025-07-24T02:35:19.258+0000] {processor.py:840} INFO - DAG(s) 'open_library_dag' retrieved from /opt/airflow/dags/library_etl_dag.py
[2025-07-24T02:35:19.284+0000] {logging_mixin.py:188} INFO - [2025-07-24T02:35:19.284+0000] {dag.py:3036} INFO - Sync 1 DAGs
[2025-07-24T02:35:19.301+0000] {logging_mixin.py:188} INFO - [2025-07-24T02:35:19.301+0000] {dag.py:3823} INFO - Setting next_dagrun for open_library_dag to 2025-07-24 00:00:00+00:00, run_after=2025-07-25 00:00:00+00:00
[2025-07-24T02:35:19.314+0000] {processor.py:183} INFO - Processing /opt/airflow/dags/library_etl_dag.py took 0.140 seconds
[2025-07-24T02:35:49.624+0000] {processor.py:161} INFO - Started process (PID=1871) to work on /opt/airflow/dags/library_etl_dag.py
[2025-07-24T02:35:49.624+0000] {processor.py:830} INFO - Processing file /opt/airflow/dags/library_etl_dag.py for tasks to queue
[2025-07-24T02:35:49.625+0000] {logging_mixin.py:188} INFO - [2025-07-24T02:35:49.625+0000] {dagbag.py:538} INFO - Filling up the DagBag from /opt/airflow/dags/library_etl_dag.py
[2025-07-24T02:35:49.679+0000] {processor.py:840} INFO - DAG(s) 'open_library_dag' retrieved from /opt/airflow/dags/library_etl_dag.py
[2025-07-24T02:35:49.698+0000] {logging_mixin.py:188} INFO - [2025-07-24T02:35:49.698+0000] {dag.py:3036} INFO - Sync 1 DAGs
[2025-07-24T02:35:49.714+0000] {logging_mixin.py:188} INFO - [2025-07-24T02:35:49.714+0000] {dag.py:3823} INFO - Setting next_dagrun for open_library_dag to 2025-07-24 00:00:00+00:00, run_after=2025-07-25 00:00:00+00:00
[2025-07-24T02:35:49.726+0000] {processor.py:183} INFO - Processing /opt/airflow/dags/library_etl_dag.py took 0.105 seconds
[2025-07-24T02:36:20.065+0000] {processor.py:161} INFO - Started process (PID=1909) to work on /opt/airflow/dags/library_etl_dag.py
[2025-07-24T02:36:20.066+0000] {processor.py:830} INFO - Processing file /opt/airflow/dags/library_etl_dag.py for tasks to queue
[2025-07-24T02:36:20.066+0000] {logging_mixin.py:188} INFO - [2025-07-24T02:36:20.066+0000] {dagbag.py:538} INFO - Filling up the DagBag from /opt/airflow/dags/library_etl_dag.py
[2025-07-24T02:36:20.145+0000] {processor.py:840} INFO - DAG(s) 'open_library_dag' retrieved from /opt/airflow/dags/library_etl_dag.py
[2025-07-24T02:36:20.171+0000] {logging_mixin.py:188} INFO - [2025-07-24T02:36:20.170+0000] {dag.py:3036} INFO - Sync 1 DAGs
[2025-07-24T02:36:20.188+0000] {logging_mixin.py:188} INFO - [2025-07-24T02:36:20.188+0000] {dag.py:3823} INFO - Setting next_dagrun for open_library_dag to 2025-07-24 00:00:00+00:00, run_after=2025-07-25 00:00:00+00:00
[2025-07-24T02:36:20.201+0000] {processor.py:183} INFO - Processing /opt/airflow/dags/library_etl_dag.py took 0.138 seconds
[2025-07-24T02:36:50.584+0000] {processor.py:161} INFO - Started process (PID=1948) to work on /opt/airflow/dags/library_etl_dag.py
[2025-07-24T02:36:50.585+0000] {processor.py:830} INFO - Processing file /opt/airflow/dags/library_etl_dag.py for tasks to queue
[2025-07-24T02:36:50.586+0000] {logging_mixin.py:188} INFO - [2025-07-24T02:36:50.586+0000] {dagbag.py:538} INFO - Filling up the DagBag from /opt/airflow/dags/library_etl_dag.py
[2025-07-24T02:36:50.671+0000] {processor.py:840} INFO - DAG(s) 'open_library_dag' retrieved from /opt/airflow/dags/library_etl_dag.py
[2025-07-24T02:36:50.699+0000] {logging_mixin.py:188} INFO - [2025-07-24T02:36:50.699+0000] {dag.py:3036} INFO - Sync 1 DAGs
[2025-07-24T02:36:50.719+0000] {logging_mixin.py:188} INFO - [2025-07-24T02:36:50.719+0000] {dag.py:3823} INFO - Setting next_dagrun for open_library_dag to 2025-07-24 00:00:00+00:00, run_after=2025-07-25 00:00:00+00:00
[2025-07-24T02:36:50.733+0000] {processor.py:183} INFO - Processing /opt/airflow/dags/library_etl_dag.py took 0.154 seconds
[2025-07-24T02:37:21.087+0000] {processor.py:161} INFO - Started process (PID=1992) to work on /opt/airflow/dags/library_etl_dag.py
[2025-07-24T02:37:21.088+0000] {processor.py:830} INFO - Processing file /opt/airflow/dags/library_etl_dag.py for tasks to queue
[2025-07-24T02:37:21.089+0000] {logging_mixin.py:188} INFO - [2025-07-24T02:37:21.088+0000] {dagbag.py:538} INFO - Filling up the DagBag from /opt/airflow/dags/library_etl_dag.py
[2025-07-24T02:37:21.146+0000] {processor.py:840} INFO - DAG(s) 'open_library_dag' retrieved from /opt/airflow/dags/library_etl_dag.py
[2025-07-24T02:37:21.168+0000] {logging_mixin.py:188} INFO - [2025-07-24T02:37:21.168+0000] {dag.py:3036} INFO - Sync 1 DAGs
[2025-07-24T02:37:21.186+0000] {logging_mixin.py:188} INFO - [2025-07-24T02:37:21.185+0000] {dag.py:3823} INFO - Setting next_dagrun for open_library_dag to 2025-07-24 00:00:00+00:00, run_after=2025-07-25 00:00:00+00:00
[2025-07-24T02:37:21.198+0000] {processor.py:183} INFO - Processing /opt/airflow/dags/library_etl_dag.py took 0.114 seconds
[2025-07-24T02:37:51.546+0000] {processor.py:161} INFO - Started process (PID=2030) to work on /opt/airflow/dags/library_etl_dag.py
[2025-07-24T02:37:51.546+0000] {processor.py:830} INFO - Processing file /opt/airflow/dags/library_etl_dag.py for tasks to queue
[2025-07-24T02:37:51.547+0000] {logging_mixin.py:188} INFO - [2025-07-24T02:37:51.547+0000] {dagbag.py:538} INFO - Filling up the DagBag from /opt/airflow/dags/library_etl_dag.py
[2025-07-24T02:37:51.601+0000] {processor.py:840} INFO - DAG(s) 'open_library_dag' retrieved from /opt/airflow/dags/library_etl_dag.py
[2025-07-24T02:37:51.620+0000] {logging_mixin.py:188} INFO - [2025-07-24T02:37:51.620+0000] {dag.py:3036} INFO - Sync 1 DAGs
[2025-07-24T02:37:51.636+0000] {logging_mixin.py:188} INFO - [2025-07-24T02:37:51.636+0000] {dag.py:3823} INFO - Setting next_dagrun for open_library_dag to 2025-07-24 00:00:00+00:00, run_after=2025-07-25 00:00:00+00:00
[2025-07-24T02:37:51.648+0000] {processor.py:183} INFO - Processing /opt/airflow/dags/library_etl_dag.py took 0.105 seconds
[2025-07-24T02:38:22.004+0000] {processor.py:161} INFO - Started process (PID=2068) to work on /opt/airflow/dags/library_etl_dag.py
[2025-07-24T02:38:22.005+0000] {processor.py:830} INFO - Processing file /opt/airflow/dags/library_etl_dag.py for tasks to queue
[2025-07-24T02:38:22.006+0000] {logging_mixin.py:188} INFO - [2025-07-24T02:38:22.006+0000] {dagbag.py:538} INFO - Filling up the DagBag from /opt/airflow/dags/library_etl_dag.py
[2025-07-24T02:38:22.061+0000] {processor.py:840} INFO - DAG(s) 'open_library_dag' retrieved from /opt/airflow/dags/library_etl_dag.py
[2025-07-24T02:38:22.081+0000] {logging_mixin.py:188} INFO - [2025-07-24T02:38:22.081+0000] {dag.py:3036} INFO - Sync 1 DAGs
[2025-07-24T02:38:22.098+0000] {logging_mixin.py:188} INFO - [2025-07-24T02:38:22.098+0000] {dag.py:3823} INFO - Setting next_dagrun for open_library_dag to 2025-07-24 00:00:00+00:00, run_after=2025-07-25 00:00:00+00:00
[2025-07-24T02:38:22.112+0000] {processor.py:183} INFO - Processing /opt/airflow/dags/library_etl_dag.py took 0.111 seconds
[2025-07-24T02:38:52.550+0000] {processor.py:161} INFO - Started process (PID=2106) to work on /opt/airflow/dags/library_etl_dag.py
[2025-07-24T02:38:52.551+0000] {processor.py:830} INFO - Processing file /opt/airflow/dags/library_etl_dag.py for tasks to queue
[2025-07-24T02:38:52.552+0000] {logging_mixin.py:188} INFO - [2025-07-24T02:38:52.551+0000] {dagbag.py:538} INFO - Filling up the DagBag from /opt/airflow/dags/library_etl_dag.py
[2025-07-24T02:38:52.611+0000] {processor.py:840} INFO - DAG(s) 'open_library_dag' retrieved from /opt/airflow/dags/library_etl_dag.py
[2025-07-24T02:38:52.637+0000] {logging_mixin.py:188} INFO - [2025-07-24T02:38:52.637+0000] {dag.py:3036} INFO - Sync 1 DAGs
[2025-07-24T02:38:52.661+0000] {logging_mixin.py:188} INFO - [2025-07-24T02:38:52.661+0000] {dag.py:3823} INFO - Setting next_dagrun for open_library_dag to 2025-07-24 00:00:00+00:00, run_after=2025-07-25 00:00:00+00:00
[2025-07-24T02:38:52.674+0000] {processor.py:183} INFO - Processing /opt/airflow/dags/library_etl_dag.py took 0.127 seconds
[2025-07-24T02:39:22.991+0000] {processor.py:161} INFO - Started process (PID=2149) to work on /opt/airflow/dags/library_etl_dag.py
[2025-07-24T02:39:22.992+0000] {processor.py:830} INFO - Processing file /opt/airflow/dags/library_etl_dag.py for tasks to queue
[2025-07-24T02:39:22.992+0000] {logging_mixin.py:188} INFO - [2025-07-24T02:39:22.992+0000] {dagbag.py:538} INFO - Filling up the DagBag from /opt/airflow/dags/library_etl_dag.py
[2025-07-24T02:39:23.048+0000] {processor.py:840} INFO - DAG(s) 'open_library_dag' retrieved from /opt/airflow/dags/library_etl_dag.py
[2025-07-24T02:39:23.069+0000] {logging_mixin.py:188} INFO - [2025-07-24T02:39:23.069+0000] {dag.py:3036} INFO - Sync 1 DAGs
[2025-07-24T02:39:23.086+0000] {logging_mixin.py:188} INFO - [2025-07-24T02:39:23.086+0000] {dag.py:3823} INFO - Setting next_dagrun for open_library_dag to 2025-07-24 00:00:00+00:00, run_after=2025-07-25 00:00:00+00:00
[2025-07-24T02:39:23.098+0000] {processor.py:183} INFO - Processing /opt/airflow/dags/library_etl_dag.py took 0.109 seconds
[2025-07-24T02:39:53.436+0000] {processor.py:161} INFO - Started process (PID=2187) to work on /opt/airflow/dags/library_etl_dag.py
[2025-07-24T02:39:53.436+0000] {processor.py:830} INFO - Processing file /opt/airflow/dags/library_etl_dag.py for tasks to queue
[2025-07-24T02:39:53.437+0000] {logging_mixin.py:188} INFO - [2025-07-24T02:39:53.437+0000] {dagbag.py:538} INFO - Filling up the DagBag from /opt/airflow/dags/library_etl_dag.py
[2025-07-24T02:39:53.491+0000] {processor.py:840} INFO - DAG(s) 'open_library_dag' retrieved from /opt/airflow/dags/library_etl_dag.py
[2025-07-24T02:39:53.511+0000] {logging_mixin.py:188} INFO - [2025-07-24T02:39:53.511+0000] {dag.py:3036} INFO - Sync 1 DAGs
[2025-07-24T02:39:53.527+0000] {logging_mixin.py:188} INFO - [2025-07-24T02:39:53.527+0000] {dag.py:3823} INFO - Setting next_dagrun for open_library_dag to 2025-07-24 00:00:00+00:00, run_after=2025-07-25 00:00:00+00:00
[2025-07-24T02:39:53.539+0000] {processor.py:183} INFO - Processing /opt/airflow/dags/library_etl_dag.py took 0.106 seconds
[2025-07-24T02:40:23.884+0000] {processor.py:161} INFO - Started process (PID=2225) to work on /opt/airflow/dags/library_etl_dag.py
[2025-07-24T02:40:23.884+0000] {processor.py:830} INFO - Processing file /opt/airflow/dags/library_etl_dag.py for tasks to queue
[2025-07-24T02:40:23.885+0000] {logging_mixin.py:188} INFO - [2025-07-24T02:40:23.885+0000] {dagbag.py:538} INFO - Filling up the DagBag from /opt/airflow/dags/library_etl_dag.py
[2025-07-24T02:40:23.939+0000] {processor.py:840} INFO - DAG(s) 'open_library_dag' retrieved from /opt/airflow/dags/library_etl_dag.py
[2025-07-24T02:40:23.958+0000] {logging_mixin.py:188} INFO - [2025-07-24T02:40:23.958+0000] {dag.py:3036} INFO - Sync 1 DAGs
[2025-07-24T02:40:23.974+0000] {logging_mixin.py:188} INFO - [2025-07-24T02:40:23.974+0000] {dag.py:3823} INFO - Setting next_dagrun for open_library_dag to 2025-07-24 00:00:00+00:00, run_after=2025-07-25 00:00:00+00:00
[2025-07-24T02:40:23.986+0000] {processor.py:183} INFO - Processing /opt/airflow/dags/library_etl_dag.py took 0.106 seconds
[2025-07-24T02:40:54.325+0000] {processor.py:161} INFO - Started process (PID=2263) to work on /opt/airflow/dags/library_etl_dag.py
[2025-07-24T02:40:54.325+0000] {processor.py:830} INFO - Processing file /opt/airflow/dags/library_etl_dag.py for tasks to queue
[2025-07-24T02:40:54.326+0000] {logging_mixin.py:188} INFO - [2025-07-24T02:40:54.326+0000] {dagbag.py:538} INFO - Filling up the DagBag from /opt/airflow/dags/library_etl_dag.py
[2025-07-24T02:40:54.379+0000] {processor.py:840} INFO - DAG(s) 'open_library_dag' retrieved from /opt/airflow/dags/library_etl_dag.py
[2025-07-24T02:40:54.399+0000] {logging_mixin.py:188} INFO - [2025-07-24T02:40:54.398+0000] {dag.py:3036} INFO - Sync 1 DAGs
[2025-07-24T02:40:54.416+0000] {logging_mixin.py:188} INFO - [2025-07-24T02:40:54.415+0000] {dag.py:3823} INFO - Setting next_dagrun for open_library_dag to 2025-07-24 00:00:00+00:00, run_after=2025-07-25 00:00:00+00:00
[2025-07-24T02:40:54.430+0000] {processor.py:183} INFO - Processing /opt/airflow/dags/library_etl_dag.py took 0.109 seconds
[2025-07-24T02:41:24.778+0000] {processor.py:161} INFO - Started process (PID=2301) to work on /opt/airflow/dags/library_etl_dag.py
[2025-07-24T02:41:24.779+0000] {processor.py:830} INFO - Processing file /opt/airflow/dags/library_etl_dag.py for tasks to queue
[2025-07-24T02:41:24.779+0000] {logging_mixin.py:188} INFO - [2025-07-24T02:41:24.779+0000] {dagbag.py:538} INFO - Filling up the DagBag from /opt/airflow/dags/library_etl_dag.py
[2025-07-24T02:41:24.833+0000] {processor.py:840} INFO - DAG(s) 'open_library_dag' retrieved from /opt/airflow/dags/library_etl_dag.py
[2025-07-24T02:41:24.852+0000] {logging_mixin.py:188} INFO - [2025-07-24T02:41:24.852+0000] {dag.py:3036} INFO - Sync 1 DAGs
[2025-07-24T02:41:24.869+0000] {logging_mixin.py:188} INFO - [2025-07-24T02:41:24.869+0000] {dag.py:3823} INFO - Setting next_dagrun for open_library_dag to 2025-07-24 00:00:00+00:00, run_after=2025-07-25 00:00:00+00:00
[2025-07-24T02:41:24.881+0000] {processor.py:183} INFO - Processing /opt/airflow/dags/library_etl_dag.py took 0.106 seconds
[2025-07-24T02:41:55.190+0000] {processor.py:161} INFO - Started process (PID=2339) to work on /opt/airflow/dags/library_etl_dag.py
[2025-07-24T02:41:55.191+0000] {processor.py:830} INFO - Processing file /opt/airflow/dags/library_etl_dag.py for tasks to queue
[2025-07-24T02:41:55.192+0000] {logging_mixin.py:188} INFO - [2025-07-24T02:41:55.192+0000] {dagbag.py:538} INFO - Filling up the DagBag from /opt/airflow/dags/library_etl_dag.py
[2025-07-24T02:41:55.246+0000] {processor.py:840} INFO - DAG(s) 'open_library_dag' retrieved from /opt/airflow/dags/library_etl_dag.py
[2025-07-24T02:41:55.266+0000] {logging_mixin.py:188} INFO - [2025-07-24T02:41:55.266+0000] {dag.py:3036} INFO - Sync 1 DAGs
[2025-07-24T02:41:55.286+0000] {logging_mixin.py:188} INFO - [2025-07-24T02:41:55.285+0000] {dag.py:3823} INFO - Setting next_dagrun for open_library_dag to 2025-07-24 00:00:00+00:00, run_after=2025-07-25 00:00:00+00:00
[2025-07-24T02:41:55.299+0000] {processor.py:183} INFO - Processing /opt/airflow/dags/library_etl_dag.py took 0.111 seconds
[2025-07-24T02:42:25.628+0000] {processor.py:161} INFO - Started process (PID=2377) to work on /opt/airflow/dags/library_etl_dag.py
[2025-07-24T02:42:25.628+0000] {processor.py:830} INFO - Processing file /opt/airflow/dags/library_etl_dag.py for tasks to queue
[2025-07-24T02:42:25.629+0000] {logging_mixin.py:188} INFO - [2025-07-24T02:42:25.629+0000] {dagbag.py:538} INFO - Filling up the DagBag from /opt/airflow/dags/library_etl_dag.py
[2025-07-24T02:42:25.685+0000] {processor.py:840} INFO - DAG(s) 'open_library_dag' retrieved from /opt/airflow/dags/library_etl_dag.py
[2025-07-24T02:42:25.708+0000] {logging_mixin.py:188} INFO - [2025-07-24T02:42:25.707+0000] {dag.py:3036} INFO - Sync 1 DAGs
[2025-07-24T02:42:25.724+0000] {logging_mixin.py:188} INFO - [2025-07-24T02:42:25.724+0000] {dag.py:3823} INFO - Setting next_dagrun for open_library_dag to 2025-07-24 00:00:00+00:00, run_after=2025-07-25 00:00:00+00:00
[2025-07-24T02:42:25.737+0000] {processor.py:183} INFO - Processing /opt/airflow/dags/library_etl_dag.py took 0.112 seconds
[2025-07-24T02:42:56.061+0000] {processor.py:161} INFO - Started process (PID=2430) to work on /opt/airflow/dags/library_etl_dag.py
[2025-07-24T02:42:56.061+0000] {processor.py:830} INFO - Processing file /opt/airflow/dags/library_etl_dag.py for tasks to queue
[2025-07-24T02:42:56.062+0000] {logging_mixin.py:188} INFO - [2025-07-24T02:42:56.062+0000] {dagbag.py:538} INFO - Filling up the DagBag from /opt/airflow/dags/library_etl_dag.py
[2025-07-24T02:42:56.119+0000] {processor.py:840} INFO - DAG(s) 'open_library_dag' retrieved from /opt/airflow/dags/library_etl_dag.py
[2025-07-24T02:42:56.139+0000] {logging_mixin.py:188} INFO - [2025-07-24T02:42:56.139+0000] {dag.py:3036} INFO - Sync 1 DAGs
[2025-07-24T02:42:56.155+0000] {logging_mixin.py:188} INFO - [2025-07-24T02:42:56.155+0000] {dag.py:3823} INFO - Setting next_dagrun for open_library_dag to 2025-07-24 00:00:00+00:00, run_after=2025-07-25 00:00:00+00:00
[2025-07-24T02:42:56.168+0000] {processor.py:183} INFO - Processing /opt/airflow/dags/library_etl_dag.py took 0.110 seconds
[2025-07-24T02:43:26.526+0000] {processor.py:161} INFO - Started process (PID=2468) to work on /opt/airflow/dags/library_etl_dag.py
[2025-07-24T02:43:26.527+0000] {processor.py:830} INFO - Processing file /opt/airflow/dags/library_etl_dag.py for tasks to queue
[2025-07-24T02:43:26.528+0000] {logging_mixin.py:188} INFO - [2025-07-24T02:43:26.528+0000] {dagbag.py:538} INFO - Filling up the DagBag from /opt/airflow/dags/library_etl_dag.py
[2025-07-24T02:43:26.594+0000] {processor.py:840} INFO - DAG(s) 'open_library_dag' retrieved from /opt/airflow/dags/library_etl_dag.py
[2025-07-24T02:43:26.618+0000] {logging_mixin.py:188} INFO - [2025-07-24T02:43:26.618+0000] {dag.py:3036} INFO - Sync 1 DAGs
[2025-07-24T02:43:26.636+0000] {logging_mixin.py:188} INFO - [2025-07-24T02:43:26.636+0000] {dag.py:3823} INFO - Setting next_dagrun for open_library_dag to 2025-07-24 00:00:00+00:00, run_after=2025-07-25 00:00:00+00:00
[2025-07-24T02:43:26.650+0000] {processor.py:183} INFO - Processing /opt/airflow/dags/library_etl_dag.py took 0.128 seconds
[2025-07-24T02:43:57.083+0000] {processor.py:161} INFO - Started process (PID=2506) to work on /opt/airflow/dags/library_etl_dag.py
[2025-07-24T02:43:57.084+0000] {processor.py:830} INFO - Processing file /opt/airflow/dags/library_etl_dag.py for tasks to queue
[2025-07-24T02:43:57.085+0000] {logging_mixin.py:188} INFO - [2025-07-24T02:43:57.084+0000] {dagbag.py:538} INFO - Filling up the DagBag from /opt/airflow/dags/library_etl_dag.py
[2025-07-24T02:43:57.138+0000] {processor.py:840} INFO - DAG(s) 'open_library_dag' retrieved from /opt/airflow/dags/library_etl_dag.py
[2025-07-24T02:43:57.159+0000] {logging_mixin.py:188} INFO - [2025-07-24T02:43:57.158+0000] {dag.py:3036} INFO - Sync 1 DAGs
[2025-07-24T02:43:57.176+0000] {logging_mixin.py:188} INFO - [2025-07-24T02:43:57.176+0000] {dag.py:3823} INFO - Setting next_dagrun for open_library_dag to 2025-07-24 00:00:00+00:00, run_after=2025-07-25 00:00:00+00:00
[2025-07-24T02:43:57.188+0000] {processor.py:183} INFO - Processing /opt/airflow/dags/library_etl_dag.py took 0.108 seconds
[2025-07-24T02:44:27.541+0000] {processor.py:161} INFO - Started process (PID=2544) to work on /opt/airflow/dags/library_etl_dag.py
[2025-07-24T02:44:27.541+0000] {processor.py:830} INFO - Processing file /opt/airflow/dags/library_etl_dag.py for tasks to queue
[2025-07-24T02:44:27.542+0000] {logging_mixin.py:188} INFO - [2025-07-24T02:44:27.542+0000] {dagbag.py:538} INFO - Filling up the DagBag from /opt/airflow/dags/library_etl_dag.py
[2025-07-24T02:44:27.599+0000] {processor.py:840} INFO - DAG(s) 'open_library_dag' retrieved from /opt/airflow/dags/library_etl_dag.py
[2025-07-24T02:44:27.620+0000] {logging_mixin.py:188} INFO - [2025-07-24T02:44:27.620+0000] {dag.py:3036} INFO - Sync 1 DAGs
[2025-07-24T02:44:27.639+0000] {logging_mixin.py:188} INFO - [2025-07-24T02:44:27.639+0000] {dag.py:3823} INFO - Setting next_dagrun for open_library_dag to 2025-07-24 00:00:00+00:00, run_after=2025-07-25 00:00:00+00:00
[2025-07-24T02:44:27.655+0000] {processor.py:183} INFO - Processing /opt/airflow/dags/library_etl_dag.py took 0.117 seconds
[2025-07-24T02:44:58.048+0000] {processor.py:161} INFO - Started process (PID=2582) to work on /opt/airflow/dags/library_etl_dag.py
[2025-07-24T02:44:58.049+0000] {processor.py:830} INFO - Processing file /opt/airflow/dags/library_etl_dag.py for tasks to queue
[2025-07-24T02:44:58.050+0000] {logging_mixin.py:188} INFO - [2025-07-24T02:44:58.049+0000] {dagbag.py:538} INFO - Filling up the DagBag from /opt/airflow/dags/library_etl_dag.py
[2025-07-24T02:44:58.104+0000] {processor.py:840} INFO - DAG(s) 'open_library_dag' retrieved from /opt/airflow/dags/library_etl_dag.py
[2025-07-24T02:44:58.124+0000] {logging_mixin.py:188} INFO - [2025-07-24T02:44:58.124+0000] {dag.py:3036} INFO - Sync 1 DAGs
[2025-07-24T02:44:58.139+0000] {logging_mixin.py:188} INFO - [2025-07-24T02:44:58.139+0000] {dag.py:3823} INFO - Setting next_dagrun for open_library_dag to 2025-07-24 00:00:00+00:00, run_after=2025-07-25 00:00:00+00:00
[2025-07-24T02:44:58.151+0000] {processor.py:183} INFO - Processing /opt/airflow/dags/library_etl_dag.py took 0.106 seconds
[2025-07-24T02:45:28.504+0000] {processor.py:161} INFO - Started process (PID=2620) to work on /opt/airflow/dags/library_etl_dag.py
[2025-07-24T02:45:28.505+0000] {processor.py:830} INFO - Processing file /opt/airflow/dags/library_etl_dag.py for tasks to queue
[2025-07-24T02:45:28.506+0000] {logging_mixin.py:188} INFO - [2025-07-24T02:45:28.505+0000] {dagbag.py:538} INFO - Filling up the DagBag from /opt/airflow/dags/library_etl_dag.py
[2025-07-24T02:45:28.560+0000] {processor.py:840} INFO - DAG(s) 'open_library_dag' retrieved from /opt/airflow/dags/library_etl_dag.py
[2025-07-24T02:45:28.582+0000] {logging_mixin.py:188} INFO - [2025-07-24T02:45:28.582+0000] {dag.py:3036} INFO - Sync 1 DAGs
[2025-07-24T02:45:28.600+0000] {logging_mixin.py:188} INFO - [2025-07-24T02:45:28.599+0000] {dag.py:3823} INFO - Setting next_dagrun for open_library_dag to 2025-07-24 00:00:00+00:00, run_after=2025-07-25 00:00:00+00:00
[2025-07-24T02:45:28.612+0000] {processor.py:183} INFO - Processing /opt/airflow/dags/library_etl_dag.py took 0.111 seconds
[2025-07-24T02:45:58.965+0000] {processor.py:161} INFO - Started process (PID=2658) to work on /opt/airflow/dags/library_etl_dag.py
[2025-07-24T02:45:58.966+0000] {processor.py:830} INFO - Processing file /opt/airflow/dags/library_etl_dag.py for tasks to queue
[2025-07-24T02:45:58.966+0000] {logging_mixin.py:188} INFO - [2025-07-24T02:45:58.966+0000] {dagbag.py:538} INFO - Filling up the DagBag from /opt/airflow/dags/library_etl_dag.py
[2025-07-24T02:45:59.023+0000] {processor.py:840} INFO - DAG(s) 'open_library_dag' retrieved from /opt/airflow/dags/library_etl_dag.py
[2025-07-24T02:45:59.043+0000] {logging_mixin.py:188} INFO - [2025-07-24T02:45:59.043+0000] {dag.py:3036} INFO - Sync 1 DAGs
[2025-07-24T02:45:59.060+0000] {logging_mixin.py:188} INFO - [2025-07-24T02:45:59.060+0000] {dag.py:3823} INFO - Setting next_dagrun for open_library_dag to 2025-07-24 00:00:00+00:00, run_after=2025-07-25 00:00:00+00:00
[2025-07-24T02:45:59.072+0000] {processor.py:183} INFO - Processing /opt/airflow/dags/library_etl_dag.py took 0.110 seconds
[2025-07-24T02:46:29.420+0000] {processor.py:161} INFO - Started process (PID=2696) to work on /opt/airflow/dags/library_etl_dag.py
[2025-07-24T02:46:29.420+0000] {processor.py:830} INFO - Processing file /opt/airflow/dags/library_etl_dag.py for tasks to queue
[2025-07-24T02:46:29.421+0000] {logging_mixin.py:188} INFO - [2025-07-24T02:46:29.421+0000] {dagbag.py:538} INFO - Filling up the DagBag from /opt/airflow/dags/library_etl_dag.py
[2025-07-24T02:46:29.480+0000] {processor.py:840} INFO - DAG(s) 'open_library_dag' retrieved from /opt/airflow/dags/library_etl_dag.py
[2025-07-24T02:46:29.501+0000] {logging_mixin.py:188} INFO - [2025-07-24T02:46:29.501+0000] {dag.py:3036} INFO - Sync 1 DAGs
[2025-07-24T02:46:29.518+0000] {logging_mixin.py:188} INFO - [2025-07-24T02:46:29.518+0000] {dag.py:3823} INFO - Setting next_dagrun for open_library_dag to 2025-07-24 00:00:00+00:00, run_after=2025-07-25 00:00:00+00:00
[2025-07-24T02:46:29.532+0000] {processor.py:183} INFO - Processing /opt/airflow/dags/library_etl_dag.py took 0.116 seconds
[2025-07-24T02:46:59.886+0000] {processor.py:161} INFO - Started process (PID=2734) to work on /opt/airflow/dags/library_etl_dag.py
[2025-07-24T02:46:59.887+0000] {processor.py:830} INFO - Processing file /opt/airflow/dags/library_etl_dag.py for tasks to queue
[2025-07-24T02:46:59.887+0000] {logging_mixin.py:188} INFO - [2025-07-24T02:46:59.887+0000] {dagbag.py:538} INFO - Filling up the DagBag from /opt/airflow/dags/library_etl_dag.py
[2025-07-24T02:46:59.946+0000] {processor.py:840} INFO - DAG(s) 'open_library_dag' retrieved from /opt/airflow/dags/library_etl_dag.py
[2025-07-24T02:46:59.966+0000] {logging_mixin.py:188} INFO - [2025-07-24T02:46:59.966+0000] {dag.py:3036} INFO - Sync 1 DAGs
[2025-07-24T02:46:59.984+0000] {logging_mixin.py:188} INFO - [2025-07-24T02:46:59.984+0000] {dag.py:3823} INFO - Setting next_dagrun for open_library_dag to 2025-07-24 00:00:00+00:00, run_after=2025-07-25 00:00:00+00:00
[2025-07-24T02:46:59.996+0000] {processor.py:183} INFO - Processing /opt/airflow/dags/library_etl_dag.py took 0.113 seconds
[2025-07-24T02:47:30.360+0000] {processor.py:161} INFO - Started process (PID=2772) to work on /opt/airflow/dags/library_etl_dag.py
[2025-07-24T02:47:30.361+0000] {processor.py:830} INFO - Processing file /opt/airflow/dags/library_etl_dag.py for tasks to queue
[2025-07-24T02:47:30.362+0000] {logging_mixin.py:188} INFO - [2025-07-24T02:47:30.362+0000] {dagbag.py:538} INFO - Filling up the DagBag from /opt/airflow/dags/library_etl_dag.py
[2025-07-24T02:47:30.417+0000] {processor.py:840} INFO - DAG(s) 'open_library_dag' retrieved from /opt/airflow/dags/library_etl_dag.py
[2025-07-24T02:47:30.437+0000] {logging_mixin.py:188} INFO - [2025-07-24T02:47:30.437+0000] {dag.py:3036} INFO - Sync 1 DAGs
[2025-07-24T02:47:30.455+0000] {logging_mixin.py:188} INFO - [2025-07-24T02:47:30.454+0000] {dag.py:3823} INFO - Setting next_dagrun for open_library_dag to 2025-07-24 00:00:00+00:00, run_after=2025-07-25 00:00:00+00:00
[2025-07-24T02:47:30.467+0000] {processor.py:183} INFO - Processing /opt/airflow/dags/library_etl_dag.py took 0.109 seconds
[2025-07-24T02:48:00.818+0000] {processor.py:161} INFO - Started process (PID=2810) to work on /opt/airflow/dags/library_etl_dag.py
[2025-07-24T02:48:00.818+0000] {processor.py:830} INFO - Processing file /opt/airflow/dags/library_etl_dag.py for tasks to queue
[2025-07-24T02:48:00.819+0000] {logging_mixin.py:188} INFO - [2025-07-24T02:48:00.819+0000] {dagbag.py:538} INFO - Filling up the DagBag from /opt/airflow/dags/library_etl_dag.py
[2025-07-24T02:48:00.875+0000] {processor.py:840} INFO - DAG(s) 'open_library_dag' retrieved from /opt/airflow/dags/library_etl_dag.py
[2025-07-24T02:48:00.895+0000] {logging_mixin.py:188} INFO - [2025-07-24T02:48:00.895+0000] {dag.py:3036} INFO - Sync 1 DAGs
[2025-07-24T02:48:00.911+0000] {logging_mixin.py:188} INFO - [2025-07-24T02:48:00.911+0000] {dag.py:3823} INFO - Setting next_dagrun for open_library_dag to 2025-07-24 00:00:00+00:00, run_after=2025-07-25 00:00:00+00:00
[2025-07-24T02:48:00.923+0000] {processor.py:183} INFO - Processing /opt/airflow/dags/library_etl_dag.py took 0.109 seconds
[2025-07-24T02:48:31.273+0000] {processor.py:161} INFO - Started process (PID=2848) to work on /opt/airflow/dags/library_etl_dag.py
[2025-07-24T02:48:31.273+0000] {processor.py:830} INFO - Processing file /opt/airflow/dags/library_etl_dag.py for tasks to queue
[2025-07-24T02:48:31.274+0000] {logging_mixin.py:188} INFO - [2025-07-24T02:48:31.274+0000] {dagbag.py:538} INFO - Filling up the DagBag from /opt/airflow/dags/library_etl_dag.py
[2025-07-24T02:48:31.331+0000] {processor.py:840} INFO - DAG(s) 'open_library_dag' retrieved from /opt/airflow/dags/library_etl_dag.py
[2025-07-24T02:48:31.356+0000] {logging_mixin.py:188} INFO - [2025-07-24T02:48:31.356+0000] {dag.py:3036} INFO - Sync 1 DAGs
[2025-07-24T02:48:31.373+0000] {logging_mixin.py:188} INFO - [2025-07-24T02:48:31.373+0000] {dag.py:3823} INFO - Setting next_dagrun for open_library_dag to 2025-07-24 00:00:00+00:00, run_after=2025-07-25 00:00:00+00:00
[2025-07-24T02:48:31.385+0000] {processor.py:183} INFO - Processing /opt/airflow/dags/library_etl_dag.py took 0.115 seconds
[2025-07-24T02:49:01.764+0000] {processor.py:161} INFO - Started process (PID=2886) to work on /opt/airflow/dags/library_etl_dag.py
[2025-07-24T02:49:01.764+0000] {processor.py:830} INFO - Processing file /opt/airflow/dags/library_etl_dag.py for tasks to queue
[2025-07-24T02:49:01.765+0000] {logging_mixin.py:188} INFO - [2025-07-24T02:49:01.765+0000] {dagbag.py:538} INFO - Filling up the DagBag from /opt/airflow/dags/library_etl_dag.py
[2025-07-24T02:49:01.824+0000] {processor.py:840} INFO - DAG(s) 'open_library_dag' retrieved from /opt/airflow/dags/library_etl_dag.py
[2025-07-24T02:49:01.851+0000] {logging_mixin.py:188} INFO - [2025-07-24T02:49:01.850+0000] {dag.py:3036} INFO - Sync 1 DAGs
[2025-07-24T02:49:01.869+0000] {logging_mixin.py:188} INFO - [2025-07-24T02:49:01.869+0000] {dag.py:3823} INFO - Setting next_dagrun for open_library_dag to 2025-07-24 00:00:00+00:00, run_after=2025-07-25 00:00:00+00:00
[2025-07-24T02:49:01.883+0000] {processor.py:183} INFO - Processing /opt/airflow/dags/library_etl_dag.py took 0.122 seconds
[2025-07-24T02:49:32.239+0000] {processor.py:161} INFO - Started process (PID=2924) to work on /opt/airflow/dags/library_etl_dag.py
[2025-07-24T02:49:32.239+0000] {processor.py:830} INFO - Processing file /opt/airflow/dags/library_etl_dag.py for tasks to queue
[2025-07-24T02:49:32.240+0000] {logging_mixin.py:188} INFO - [2025-07-24T02:49:32.240+0000] {dagbag.py:538} INFO - Filling up the DagBag from /opt/airflow/dags/library_etl_dag.py
[2025-07-24T02:49:32.303+0000] {processor.py:840} INFO - DAG(s) 'open_library_dag' retrieved from /opt/airflow/dags/library_etl_dag.py
[2025-07-24T02:49:32.329+0000] {logging_mixin.py:188} INFO - [2025-07-24T02:49:32.329+0000] {dag.py:3036} INFO - Sync 1 DAGs
[2025-07-24T02:49:32.346+0000] {logging_mixin.py:188} INFO - [2025-07-24T02:49:32.345+0000] {dag.py:3823} INFO - Setting next_dagrun for open_library_dag to 2025-07-24 00:00:00+00:00, run_after=2025-07-25 00:00:00+00:00
[2025-07-24T02:49:32.357+0000] {processor.py:183} INFO - Processing /opt/airflow/dags/library_etl_dag.py took 0.122 seconds
[2025-07-24T02:50:02.723+0000] {processor.py:161} INFO - Started process (PID=2962) to work on /opt/airflow/dags/library_etl_dag.py
[2025-07-24T02:50:02.724+0000] {processor.py:830} INFO - Processing file /opt/airflow/dags/library_etl_dag.py for tasks to queue
[2025-07-24T02:50:02.724+0000] {logging_mixin.py:188} INFO - [2025-07-24T02:50:02.724+0000] {dagbag.py:538} INFO - Filling up the DagBag from /opt/airflow/dags/library_etl_dag.py
[2025-07-24T02:50:02.792+0000] {processor.py:840} INFO - DAG(s) 'open_library_dag' retrieved from /opt/airflow/dags/library_etl_dag.py
[2025-07-24T02:50:02.817+0000] {logging_mixin.py:188} INFO - [2025-07-24T02:50:02.817+0000] {dag.py:3036} INFO - Sync 1 DAGs
[2025-07-24T02:50:02.834+0000] {logging_mixin.py:188} INFO - [2025-07-24T02:50:02.834+0000] {dag.py:3823} INFO - Setting next_dagrun for open_library_dag to 2025-07-24 00:00:00+00:00, run_after=2025-07-25 00:00:00+00:00
[2025-07-24T02:50:02.846+0000] {processor.py:183} INFO - Processing /opt/airflow/dags/library_etl_dag.py took 0.127 seconds
[2025-07-24T02:50:33.160+0000] {processor.py:161} INFO - Started process (PID=3000) to work on /opt/airflow/dags/library_etl_dag.py
[2025-07-24T02:50:33.160+0000] {processor.py:830} INFO - Processing file /opt/airflow/dags/library_etl_dag.py for tasks to queue
[2025-07-24T02:50:33.161+0000] {logging_mixin.py:188} INFO - [2025-07-24T02:50:33.160+0000] {dagbag.py:538} INFO - Filling up the DagBag from /opt/airflow/dags/library_etl_dag.py
[2025-07-24T02:50:33.218+0000] {processor.py:840} INFO - DAG(s) 'open_library_dag' retrieved from /opt/airflow/dags/library_etl_dag.py
[2025-07-24T02:50:33.238+0000] {logging_mixin.py:188} INFO - [2025-07-24T02:50:33.238+0000] {dag.py:3036} INFO - Sync 1 DAGs
[2025-07-24T02:50:33.254+0000] {logging_mixin.py:188} INFO - [2025-07-24T02:50:33.254+0000] {dag.py:3823} INFO - Setting next_dagrun for open_library_dag to 2025-07-24 00:00:00+00:00, run_after=2025-07-25 00:00:00+00:00
[2025-07-24T02:50:33.267+0000] {processor.py:183} INFO - Processing /opt/airflow/dags/library_etl_dag.py took 0.109 seconds
[2025-07-24T02:51:03.625+0000] {processor.py:161} INFO - Started process (PID=3038) to work on /opt/airflow/dags/library_etl_dag.py
[2025-07-24T02:51:03.626+0000] {processor.py:830} INFO - Processing file /opt/airflow/dags/library_etl_dag.py for tasks to queue
[2025-07-24T02:51:03.627+0000] {logging_mixin.py:188} INFO - [2025-07-24T02:51:03.627+0000] {dagbag.py:538} INFO - Filling up the DagBag from /opt/airflow/dags/library_etl_dag.py
[2025-07-24T02:51:03.686+0000] {processor.py:840} INFO - DAG(s) 'open_library_dag' retrieved from /opt/airflow/dags/library_etl_dag.py
[2025-07-24T02:51:03.712+0000] {logging_mixin.py:188} INFO - [2025-07-24T02:51:03.712+0000] {dag.py:3036} INFO - Sync 1 DAGs
[2025-07-24T02:51:03.732+0000] {logging_mixin.py:188} INFO - [2025-07-24T02:51:03.731+0000] {dag.py:3823} INFO - Setting next_dagrun for open_library_dag to 2025-07-24 00:00:00+00:00, run_after=2025-07-25 00:00:00+00:00
[2025-07-24T02:51:03.746+0000] {processor.py:183} INFO - Processing /opt/airflow/dags/library_etl_dag.py took 0.123 seconds
[2025-07-24T02:51:34.112+0000] {processor.py:161} INFO - Started process (PID=3076) to work on /opt/airflow/dags/library_etl_dag.py
[2025-07-24T02:51:34.112+0000] {processor.py:830} INFO - Processing file /opt/airflow/dags/library_etl_dag.py for tasks to queue
[2025-07-24T02:51:34.113+0000] {logging_mixin.py:188} INFO - [2025-07-24T02:51:34.113+0000] {dagbag.py:538} INFO - Filling up the DagBag from /opt/airflow/dags/library_etl_dag.py
[2025-07-24T02:51:34.172+0000] {processor.py:840} INFO - DAG(s) 'open_library_dag' retrieved from /opt/airflow/dags/library_etl_dag.py
[2025-07-24T02:51:34.193+0000] {logging_mixin.py:188} INFO - [2025-07-24T02:51:34.193+0000] {dag.py:3036} INFO - Sync 1 DAGs
[2025-07-24T02:51:34.211+0000] {logging_mixin.py:188} INFO - [2025-07-24T02:51:34.210+0000] {dag.py:3823} INFO - Setting next_dagrun for open_library_dag to 2025-07-24 00:00:00+00:00, run_after=2025-07-25 00:00:00+00:00
[2025-07-24T02:51:34.223+0000] {processor.py:183} INFO - Processing /opt/airflow/dags/library_etl_dag.py took 0.115 seconds
[2025-07-24T02:52:04.540+0000] {processor.py:161} INFO - Started process (PID=3114) to work on /opt/airflow/dags/library_etl_dag.py
[2025-07-24T02:52:04.541+0000] {processor.py:830} INFO - Processing file /opt/airflow/dags/library_etl_dag.py for tasks to queue
[2025-07-24T02:52:04.541+0000] {logging_mixin.py:188} INFO - [2025-07-24T02:52:04.541+0000] {dagbag.py:538} INFO - Filling up the DagBag from /opt/airflow/dags/library_etl_dag.py
[2025-07-24T02:52:04.601+0000] {processor.py:840} INFO - DAG(s) 'open_library_dag' retrieved from /opt/airflow/dags/library_etl_dag.py
[2025-07-24T02:52:04.620+0000] {logging_mixin.py:188} INFO - [2025-07-24T02:52:04.620+0000] {dag.py:3036} INFO - Sync 1 DAGs
[2025-07-24T02:52:04.637+0000] {logging_mixin.py:188} INFO - [2025-07-24T02:52:04.637+0000] {dag.py:3823} INFO - Setting next_dagrun for open_library_dag to 2025-07-24 00:00:00+00:00, run_after=2025-07-25 00:00:00+00:00
[2025-07-24T02:52:04.650+0000] {processor.py:183} INFO - Processing /opt/airflow/dags/library_etl_dag.py took 0.112 seconds
[2025-07-24T02:52:35.014+0000] {processor.py:161} INFO - Started process (PID=3152) to work on /opt/airflow/dags/library_etl_dag.py
[2025-07-24T02:52:35.014+0000] {processor.py:830} INFO - Processing file /opt/airflow/dags/library_etl_dag.py for tasks to queue
[2025-07-24T02:52:35.015+0000] {logging_mixin.py:188} INFO - [2025-07-24T02:52:35.015+0000] {dagbag.py:538} INFO - Filling up the DagBag from /opt/airflow/dags/library_etl_dag.py
[2025-07-24T02:52:35.078+0000] {processor.py:840} INFO - DAG(s) 'open_library_dag' retrieved from /opt/airflow/dags/library_etl_dag.py
[2025-07-24T02:52:35.099+0000] {logging_mixin.py:188} INFO - [2025-07-24T02:52:35.099+0000] {dag.py:3036} INFO - Sync 1 DAGs
[2025-07-24T02:52:35.117+0000] {logging_mixin.py:188} INFO - [2025-07-24T02:52:35.117+0000] {dag.py:3823} INFO - Setting next_dagrun for open_library_dag to 2025-07-24 00:00:00+00:00, run_after=2025-07-25 00:00:00+00:00
[2025-07-24T02:52:35.129+0000] {processor.py:183} INFO - Processing /opt/airflow/dags/library_etl_dag.py took 0.118 seconds
[2025-07-24T02:53:05.492+0000] {processor.py:161} INFO - Started process (PID=3190) to work on /opt/airflow/dags/library_etl_dag.py
[2025-07-24T02:53:05.492+0000] {processor.py:830} INFO - Processing file /opt/airflow/dags/library_etl_dag.py for tasks to queue
[2025-07-24T02:53:05.493+0000] {logging_mixin.py:188} INFO - [2025-07-24T02:53:05.493+0000] {dagbag.py:538} INFO - Filling up the DagBag from /opt/airflow/dags/library_etl_dag.py
[2025-07-24T02:53:05.556+0000] {processor.py:840} INFO - DAG(s) 'open_library_dag' retrieved from /opt/airflow/dags/library_etl_dag.py
[2025-07-24T02:53:05.576+0000] {logging_mixin.py:188} INFO - [2025-07-24T02:53:05.576+0000] {dag.py:3036} INFO - Sync 1 DAGs
[2025-07-24T02:53:05.594+0000] {logging_mixin.py:188} INFO - [2025-07-24T02:53:05.594+0000] {dag.py:3823} INFO - Setting next_dagrun for open_library_dag to 2025-07-24 00:00:00+00:00, run_after=2025-07-25 00:00:00+00:00
[2025-07-24T02:53:05.606+0000] {processor.py:183} INFO - Processing /opt/airflow/dags/library_etl_dag.py took 0.117 seconds
[2025-07-24T02:53:36.026+0000] {processor.py:161} INFO - Started process (PID=3228) to work on /opt/airflow/dags/library_etl_dag.py
[2025-07-24T02:53:36.027+0000] {processor.py:830} INFO - Processing file /opt/airflow/dags/library_etl_dag.py for tasks to queue
[2025-07-24T02:53:36.028+0000] {logging_mixin.py:188} INFO - [2025-07-24T02:53:36.027+0000] {dagbag.py:538} INFO - Filling up the DagBag from /opt/airflow/dags/library_etl_dag.py
[2025-07-24T02:53:36.088+0000] {processor.py:840} INFO - DAG(s) 'open_library_dag' retrieved from /opt/airflow/dags/library_etl_dag.py
[2025-07-24T02:53:36.109+0000] {logging_mixin.py:188} INFO - [2025-07-24T02:53:36.109+0000] {dag.py:3036} INFO - Sync 1 DAGs
[2025-07-24T02:53:36.127+0000] {logging_mixin.py:188} INFO - [2025-07-24T02:53:36.126+0000] {dag.py:3823} INFO - Setting next_dagrun for open_library_dag to 2025-07-24 00:00:00+00:00, run_after=2025-07-25 00:00:00+00:00
[2025-07-24T02:53:36.139+0000] {processor.py:183} INFO - Processing /opt/airflow/dags/library_etl_dag.py took 0.115 seconds
[2025-07-24T02:54:06.500+0000] {processor.py:161} INFO - Started process (PID=3266) to work on /opt/airflow/dags/library_etl_dag.py
[2025-07-24T02:54:06.501+0000] {processor.py:830} INFO - Processing file /opt/airflow/dags/library_etl_dag.py for tasks to queue
[2025-07-24T02:54:06.502+0000] {logging_mixin.py:188} INFO - [2025-07-24T02:54:06.501+0000] {dagbag.py:538} INFO - Filling up the DagBag from /opt/airflow/dags/library_etl_dag.py
[2025-07-24T02:54:06.574+0000] {processor.py:840} INFO - DAG(s) 'open_library_dag' retrieved from /opt/airflow/dags/library_etl_dag.py
[2025-07-24T02:54:06.598+0000] {logging_mixin.py:188} INFO - [2025-07-24T02:54:06.598+0000] {dag.py:3036} INFO - Sync 1 DAGs
[2025-07-24T02:54:06.616+0000] {logging_mixin.py:188} INFO - [2025-07-24T02:54:06.616+0000] {dag.py:3823} INFO - Setting next_dagrun for open_library_dag to 2025-07-24 00:00:00+00:00, run_after=2025-07-25 00:00:00+00:00
[2025-07-24T02:54:06.629+0000] {processor.py:183} INFO - Processing /opt/airflow/dags/library_etl_dag.py took 0.131 seconds
[2025-07-24T02:54:36.984+0000] {processor.py:161} INFO - Started process (PID=3304) to work on /opt/airflow/dags/library_etl_dag.py
[2025-07-24T02:54:36.985+0000] {processor.py:830} INFO - Processing file /opt/airflow/dags/library_etl_dag.py for tasks to queue
[2025-07-24T02:54:36.986+0000] {logging_mixin.py:188} INFO - [2025-07-24T02:54:36.985+0000] {dagbag.py:538} INFO - Filling up the DagBag from /opt/airflow/dags/library_etl_dag.py
[2025-07-24T02:54:37.044+0000] {processor.py:840} INFO - DAG(s) 'open_library_dag' retrieved from /opt/airflow/dags/library_etl_dag.py
[2025-07-24T02:54:37.063+0000] {logging_mixin.py:188} INFO - [2025-07-24T02:54:37.063+0000] {dag.py:3036} INFO - Sync 1 DAGs
[2025-07-24T02:54:37.078+0000] {logging_mixin.py:188} INFO - [2025-07-24T02:54:37.078+0000] {dag.py:3823} INFO - Setting next_dagrun for open_library_dag to 2025-07-24 00:00:00+00:00, run_after=2025-07-25 00:00:00+00:00
[2025-07-24T02:54:37.091+0000] {processor.py:183} INFO - Processing /opt/airflow/dags/library_etl_dag.py took 0.110 seconds
[2025-07-24T02:55:07.449+0000] {processor.py:161} INFO - Started process (PID=3342) to work on /opt/airflow/dags/library_etl_dag.py
[2025-07-24T02:55:07.450+0000] {processor.py:830} INFO - Processing file /opt/airflow/dags/library_etl_dag.py for tasks to queue
[2025-07-24T02:55:07.450+0000] {logging_mixin.py:188} INFO - [2025-07-24T02:55:07.450+0000] {dagbag.py:538} INFO - Filling up the DagBag from /opt/airflow/dags/library_etl_dag.py
[2025-07-24T02:55:07.509+0000] {processor.py:840} INFO - DAG(s) 'open_library_dag' retrieved from /opt/airflow/dags/library_etl_dag.py
[2025-07-24T02:55:07.528+0000] {logging_mixin.py:188} INFO - [2025-07-24T02:55:07.528+0000] {dag.py:3036} INFO - Sync 1 DAGs
[2025-07-24T02:55:07.545+0000] {logging_mixin.py:188} INFO - [2025-07-24T02:55:07.544+0000] {dag.py:3823} INFO - Setting next_dagrun for open_library_dag to 2025-07-24 00:00:00+00:00, run_after=2025-07-25 00:00:00+00:00
[2025-07-24T02:55:07.556+0000] {processor.py:183} INFO - Processing /opt/airflow/dags/library_etl_dag.py took 0.110 seconds
[2025-07-24T02:55:37.915+0000] {processor.py:161} INFO - Started process (PID=3380) to work on /opt/airflow/dags/library_etl_dag.py
[2025-07-24T02:55:37.915+0000] {processor.py:830} INFO - Processing file /opt/airflow/dags/library_etl_dag.py for tasks to queue
[2025-07-24T02:55:37.916+0000] {logging_mixin.py:188} INFO - [2025-07-24T02:55:37.916+0000] {dagbag.py:538} INFO - Filling up the DagBag from /opt/airflow/dags/library_etl_dag.py
[2025-07-24T02:55:37.975+0000] {processor.py:840} INFO - DAG(s) 'open_library_dag' retrieved from /opt/airflow/dags/library_etl_dag.py
[2025-07-24T02:55:37.994+0000] {logging_mixin.py:188} INFO - [2025-07-24T02:55:37.994+0000] {dag.py:3036} INFO - Sync 1 DAGs
[2025-07-24T02:55:38.010+0000] {logging_mixin.py:188} INFO - [2025-07-24T02:55:38.010+0000] {dag.py:3823} INFO - Setting next_dagrun for open_library_dag to 2025-07-24 00:00:00+00:00, run_after=2025-07-25 00:00:00+00:00
[2025-07-24T02:55:38.022+0000] {processor.py:183} INFO - Processing /opt/airflow/dags/library_etl_dag.py took 0.111 seconds
[2025-07-24T02:56:08.333+0000] {processor.py:161} INFO - Started process (PID=3418) to work on /opt/airflow/dags/library_etl_dag.py
[2025-07-24T02:56:08.333+0000] {processor.py:830} INFO - Processing file /opt/airflow/dags/library_etl_dag.py for tasks to queue
[2025-07-24T02:56:08.334+0000] {logging_mixin.py:188} INFO - [2025-07-24T02:56:08.334+0000] {dagbag.py:538} INFO - Filling up the DagBag from /opt/airflow/dags/library_etl_dag.py
[2025-07-24T02:56:08.395+0000] {processor.py:840} INFO - DAG(s) 'open_library_dag' retrieved from /opt/airflow/dags/library_etl_dag.py
[2025-07-24T02:56:08.416+0000] {logging_mixin.py:188} INFO - [2025-07-24T02:56:08.416+0000] {dag.py:3036} INFO - Sync 1 DAGs
[2025-07-24T02:56:08.434+0000] {logging_mixin.py:188} INFO - [2025-07-24T02:56:08.434+0000] {dag.py:3823} INFO - Setting next_dagrun for open_library_dag to 2025-07-24 00:00:00+00:00, run_after=2025-07-25 00:00:00+00:00
[2025-07-24T02:56:08.447+0000] {processor.py:183} INFO - Processing /opt/airflow/dags/library_etl_dag.py took 0.116 seconds
[2025-07-24T02:56:38.772+0000] {processor.py:161} INFO - Started process (PID=3456) to work on /opt/airflow/dags/library_etl_dag.py
[2025-07-24T02:56:38.773+0000] {processor.py:830} INFO - Processing file /opt/airflow/dags/library_etl_dag.py for tasks to queue
[2025-07-24T02:56:38.773+0000] {logging_mixin.py:188} INFO - [2025-07-24T02:56:38.773+0000] {dagbag.py:538} INFO - Filling up the DagBag from /opt/airflow/dags/library_etl_dag.py
[2025-07-24T02:56:38.831+0000] {processor.py:840} INFO - DAG(s) 'open_library_dag' retrieved from /opt/airflow/dags/library_etl_dag.py
[2025-07-24T02:56:38.851+0000] {logging_mixin.py:188} INFO - [2025-07-24T02:56:38.851+0000] {dag.py:3036} INFO - Sync 1 DAGs
[2025-07-24T02:56:38.867+0000] {logging_mixin.py:188} INFO - [2025-07-24T02:56:38.867+0000] {dag.py:3823} INFO - Setting next_dagrun for open_library_dag to 2025-07-24 00:00:00+00:00, run_after=2025-07-25 00:00:00+00:00
[2025-07-24T02:56:38.879+0000] {processor.py:183} INFO - Processing /opt/airflow/dags/library_etl_dag.py took 0.109 seconds
[2025-07-24T02:57:09.248+0000] {processor.py:161} INFO - Started process (PID=3494) to work on /opt/airflow/dags/library_etl_dag.py
[2025-07-24T02:57:09.248+0000] {processor.py:830} INFO - Processing file /opt/airflow/dags/library_etl_dag.py for tasks to queue
[2025-07-24T02:57:09.249+0000] {logging_mixin.py:188} INFO - [2025-07-24T02:57:09.249+0000] {dagbag.py:538} INFO - Filling up the DagBag from /opt/airflow/dags/library_etl_dag.py
[2025-07-24T02:57:09.310+0000] {processor.py:840} INFO - DAG(s) 'open_library_dag' retrieved from /opt/airflow/dags/library_etl_dag.py
[2025-07-24T02:57:09.331+0000] {logging_mixin.py:188} INFO - [2025-07-24T02:57:09.331+0000] {dag.py:3036} INFO - Sync 1 DAGs
[2025-07-24T02:57:09.349+0000] {logging_mixin.py:188} INFO - [2025-07-24T02:57:09.348+0000] {dag.py:3823} INFO - Setting next_dagrun for open_library_dag to 2025-07-24 00:00:00+00:00, run_after=2025-07-25 00:00:00+00:00
[2025-07-24T02:57:09.361+0000] {processor.py:183} INFO - Processing /opt/airflow/dags/library_etl_dag.py took 0.116 seconds
[2025-07-24T02:57:39.722+0000] {processor.py:161} INFO - Started process (PID=3532) to work on /opt/airflow/dags/library_etl_dag.py
[2025-07-24T02:57:39.722+0000] {processor.py:830} INFO - Processing file /opt/airflow/dags/library_etl_dag.py for tasks to queue
[2025-07-24T02:57:39.723+0000] {logging_mixin.py:188} INFO - [2025-07-24T02:57:39.723+0000] {dagbag.py:538} INFO - Filling up the DagBag from /opt/airflow/dags/library_etl_dag.py
[2025-07-24T02:57:39.806+0000] {processor.py:840} INFO - DAG(s) 'open_library_dag' retrieved from /opt/airflow/dags/library_etl_dag.py
[2025-07-24T02:57:39.833+0000] {logging_mixin.py:188} INFO - [2025-07-24T02:57:39.832+0000] {dag.py:3036} INFO - Sync 1 DAGs
[2025-07-24T02:57:39.857+0000] {logging_mixin.py:188} INFO - [2025-07-24T02:57:39.857+0000] {dag.py:3823} INFO - Setting next_dagrun for open_library_dag to 2025-07-24 00:00:00+00:00, run_after=2025-07-25 00:00:00+00:00
[2025-07-24T02:57:39.876+0000] {processor.py:183} INFO - Processing /opt/airflow/dags/library_etl_dag.py took 0.158 seconds
[2025-07-24T02:58:10.269+0000] {processor.py:161} INFO - Started process (PID=3570) to work on /opt/airflow/dags/library_etl_dag.py
[2025-07-24T02:58:10.269+0000] {processor.py:830} INFO - Processing file /opt/airflow/dags/library_etl_dag.py for tasks to queue
[2025-07-24T02:58:10.270+0000] {logging_mixin.py:188} INFO - [2025-07-24T02:58:10.270+0000] {dagbag.py:538} INFO - Filling up the DagBag from /opt/airflow/dags/library_etl_dag.py
[2025-07-24T02:58:10.331+0000] {processor.py:840} INFO - DAG(s) 'open_library_dag' retrieved from /opt/airflow/dags/library_etl_dag.py
[2025-07-24T02:58:10.351+0000] {logging_mixin.py:188} INFO - [2025-07-24T02:58:10.351+0000] {dag.py:3036} INFO - Sync 1 DAGs
[2025-07-24T02:58:10.374+0000] {logging_mixin.py:188} INFO - [2025-07-24T02:58:10.374+0000] {dag.py:3823} INFO - Setting next_dagrun for open_library_dag to 2025-07-24 00:00:00+00:00, run_after=2025-07-25 00:00:00+00:00
[2025-07-24T02:58:10.389+0000] {processor.py:183} INFO - Processing /opt/airflow/dags/library_etl_dag.py took 0.124 seconds
[2025-07-24T02:58:40.860+0000] {processor.py:161} INFO - Started process (PID=3614) to work on /opt/airflow/dags/library_etl_dag.py
[2025-07-24T02:58:40.860+0000] {processor.py:830} INFO - Processing file /opt/airflow/dags/library_etl_dag.py for tasks to queue
[2025-07-24T02:58:40.861+0000] {logging_mixin.py:188} INFO - [2025-07-24T02:58:40.860+0000] {dagbag.py:538} INFO - Filling up the DagBag from /opt/airflow/dags/library_etl_dag.py
[2025-07-24T02:58:40.945+0000] {processor.py:840} INFO - DAG(s) 'open_library_dag' retrieved from /opt/airflow/dags/library_etl_dag.py
[2025-07-24T02:58:40.969+0000] {logging_mixin.py:188} INFO - [2025-07-24T02:58:40.968+0000] {dag.py:3036} INFO - Sync 1 DAGs
[2025-07-24T02:58:40.985+0000] {logging_mixin.py:188} INFO - [2025-07-24T02:58:40.985+0000] {dag.py:3823} INFO - Setting next_dagrun for open_library_dag to 2025-07-24 00:00:00+00:00, run_after=2025-07-25 00:00:00+00:00
[2025-07-24T02:58:40.997+0000] {processor.py:183} INFO - Processing /opt/airflow/dags/library_etl_dag.py took 0.140 seconds
[2025-07-24T02:59:11.306+0000] {processor.py:161} INFO - Started process (PID=3652) to work on /opt/airflow/dags/library_etl_dag.py
[2025-07-24T02:59:11.307+0000] {processor.py:830} INFO - Processing file /opt/airflow/dags/library_etl_dag.py for tasks to queue
[2025-07-24T02:59:11.307+0000] {logging_mixin.py:188} INFO - [2025-07-24T02:59:11.307+0000] {dagbag.py:538} INFO - Filling up the DagBag from /opt/airflow/dags/library_etl_dag.py
[2025-07-24T02:59:11.362+0000] {processor.py:840} INFO - DAG(s) 'open_library_dag' retrieved from /opt/airflow/dags/library_etl_dag.py
[2025-07-24T02:59:11.383+0000] {logging_mixin.py:188} INFO - [2025-07-24T02:59:11.383+0000] {dag.py:3036} INFO - Sync 1 DAGs
[2025-07-24T02:59:11.400+0000] {logging_mixin.py:188} INFO - [2025-07-24T02:59:11.400+0000] {dag.py:3823} INFO - Setting next_dagrun for open_library_dag to 2025-07-24 00:00:00+00:00, run_after=2025-07-25 00:00:00+00:00
[2025-07-24T02:59:11.413+0000] {processor.py:183} INFO - Processing /opt/airflow/dags/library_etl_dag.py took 0.109 seconds
[2025-07-24T02:59:41.727+0000] {processor.py:161} INFO - Started process (PID=3691) to work on /opt/airflow/dags/library_etl_dag.py
[2025-07-24T02:59:41.727+0000] {processor.py:830} INFO - Processing file /opt/airflow/dags/library_etl_dag.py for tasks to queue
[2025-07-24T02:59:41.728+0000] {logging_mixin.py:188} INFO - [2025-07-24T02:59:41.728+0000] {dagbag.py:538} INFO - Filling up the DagBag from /opt/airflow/dags/library_etl_dag.py
[2025-07-24T02:59:41.810+0000] {processor.py:840} INFO - DAG(s) 'open_library_dag' retrieved from /opt/airflow/dags/library_etl_dag.py
[2025-07-24T02:59:41.833+0000] {logging_mixin.py:188} INFO - [2025-07-24T02:59:41.833+0000] {dag.py:3036} INFO - Sync 1 DAGs
[2025-07-24T02:59:41.849+0000] {logging_mixin.py:188} INFO - [2025-07-24T02:59:41.849+0000] {dag.py:3823} INFO - Setting next_dagrun for open_library_dag to 2025-07-24 00:00:00+00:00, run_after=2025-07-25 00:00:00+00:00
[2025-07-24T02:59:41.862+0000] {processor.py:183} INFO - Processing /opt/airflow/dags/library_etl_dag.py took 0.137 seconds
[2025-07-24T03:00:12.176+0000] {processor.py:161} INFO - Started process (PID=3734) to work on /opt/airflow/dags/library_etl_dag.py
[2025-07-24T03:00:12.176+0000] {processor.py:830} INFO - Processing file /opt/airflow/dags/library_etl_dag.py for tasks to queue
[2025-07-24T03:00:12.177+0000] {logging_mixin.py:188} INFO - [2025-07-24T03:00:12.177+0000] {dagbag.py:538} INFO - Filling up the DagBag from /opt/airflow/dags/library_etl_dag.py
[2025-07-24T03:00:12.230+0000] {processor.py:840} INFO - DAG(s) 'open_library_dag' retrieved from /opt/airflow/dags/library_etl_dag.py
[2025-07-24T03:00:12.248+0000] {logging_mixin.py:188} INFO - [2025-07-24T03:00:12.248+0000] {dag.py:3036} INFO - Sync 1 DAGs
[2025-07-24T03:00:12.264+0000] {logging_mixin.py:188} INFO - [2025-07-24T03:00:12.264+0000] {dag.py:3823} INFO - Setting next_dagrun for open_library_dag to 2025-07-24 00:00:00+00:00, run_after=2025-07-25 00:00:00+00:00
[2025-07-24T03:00:12.277+0000] {processor.py:183} INFO - Processing /opt/airflow/dags/library_etl_dag.py took 0.104 seconds
[2025-07-24T03:00:42.589+0000] {processor.py:161} INFO - Started process (PID=3772) to work on /opt/airflow/dags/library_etl_dag.py
[2025-07-24T03:00:42.590+0000] {processor.py:830} INFO - Processing file /opt/airflow/dags/library_etl_dag.py for tasks to queue
[2025-07-24T03:00:42.591+0000] {logging_mixin.py:188} INFO - [2025-07-24T03:00:42.590+0000] {dagbag.py:538} INFO - Filling up the DagBag from /opt/airflow/dags/library_etl_dag.py
[2025-07-24T03:00:42.672+0000] {processor.py:840} INFO - DAG(s) 'open_library_dag' retrieved from /opt/airflow/dags/library_etl_dag.py
[2025-07-24T03:00:42.697+0000] {logging_mixin.py:188} INFO - [2025-07-24T03:00:42.697+0000] {dag.py:3036} INFO - Sync 1 DAGs
[2025-07-24T03:00:42.714+0000] {logging_mixin.py:188} INFO - [2025-07-24T03:00:42.714+0000] {dag.py:3823} INFO - Setting next_dagrun for open_library_dag to 2025-07-24 00:00:00+00:00, run_after=2025-07-25 00:00:00+00:00
[2025-07-24T03:00:42.727+0000] {processor.py:183} INFO - Processing /opt/airflow/dags/library_etl_dag.py took 0.140 seconds
