[2025-07-24T02:13:28.553+0000] {processor.py:161} INFO - Started process (PID=185) to work on /opt/airflow/dags/main_pipeline.py
[2025-07-24T02:13:28.554+0000] {processor.py:830} INFO - Processing file /opt/airflow/dags/main_pipeline.py for tasks to queue
[2025-07-24T02:13:28.555+0000] {logging_mixin.py:188} INFO - [2025-07-24T02:13:28.555+0000] {dagbag.py:538} INFO - Filling up the DagBag from /opt/airflow/dags/main_pipeline.py
[2025-07-24T02:13:28.579+0000] {processor.py:840} INFO - DAG(s) 'main_etl_pipeline' retrieved from /opt/airflow/dags/main_pipeline.py
[2025-07-24T02:13:28.711+0000] {logging_mixin.py:188} INFO - [2025-07-24T02:13:28.711+0000] {dag.py:3036} INFO - Sync 1 DAGs
[2025-07-24T02:13:28.722+0000] {logging_mixin.py:188} INFO - [2025-07-24T02:13:28.721+0000] {dag.py:3823} INFO - Setting next_dagrun for main_etl_pipeline to None, run_after=None
[2025-07-24T02:13:28.739+0000] {processor.py:183} INFO - Processing /opt/airflow/dags/main_pipeline.py took 0.190 seconds
[2025-07-24T02:13:59.196+0000] {processor.py:161} INFO - Started process (PID=241) to work on /opt/airflow/dags/main_pipeline.py
[2025-07-24T02:13:59.197+0000] {processor.py:830} INFO - Processing file /opt/airflow/dags/main_pipeline.py for tasks to queue
[2025-07-24T02:13:59.197+0000] {logging_mixin.py:188} INFO - [2025-07-24T02:13:59.197+0000] {dagbag.py:538} INFO - Filling up the DagBag from /opt/airflow/dags/main_pipeline.py
[2025-07-24T02:13:59.215+0000] {processor.py:840} INFO - DAG(s) 'main_etl_pipeline' retrieved from /opt/airflow/dags/main_pipeline.py
[2025-07-24T02:13:59.235+0000] {logging_mixin.py:188} INFO - [2025-07-24T02:13:59.235+0000] {dag.py:3036} INFO - Sync 1 DAGs
[2025-07-24T02:13:59.244+0000] {logging_mixin.py:188} INFO - [2025-07-24T02:13:59.244+0000] {dag.py:3823} INFO - Setting next_dagrun for main_etl_pipeline to None, run_after=None
[2025-07-24T02:13:59.257+0000] {processor.py:183} INFO - Processing /opt/airflow/dags/main_pipeline.py took 0.063 seconds
[2025-07-24T02:14:29.651+0000] {processor.py:161} INFO - Started process (PID=285) to work on /opt/airflow/dags/main_pipeline.py
[2025-07-24T02:14:29.651+0000] {processor.py:830} INFO - Processing file /opt/airflow/dags/main_pipeline.py for tasks to queue
[2025-07-24T02:14:29.652+0000] {logging_mixin.py:188} INFO - [2025-07-24T02:14:29.652+0000] {dagbag.py:538} INFO - Filling up the DagBag from /opt/airflow/dags/main_pipeline.py
[2025-07-24T02:14:29.671+0000] {processor.py:840} INFO - DAG(s) 'main_etl_pipeline' retrieved from /opt/airflow/dags/main_pipeline.py
[2025-07-24T02:14:29.689+0000] {logging_mixin.py:188} INFO - [2025-07-24T02:14:29.689+0000] {dag.py:3036} INFO - Sync 1 DAGs
[2025-07-24T02:14:29.698+0000] {logging_mixin.py:188} INFO - [2025-07-24T02:14:29.698+0000] {dag.py:3823} INFO - Setting next_dagrun for main_etl_pipeline to None, run_after=None
[2025-07-24T02:14:29.710+0000] {processor.py:183} INFO - Processing /opt/airflow/dags/main_pipeline.py took 0.061 seconds
[2025-07-24T02:15:00.095+0000] {processor.py:161} INFO - Started process (PID=323) to work on /opt/airflow/dags/main_pipeline.py
[2025-07-24T02:15:00.095+0000] {processor.py:830} INFO - Processing file /opt/airflow/dags/main_pipeline.py for tasks to queue
[2025-07-24T02:15:00.096+0000] {logging_mixin.py:188} INFO - [2025-07-24T02:15:00.096+0000] {dagbag.py:538} INFO - Filling up the DagBag from /opt/airflow/dags/main_pipeline.py
[2025-07-24T02:15:00.114+0000] {processor.py:840} INFO - DAG(s) 'main_etl_pipeline' retrieved from /opt/airflow/dags/main_pipeline.py
[2025-07-24T02:15:00.132+0000] {logging_mixin.py:188} INFO - [2025-07-24T02:15:00.131+0000] {dag.py:3036} INFO - Sync 1 DAGs
[2025-07-24T02:15:00.140+0000] {logging_mixin.py:188} INFO - [2025-07-24T02:15:00.140+0000] {dag.py:3823} INFO - Setting next_dagrun for main_etl_pipeline to None, run_after=None
[2025-07-24T02:15:00.152+0000] {processor.py:183} INFO - Processing /opt/airflow/dags/main_pipeline.py took 0.060 seconds
[2025-07-24T02:15:30.542+0000] {processor.py:161} INFO - Started process (PID=361) to work on /opt/airflow/dags/main_pipeline.py
[2025-07-24T02:15:30.542+0000] {processor.py:830} INFO - Processing file /opt/airflow/dags/main_pipeline.py for tasks to queue
[2025-07-24T02:15:30.543+0000] {logging_mixin.py:188} INFO - [2025-07-24T02:15:30.543+0000] {dagbag.py:538} INFO - Filling up the DagBag from /opt/airflow/dags/main_pipeline.py
[2025-07-24T02:15:30.561+0000] {processor.py:840} INFO - DAG(s) 'main_etl_pipeline' retrieved from /opt/airflow/dags/main_pipeline.py
[2025-07-24T02:15:30.580+0000] {logging_mixin.py:188} INFO - [2025-07-24T02:15:30.580+0000] {dag.py:3036} INFO - Sync 1 DAGs
[2025-07-24T02:15:30.588+0000] {logging_mixin.py:188} INFO - [2025-07-24T02:15:30.588+0000] {dag.py:3823} INFO - Setting next_dagrun for main_etl_pipeline to None, run_after=None
[2025-07-24T02:15:30.600+0000] {processor.py:183} INFO - Processing /opt/airflow/dags/main_pipeline.py took 0.061 seconds
[2025-07-24T02:16:00.995+0000] {processor.py:161} INFO - Started process (PID=399) to work on /opt/airflow/dags/main_pipeline.py
[2025-07-24T02:16:00.995+0000] {processor.py:830} INFO - Processing file /opt/airflow/dags/main_pipeline.py for tasks to queue
[2025-07-24T02:16:00.996+0000] {logging_mixin.py:188} INFO - [2025-07-24T02:16:00.996+0000] {dagbag.py:538} INFO - Filling up the DagBag from /opt/airflow/dags/main_pipeline.py
[2025-07-24T02:16:01.014+0000] {processor.py:840} INFO - DAG(s) 'main_etl_pipeline' retrieved from /opt/airflow/dags/main_pipeline.py
[2025-07-24T02:16:01.032+0000] {logging_mixin.py:188} INFO - [2025-07-24T02:16:01.032+0000] {dag.py:3036} INFO - Sync 1 DAGs
[2025-07-24T02:16:01.041+0000] {logging_mixin.py:188} INFO - [2025-07-24T02:16:01.041+0000] {dag.py:3823} INFO - Setting next_dagrun for main_etl_pipeline to None, run_after=None
[2025-07-24T02:16:01.052+0000] {processor.py:183} INFO - Processing /opt/airflow/dags/main_pipeline.py took 0.060 seconds
[2025-07-24T02:16:31.512+0000] {processor.py:161} INFO - Started process (PID=437) to work on /opt/airflow/dags/main_pipeline.py
[2025-07-24T02:16:31.513+0000] {processor.py:830} INFO - Processing file /opt/airflow/dags/main_pipeline.py for tasks to queue
[2025-07-24T02:16:31.514+0000] {logging_mixin.py:188} INFO - [2025-07-24T02:16:31.514+0000] {dagbag.py:538} INFO - Filling up the DagBag from /opt/airflow/dags/main_pipeline.py
[2025-07-24T02:16:31.534+0000] {processor.py:840} INFO - DAG(s) 'main_etl_pipeline' retrieved from /opt/airflow/dags/main_pipeline.py
[2025-07-24T02:16:31.554+0000] {logging_mixin.py:188} INFO - [2025-07-24T02:16:31.554+0000] {dag.py:3036} INFO - Sync 1 DAGs
[2025-07-24T02:16:31.564+0000] {logging_mixin.py:188} INFO - [2025-07-24T02:16:31.564+0000] {dag.py:3823} INFO - Setting next_dagrun for main_etl_pipeline to None, run_after=None
[2025-07-24T02:16:31.578+0000] {processor.py:183} INFO - Processing /opt/airflow/dags/main_pipeline.py took 0.069 seconds
[2025-07-24T02:17:01.969+0000] {processor.py:161} INFO - Started process (PID=475) to work on /opt/airflow/dags/main_pipeline.py
[2025-07-24T02:17:01.969+0000] {processor.py:830} INFO - Processing file /opt/airflow/dags/main_pipeline.py for tasks to queue
[2025-07-24T02:17:01.970+0000] {logging_mixin.py:188} INFO - [2025-07-24T02:17:01.970+0000] {dagbag.py:538} INFO - Filling up the DagBag from /opt/airflow/dags/main_pipeline.py
[2025-07-24T02:17:01.990+0000] {processor.py:840} INFO - DAG(s) 'main_etl_pipeline' retrieved from /opt/airflow/dags/main_pipeline.py
[2025-07-24T02:17:02.010+0000] {logging_mixin.py:188} INFO - [2025-07-24T02:17:02.009+0000] {dag.py:3036} INFO - Sync 1 DAGs
[2025-07-24T02:17:02.018+0000] {logging_mixin.py:188} INFO - [2025-07-24T02:17:02.018+0000] {dag.py:3823} INFO - Setting next_dagrun for main_etl_pipeline to None, run_after=None
[2025-07-24T02:17:02.030+0000] {processor.py:183} INFO - Processing /opt/airflow/dags/main_pipeline.py took 0.064 seconds
[2025-07-24T02:17:32.329+0000] {processor.py:161} INFO - Started process (PID=511) to work on /opt/airflow/dags/main_pipeline.py
[2025-07-24T02:17:32.329+0000] {processor.py:830} INFO - Processing file /opt/airflow/dags/main_pipeline.py for tasks to queue
[2025-07-24T02:17:32.330+0000] {logging_mixin.py:188} INFO - [2025-07-24T02:17:32.330+0000] {dagbag.py:538} INFO - Filling up the DagBag from /opt/airflow/dags/main_pipeline.py
[2025-07-24T02:17:32.350+0000] {processor.py:840} INFO - DAG(s) 'main_etl_pipeline' retrieved from /opt/airflow/dags/main_pipeline.py
[2025-07-24T02:17:32.373+0000] {logging_mixin.py:188} INFO - [2025-07-24T02:17:32.373+0000] {dag.py:3036} INFO - Sync 1 DAGs
[2025-07-24T02:17:32.382+0000] {logging_mixin.py:188} INFO - [2025-07-24T02:17:32.382+0000] {dag.py:3823} INFO - Setting next_dagrun for main_etl_pipeline to None, run_after=None
[2025-07-24T02:17:32.396+0000] {processor.py:183} INFO - Processing /opt/airflow/dags/main_pipeline.py took 0.070 seconds
[2025-07-24T02:18:02.898+0000] {processor.py:161} INFO - Started process (PID=551) to work on /opt/airflow/dags/main_pipeline.py
[2025-07-24T02:18:02.899+0000] {processor.py:830} INFO - Processing file /opt/airflow/dags/main_pipeline.py for tasks to queue
[2025-07-24T02:18:02.900+0000] {logging_mixin.py:188} INFO - [2025-07-24T02:18:02.900+0000] {dagbag.py:538} INFO - Filling up the DagBag from /opt/airflow/dags/main_pipeline.py
[2025-07-24T02:18:02.922+0000] {processor.py:840} INFO - DAG(s) 'main_etl_pipeline' retrieved from /opt/airflow/dags/main_pipeline.py
[2025-07-24T02:18:02.944+0000] {logging_mixin.py:188} INFO - [2025-07-24T02:18:02.944+0000] {dag.py:3036} INFO - Sync 1 DAGs
[2025-07-24T02:18:02.953+0000] {logging_mixin.py:188} INFO - [2025-07-24T02:18:02.953+0000] {dag.py:3823} INFO - Setting next_dagrun for main_etl_pipeline to None, run_after=None
[2025-07-24T02:18:02.966+0000] {processor.py:183} INFO - Processing /opt/airflow/dags/main_pipeline.py took 0.071 seconds
[2025-07-24T02:18:33.453+0000] {processor.py:161} INFO - Started process (PID=589) to work on /opt/airflow/dags/main_pipeline.py
[2025-07-24T02:18:33.454+0000] {processor.py:830} INFO - Processing file /opt/airflow/dags/main_pipeline.py for tasks to queue
[2025-07-24T02:18:33.455+0000] {logging_mixin.py:188} INFO - [2025-07-24T02:18:33.455+0000] {dagbag.py:538} INFO - Filling up the DagBag from /opt/airflow/dags/main_pipeline.py
[2025-07-24T02:18:33.477+0000] {processor.py:840} INFO - DAG(s) 'main_etl_pipeline' retrieved from /opt/airflow/dags/main_pipeline.py
[2025-07-24T02:18:33.499+0000] {logging_mixin.py:188} INFO - [2025-07-24T02:18:33.498+0000] {dag.py:3036} INFO - Sync 1 DAGs
[2025-07-24T02:18:33.508+0000] {logging_mixin.py:188} INFO - [2025-07-24T02:18:33.508+0000] {dag.py:3823} INFO - Setting next_dagrun for main_etl_pipeline to None, run_after=None
[2025-07-24T02:18:33.522+0000] {processor.py:183} INFO - Processing /opt/airflow/dags/main_pipeline.py took 0.072 seconds
[2025-07-24T02:19:04.157+0000] {processor.py:161} INFO - Started process (PID=627) to work on /opt/airflow/dags/main_pipeline.py
[2025-07-24T02:19:04.158+0000] {processor.py:830} INFO - Processing file /opt/airflow/dags/main_pipeline.py for tasks to queue
[2025-07-24T02:19:04.159+0000] {logging_mixin.py:188} INFO - [2025-07-24T02:19:04.159+0000] {dagbag.py:538} INFO - Filling up the DagBag from /opt/airflow/dags/main_pipeline.py
[2025-07-24T02:19:04.191+0000] {processor.py:840} INFO - DAG(s) 'main_etl_pipeline' retrieved from /opt/airflow/dags/main_pipeline.py
[2025-07-24T02:19:04.223+0000] {logging_mixin.py:188} INFO - [2025-07-24T02:19:04.222+0000] {dag.py:3036} INFO - Sync 1 DAGs
[2025-07-24T02:19:04.238+0000] {logging_mixin.py:188} INFO - [2025-07-24T02:19:04.238+0000] {dag.py:3823} INFO - Setting next_dagrun for main_etl_pipeline to None, run_after=None
[2025-07-24T02:19:04.256+0000] {processor.py:183} INFO - Processing /opt/airflow/dags/main_pipeline.py took 0.103 seconds
[2025-07-24T02:19:34.626+0000] {processor.py:161} INFO - Started process (PID=665) to work on /opt/airflow/dags/main_pipeline.py
[2025-07-24T02:19:34.626+0000] {processor.py:830} INFO - Processing file /opt/airflow/dags/main_pipeline.py for tasks to queue
[2025-07-24T02:19:34.627+0000] {logging_mixin.py:188} INFO - [2025-07-24T02:19:34.627+0000] {dagbag.py:538} INFO - Filling up the DagBag from /opt/airflow/dags/main_pipeline.py
[2025-07-24T02:19:34.645+0000] {processor.py:840} INFO - DAG(s) 'main_etl_pipeline' retrieved from /opt/airflow/dags/main_pipeline.py
[2025-07-24T02:19:34.664+0000] {logging_mixin.py:188} INFO - [2025-07-24T02:19:34.664+0000] {dag.py:3036} INFO - Sync 1 DAGs
[2025-07-24T02:19:34.672+0000] {logging_mixin.py:188} INFO - [2025-07-24T02:19:34.672+0000] {dag.py:3823} INFO - Setting next_dagrun for main_etl_pipeline to None, run_after=None
[2025-07-24T02:19:34.685+0000] {processor.py:183} INFO - Processing /opt/airflow/dags/main_pipeline.py took 0.062 seconds
[2025-07-24T02:20:04.978+0000] {processor.py:161} INFO - Started process (PID=702) to work on /opt/airflow/dags/main_pipeline.py
[2025-07-24T02:20:04.978+0000] {processor.py:830} INFO - Processing file /opt/airflow/dags/main_pipeline.py for tasks to queue
[2025-07-24T02:20:04.979+0000] {logging_mixin.py:188} INFO - [2025-07-24T02:20:04.979+0000] {dagbag.py:538} INFO - Filling up the DagBag from /opt/airflow/dags/main_pipeline.py
[2025-07-24T02:20:04.998+0000] {processor.py:840} INFO - DAG(s) 'main_etl_pipeline' retrieved from /opt/airflow/dags/main_pipeline.py
[2025-07-24T02:20:05.019+0000] {logging_mixin.py:188} INFO - [2025-07-24T02:20:05.019+0000] {dag.py:3036} INFO - Sync 1 DAGs
[2025-07-24T02:20:05.027+0000] {logging_mixin.py:188} INFO - [2025-07-24T02:20:05.027+0000] {dag.py:3823} INFO - Setting next_dagrun for main_etl_pipeline to None, run_after=None
[2025-07-24T02:20:05.041+0000] {processor.py:183} INFO - Processing /opt/airflow/dags/main_pipeline.py took 0.066 seconds
[2025-07-24T02:20:35.542+0000] {processor.py:161} INFO - Started process (PID=742) to work on /opt/airflow/dags/main_pipeline.py
[2025-07-24T02:20:35.543+0000] {processor.py:830} INFO - Processing file /opt/airflow/dags/main_pipeline.py for tasks to queue
[2025-07-24T02:20:35.543+0000] {logging_mixin.py:188} INFO - [2025-07-24T02:20:35.543+0000] {dagbag.py:538} INFO - Filling up the DagBag from /opt/airflow/dags/main_pipeline.py
[2025-07-24T02:20:35.563+0000] {processor.py:840} INFO - DAG(s) 'main_etl_pipeline' retrieved from /opt/airflow/dags/main_pipeline.py
[2025-07-24T02:20:35.583+0000] {logging_mixin.py:188} INFO - [2025-07-24T02:20:35.582+0000] {dag.py:3036} INFO - Sync 1 DAGs
[2025-07-24T02:20:35.591+0000] {logging_mixin.py:188} INFO - [2025-07-24T02:20:35.591+0000] {dag.py:3823} INFO - Setting next_dagrun for main_etl_pipeline to None, run_after=None
[2025-07-24T02:20:35.604+0000] {processor.py:183} INFO - Processing /opt/airflow/dags/main_pipeline.py took 0.064 seconds
[2025-07-24T02:21:05.876+0000] {processor.py:161} INFO - Started process (PID=778) to work on /opt/airflow/dags/main_pipeline.py
[2025-07-24T02:21:05.877+0000] {processor.py:830} INFO - Processing file /opt/airflow/dags/main_pipeline.py for tasks to queue
[2025-07-24T02:21:05.878+0000] {logging_mixin.py:188} INFO - [2025-07-24T02:21:05.877+0000] {dagbag.py:538} INFO - Filling up the DagBag from /opt/airflow/dags/main_pipeline.py
[2025-07-24T02:21:05.896+0000] {processor.py:840} INFO - DAG(s) 'main_etl_pipeline' retrieved from /opt/airflow/dags/main_pipeline.py
[2025-07-24T02:21:05.918+0000] {logging_mixin.py:188} INFO - [2025-07-24T02:21:05.918+0000] {dag.py:3036} INFO - Sync 1 DAGs
[2025-07-24T02:21:05.928+0000] {logging_mixin.py:188} INFO - [2025-07-24T02:21:05.928+0000] {dag.py:3823} INFO - Setting next_dagrun for main_etl_pipeline to None, run_after=None
[2025-07-24T02:21:05.941+0000] {processor.py:183} INFO - Processing /opt/airflow/dags/main_pipeline.py took 0.067 seconds
[2025-07-24T02:21:36.474+0000] {processor.py:161} INFO - Started process (PID=818) to work on /opt/airflow/dags/main_pipeline.py
[2025-07-24T02:21:36.475+0000] {processor.py:830} INFO - Processing file /opt/airflow/dags/main_pipeline.py for tasks to queue
[2025-07-24T02:21:36.476+0000] {logging_mixin.py:188} INFO - [2025-07-24T02:21:36.475+0000] {dagbag.py:538} INFO - Filling up the DagBag from /opt/airflow/dags/main_pipeline.py
[2025-07-24T02:21:36.497+0000] {processor.py:840} INFO - DAG(s) 'main_etl_pipeline' retrieved from /opt/airflow/dags/main_pipeline.py
[2025-07-24T02:21:36.518+0000] {logging_mixin.py:188} INFO - [2025-07-24T02:21:36.518+0000] {dag.py:3036} INFO - Sync 1 DAGs
[2025-07-24T02:21:36.528+0000] {logging_mixin.py:188} INFO - [2025-07-24T02:21:36.528+0000] {dag.py:3823} INFO - Setting next_dagrun for main_etl_pipeline to None, run_after=None
[2025-07-24T02:21:36.542+0000] {processor.py:183} INFO - Processing /opt/airflow/dags/main_pipeline.py took 0.071 seconds
[2025-07-24T02:22:06.939+0000] {processor.py:161} INFO - Started process (PID=856) to work on /opt/airflow/dags/main_pipeline.py
[2025-07-24T02:22:06.939+0000] {processor.py:830} INFO - Processing file /opt/airflow/dags/main_pipeline.py for tasks to queue
[2025-07-24T02:22:06.940+0000] {logging_mixin.py:188} INFO - [2025-07-24T02:22:06.940+0000] {dagbag.py:538} INFO - Filling up the DagBag from /opt/airflow/dags/main_pipeline.py
[2025-07-24T02:22:06.959+0000] {processor.py:840} INFO - DAG(s) 'main_etl_pipeline' retrieved from /opt/airflow/dags/main_pipeline.py
[2025-07-24T02:22:06.978+0000] {logging_mixin.py:188} INFO - [2025-07-24T02:22:06.978+0000] {dag.py:3036} INFO - Sync 1 DAGs
[2025-07-24T02:22:06.987+0000] {logging_mixin.py:188} INFO - [2025-07-24T02:22:06.987+0000] {dag.py:3823} INFO - Setting next_dagrun for main_etl_pipeline to None, run_after=None
[2025-07-24T02:22:07.002+0000] {processor.py:183} INFO - Processing /opt/airflow/dags/main_pipeline.py took 0.066 seconds
[2025-07-24T02:22:37.280+0000] {processor.py:161} INFO - Started process (PID=892) to work on /opt/airflow/dags/main_pipeline.py
[2025-07-24T02:22:37.280+0000] {processor.py:830} INFO - Processing file /opt/airflow/dags/main_pipeline.py for tasks to queue
[2025-07-24T02:22:37.281+0000] {logging_mixin.py:188} INFO - [2025-07-24T02:22:37.281+0000] {dagbag.py:538} INFO - Filling up the DagBag from /opt/airflow/dags/main_pipeline.py
[2025-07-24T02:22:37.301+0000] {processor.py:840} INFO - DAG(s) 'main_etl_pipeline' retrieved from /opt/airflow/dags/main_pipeline.py
[2025-07-24T02:22:37.324+0000] {logging_mixin.py:188} INFO - [2025-07-24T02:22:37.324+0000] {dag.py:3036} INFO - Sync 1 DAGs
[2025-07-24T02:22:37.335+0000] {logging_mixin.py:188} INFO - [2025-07-24T02:22:37.334+0000] {dag.py:3823} INFO - Setting next_dagrun for main_etl_pipeline to None, run_after=None
[2025-07-24T02:22:37.349+0000] {processor.py:183} INFO - Processing /opt/airflow/dags/main_pipeline.py took 0.072 seconds
[2025-07-24T02:23:07.836+0000] {processor.py:161} INFO - Started process (PID=932) to work on /opt/airflow/dags/main_pipeline.py
[2025-07-24T02:23:07.837+0000] {processor.py:830} INFO - Processing file /opt/airflow/dags/main_pipeline.py for tasks to queue
[2025-07-24T02:23:07.838+0000] {logging_mixin.py:188} INFO - [2025-07-24T02:23:07.838+0000] {dagbag.py:538} INFO - Filling up the DagBag from /opt/airflow/dags/main_pipeline.py
[2025-07-24T02:23:07.856+0000] {processor.py:840} INFO - DAG(s) 'main_etl_pipeline' retrieved from /opt/airflow/dags/main_pipeline.py
[2025-07-24T02:23:07.874+0000] {logging_mixin.py:188} INFO - [2025-07-24T02:23:07.874+0000] {dag.py:3036} INFO - Sync 1 DAGs
[2025-07-24T02:23:07.882+0000] {logging_mixin.py:188} INFO - [2025-07-24T02:23:07.882+0000] {dag.py:3823} INFO - Setting next_dagrun for main_etl_pipeline to None, run_after=None
[2025-07-24T02:23:07.893+0000] {processor.py:183} INFO - Processing /opt/airflow/dags/main_pipeline.py took 0.060 seconds
[2025-07-24T02:23:38.351+0000] {processor.py:161} INFO - Started process (PID=970) to work on /opt/airflow/dags/main_pipeline.py
[2025-07-24T02:23:38.352+0000] {processor.py:830} INFO - Processing file /opt/airflow/dags/main_pipeline.py for tasks to queue
[2025-07-24T02:23:38.352+0000] {logging_mixin.py:188} INFO - [2025-07-24T02:23:38.352+0000] {dagbag.py:538} INFO - Filling up the DagBag from /opt/airflow/dags/main_pipeline.py
[2025-07-24T02:23:38.370+0000] {processor.py:840} INFO - DAG(s) 'main_etl_pipeline' retrieved from /opt/airflow/dags/main_pipeline.py
[2025-07-24T02:23:38.389+0000] {logging_mixin.py:188} INFO - [2025-07-24T02:23:38.389+0000] {dag.py:3036} INFO - Sync 1 DAGs
[2025-07-24T02:23:38.397+0000] {logging_mixin.py:188} INFO - [2025-07-24T02:23:38.397+0000] {dag.py:3823} INFO - Setting next_dagrun for main_etl_pipeline to None, run_after=None
[2025-07-24T02:23:38.409+0000] {processor.py:183} INFO - Processing /opt/airflow/dags/main_pipeline.py took 0.061 seconds
[2025-07-24T02:24:08.800+0000] {processor.py:161} INFO - Started process (PID=1008) to work on /opt/airflow/dags/main_pipeline.py
[2025-07-24T02:24:08.800+0000] {processor.py:830} INFO - Processing file /opt/airflow/dags/main_pipeline.py for tasks to queue
[2025-07-24T02:24:08.801+0000] {logging_mixin.py:188} INFO - [2025-07-24T02:24:08.801+0000] {dagbag.py:538} INFO - Filling up the DagBag from /opt/airflow/dags/main_pipeline.py
[2025-07-24T02:24:08.819+0000] {processor.py:840} INFO - DAG(s) 'main_etl_pipeline' retrieved from /opt/airflow/dags/main_pipeline.py
[2025-07-24T02:24:08.837+0000] {logging_mixin.py:188} INFO - [2025-07-24T02:24:08.837+0000] {dag.py:3036} INFO - Sync 1 DAGs
[2025-07-24T02:24:08.845+0000] {logging_mixin.py:188} INFO - [2025-07-24T02:24:08.845+0000] {dag.py:3823} INFO - Setting next_dagrun for main_etl_pipeline to None, run_after=None
[2025-07-24T02:24:08.857+0000] {processor.py:183} INFO - Processing /opt/airflow/dags/main_pipeline.py took 0.060 seconds
[2025-07-24T02:24:39.172+0000] {processor.py:161} INFO - Started process (PID=1045) to work on /opt/airflow/dags/main_pipeline.py
[2025-07-24T02:24:39.173+0000] {processor.py:830} INFO - Processing file /opt/airflow/dags/main_pipeline.py for tasks to queue
[2025-07-24T02:24:39.174+0000] {logging_mixin.py:188} INFO - [2025-07-24T02:24:39.173+0000] {dagbag.py:538} INFO - Filling up the DagBag from /opt/airflow/dags/main_pipeline.py
[2025-07-24T02:24:39.193+0000] {processor.py:840} INFO - DAG(s) 'main_etl_pipeline' retrieved from /opt/airflow/dags/main_pipeline.py
[2025-07-24T02:24:39.213+0000] {logging_mixin.py:188} INFO - [2025-07-24T02:24:39.213+0000] {dag.py:3036} INFO - Sync 1 DAGs
[2025-07-24T02:24:39.222+0000] {logging_mixin.py:188} INFO - [2025-07-24T02:24:39.221+0000] {dag.py:3823} INFO - Setting next_dagrun for main_etl_pipeline to None, run_after=None
[2025-07-24T02:24:39.234+0000] {processor.py:183} INFO - Processing /opt/airflow/dags/main_pipeline.py took 0.064 seconds
[2025-07-24T02:25:09.706+0000] {processor.py:161} INFO - Started process (PID=1085) to work on /opt/airflow/dags/main_pipeline.py
[2025-07-24T02:25:09.706+0000] {processor.py:830} INFO - Processing file /opt/airflow/dags/main_pipeline.py for tasks to queue
[2025-07-24T02:25:09.707+0000] {logging_mixin.py:188} INFO - [2025-07-24T02:25:09.707+0000] {dagbag.py:538} INFO - Filling up the DagBag from /opt/airflow/dags/main_pipeline.py
[2025-07-24T02:25:09.725+0000] {processor.py:840} INFO - DAG(s) 'main_etl_pipeline' retrieved from /opt/airflow/dags/main_pipeline.py
[2025-07-24T02:25:09.744+0000] {logging_mixin.py:188} INFO - [2025-07-24T02:25:09.744+0000] {dag.py:3036} INFO - Sync 1 DAGs
[2025-07-24T02:25:09.753+0000] {logging_mixin.py:188} INFO - [2025-07-24T02:25:09.753+0000] {dag.py:3823} INFO - Setting next_dagrun for main_etl_pipeline to None, run_after=None
[2025-07-24T02:25:09.766+0000] {processor.py:183} INFO - Processing /opt/airflow/dags/main_pipeline.py took 0.063 seconds
[2025-07-24T02:25:40.162+0000] {processor.py:161} INFO - Started process (PID=1123) to work on /opt/airflow/dags/main_pipeline.py
[2025-07-24T02:25:40.163+0000] {processor.py:830} INFO - Processing file /opt/airflow/dags/main_pipeline.py for tasks to queue
[2025-07-24T02:25:40.163+0000] {logging_mixin.py:188} INFO - [2025-07-24T02:25:40.163+0000] {dagbag.py:538} INFO - Filling up the DagBag from /opt/airflow/dags/main_pipeline.py
[2025-07-24T02:25:40.181+0000] {processor.py:840} INFO - DAG(s) 'main_etl_pipeline' retrieved from /opt/airflow/dags/main_pipeline.py
[2025-07-24T02:25:40.201+0000] {logging_mixin.py:188} INFO - [2025-07-24T02:25:40.201+0000] {dag.py:3036} INFO - Sync 1 DAGs
[2025-07-24T02:25:40.209+0000] {logging_mixin.py:188} INFO - [2025-07-24T02:25:40.209+0000] {dag.py:3823} INFO - Setting next_dagrun for main_etl_pipeline to None, run_after=None
[2025-07-24T02:25:40.222+0000] {processor.py:183} INFO - Processing /opt/airflow/dags/main_pipeline.py took 0.063 seconds
[2025-07-24T02:26:10.619+0000] {processor.py:161} INFO - Started process (PID=1161) to work on /opt/airflow/dags/main_pipeline.py
[2025-07-24T02:26:10.620+0000] {processor.py:830} INFO - Processing file /opt/airflow/dags/main_pipeline.py for tasks to queue
[2025-07-24T02:26:10.621+0000] {logging_mixin.py:188} INFO - [2025-07-24T02:26:10.620+0000] {dagbag.py:538} INFO - Filling up the DagBag from /opt/airflow/dags/main_pipeline.py
[2025-07-24T02:26:10.639+0000] {processor.py:840} INFO - DAG(s) 'main_etl_pipeline' retrieved from /opt/airflow/dags/main_pipeline.py
[2025-07-24T02:26:10.659+0000] {logging_mixin.py:188} INFO - [2025-07-24T02:26:10.659+0000] {dag.py:3036} INFO - Sync 1 DAGs
[2025-07-24T02:26:10.669+0000] {logging_mixin.py:188} INFO - [2025-07-24T02:26:10.669+0000] {dag.py:3823} INFO - Setting next_dagrun for main_etl_pipeline to None, run_after=None
[2025-07-24T02:26:10.682+0000] {processor.py:183} INFO - Processing /opt/airflow/dags/main_pipeline.py took 0.066 seconds
[2025-07-24T02:26:41.069+0000] {processor.py:161} INFO - Started process (PID=1199) to work on /opt/airflow/dags/main_pipeline.py
[2025-07-24T02:26:41.070+0000] {processor.py:830} INFO - Processing file /opt/airflow/dags/main_pipeline.py for tasks to queue
[2025-07-24T02:26:41.071+0000] {logging_mixin.py:188} INFO - [2025-07-24T02:26:41.070+0000] {dagbag.py:538} INFO - Filling up the DagBag from /opt/airflow/dags/main_pipeline.py
[2025-07-24T02:26:41.088+0000] {processor.py:840} INFO - DAG(s) 'main_etl_pipeline' retrieved from /opt/airflow/dags/main_pipeline.py
[2025-07-24T02:26:41.107+0000] {logging_mixin.py:188} INFO - [2025-07-24T02:26:41.107+0000] {dag.py:3036} INFO - Sync 1 DAGs
[2025-07-24T02:26:41.116+0000] {logging_mixin.py:188} INFO - [2025-07-24T02:26:41.116+0000] {dag.py:3823} INFO - Setting next_dagrun for main_etl_pipeline to None, run_after=None
[2025-07-24T02:26:41.129+0000] {processor.py:183} INFO - Processing /opt/airflow/dags/main_pipeline.py took 0.063 seconds
[2025-07-24T02:27:11.569+0000] {processor.py:161} INFO - Started process (PID=1237) to work on /opt/airflow/dags/main_pipeline.py
[2025-07-24T02:27:11.569+0000] {processor.py:830} INFO - Processing file /opt/airflow/dags/main_pipeline.py for tasks to queue
[2025-07-24T02:27:11.570+0000] {logging_mixin.py:188} INFO - [2025-07-24T02:27:11.570+0000] {dagbag.py:538} INFO - Filling up the DagBag from /opt/airflow/dags/main_pipeline.py
[2025-07-24T02:27:11.588+0000] {processor.py:840} INFO - DAG(s) 'main_etl_pipeline' retrieved from /opt/airflow/dags/main_pipeline.py
[2025-07-24T02:27:11.608+0000] {logging_mixin.py:188} INFO - [2025-07-24T02:27:11.607+0000] {dag.py:3036} INFO - Sync 1 DAGs
[2025-07-24T02:27:11.616+0000] {logging_mixin.py:188} INFO - [2025-07-24T02:27:11.616+0000] {dag.py:3823} INFO - Setting next_dagrun for main_etl_pipeline to None, run_after=None
[2025-07-24T02:27:11.629+0000] {processor.py:183} INFO - Processing /opt/airflow/dags/main_pipeline.py took 0.063 seconds
[2025-07-24T02:27:42.099+0000] {processor.py:161} INFO - Started process (PID=1275) to work on /opt/airflow/dags/main_pipeline.py
[2025-07-24T02:27:42.100+0000] {processor.py:830} INFO - Processing file /opt/airflow/dags/main_pipeline.py for tasks to queue
[2025-07-24T02:27:42.101+0000] {logging_mixin.py:188} INFO - [2025-07-24T02:27:42.101+0000] {dagbag.py:538} INFO - Filling up the DagBag from /opt/airflow/dags/main_pipeline.py
[2025-07-24T02:27:42.121+0000] {processor.py:840} INFO - DAG(s) 'main_etl_pipeline' retrieved from /opt/airflow/dags/main_pipeline.py
[2025-07-24T02:27:42.144+0000] {logging_mixin.py:188} INFO - [2025-07-24T02:27:42.143+0000] {dag.py:3036} INFO - Sync 1 DAGs
[2025-07-24T02:27:42.152+0000] {logging_mixin.py:188} INFO - [2025-07-24T02:27:42.152+0000] {dag.py:3823} INFO - Setting next_dagrun for main_etl_pipeline to None, run_after=None
[2025-07-24T02:27:42.166+0000] {processor.py:183} INFO - Processing /opt/airflow/dags/main_pipeline.py took 0.069 seconds
[2025-07-24T02:28:12.559+0000] {processor.py:161} INFO - Started process (PID=1313) to work on /opt/airflow/dags/main_pipeline.py
[2025-07-24T02:28:12.560+0000] {processor.py:830} INFO - Processing file /opt/airflow/dags/main_pipeline.py for tasks to queue
[2025-07-24T02:28:12.560+0000] {logging_mixin.py:188} INFO - [2025-07-24T02:28:12.560+0000] {dagbag.py:538} INFO - Filling up the DagBag from /opt/airflow/dags/main_pipeline.py
[2025-07-24T02:28:12.579+0000] {processor.py:840} INFO - DAG(s) 'main_etl_pipeline' retrieved from /opt/airflow/dags/main_pipeline.py
[2025-07-24T02:28:12.598+0000] {logging_mixin.py:188} INFO - [2025-07-24T02:28:12.598+0000] {dag.py:3036} INFO - Sync 1 DAGs
[2025-07-24T02:28:12.606+0000] {logging_mixin.py:188} INFO - [2025-07-24T02:28:12.606+0000] {dag.py:3823} INFO - Setting next_dagrun for main_etl_pipeline to None, run_after=None
[2025-07-24T02:28:12.618+0000] {processor.py:183} INFO - Processing /opt/airflow/dags/main_pipeline.py took 0.062 seconds
[2025-07-24T02:28:43.079+0000] {processor.py:161} INFO - Started process (PID=1351) to work on /opt/airflow/dags/main_pipeline.py
[2025-07-24T02:28:43.079+0000] {processor.py:830} INFO - Processing file /opt/airflow/dags/main_pipeline.py for tasks to queue
[2025-07-24T02:28:43.080+0000] {logging_mixin.py:188} INFO - [2025-07-24T02:28:43.080+0000] {dagbag.py:538} INFO - Filling up the DagBag from /opt/airflow/dags/main_pipeline.py
[2025-07-24T02:28:43.098+0000] {processor.py:840} INFO - DAG(s) 'main_etl_pipeline' retrieved from /opt/airflow/dags/main_pipeline.py
[2025-07-24T02:28:43.118+0000] {logging_mixin.py:188} INFO - [2025-07-24T02:28:43.118+0000] {dag.py:3036} INFO - Sync 1 DAGs
[2025-07-24T02:28:43.127+0000] {logging_mixin.py:188} INFO - [2025-07-24T02:28:43.127+0000] {dag.py:3823} INFO - Setting next_dagrun for main_etl_pipeline to None, run_after=None
[2025-07-24T02:28:43.140+0000] {processor.py:183} INFO - Processing /opt/airflow/dags/main_pipeline.py took 0.064 seconds
[2025-07-24T02:29:13.455+0000] {processor.py:161} INFO - Started process (PID=1387) to work on /opt/airflow/dags/main_pipeline.py
[2025-07-24T02:29:13.455+0000] {processor.py:830} INFO - Processing file /opt/airflow/dags/main_pipeline.py for tasks to queue
[2025-07-24T02:29:13.456+0000] {logging_mixin.py:188} INFO - [2025-07-24T02:29:13.456+0000] {dagbag.py:538} INFO - Filling up the DagBag from /opt/airflow/dags/main_pipeline.py
[2025-07-24T02:29:13.476+0000] {processor.py:840} INFO - DAG(s) 'main_etl_pipeline' retrieved from /opt/airflow/dags/main_pipeline.py
[2025-07-24T02:29:13.495+0000] {logging_mixin.py:188} INFO - [2025-07-24T02:29:13.495+0000] {dag.py:3036} INFO - Sync 1 DAGs
[2025-07-24T02:29:13.504+0000] {logging_mixin.py:188} INFO - [2025-07-24T02:29:13.504+0000] {dag.py:3823} INFO - Setting next_dagrun for main_etl_pipeline to None, run_after=None
[2025-07-24T02:29:13.516+0000] {processor.py:183} INFO - Processing /opt/airflow/dags/main_pipeline.py took 0.065 seconds
[2025-07-24T02:29:44.003+0000] {processor.py:161} INFO - Started process (PID=1427) to work on /opt/airflow/dags/main_pipeline.py
[2025-07-24T02:29:44.004+0000] {processor.py:830} INFO - Processing file /opt/airflow/dags/main_pipeline.py for tasks to queue
[2025-07-24T02:29:44.005+0000] {logging_mixin.py:188} INFO - [2025-07-24T02:29:44.004+0000] {dagbag.py:538} INFO - Filling up the DagBag from /opt/airflow/dags/main_pipeline.py
[2025-07-24T02:29:44.025+0000] {processor.py:840} INFO - DAG(s) 'main_etl_pipeline' retrieved from /opt/airflow/dags/main_pipeline.py
[2025-07-24T02:29:44.045+0000] {logging_mixin.py:188} INFO - [2025-07-24T02:29:44.045+0000] {dag.py:3036} INFO - Sync 1 DAGs
[2025-07-24T02:29:44.054+0000] {logging_mixin.py:188} INFO - [2025-07-24T02:29:44.054+0000] {dag.py:3823} INFO - Setting next_dagrun for main_etl_pipeline to None, run_after=None
[2025-07-24T02:29:44.066+0000] {processor.py:183} INFO - Processing /opt/airflow/dags/main_pipeline.py took 0.067 seconds
[2025-07-24T02:30:14.526+0000] {processor.py:161} INFO - Started process (PID=1465) to work on /opt/airflow/dags/main_pipeline.py
[2025-07-24T02:30:14.527+0000] {processor.py:830} INFO - Processing file /opt/airflow/dags/main_pipeline.py for tasks to queue
[2025-07-24T02:30:14.527+0000] {logging_mixin.py:188} INFO - [2025-07-24T02:30:14.527+0000] {dagbag.py:538} INFO - Filling up the DagBag from /opt/airflow/dags/main_pipeline.py
[2025-07-24T02:30:14.548+0000] {processor.py:840} INFO - DAG(s) 'main_etl_pipeline' retrieved from /opt/airflow/dags/main_pipeline.py
[2025-07-24T02:30:14.569+0000] {logging_mixin.py:188} INFO - [2025-07-24T02:30:14.568+0000] {dag.py:3036} INFO - Sync 1 DAGs
[2025-07-24T02:30:14.577+0000] {logging_mixin.py:188} INFO - [2025-07-24T02:30:14.577+0000] {dag.py:3823} INFO - Setting next_dagrun for main_etl_pipeline to None, run_after=None
[2025-07-24T02:30:14.589+0000] {processor.py:183} INFO - Processing /opt/airflow/dags/main_pipeline.py took 0.066 seconds
[2025-07-24T02:30:44.978+0000] {processor.py:161} INFO - Started process (PID=1503) to work on /opt/airflow/dags/main_pipeline.py
[2025-07-24T02:30:44.979+0000] {processor.py:830} INFO - Processing file /opt/airflow/dags/main_pipeline.py for tasks to queue
[2025-07-24T02:30:44.980+0000] {logging_mixin.py:188} INFO - [2025-07-24T02:30:44.979+0000] {dagbag.py:538} INFO - Filling up the DagBag from /opt/airflow/dags/main_pipeline.py
[2025-07-24T02:30:44.997+0000] {processor.py:840} INFO - DAG(s) 'main_etl_pipeline' retrieved from /opt/airflow/dags/main_pipeline.py
[2025-07-24T02:30:45.016+0000] {logging_mixin.py:188} INFO - [2025-07-24T02:30:45.016+0000] {dag.py:3036} INFO - Sync 1 DAGs
[2025-07-24T02:30:45.024+0000] {logging_mixin.py:188} INFO - [2025-07-24T02:30:45.024+0000] {dag.py:3823} INFO - Setting next_dagrun for main_etl_pipeline to None, run_after=None
[2025-07-24T02:30:45.036+0000] {processor.py:183} INFO - Processing /opt/airflow/dags/main_pipeline.py took 0.061 seconds
[2025-07-24T02:31:15.473+0000] {processor.py:161} INFO - Started process (PID=1541) to work on /opt/airflow/dags/main_pipeline.py
[2025-07-24T02:31:15.473+0000] {processor.py:830} INFO - Processing file /opt/airflow/dags/main_pipeline.py for tasks to queue
[2025-07-24T02:31:15.474+0000] {logging_mixin.py:188} INFO - [2025-07-24T02:31:15.474+0000] {dagbag.py:538} INFO - Filling up the DagBag from /opt/airflow/dags/main_pipeline.py
[2025-07-24T02:31:15.497+0000] {processor.py:840} INFO - DAG(s) 'main_etl_pipeline' retrieved from /opt/airflow/dags/main_pipeline.py
[2025-07-24T02:31:15.518+0000] {logging_mixin.py:188} INFO - [2025-07-24T02:31:15.518+0000] {dag.py:3036} INFO - Sync 1 DAGs
[2025-07-24T02:31:15.527+0000] {logging_mixin.py:188} INFO - [2025-07-24T02:31:15.527+0000] {dag.py:3823} INFO - Setting next_dagrun for main_etl_pipeline to None, run_after=None
[2025-07-24T02:31:15.540+0000] {processor.py:183} INFO - Processing /opt/airflow/dags/main_pipeline.py took 0.070 seconds
[2025-07-24T02:31:45.952+0000] {processor.py:161} INFO - Started process (PID=1579) to work on /opt/airflow/dags/main_pipeline.py
[2025-07-24T02:31:45.953+0000] {processor.py:830} INFO - Processing file /opt/airflow/dags/main_pipeline.py for tasks to queue
[2025-07-24T02:31:45.953+0000] {logging_mixin.py:188} INFO - [2025-07-24T02:31:45.953+0000] {dagbag.py:538} INFO - Filling up the DagBag from /opt/airflow/dags/main_pipeline.py
[2025-07-24T02:31:45.972+0000] {processor.py:840} INFO - DAG(s) 'main_etl_pipeline' retrieved from /opt/airflow/dags/main_pipeline.py
[2025-07-24T02:31:45.992+0000] {logging_mixin.py:188} INFO - [2025-07-24T02:31:45.992+0000] {dag.py:3036} INFO - Sync 1 DAGs
[2025-07-24T02:31:46.002+0000] {logging_mixin.py:188} INFO - [2025-07-24T02:31:46.002+0000] {dag.py:3823} INFO - Setting next_dagrun for main_etl_pipeline to None, run_after=None
[2025-07-24T02:31:46.015+0000] {processor.py:183} INFO - Processing /opt/airflow/dags/main_pipeline.py took 0.066 seconds
[2025-07-24T02:32:16.480+0000] {processor.py:161} INFO - Started process (PID=1617) to work on /opt/airflow/dags/main_pipeline.py
[2025-07-24T02:32:16.481+0000] {processor.py:830} INFO - Processing file /opt/airflow/dags/main_pipeline.py for tasks to queue
[2025-07-24T02:32:16.481+0000] {logging_mixin.py:188} INFO - [2025-07-24T02:32:16.481+0000] {dagbag.py:538} INFO - Filling up the DagBag from /opt/airflow/dags/main_pipeline.py
[2025-07-24T02:32:16.502+0000] {processor.py:840} INFO - DAG(s) 'main_etl_pipeline' retrieved from /opt/airflow/dags/main_pipeline.py
[2025-07-24T02:32:16.522+0000] {logging_mixin.py:188} INFO - [2025-07-24T02:32:16.522+0000] {dag.py:3036} INFO - Sync 1 DAGs
[2025-07-24T02:32:16.533+0000] {logging_mixin.py:188} INFO - [2025-07-24T02:32:16.533+0000] {dag.py:3823} INFO - Setting next_dagrun for main_etl_pipeline to None, run_after=None
[2025-07-24T02:32:16.546+0000] {processor.py:183} INFO - Processing /opt/airflow/dags/main_pipeline.py took 0.069 seconds
[2025-07-24T02:32:46.957+0000] {processor.py:161} INFO - Started process (PID=1655) to work on /opt/airflow/dags/main_pipeline.py
[2025-07-24T02:32:46.957+0000] {processor.py:830} INFO - Processing file /opt/airflow/dags/main_pipeline.py for tasks to queue
[2025-07-24T02:32:46.958+0000] {logging_mixin.py:188} INFO - [2025-07-24T02:32:46.958+0000] {dagbag.py:538} INFO - Filling up the DagBag from /opt/airflow/dags/main_pipeline.py
[2025-07-24T02:32:46.979+0000] {processor.py:840} INFO - DAG(s) 'main_etl_pipeline' retrieved from /opt/airflow/dags/main_pipeline.py
[2025-07-24T02:32:47.000+0000] {logging_mixin.py:188} INFO - [2025-07-24T02:32:47.000+0000] {dag.py:3036} INFO - Sync 1 DAGs
[2025-07-24T02:32:47.009+0000] {logging_mixin.py:188} INFO - [2025-07-24T02:32:47.009+0000] {dag.py:3823} INFO - Setting next_dagrun for main_etl_pipeline to None, run_after=None
[2025-07-24T02:32:47.022+0000] {processor.py:183} INFO - Processing /opt/airflow/dags/main_pipeline.py took 0.068 seconds
[2025-07-24T02:33:17.441+0000] {processor.py:161} INFO - Started process (PID=1693) to work on /opt/airflow/dags/main_pipeline.py
[2025-07-24T02:33:17.442+0000] {processor.py:830} INFO - Processing file /opt/airflow/dags/main_pipeline.py for tasks to queue
[2025-07-24T02:33:17.442+0000] {logging_mixin.py:188} INFO - [2025-07-24T02:33:17.442+0000] {dagbag.py:538} INFO - Filling up the DagBag from /opt/airflow/dags/main_pipeline.py
[2025-07-24T02:33:17.460+0000] {processor.py:840} INFO - DAG(s) 'main_etl_pipeline' retrieved from /opt/airflow/dags/main_pipeline.py
[2025-07-24T02:33:17.479+0000] {logging_mixin.py:188} INFO - [2025-07-24T02:33:17.479+0000] {dag.py:3036} INFO - Sync 1 DAGs
[2025-07-24T02:33:17.488+0000] {logging_mixin.py:188} INFO - [2025-07-24T02:33:17.487+0000] {dag.py:3823} INFO - Setting next_dagrun for main_etl_pipeline to None, run_after=None
[2025-07-24T02:33:17.500+0000] {processor.py:183} INFO - Processing /opt/airflow/dags/main_pipeline.py took 0.061 seconds
[2025-07-24T02:33:47.993+0000] {processor.py:161} INFO - Started process (PID=1731) to work on /opt/airflow/dags/main_pipeline.py
[2025-07-24T02:33:47.994+0000] {processor.py:830} INFO - Processing file /opt/airflow/dags/main_pipeline.py for tasks to queue
[2025-07-24T02:33:47.994+0000] {logging_mixin.py:188} INFO - [2025-07-24T02:33:47.994+0000] {dagbag.py:538} INFO - Filling up the DagBag from /opt/airflow/dags/main_pipeline.py
[2025-07-24T02:33:48.013+0000] {processor.py:840} INFO - DAG(s) 'main_etl_pipeline' retrieved from /opt/airflow/dags/main_pipeline.py
[2025-07-24T02:33:48.033+0000] {logging_mixin.py:188} INFO - [2025-07-24T02:33:48.033+0000] {dag.py:3036} INFO - Sync 1 DAGs
[2025-07-24T02:33:48.041+0000] {logging_mixin.py:188} INFO - [2025-07-24T02:33:48.041+0000] {dag.py:3823} INFO - Setting next_dagrun for main_etl_pipeline to None, run_after=None
[2025-07-24T02:33:48.054+0000] {processor.py:183} INFO - Processing /opt/airflow/dags/main_pipeline.py took 0.064 seconds
[2025-07-24T02:34:18.505+0000] {processor.py:161} INFO - Started process (PID=1769) to work on /opt/airflow/dags/main_pipeline.py
[2025-07-24T02:34:18.506+0000] {processor.py:830} INFO - Processing file /opt/airflow/dags/main_pipeline.py for tasks to queue
[2025-07-24T02:34:18.507+0000] {logging_mixin.py:188} INFO - [2025-07-24T02:34:18.507+0000] {dagbag.py:538} INFO - Filling up the DagBag from /opt/airflow/dags/main_pipeline.py
[2025-07-24T02:34:18.526+0000] {processor.py:840} INFO - DAG(s) 'main_etl_pipeline' retrieved from /opt/airflow/dags/main_pipeline.py
[2025-07-24T02:34:18.547+0000] {logging_mixin.py:188} INFO - [2025-07-24T02:34:18.547+0000] {dag.py:3036} INFO - Sync 1 DAGs
[2025-07-24T02:34:18.556+0000] {logging_mixin.py:188} INFO - [2025-07-24T02:34:18.556+0000] {dag.py:3823} INFO - Setting next_dagrun for main_etl_pipeline to None, run_after=None
[2025-07-24T02:34:18.568+0000] {processor.py:183} INFO - Processing /opt/airflow/dags/main_pipeline.py took 0.066 seconds
[2025-07-24T02:34:48.993+0000] {processor.py:161} INFO - Started process (PID=1807) to work on /opt/airflow/dags/main_pipeline.py
[2025-07-24T02:34:48.994+0000] {processor.py:830} INFO - Processing file /opt/airflow/dags/main_pipeline.py for tasks to queue
[2025-07-24T02:34:48.995+0000] {logging_mixin.py:188} INFO - [2025-07-24T02:34:48.994+0000] {dagbag.py:538} INFO - Filling up the DagBag from /opt/airflow/dags/main_pipeline.py
[2025-07-24T02:34:49.016+0000] {processor.py:840} INFO - DAG(s) 'main_etl_pipeline' retrieved from /opt/airflow/dags/main_pipeline.py
[2025-07-24T02:34:49.039+0000] {logging_mixin.py:188} INFO - [2025-07-24T02:34:49.038+0000] {dag.py:3036} INFO - Sync 1 DAGs
[2025-07-24T02:34:49.048+0000] {logging_mixin.py:188} INFO - [2025-07-24T02:34:49.048+0000] {dag.py:3823} INFO - Setting next_dagrun for main_etl_pipeline to None, run_after=None
[2025-07-24T02:34:49.064+0000] {processor.py:183} INFO - Processing /opt/airflow/dags/main_pipeline.py took 0.074 seconds
[2025-07-24T02:35:19.356+0000] {processor.py:161} INFO - Started process (PID=1843) to work on /opt/airflow/dags/main_pipeline.py
[2025-07-24T02:35:19.357+0000] {processor.py:830} INFO - Processing file /opt/airflow/dags/main_pipeline.py for tasks to queue
[2025-07-24T02:35:19.358+0000] {logging_mixin.py:188} INFO - [2025-07-24T02:35:19.357+0000] {dagbag.py:538} INFO - Filling up the DagBag from /opt/airflow/dags/main_pipeline.py
[2025-07-24T02:35:19.377+0000] {processor.py:840} INFO - DAG(s) 'main_etl_pipeline' retrieved from /opt/airflow/dags/main_pipeline.py
[2025-07-24T02:35:19.398+0000] {logging_mixin.py:188} INFO - [2025-07-24T02:35:19.398+0000] {dag.py:3036} INFO - Sync 1 DAGs
[2025-07-24T02:35:19.406+0000] {logging_mixin.py:188} INFO - [2025-07-24T02:35:19.406+0000] {dag.py:3823} INFO - Setting next_dagrun for main_etl_pipeline to None, run_after=None
[2025-07-24T02:35:19.418+0000] {processor.py:183} INFO - Processing /opt/airflow/dags/main_pipeline.py took 0.065 seconds
[2025-07-24T02:35:49.884+0000] {processor.py:161} INFO - Started process (PID=1883) to work on /opt/airflow/dags/main_pipeline.py
[2025-07-24T02:35:49.885+0000] {processor.py:830} INFO - Processing file /opt/airflow/dags/main_pipeline.py for tasks to queue
[2025-07-24T02:35:49.886+0000] {logging_mixin.py:188} INFO - [2025-07-24T02:35:49.886+0000] {dagbag.py:538} INFO - Filling up the DagBag from /opt/airflow/dags/main_pipeline.py
[2025-07-24T02:35:49.904+0000] {processor.py:840} INFO - DAG(s) 'main_etl_pipeline' retrieved from /opt/airflow/dags/main_pipeline.py
[2025-07-24T02:35:49.922+0000] {logging_mixin.py:188} INFO - [2025-07-24T02:35:49.922+0000] {dag.py:3036} INFO - Sync 1 DAGs
[2025-07-24T02:35:49.930+0000] {logging_mixin.py:188} INFO - [2025-07-24T02:35:49.930+0000] {dag.py:3823} INFO - Setting next_dagrun for main_etl_pipeline to None, run_after=None
[2025-07-24T02:35:49.942+0000] {processor.py:183} INFO - Processing /opt/airflow/dags/main_pipeline.py took 0.060 seconds
[2025-07-24T02:36:20.376+0000] {processor.py:161} INFO - Started process (PID=1928) to work on /opt/airflow/dags/main_pipeline.py
[2025-07-24T02:36:20.377+0000] {processor.py:830} INFO - Processing file /opt/airflow/dags/main_pipeline.py for tasks to queue
[2025-07-24T02:36:20.378+0000] {logging_mixin.py:188} INFO - [2025-07-24T02:36:20.377+0000] {dagbag.py:538} INFO - Filling up the DagBag from /opt/airflow/dags/main_pipeline.py
[2025-07-24T02:36:20.397+0000] {processor.py:840} INFO - DAG(s) 'main_etl_pipeline' retrieved from /opt/airflow/dags/main_pipeline.py
[2025-07-24T02:36:20.419+0000] {logging_mixin.py:188} INFO - [2025-07-24T02:36:20.419+0000] {dag.py:3036} INFO - Sync 1 DAGs
[2025-07-24T02:36:20.428+0000] {logging_mixin.py:188} INFO - [2025-07-24T02:36:20.428+0000] {dag.py:3823} INFO - Setting next_dagrun for main_etl_pipeline to None, run_after=None
[2025-07-24T02:36:20.440+0000] {processor.py:183} INFO - Processing /opt/airflow/dags/main_pipeline.py took 0.067 seconds
[2025-07-24T02:36:50.907+0000] {processor.py:161} INFO - Started process (PID=1966) to work on /opt/airflow/dags/main_pipeline.py
[2025-07-24T02:36:50.908+0000] {processor.py:830} INFO - Processing file /opt/airflow/dags/main_pipeline.py for tasks to queue
[2025-07-24T02:36:50.909+0000] {logging_mixin.py:188} INFO - [2025-07-24T02:36:50.908+0000] {dagbag.py:538} INFO - Filling up the DagBag from /opt/airflow/dags/main_pipeline.py
[2025-07-24T02:36:50.930+0000] {processor.py:840} INFO - DAG(s) 'main_etl_pipeline' retrieved from /opt/airflow/dags/main_pipeline.py
[2025-07-24T02:36:50.951+0000] {logging_mixin.py:188} INFO - [2025-07-24T02:36:50.951+0000] {dag.py:3036} INFO - Sync 1 DAGs
[2025-07-24T02:36:50.960+0000] {logging_mixin.py:188} INFO - [2025-07-24T02:36:50.960+0000] {dag.py:3823} INFO - Setting next_dagrun for main_etl_pipeline to None, run_after=None
[2025-07-24T02:36:50.976+0000] {processor.py:183} INFO - Processing /opt/airflow/dags/main_pipeline.py took 0.072 seconds
[2025-07-24T02:37:21.360+0000] {processor.py:161} INFO - Started process (PID=2004) to work on /opt/airflow/dags/main_pipeline.py
[2025-07-24T02:37:21.361+0000] {processor.py:830} INFO - Processing file /opt/airflow/dags/main_pipeline.py for tasks to queue
[2025-07-24T02:37:21.361+0000] {logging_mixin.py:188} INFO - [2025-07-24T02:37:21.361+0000] {dagbag.py:538} INFO - Filling up the DagBag from /opt/airflow/dags/main_pipeline.py
[2025-07-24T02:37:21.379+0000] {processor.py:840} INFO - DAG(s) 'main_etl_pipeline' retrieved from /opt/airflow/dags/main_pipeline.py
[2025-07-24T02:37:21.398+0000] {logging_mixin.py:188} INFO - [2025-07-24T02:37:21.397+0000] {dag.py:3036} INFO - Sync 1 DAGs
[2025-07-24T02:37:21.406+0000] {logging_mixin.py:188} INFO - [2025-07-24T02:37:21.405+0000] {dag.py:3823} INFO - Setting next_dagrun for main_etl_pipeline to None, run_after=None
[2025-07-24T02:37:21.418+0000] {processor.py:183} INFO - Processing /opt/airflow/dags/main_pipeline.py took 0.061 seconds
[2025-07-24T02:37:51.822+0000] {processor.py:161} INFO - Started process (PID=2042) to work on /opt/airflow/dags/main_pipeline.py
[2025-07-24T02:37:51.823+0000] {processor.py:830} INFO - Processing file /opt/airflow/dags/main_pipeline.py for tasks to queue
[2025-07-24T02:37:51.824+0000] {logging_mixin.py:188} INFO - [2025-07-24T02:37:51.824+0000] {dagbag.py:538} INFO - Filling up the DagBag from /opt/airflow/dags/main_pipeline.py
[2025-07-24T02:37:51.842+0000] {processor.py:840} INFO - DAG(s) 'main_etl_pipeline' retrieved from /opt/airflow/dags/main_pipeline.py
[2025-07-24T02:37:51.861+0000] {logging_mixin.py:188} INFO - [2025-07-24T02:37:51.861+0000] {dag.py:3036} INFO - Sync 1 DAGs
[2025-07-24T02:37:51.870+0000] {logging_mixin.py:188} INFO - [2025-07-24T02:37:51.870+0000] {dag.py:3823} INFO - Setting next_dagrun for main_etl_pipeline to None, run_after=None
[2025-07-24T02:37:51.883+0000] {processor.py:183} INFO - Processing /opt/airflow/dags/main_pipeline.py took 0.064 seconds
[2025-07-24T02:38:22.298+0000] {processor.py:161} INFO - Started process (PID=2080) to work on /opt/airflow/dags/main_pipeline.py
[2025-07-24T02:38:22.299+0000] {processor.py:830} INFO - Processing file /opt/airflow/dags/main_pipeline.py for tasks to queue
[2025-07-24T02:38:22.300+0000] {logging_mixin.py:188} INFO - [2025-07-24T02:38:22.300+0000] {dagbag.py:538} INFO - Filling up the DagBag from /opt/airflow/dags/main_pipeline.py
[2025-07-24T02:38:22.319+0000] {processor.py:840} INFO - DAG(s) 'main_etl_pipeline' retrieved from /opt/airflow/dags/main_pipeline.py
[2025-07-24T02:38:22.339+0000] {logging_mixin.py:188} INFO - [2025-07-24T02:38:22.339+0000] {dag.py:3036} INFO - Sync 1 DAGs
[2025-07-24T02:38:22.347+0000] {logging_mixin.py:188} INFO - [2025-07-24T02:38:22.347+0000] {dag.py:3823} INFO - Setting next_dagrun for main_etl_pipeline to None, run_after=None
[2025-07-24T02:38:22.359+0000] {processor.py:183} INFO - Processing /opt/airflow/dags/main_pipeline.py took 0.064 seconds
[2025-07-24T02:38:52.717+0000] {processor.py:161} INFO - Started process (PID=2116) to work on /opt/airflow/dags/main_pipeline.py
[2025-07-24T02:38:52.718+0000] {processor.py:830} INFO - Processing file /opt/airflow/dags/main_pipeline.py for tasks to queue
[2025-07-24T02:38:52.719+0000] {logging_mixin.py:188} INFO - [2025-07-24T02:38:52.718+0000] {dagbag.py:538} INFO - Filling up the DagBag from /opt/airflow/dags/main_pipeline.py
[2025-07-24T02:38:52.739+0000] {processor.py:840} INFO - DAG(s) 'main_etl_pipeline' retrieved from /opt/airflow/dags/main_pipeline.py
[2025-07-24T02:38:52.760+0000] {logging_mixin.py:188} INFO - [2025-07-24T02:38:52.759+0000] {dag.py:3036} INFO - Sync 1 DAGs
[2025-07-24T02:38:52.768+0000] {logging_mixin.py:188} INFO - [2025-07-24T02:38:52.768+0000] {dag.py:3823} INFO - Setting next_dagrun for main_etl_pipeline to None, run_after=None
[2025-07-24T02:38:52.781+0000] {processor.py:183} INFO - Processing /opt/airflow/dags/main_pipeline.py took 0.067 seconds
[2025-07-24T02:39:23.257+0000] {processor.py:161} INFO - Started process (PID=2161) to work on /opt/airflow/dags/main_pipeline.py
[2025-07-24T02:39:23.257+0000] {processor.py:830} INFO - Processing file /opt/airflow/dags/main_pipeline.py for tasks to queue
[2025-07-24T02:39:23.258+0000] {logging_mixin.py:188} INFO - [2025-07-24T02:39:23.258+0000] {dagbag.py:538} INFO - Filling up the DagBag from /opt/airflow/dags/main_pipeline.py
[2025-07-24T02:39:23.276+0000] {processor.py:840} INFO - DAG(s) 'main_etl_pipeline' retrieved from /opt/airflow/dags/main_pipeline.py
[2025-07-24T02:39:23.294+0000] {logging_mixin.py:188} INFO - [2025-07-24T02:39:23.294+0000] {dag.py:3036} INFO - Sync 1 DAGs
[2025-07-24T02:39:23.303+0000] {logging_mixin.py:188} INFO - [2025-07-24T02:39:23.302+0000] {dag.py:3823} INFO - Setting next_dagrun for main_etl_pipeline to None, run_after=None
[2025-07-24T02:39:23.314+0000] {processor.py:183} INFO - Processing /opt/airflow/dags/main_pipeline.py took 0.060 seconds
[2025-07-24T02:39:53.699+0000] {processor.py:161} INFO - Started process (PID=2199) to work on /opt/airflow/dags/main_pipeline.py
[2025-07-24T02:39:53.700+0000] {processor.py:830} INFO - Processing file /opt/airflow/dags/main_pipeline.py for tasks to queue
[2025-07-24T02:39:53.700+0000] {logging_mixin.py:188} INFO - [2025-07-24T02:39:53.700+0000] {dagbag.py:538} INFO - Filling up the DagBag from /opt/airflow/dags/main_pipeline.py
[2025-07-24T02:39:53.718+0000] {processor.py:840} INFO - DAG(s) 'main_etl_pipeline' retrieved from /opt/airflow/dags/main_pipeline.py
[2025-07-24T02:39:53.737+0000] {logging_mixin.py:188} INFO - [2025-07-24T02:39:53.737+0000] {dag.py:3036} INFO - Sync 1 DAGs
[2025-07-24T02:39:53.746+0000] {logging_mixin.py:188} INFO - [2025-07-24T02:39:53.746+0000] {dag.py:3823} INFO - Setting next_dagrun for main_etl_pipeline to None, run_after=None
[2025-07-24T02:39:53.758+0000] {processor.py:183} INFO - Processing /opt/airflow/dags/main_pipeline.py took 0.062 seconds
[2025-07-24T02:40:24.148+0000] {processor.py:161} INFO - Started process (PID=2237) to work on /opt/airflow/dags/main_pipeline.py
[2025-07-24T02:40:24.149+0000] {processor.py:830} INFO - Processing file /opt/airflow/dags/main_pipeline.py for tasks to queue
[2025-07-24T02:40:24.149+0000] {logging_mixin.py:188} INFO - [2025-07-24T02:40:24.149+0000] {dagbag.py:538} INFO - Filling up the DagBag from /opt/airflow/dags/main_pipeline.py
[2025-07-24T02:40:24.167+0000] {processor.py:840} INFO - DAG(s) 'main_etl_pipeline' retrieved from /opt/airflow/dags/main_pipeline.py
[2025-07-24T02:40:24.185+0000] {logging_mixin.py:188} INFO - [2025-07-24T02:40:24.185+0000] {dag.py:3036} INFO - Sync 1 DAGs
[2025-07-24T02:40:24.194+0000] {logging_mixin.py:188} INFO - [2025-07-24T02:40:24.194+0000] {dag.py:3823} INFO - Setting next_dagrun for main_etl_pipeline to None, run_after=None
[2025-07-24T02:40:24.205+0000] {processor.py:183} INFO - Processing /opt/airflow/dags/main_pipeline.py took 0.060 seconds
[2025-07-24T02:40:54.595+0000] {processor.py:161} INFO - Started process (PID=2275) to work on /opt/airflow/dags/main_pipeline.py
[2025-07-24T02:40:54.596+0000] {processor.py:830} INFO - Processing file /opt/airflow/dags/main_pipeline.py for tasks to queue
[2025-07-24T02:40:54.597+0000] {logging_mixin.py:188} INFO - [2025-07-24T02:40:54.596+0000] {dagbag.py:538} INFO - Filling up the DagBag from /opt/airflow/dags/main_pipeline.py
[2025-07-24T02:40:54.615+0000] {processor.py:840} INFO - DAG(s) 'main_etl_pipeline' retrieved from /opt/airflow/dags/main_pipeline.py
[2025-07-24T02:40:54.635+0000] {logging_mixin.py:188} INFO - [2025-07-24T02:40:54.635+0000] {dag.py:3036} INFO - Sync 1 DAGs
[2025-07-24T02:40:54.644+0000] {logging_mixin.py:188} INFO - [2025-07-24T02:40:54.644+0000] {dag.py:3823} INFO - Setting next_dagrun for main_etl_pipeline to None, run_after=None
[2025-07-24T02:40:54.656+0000] {processor.py:183} INFO - Processing /opt/airflow/dags/main_pipeline.py took 0.063 seconds
[2025-07-24T02:41:24.921+0000] {processor.py:161} INFO - Started process (PID=2311) to work on /opt/airflow/dags/main_pipeline.py
[2025-07-24T02:41:24.921+0000] {processor.py:830} INFO - Processing file /opt/airflow/dags/main_pipeline.py for tasks to queue
[2025-07-24T02:41:24.922+0000] {logging_mixin.py:188} INFO - [2025-07-24T02:41:24.922+0000] {dagbag.py:538} INFO - Filling up the DagBag from /opt/airflow/dags/main_pipeline.py
[2025-07-24T02:41:24.942+0000] {processor.py:840} INFO - DAG(s) 'main_etl_pipeline' retrieved from /opt/airflow/dags/main_pipeline.py
[2025-07-24T02:41:24.961+0000] {logging_mixin.py:188} INFO - [2025-07-24T02:41:24.961+0000] {dag.py:3036} INFO - Sync 1 DAGs
[2025-07-24T02:41:24.969+0000] {logging_mixin.py:188} INFO - [2025-07-24T02:41:24.969+0000] {dag.py:3823} INFO - Setting next_dagrun for main_etl_pipeline to None, run_after=None
[2025-07-24T02:41:24.981+0000] {processor.py:183} INFO - Processing /opt/airflow/dags/main_pipeline.py took 0.063 seconds
[2025-07-24T02:41:55.342+0000] {processor.py:161} INFO - Started process (PID=2349) to work on /opt/airflow/dags/main_pipeline.py
[2025-07-24T02:41:55.342+0000] {processor.py:830} INFO - Processing file /opt/airflow/dags/main_pipeline.py for tasks to queue
[2025-07-24T02:41:55.343+0000] {logging_mixin.py:188} INFO - [2025-07-24T02:41:55.343+0000] {dagbag.py:538} INFO - Filling up the DagBag from /opt/airflow/dags/main_pipeline.py
[2025-07-24T02:41:55.363+0000] {processor.py:840} INFO - DAG(s) 'main_etl_pipeline' retrieved from /opt/airflow/dags/main_pipeline.py
[2025-07-24T02:41:55.383+0000] {logging_mixin.py:188} INFO - [2025-07-24T02:41:55.383+0000] {dag.py:3036} INFO - Sync 1 DAGs
[2025-07-24T02:41:55.391+0000] {logging_mixin.py:188} INFO - [2025-07-24T02:41:55.391+0000] {dag.py:3823} INFO - Setting next_dagrun for main_etl_pipeline to None, run_after=None
[2025-07-24T02:41:55.404+0000] {processor.py:183} INFO - Processing /opt/airflow/dags/main_pipeline.py took 0.066 seconds
[2025-07-24T02:42:25.779+0000] {processor.py:161} INFO - Started process (PID=2387) to work on /opt/airflow/dags/main_pipeline.py
[2025-07-24T02:42:25.780+0000] {processor.py:830} INFO - Processing file /opt/airflow/dags/main_pipeline.py for tasks to queue
[2025-07-24T02:42:25.780+0000] {logging_mixin.py:188} INFO - [2025-07-24T02:42:25.780+0000] {dagbag.py:538} INFO - Filling up the DagBag from /opt/airflow/dags/main_pipeline.py
[2025-07-24T02:42:25.799+0000] {processor.py:840} INFO - DAG(s) 'main_etl_pipeline' retrieved from /opt/airflow/dags/main_pipeline.py
[2025-07-24T02:42:25.818+0000] {logging_mixin.py:188} INFO - [2025-07-24T02:42:25.818+0000] {dag.py:3036} INFO - Sync 1 DAGs
[2025-07-24T02:42:25.826+0000] {logging_mixin.py:188} INFO - [2025-07-24T02:42:25.826+0000] {dag.py:3823} INFO - Setting next_dagrun for main_etl_pipeline to None, run_after=None
[2025-07-24T02:42:25.838+0000] {processor.py:183} INFO - Processing /opt/airflow/dags/main_pipeline.py took 0.062 seconds
[2025-07-24T02:42:56.332+0000] {processor.py:161} INFO - Started process (PID=2442) to work on /opt/airflow/dags/main_pipeline.py
[2025-07-24T02:42:56.333+0000] {processor.py:830} INFO - Processing file /opt/airflow/dags/main_pipeline.py for tasks to queue
[2025-07-24T02:42:56.334+0000] {logging_mixin.py:188} INFO - [2025-07-24T02:42:56.333+0000] {dagbag.py:538} INFO - Filling up the DagBag from /opt/airflow/dags/main_pipeline.py
[2025-07-24T02:42:56.352+0000] {processor.py:840} INFO - DAG(s) 'main_etl_pipeline' retrieved from /opt/airflow/dags/main_pipeline.py
[2025-07-24T02:42:56.371+0000] {logging_mixin.py:188} INFO - [2025-07-24T02:42:56.371+0000] {dag.py:3036} INFO - Sync 1 DAGs
[2025-07-24T02:42:56.379+0000] {logging_mixin.py:188} INFO - [2025-07-24T02:42:56.379+0000] {dag.py:3823} INFO - Setting next_dagrun for main_etl_pipeline to None, run_after=None
[2025-07-24T02:42:56.392+0000] {processor.py:183} INFO - Processing /opt/airflow/dags/main_pipeline.py took 0.062 seconds
[2025-07-24T02:43:26.825+0000] {processor.py:161} INFO - Started process (PID=2480) to work on /opt/airflow/dags/main_pipeline.py
[2025-07-24T02:43:26.825+0000] {processor.py:830} INFO - Processing file /opt/airflow/dags/main_pipeline.py for tasks to queue
[2025-07-24T02:43:26.826+0000] {logging_mixin.py:188} INFO - [2025-07-24T02:43:26.826+0000] {dagbag.py:538} INFO - Filling up the DagBag from /opt/airflow/dags/main_pipeline.py
[2025-07-24T02:43:26.844+0000] {processor.py:840} INFO - DAG(s) 'main_etl_pipeline' retrieved from /opt/airflow/dags/main_pipeline.py
[2025-07-24T02:43:26.863+0000] {logging_mixin.py:188} INFO - [2025-07-24T02:43:26.863+0000] {dag.py:3036} INFO - Sync 1 DAGs
[2025-07-24T02:43:26.872+0000] {logging_mixin.py:188} INFO - [2025-07-24T02:43:26.872+0000] {dag.py:3823} INFO - Setting next_dagrun for main_etl_pipeline to None, run_after=None
[2025-07-24T02:43:26.884+0000] {processor.py:183} INFO - Processing /opt/airflow/dags/main_pipeline.py took 0.062 seconds
[2025-07-24T02:43:57.347+0000] {processor.py:161} INFO - Started process (PID=2518) to work on /opt/airflow/dags/main_pipeline.py
[2025-07-24T02:43:57.348+0000] {processor.py:830} INFO - Processing file /opt/airflow/dags/main_pipeline.py for tasks to queue
[2025-07-24T02:43:57.348+0000] {logging_mixin.py:188} INFO - [2025-07-24T02:43:57.348+0000] {dagbag.py:538} INFO - Filling up the DagBag from /opt/airflow/dags/main_pipeline.py
[2025-07-24T02:43:57.366+0000] {processor.py:840} INFO - DAG(s) 'main_etl_pipeline' retrieved from /opt/airflow/dags/main_pipeline.py
[2025-07-24T02:43:57.385+0000] {logging_mixin.py:188} INFO - [2025-07-24T02:43:57.385+0000] {dag.py:3036} INFO - Sync 1 DAGs
[2025-07-24T02:43:57.393+0000] {logging_mixin.py:188} INFO - [2025-07-24T02:43:57.393+0000] {dag.py:3823} INFO - Setting next_dagrun for main_etl_pipeline to None, run_after=None
[2025-07-24T02:43:57.405+0000] {processor.py:183} INFO - Processing /opt/airflow/dags/main_pipeline.py took 0.061 seconds
[2025-07-24T02:44:27.856+0000] {processor.py:161} INFO - Started process (PID=2556) to work on /opt/airflow/dags/main_pipeline.py
[2025-07-24T02:44:27.856+0000] {processor.py:830} INFO - Processing file /opt/airflow/dags/main_pipeline.py for tasks to queue
[2025-07-24T02:44:27.857+0000] {logging_mixin.py:188} INFO - [2025-07-24T02:44:27.857+0000] {dagbag.py:538} INFO - Filling up the DagBag from /opt/airflow/dags/main_pipeline.py
[2025-07-24T02:44:27.875+0000] {processor.py:840} INFO - DAG(s) 'main_etl_pipeline' retrieved from /opt/airflow/dags/main_pipeline.py
[2025-07-24T02:44:27.895+0000] {logging_mixin.py:188} INFO - [2025-07-24T02:44:27.895+0000] {dag.py:3036} INFO - Sync 1 DAGs
[2025-07-24T02:44:27.904+0000] {logging_mixin.py:188} INFO - [2025-07-24T02:44:27.904+0000] {dag.py:3823} INFO - Setting next_dagrun for main_etl_pipeline to None, run_after=None
[2025-07-24T02:44:27.916+0000] {processor.py:183} INFO - Processing /opt/airflow/dags/main_pipeline.py took 0.064 seconds
[2025-07-24T02:44:58.318+0000] {processor.py:161} INFO - Started process (PID=2594) to work on /opt/airflow/dags/main_pipeline.py
[2025-07-24T02:44:58.319+0000] {processor.py:830} INFO - Processing file /opt/airflow/dags/main_pipeline.py for tasks to queue
[2025-07-24T02:44:58.320+0000] {logging_mixin.py:188} INFO - [2025-07-24T02:44:58.319+0000] {dagbag.py:538} INFO - Filling up the DagBag from /opt/airflow/dags/main_pipeline.py
[2025-07-24T02:44:58.338+0000] {processor.py:840} INFO - DAG(s) 'main_etl_pipeline' retrieved from /opt/airflow/dags/main_pipeline.py
[2025-07-24T02:44:58.357+0000] {logging_mixin.py:188} INFO - [2025-07-24T02:44:58.357+0000] {dag.py:3036} INFO - Sync 1 DAGs
[2025-07-24T02:44:58.365+0000] {logging_mixin.py:188} INFO - [2025-07-24T02:44:58.365+0000] {dag.py:3823} INFO - Setting next_dagrun for main_etl_pipeline to None, run_after=None
[2025-07-24T02:44:58.378+0000] {processor.py:183} INFO - Processing /opt/airflow/dags/main_pipeline.py took 0.062 seconds
[2025-07-24T02:45:28.774+0000] {processor.py:161} INFO - Started process (PID=2632) to work on /opt/airflow/dags/main_pipeline.py
[2025-07-24T02:45:28.774+0000] {processor.py:830} INFO - Processing file /opt/airflow/dags/main_pipeline.py for tasks to queue
[2025-07-24T02:45:28.775+0000] {logging_mixin.py:188} INFO - [2025-07-24T02:45:28.775+0000] {dagbag.py:538} INFO - Filling up the DagBag from /opt/airflow/dags/main_pipeline.py
[2025-07-24T02:45:28.795+0000] {processor.py:840} INFO - DAG(s) 'main_etl_pipeline' retrieved from /opt/airflow/dags/main_pipeline.py
[2025-07-24T02:45:28.815+0000] {logging_mixin.py:188} INFO - [2025-07-24T02:45:28.814+0000] {dag.py:3036} INFO - Sync 1 DAGs
[2025-07-24T02:45:28.823+0000] {logging_mixin.py:188} INFO - [2025-07-24T02:45:28.823+0000] {dag.py:3823} INFO - Setting next_dagrun for main_etl_pipeline to None, run_after=None
[2025-07-24T02:45:28.835+0000] {processor.py:183} INFO - Processing /opt/airflow/dags/main_pipeline.py took 0.064 seconds
[2025-07-24T02:45:59.234+0000] {processor.py:161} INFO - Started process (PID=2670) to work on /opt/airflow/dags/main_pipeline.py
[2025-07-24T02:45:59.235+0000] {processor.py:830} INFO - Processing file /opt/airflow/dags/main_pipeline.py for tasks to queue
[2025-07-24T02:45:59.236+0000] {logging_mixin.py:188} INFO - [2025-07-24T02:45:59.235+0000] {dagbag.py:538} INFO - Filling up the DagBag from /opt/airflow/dags/main_pipeline.py
[2025-07-24T02:45:59.255+0000] {processor.py:840} INFO - DAG(s) 'main_etl_pipeline' retrieved from /opt/airflow/dags/main_pipeline.py
[2025-07-24T02:45:59.275+0000] {logging_mixin.py:188} INFO - [2025-07-24T02:45:59.274+0000] {dag.py:3036} INFO - Sync 1 DAGs
[2025-07-24T02:45:59.283+0000] {logging_mixin.py:188} INFO - [2025-07-24T02:45:59.283+0000] {dag.py:3823} INFO - Setting next_dagrun for main_etl_pipeline to None, run_after=None
[2025-07-24T02:45:59.296+0000] {processor.py:183} INFO - Processing /opt/airflow/dags/main_pipeline.py took 0.064 seconds
[2025-07-24T02:46:29.698+0000] {processor.py:161} INFO - Started process (PID=2708) to work on /opt/airflow/dags/main_pipeline.py
[2025-07-24T02:46:29.699+0000] {processor.py:830} INFO - Processing file /opt/airflow/dags/main_pipeline.py for tasks to queue
[2025-07-24T02:46:29.699+0000] {logging_mixin.py:188} INFO - [2025-07-24T02:46:29.699+0000] {dagbag.py:538} INFO - Filling up the DagBag from /opt/airflow/dags/main_pipeline.py
[2025-07-24T02:46:29.718+0000] {processor.py:840} INFO - DAG(s) 'main_etl_pipeline' retrieved from /opt/airflow/dags/main_pipeline.py
[2025-07-24T02:46:29.738+0000] {logging_mixin.py:188} INFO - [2025-07-24T02:46:29.738+0000] {dag.py:3036} INFO - Sync 1 DAGs
[2025-07-24T02:46:29.747+0000] {logging_mixin.py:188} INFO - [2025-07-24T02:46:29.746+0000] {dag.py:3823} INFO - Setting next_dagrun for main_etl_pipeline to None, run_after=None
[2025-07-24T02:46:29.759+0000] {processor.py:183} INFO - Processing /opt/airflow/dags/main_pipeline.py took 0.064 seconds
[2025-07-24T02:47:00.176+0000] {processor.py:161} INFO - Started process (PID=2746) to work on /opt/airflow/dags/main_pipeline.py
[2025-07-24T02:47:00.176+0000] {processor.py:830} INFO - Processing file /opt/airflow/dags/main_pipeline.py for tasks to queue
[2025-07-24T02:47:00.178+0000] {logging_mixin.py:188} INFO - [2025-07-24T02:47:00.177+0000] {dagbag.py:538} INFO - Filling up the DagBag from /opt/airflow/dags/main_pipeline.py
[2025-07-24T02:47:00.199+0000] {processor.py:840} INFO - DAG(s) 'main_etl_pipeline' retrieved from /opt/airflow/dags/main_pipeline.py
[2025-07-24T02:47:00.219+0000] {logging_mixin.py:188} INFO - [2025-07-24T02:47:00.219+0000] {dag.py:3036} INFO - Sync 1 DAGs
[2025-07-24T02:47:00.228+0000] {logging_mixin.py:188} INFO - [2025-07-24T02:47:00.228+0000] {dag.py:3823} INFO - Setting next_dagrun for main_etl_pipeline to None, run_after=None
[2025-07-24T02:47:00.242+0000] {processor.py:183} INFO - Processing /opt/airflow/dags/main_pipeline.py took 0.069 seconds
[2025-07-24T02:47:30.626+0000] {processor.py:161} INFO - Started process (PID=2784) to work on /opt/airflow/dags/main_pipeline.py
[2025-07-24T02:47:30.627+0000] {processor.py:830} INFO - Processing file /opt/airflow/dags/main_pipeline.py for tasks to queue
[2025-07-24T02:47:30.628+0000] {logging_mixin.py:188} INFO - [2025-07-24T02:47:30.628+0000] {dagbag.py:538} INFO - Filling up the DagBag from /opt/airflow/dags/main_pipeline.py
[2025-07-24T02:47:30.650+0000] {processor.py:840} INFO - DAG(s) 'main_etl_pipeline' retrieved from /opt/airflow/dags/main_pipeline.py
[2025-07-24T02:47:30.672+0000] {logging_mixin.py:188} INFO - [2025-07-24T02:47:30.672+0000] {dag.py:3036} INFO - Sync 1 DAGs
[2025-07-24T02:47:30.682+0000] {logging_mixin.py:188} INFO - [2025-07-24T02:47:30.682+0000] {dag.py:3823} INFO - Setting next_dagrun for main_etl_pipeline to None, run_after=None
[2025-07-24T02:47:30.696+0000] {processor.py:183} INFO - Processing /opt/airflow/dags/main_pipeline.py took 0.073 seconds
[2025-07-24T02:48:01.088+0000] {processor.py:161} INFO - Started process (PID=2822) to work on /opt/airflow/dags/main_pipeline.py
[2025-07-24T02:48:01.089+0000] {processor.py:830} INFO - Processing file /opt/airflow/dags/main_pipeline.py for tasks to queue
[2025-07-24T02:48:01.090+0000] {logging_mixin.py:188} INFO - [2025-07-24T02:48:01.090+0000] {dagbag.py:538} INFO - Filling up the DagBag from /opt/airflow/dags/main_pipeline.py
[2025-07-24T02:48:01.108+0000] {processor.py:840} INFO - DAG(s) 'main_etl_pipeline' retrieved from /opt/airflow/dags/main_pipeline.py
[2025-07-24T02:48:01.128+0000] {logging_mixin.py:188} INFO - [2025-07-24T02:48:01.128+0000] {dag.py:3036} INFO - Sync 1 DAGs
[2025-07-24T02:48:01.137+0000] {logging_mixin.py:188} INFO - [2025-07-24T02:48:01.137+0000] {dag.py:3823} INFO - Setting next_dagrun for main_etl_pipeline to None, run_after=None
[2025-07-24T02:48:01.149+0000] {processor.py:183} INFO - Processing /opt/airflow/dags/main_pipeline.py took 0.063 seconds
[2025-07-24T02:48:31.420+0000] {processor.py:161} INFO - Started process (PID=2858) to work on /opt/airflow/dags/main_pipeline.py
[2025-07-24T02:48:31.421+0000] {processor.py:830} INFO - Processing file /opt/airflow/dags/main_pipeline.py for tasks to queue
[2025-07-24T02:48:31.422+0000] {logging_mixin.py:188} INFO - [2025-07-24T02:48:31.422+0000] {dagbag.py:538} INFO - Filling up the DagBag from /opt/airflow/dags/main_pipeline.py
[2025-07-24T02:48:31.440+0000] {processor.py:840} INFO - DAG(s) 'main_etl_pipeline' retrieved from /opt/airflow/dags/main_pipeline.py
[2025-07-24T02:48:31.460+0000] {logging_mixin.py:188} INFO - [2025-07-24T02:48:31.460+0000] {dag.py:3036} INFO - Sync 1 DAGs
[2025-07-24T02:48:31.469+0000] {logging_mixin.py:188} INFO - [2025-07-24T02:48:31.469+0000] {dag.py:3823} INFO - Setting next_dagrun for main_etl_pipeline to None, run_after=None
[2025-07-24T02:48:31.482+0000] {processor.py:183} INFO - Processing /opt/airflow/dags/main_pipeline.py took 0.065 seconds
[2025-07-24T02:49:02.053+0000] {processor.py:161} INFO - Started process (PID=2898) to work on /opt/airflow/dags/main_pipeline.py
[2025-07-24T02:49:02.053+0000] {processor.py:830} INFO - Processing file /opt/airflow/dags/main_pipeline.py for tasks to queue
[2025-07-24T02:49:02.054+0000] {logging_mixin.py:188} INFO - [2025-07-24T02:49:02.054+0000] {dagbag.py:538} INFO - Filling up the DagBag from /opt/airflow/dags/main_pipeline.py
[2025-07-24T02:49:02.074+0000] {processor.py:840} INFO - DAG(s) 'main_etl_pipeline' retrieved from /opt/airflow/dags/main_pipeline.py
[2025-07-24T02:49:02.096+0000] {logging_mixin.py:188} INFO - [2025-07-24T02:49:02.096+0000] {dag.py:3036} INFO - Sync 1 DAGs
[2025-07-24T02:49:02.105+0000] {logging_mixin.py:188} INFO - [2025-07-24T02:49:02.105+0000] {dag.py:3823} INFO - Setting next_dagrun for main_etl_pipeline to None, run_after=None
[2025-07-24T02:49:02.119+0000] {processor.py:183} INFO - Processing /opt/airflow/dags/main_pipeline.py took 0.069 seconds
[2025-07-24T02:49:32.527+0000] {processor.py:161} INFO - Started process (PID=2936) to work on /opt/airflow/dags/main_pipeline.py
[2025-07-24T02:49:32.528+0000] {processor.py:830} INFO - Processing file /opt/airflow/dags/main_pipeline.py for tasks to queue
[2025-07-24T02:49:32.529+0000] {logging_mixin.py:188} INFO - [2025-07-24T02:49:32.528+0000] {dagbag.py:538} INFO - Filling up the DagBag from /opt/airflow/dags/main_pipeline.py
[2025-07-24T02:49:32.547+0000] {processor.py:840} INFO - DAG(s) 'main_etl_pipeline' retrieved from /opt/airflow/dags/main_pipeline.py
[2025-07-24T02:49:32.566+0000] {logging_mixin.py:188} INFO - [2025-07-24T02:49:32.565+0000] {dag.py:3036} INFO - Sync 1 DAGs
[2025-07-24T02:49:32.574+0000] {logging_mixin.py:188} INFO - [2025-07-24T02:49:32.574+0000] {dag.py:3823} INFO - Setting next_dagrun for main_etl_pipeline to None, run_after=None
[2025-07-24T02:49:32.586+0000] {processor.py:183} INFO - Processing /opt/airflow/dags/main_pipeline.py took 0.061 seconds
[2025-07-24T02:50:02.887+0000] {processor.py:161} INFO - Started process (PID=2972) to work on /opt/airflow/dags/main_pipeline.py
[2025-07-24T02:50:02.888+0000] {processor.py:830} INFO - Processing file /opt/airflow/dags/main_pipeline.py for tasks to queue
[2025-07-24T02:50:02.889+0000] {logging_mixin.py:188} INFO - [2025-07-24T02:50:02.888+0000] {dagbag.py:538} INFO - Filling up the DagBag from /opt/airflow/dags/main_pipeline.py
[2025-07-24T02:50:02.907+0000] {processor.py:840} INFO - DAG(s) 'main_etl_pipeline' retrieved from /opt/airflow/dags/main_pipeline.py
[2025-07-24T02:50:02.926+0000] {logging_mixin.py:188} INFO - [2025-07-24T02:50:02.926+0000] {dag.py:3036} INFO - Sync 1 DAGs
[2025-07-24T02:50:02.935+0000] {logging_mixin.py:188} INFO - [2025-07-24T02:50:02.935+0000] {dag.py:3823} INFO - Setting next_dagrun for main_etl_pipeline to None, run_after=None
[2025-07-24T02:50:02.948+0000] {processor.py:183} INFO - Processing /opt/airflow/dags/main_pipeline.py took 0.063 seconds
[2025-07-24T02:50:33.437+0000] {processor.py:161} INFO - Started process (PID=3012) to work on /opt/airflow/dags/main_pipeline.py
[2025-07-24T02:50:33.438+0000] {processor.py:830} INFO - Processing file /opt/airflow/dags/main_pipeline.py for tasks to queue
[2025-07-24T02:50:33.438+0000] {logging_mixin.py:188} INFO - [2025-07-24T02:50:33.438+0000] {dagbag.py:538} INFO - Filling up the DagBag from /opt/airflow/dags/main_pipeline.py
[2025-07-24T02:50:33.457+0000] {processor.py:840} INFO - DAG(s) 'main_etl_pipeline' retrieved from /opt/airflow/dags/main_pipeline.py
[2025-07-24T02:50:33.476+0000] {logging_mixin.py:188} INFO - [2025-07-24T02:50:33.475+0000] {dag.py:3036} INFO - Sync 1 DAGs
[2025-07-24T02:50:33.484+0000] {logging_mixin.py:188} INFO - [2025-07-24T02:50:33.484+0000] {dag.py:3823} INFO - Setting next_dagrun for main_etl_pipeline to None, run_after=None
[2025-07-24T02:50:33.496+0000] {processor.py:183} INFO - Processing /opt/airflow/dags/main_pipeline.py took 0.061 seconds
[2025-07-24T02:51:03.924+0000] {processor.py:161} INFO - Started process (PID=3050) to work on /opt/airflow/dags/main_pipeline.py
[2025-07-24T02:51:03.925+0000] {processor.py:830} INFO - Processing file /opt/airflow/dags/main_pipeline.py for tasks to queue
[2025-07-24T02:51:03.926+0000] {logging_mixin.py:188} INFO - [2025-07-24T02:51:03.925+0000] {dagbag.py:538} INFO - Filling up the DagBag from /opt/airflow/dags/main_pipeline.py
[2025-07-24T02:51:03.944+0000] {processor.py:840} INFO - DAG(s) 'main_etl_pipeline' retrieved from /opt/airflow/dags/main_pipeline.py
[2025-07-24T02:51:03.964+0000] {logging_mixin.py:188} INFO - [2025-07-24T02:51:03.964+0000] {dag.py:3036} INFO - Sync 1 DAGs
[2025-07-24T02:51:03.972+0000] {logging_mixin.py:188} INFO - [2025-07-24T02:51:03.972+0000] {dag.py:3823} INFO - Setting next_dagrun for main_etl_pipeline to None, run_after=None
[2025-07-24T02:51:03.985+0000] {processor.py:183} INFO - Processing /opt/airflow/dags/main_pipeline.py took 0.064 seconds
[2025-07-24T02:51:34.264+0000] {processor.py:161} INFO - Started process (PID=3086) to work on /opt/airflow/dags/main_pipeline.py
[2025-07-24T02:51:34.265+0000] {processor.py:830} INFO - Processing file /opt/airflow/dags/main_pipeline.py for tasks to queue
[2025-07-24T02:51:34.266+0000] {logging_mixin.py:188} INFO - [2025-07-24T02:51:34.265+0000] {dagbag.py:538} INFO - Filling up the DagBag from /opt/airflow/dags/main_pipeline.py
[2025-07-24T02:51:34.284+0000] {processor.py:840} INFO - DAG(s) 'main_etl_pipeline' retrieved from /opt/airflow/dags/main_pipeline.py
[2025-07-24T02:51:34.303+0000] {logging_mixin.py:188} INFO - [2025-07-24T02:51:34.302+0000] {dag.py:3036} INFO - Sync 1 DAGs
[2025-07-24T02:51:34.311+0000] {logging_mixin.py:188} INFO - [2025-07-24T02:51:34.311+0000] {dag.py:3823} INFO - Setting next_dagrun for main_etl_pipeline to None, run_after=None
[2025-07-24T02:51:34.324+0000] {processor.py:183} INFO - Processing /opt/airflow/dags/main_pipeline.py took 0.062 seconds
[2025-07-24T02:52:04.827+0000] {processor.py:161} INFO - Started process (PID=3126) to work on /opt/airflow/dags/main_pipeline.py
[2025-07-24T02:52:04.828+0000] {processor.py:830} INFO - Processing file /opt/airflow/dags/main_pipeline.py for tasks to queue
[2025-07-24T02:52:04.829+0000] {logging_mixin.py:188} INFO - [2025-07-24T02:52:04.828+0000] {dagbag.py:538} INFO - Filling up the DagBag from /opt/airflow/dags/main_pipeline.py
[2025-07-24T02:52:04.847+0000] {processor.py:840} INFO - DAG(s) 'main_etl_pipeline' retrieved from /opt/airflow/dags/main_pipeline.py
[2025-07-24T02:52:04.867+0000] {logging_mixin.py:188} INFO - [2025-07-24T02:52:04.867+0000] {dag.py:3036} INFO - Sync 1 DAGs
[2025-07-24T02:52:04.875+0000] {logging_mixin.py:188} INFO - [2025-07-24T02:52:04.875+0000] {dag.py:3823} INFO - Setting next_dagrun for main_etl_pipeline to None, run_after=None
[2025-07-24T02:52:04.888+0000] {processor.py:183} INFO - Processing /opt/airflow/dags/main_pipeline.py took 0.064 seconds
[2025-07-24T02:52:35.301+0000] {processor.py:161} INFO - Started process (PID=3164) to work on /opt/airflow/dags/main_pipeline.py
[2025-07-24T02:52:35.302+0000] {processor.py:830} INFO - Processing file /opt/airflow/dags/main_pipeline.py for tasks to queue
[2025-07-24T02:52:35.303+0000] {logging_mixin.py:188} INFO - [2025-07-24T02:52:35.303+0000] {dagbag.py:538} INFO - Filling up the DagBag from /opt/airflow/dags/main_pipeline.py
[2025-07-24T02:52:35.322+0000] {processor.py:840} INFO - DAG(s) 'main_etl_pipeline' retrieved from /opt/airflow/dags/main_pipeline.py
[2025-07-24T02:52:35.341+0000] {logging_mixin.py:188} INFO - [2025-07-24T02:52:35.341+0000] {dag.py:3036} INFO - Sync 1 DAGs
[2025-07-24T02:52:35.350+0000] {logging_mixin.py:188} INFO - [2025-07-24T02:52:35.350+0000] {dag.py:3823} INFO - Setting next_dagrun for main_etl_pipeline to None, run_after=None
[2025-07-24T02:52:35.363+0000] {processor.py:183} INFO - Processing /opt/airflow/dags/main_pipeline.py took 0.064 seconds
[2025-07-24T02:53:05.773+0000] {processor.py:161} INFO - Started process (PID=3202) to work on /opt/airflow/dags/main_pipeline.py
[2025-07-24T02:53:05.774+0000] {processor.py:830} INFO - Processing file /opt/airflow/dags/main_pipeline.py for tasks to queue
[2025-07-24T02:53:05.774+0000] {logging_mixin.py:188} INFO - [2025-07-24T02:53:05.774+0000] {dagbag.py:538} INFO - Filling up the DagBag from /opt/airflow/dags/main_pipeline.py
[2025-07-24T02:53:05.793+0000] {processor.py:840} INFO - DAG(s) 'main_etl_pipeline' retrieved from /opt/airflow/dags/main_pipeline.py
[2025-07-24T02:53:05.812+0000] {logging_mixin.py:188} INFO - [2025-07-24T02:53:05.812+0000] {dag.py:3036} INFO - Sync 1 DAGs
[2025-07-24T02:53:05.821+0000] {logging_mixin.py:188} INFO - [2025-07-24T02:53:05.821+0000] {dag.py:3823} INFO - Setting next_dagrun for main_etl_pipeline to None, run_after=None
[2025-07-24T02:53:05.834+0000] {processor.py:183} INFO - Processing /opt/airflow/dags/main_pipeline.py took 0.064 seconds
[2025-07-24T02:53:36.311+0000] {processor.py:161} INFO - Started process (PID=3240) to work on /opt/airflow/dags/main_pipeline.py
[2025-07-24T02:53:36.311+0000] {processor.py:830} INFO - Processing file /opt/airflow/dags/main_pipeline.py for tasks to queue
[2025-07-24T02:53:36.312+0000] {logging_mixin.py:188} INFO - [2025-07-24T02:53:36.312+0000] {dagbag.py:538} INFO - Filling up the DagBag from /opt/airflow/dags/main_pipeline.py
[2025-07-24T02:53:36.331+0000] {processor.py:840} INFO - DAG(s) 'main_etl_pipeline' retrieved from /opt/airflow/dags/main_pipeline.py
[2025-07-24T02:53:36.350+0000] {logging_mixin.py:188} INFO - [2025-07-24T02:53:36.350+0000] {dag.py:3036} INFO - Sync 1 DAGs
[2025-07-24T02:53:36.359+0000] {logging_mixin.py:188} INFO - [2025-07-24T02:53:36.358+0000] {dag.py:3823} INFO - Setting next_dagrun for main_etl_pipeline to None, run_after=None
[2025-07-24T02:53:36.371+0000] {processor.py:183} INFO - Processing /opt/airflow/dags/main_pipeline.py took 0.063 seconds
[2025-07-24T02:54:06.797+0000] {processor.py:161} INFO - Started process (PID=3278) to work on /opt/airflow/dags/main_pipeline.py
[2025-07-24T02:54:06.798+0000] {processor.py:830} INFO - Processing file /opt/airflow/dags/main_pipeline.py for tasks to queue
[2025-07-24T02:54:06.799+0000] {logging_mixin.py:188} INFO - [2025-07-24T02:54:06.799+0000] {dagbag.py:538} INFO - Filling up the DagBag from /opt/airflow/dags/main_pipeline.py
[2025-07-24T02:54:06.817+0000] {processor.py:840} INFO - DAG(s) 'main_etl_pipeline' retrieved from /opt/airflow/dags/main_pipeline.py
[2025-07-24T02:54:06.836+0000] {logging_mixin.py:188} INFO - [2025-07-24T02:54:06.836+0000] {dag.py:3036} INFO - Sync 1 DAGs
[2025-07-24T02:54:06.844+0000] {logging_mixin.py:188} INFO - [2025-07-24T02:54:06.844+0000] {dag.py:3823} INFO - Setting next_dagrun for main_etl_pipeline to None, run_after=None
[2025-07-24T02:54:06.856+0000] {processor.py:183} INFO - Processing /opt/airflow/dags/main_pipeline.py took 0.062 seconds
[2025-07-24T02:54:37.260+0000] {processor.py:161} INFO - Started process (PID=3316) to work on /opt/airflow/dags/main_pipeline.py
[2025-07-24T02:54:37.261+0000] {processor.py:830} INFO - Processing file /opt/airflow/dags/main_pipeline.py for tasks to queue
[2025-07-24T02:54:37.262+0000] {logging_mixin.py:188} INFO - [2025-07-24T02:54:37.261+0000] {dagbag.py:538} INFO - Filling up the DagBag from /opt/airflow/dags/main_pipeline.py
[2025-07-24T02:54:37.279+0000] {processor.py:840} INFO - DAG(s) 'main_etl_pipeline' retrieved from /opt/airflow/dags/main_pipeline.py
[2025-07-24T02:54:37.299+0000] {logging_mixin.py:188} INFO - [2025-07-24T02:54:37.298+0000] {dag.py:3036} INFO - Sync 1 DAGs
[2025-07-24T02:54:37.307+0000] {logging_mixin.py:188} INFO - [2025-07-24T02:54:37.307+0000] {dag.py:3823} INFO - Setting next_dagrun for main_etl_pipeline to None, run_after=None
[2025-07-24T02:54:37.319+0000] {processor.py:183} INFO - Processing /opt/airflow/dags/main_pipeline.py took 0.061 seconds
[2025-07-24T02:55:07.728+0000] {processor.py:161} INFO - Started process (PID=3354) to work on /opt/airflow/dags/main_pipeline.py
[2025-07-24T02:55:07.728+0000] {processor.py:830} INFO - Processing file /opt/airflow/dags/main_pipeline.py for tasks to queue
[2025-07-24T02:55:07.729+0000] {logging_mixin.py:188} INFO - [2025-07-24T02:55:07.729+0000] {dagbag.py:538} INFO - Filling up the DagBag from /opt/airflow/dags/main_pipeline.py
[2025-07-24T02:55:07.748+0000] {processor.py:840} INFO - DAG(s) 'main_etl_pipeline' retrieved from /opt/airflow/dags/main_pipeline.py
[2025-07-24T02:55:07.768+0000] {logging_mixin.py:188} INFO - [2025-07-24T02:55:07.768+0000] {dag.py:3036} INFO - Sync 1 DAGs
[2025-07-24T02:55:07.777+0000] {logging_mixin.py:188} INFO - [2025-07-24T02:55:07.777+0000] {dag.py:3823} INFO - Setting next_dagrun for main_etl_pipeline to None, run_after=None
[2025-07-24T02:55:07.790+0000] {processor.py:183} INFO - Processing /opt/airflow/dags/main_pipeline.py took 0.065 seconds
[2025-07-24T02:55:38.064+0000] {processor.py:161} INFO - Started process (PID=3390) to work on /opt/airflow/dags/main_pipeline.py
[2025-07-24T02:55:38.065+0000] {processor.py:830} INFO - Processing file /opt/airflow/dags/main_pipeline.py for tasks to queue
[2025-07-24T02:55:38.066+0000] {logging_mixin.py:188} INFO - [2025-07-24T02:55:38.065+0000] {dagbag.py:538} INFO - Filling up the DagBag from /opt/airflow/dags/main_pipeline.py
[2025-07-24T02:55:38.083+0000] {processor.py:840} INFO - DAG(s) 'main_etl_pipeline' retrieved from /opt/airflow/dags/main_pipeline.py
[2025-07-24T02:55:38.103+0000] {logging_mixin.py:188} INFO - [2025-07-24T02:55:38.102+0000] {dag.py:3036} INFO - Sync 1 DAGs
[2025-07-24T02:55:38.111+0000] {logging_mixin.py:188} INFO - [2025-07-24T02:55:38.111+0000] {dag.py:3823} INFO - Setting next_dagrun for main_etl_pipeline to None, run_after=None
[2025-07-24T02:55:38.123+0000] {processor.py:183} INFO - Processing /opt/airflow/dags/main_pipeline.py took 0.061 seconds
[2025-07-24T02:56:08.490+0000] {processor.py:161} INFO - Started process (PID=3428) to work on /opt/airflow/dags/main_pipeline.py
[2025-07-24T02:56:08.491+0000] {processor.py:830} INFO - Processing file /opt/airflow/dags/main_pipeline.py for tasks to queue
[2025-07-24T02:56:08.491+0000] {logging_mixin.py:188} INFO - [2025-07-24T02:56:08.491+0000] {dagbag.py:538} INFO - Filling up the DagBag from /opt/airflow/dags/main_pipeline.py
[2025-07-24T02:56:08.510+0000] {processor.py:840} INFO - DAG(s) 'main_etl_pipeline' retrieved from /opt/airflow/dags/main_pipeline.py
[2025-07-24T02:56:08.530+0000] {logging_mixin.py:188} INFO - [2025-07-24T02:56:08.530+0000] {dag.py:3036} INFO - Sync 1 DAGs
[2025-07-24T02:56:08.539+0000] {logging_mixin.py:188} INFO - [2025-07-24T02:56:08.539+0000] {dag.py:3823} INFO - Setting next_dagrun for main_etl_pipeline to None, run_after=None
[2025-07-24T02:56:08.552+0000] {processor.py:183} INFO - Processing /opt/airflow/dags/main_pipeline.py took 0.064 seconds
[2025-07-24T02:56:39.057+0000] {processor.py:161} INFO - Started process (PID=3468) to work on /opt/airflow/dags/main_pipeline.py
[2025-07-24T02:56:39.057+0000] {processor.py:830} INFO - Processing file /opt/airflow/dags/main_pipeline.py for tasks to queue
[2025-07-24T02:56:39.058+0000] {logging_mixin.py:188} INFO - [2025-07-24T02:56:39.058+0000] {dagbag.py:538} INFO - Filling up the DagBag from /opt/airflow/dags/main_pipeline.py
[2025-07-24T02:56:39.077+0000] {processor.py:840} INFO - DAG(s) 'main_etl_pipeline' retrieved from /opt/airflow/dags/main_pipeline.py
[2025-07-24T02:56:39.096+0000] {logging_mixin.py:188} INFO - [2025-07-24T02:56:39.096+0000] {dag.py:3036} INFO - Sync 1 DAGs
[2025-07-24T02:56:39.104+0000] {logging_mixin.py:188} INFO - [2025-07-24T02:56:39.104+0000] {dag.py:3823} INFO - Setting next_dagrun for main_etl_pipeline to None, run_after=None
[2025-07-24T02:56:39.117+0000] {processor.py:183} INFO - Processing /opt/airflow/dags/main_pipeline.py took 0.063 seconds
[2025-07-24T02:57:09.524+0000] {processor.py:161} INFO - Started process (PID=3506) to work on /opt/airflow/dags/main_pipeline.py
[2025-07-24T02:57:09.525+0000] {processor.py:830} INFO - Processing file /opt/airflow/dags/main_pipeline.py for tasks to queue
[2025-07-24T02:57:09.525+0000] {logging_mixin.py:188} INFO - [2025-07-24T02:57:09.525+0000] {dagbag.py:538} INFO - Filling up the DagBag from /opt/airflow/dags/main_pipeline.py
[2025-07-24T02:57:09.544+0000] {processor.py:840} INFO - DAG(s) 'main_etl_pipeline' retrieved from /opt/airflow/dags/main_pipeline.py
[2025-07-24T02:57:09.563+0000] {logging_mixin.py:188} INFO - [2025-07-24T02:57:09.563+0000] {dag.py:3036} INFO - Sync 1 DAGs
[2025-07-24T02:57:09.571+0000] {logging_mixin.py:188} INFO - [2025-07-24T02:57:09.571+0000] {dag.py:3823} INFO - Setting next_dagrun for main_etl_pipeline to None, run_after=None
[2025-07-24T02:57:09.583+0000] {processor.py:183} INFO - Processing /opt/airflow/dags/main_pipeline.py took 0.062 seconds
[2025-07-24T02:57:40.073+0000] {processor.py:161} INFO - Started process (PID=3544) to work on /opt/airflow/dags/main_pipeline.py
[2025-07-24T02:57:40.074+0000] {processor.py:830} INFO - Processing file /opt/airflow/dags/main_pipeline.py for tasks to queue
[2025-07-24T02:57:40.075+0000] {logging_mixin.py:188} INFO - [2025-07-24T02:57:40.075+0000] {dagbag.py:538} INFO - Filling up the DagBag from /opt/airflow/dags/main_pipeline.py
[2025-07-24T02:57:40.099+0000] {processor.py:840} INFO - DAG(s) 'main_etl_pipeline' retrieved from /opt/airflow/dags/main_pipeline.py
[2025-07-24T02:57:40.131+0000] {logging_mixin.py:188} INFO - [2025-07-24T02:57:40.130+0000] {dag.py:3036} INFO - Sync 1 DAGs
[2025-07-24T02:57:40.145+0000] {logging_mixin.py:188} INFO - [2025-07-24T02:57:40.145+0000] {dag.py:3823} INFO - Setting next_dagrun for main_etl_pipeline to None, run_after=None
[2025-07-24T02:57:40.161+0000] {processor.py:183} INFO - Processing /opt/airflow/dags/main_pipeline.py took 0.091 seconds
[2025-07-24T02:58:10.616+0000] {processor.py:161} INFO - Started process (PID=3588) to work on /opt/airflow/dags/main_pipeline.py
[2025-07-24T02:58:10.616+0000] {processor.py:830} INFO - Processing file /opt/airflow/dags/main_pipeline.py for tasks to queue
[2025-07-24T02:58:10.617+0000] {logging_mixin.py:188} INFO - [2025-07-24T02:58:10.617+0000] {dagbag.py:538} INFO - Filling up the DagBag from /opt/airflow/dags/main_pipeline.py
[2025-07-24T02:58:10.638+0000] {processor.py:840} INFO - DAG(s) 'main_etl_pipeline' retrieved from /opt/airflow/dags/main_pipeline.py
[2025-07-24T02:58:10.659+0000] {logging_mixin.py:188} INFO - [2025-07-24T02:58:10.659+0000] {dag.py:3036} INFO - Sync 1 DAGs
[2025-07-24T02:58:10.667+0000] {logging_mixin.py:188} INFO - [2025-07-24T02:58:10.667+0000] {dag.py:3823} INFO - Setting next_dagrun for main_etl_pipeline to None, run_after=None
[2025-07-24T02:58:10.679+0000] {processor.py:183} INFO - Processing /opt/airflow/dags/main_pipeline.py took 0.066 seconds
[2025-07-24T02:58:41.039+0000] {processor.py:161} INFO - Started process (PID=3624) to work on /opt/airflow/dags/main_pipeline.py
[2025-07-24T02:58:41.039+0000] {processor.py:830} INFO - Processing file /opt/airflow/dags/main_pipeline.py for tasks to queue
[2025-07-24T02:58:41.040+0000] {logging_mixin.py:188} INFO - [2025-07-24T02:58:41.039+0000] {dagbag.py:538} INFO - Filling up the DagBag from /opt/airflow/dags/main_pipeline.py
[2025-07-24T02:58:41.058+0000] {processor.py:840} INFO - DAG(s) 'main_etl_pipeline' retrieved from /opt/airflow/dags/main_pipeline.py
[2025-07-24T02:58:41.077+0000] {logging_mixin.py:188} INFO - [2025-07-24T02:58:41.077+0000] {dag.py:3036} INFO - Sync 1 DAGs
[2025-07-24T02:58:41.085+0000] {logging_mixin.py:188} INFO - [2025-07-24T02:58:41.085+0000] {dag.py:3823} INFO - Setting next_dagrun for main_etl_pipeline to None, run_after=None
[2025-07-24T02:58:41.098+0000] {processor.py:183} INFO - Processing /opt/airflow/dags/main_pipeline.py took 0.062 seconds
[2025-07-24T02:59:11.454+0000] {processor.py:161} INFO - Started process (PID=3662) to work on /opt/airflow/dags/main_pipeline.py
[2025-07-24T02:59:11.454+0000] {processor.py:830} INFO - Processing file /opt/airflow/dags/main_pipeline.py for tasks to queue
[2025-07-24T02:59:11.455+0000] {logging_mixin.py:188} INFO - [2025-07-24T02:59:11.455+0000] {dagbag.py:538} INFO - Filling up the DagBag from /opt/airflow/dags/main_pipeline.py
[2025-07-24T02:59:11.473+0000] {processor.py:840} INFO - DAG(s) 'main_etl_pipeline' retrieved from /opt/airflow/dags/main_pipeline.py
[2025-07-24T02:59:11.494+0000] {logging_mixin.py:188} INFO - [2025-07-24T02:59:11.494+0000] {dag.py:3036} INFO - Sync 1 DAGs
[2025-07-24T02:59:11.503+0000] {logging_mixin.py:188} INFO - [2025-07-24T02:59:11.503+0000] {dag.py:3823} INFO - Setting next_dagrun for main_etl_pipeline to None, run_after=None
[2025-07-24T02:59:11.516+0000] {processor.py:183} INFO - Processing /opt/airflow/dags/main_pipeline.py took 0.065 seconds
[2025-07-24T02:59:41.902+0000] {processor.py:161} INFO - Started process (PID=3701) to work on /opt/airflow/dags/main_pipeline.py
[2025-07-24T02:59:41.903+0000] {processor.py:830} INFO - Processing file /opt/airflow/dags/main_pipeline.py for tasks to queue
[2025-07-24T02:59:41.904+0000] {logging_mixin.py:188} INFO - [2025-07-24T02:59:41.903+0000] {dagbag.py:538} INFO - Filling up the DagBag from /opt/airflow/dags/main_pipeline.py
[2025-07-24T02:59:41.922+0000] {processor.py:840} INFO - DAG(s) 'main_etl_pipeline' retrieved from /opt/airflow/dags/main_pipeline.py
[2025-07-24T02:59:41.941+0000] {logging_mixin.py:188} INFO - [2025-07-24T02:59:41.941+0000] {dag.py:3036} INFO - Sync 1 DAGs
[2025-07-24T02:59:41.950+0000] {logging_mixin.py:188} INFO - [2025-07-24T02:59:41.950+0000] {dag.py:3823} INFO - Setting next_dagrun for main_etl_pipeline to None, run_after=None
[2025-07-24T02:59:41.962+0000] {processor.py:183} INFO - Processing /opt/airflow/dags/main_pipeline.py took 0.063 seconds
[2025-07-24T03:00:12.319+0000] {processor.py:161} INFO - Started process (PID=3744) to work on /opt/airflow/dags/main_pipeline.py
[2025-07-24T03:00:12.319+0000] {processor.py:830} INFO - Processing file /opt/airflow/dags/main_pipeline.py for tasks to queue
[2025-07-24T03:00:12.320+0000] {logging_mixin.py:188} INFO - [2025-07-24T03:00:12.320+0000] {dagbag.py:538} INFO - Filling up the DagBag from /opt/airflow/dags/main_pipeline.py
[2025-07-24T03:00:12.338+0000] {processor.py:840} INFO - DAG(s) 'main_etl_pipeline' retrieved from /opt/airflow/dags/main_pipeline.py
[2025-07-24T03:00:12.358+0000] {logging_mixin.py:188} INFO - [2025-07-24T03:00:12.358+0000] {dag.py:3036} INFO - Sync 1 DAGs
[2025-07-24T03:00:12.366+0000] {logging_mixin.py:188} INFO - [2025-07-24T03:00:12.366+0000] {dag.py:3823} INFO - Setting next_dagrun for main_etl_pipeline to None, run_after=None
[2025-07-24T03:00:12.379+0000] {processor.py:183} INFO - Processing /opt/airflow/dags/main_pipeline.py took 0.063 seconds
[2025-07-24T03:00:42.907+0000] {processor.py:161} INFO - Started process (PID=3784) to work on /opt/airflow/dags/main_pipeline.py
[2025-07-24T03:00:42.908+0000] {processor.py:830} INFO - Processing file /opt/airflow/dags/main_pipeline.py for tasks to queue
[2025-07-24T03:00:42.908+0000] {logging_mixin.py:188} INFO - [2025-07-24T03:00:42.908+0000] {dagbag.py:538} INFO - Filling up the DagBag from /opt/airflow/dags/main_pipeline.py
[2025-07-24T03:00:42.927+0000] {processor.py:840} INFO - DAG(s) 'main_etl_pipeline' retrieved from /opt/airflow/dags/main_pipeline.py
[2025-07-24T03:00:42.945+0000] {logging_mixin.py:188} INFO - [2025-07-24T03:00:42.945+0000] {dag.py:3036} INFO - Sync 1 DAGs
[2025-07-24T03:00:42.953+0000] {logging_mixin.py:188} INFO - [2025-07-24T03:00:42.953+0000] {dag.py:3823} INFO - Setting next_dagrun for main_etl_pipeline to None, run_after=None
[2025-07-24T03:00:42.965+0000] {processor.py:183} INFO - Processing /opt/airflow/dags/main_pipeline.py took 0.061 seconds
