[2025-07-23T09:03:25.813+0000] {processor.py:161} INFO - Started process (PID=1935) to work on /opt/airflow/dags/bitcoin_etl_dag.py
[2025-07-23T09:03:25.814+0000] {processor.py:830} INFO - Processing file /opt/airflow/dags/bitcoin_etl_dag.py for tasks to queue
[2025-07-23T09:03:25.815+0000] {logging_mixin.py:188} INFO - [2025-07-23T09:03:25.814+0000] {dagbag.py:538} INFO - Filling up the DagBag from /opt/airflow/dags/bitcoin_etl_dag.py
[2025-07-23T09:03:25.886+0000] {processor.py:840} INFO - DAG(s) 'bitcoin_price_dag' retrieved from /opt/airflow/dags/bitcoin_etl_dag.py
[2025-07-23T09:03:26.002+0000] {logging_mixin.py:188} INFO - [2025-07-23T09:03:26.002+0000] {override.py:1769} INFO - Created Permission View: can delete on DAG:bitcoin_price_dag
[2025-07-23T09:03:26.009+0000] {logging_mixin.py:188} INFO - [2025-07-23T09:03:26.009+0000] {override.py:1769} INFO - Created Permission View: can read on DAG:bitcoin_price_dag
[2025-07-23T09:03:26.014+0000] {logging_mixin.py:188} INFO - [2025-07-23T09:03:26.014+0000] {override.py:1769} INFO - Created Permission View: can edit on DAG:bitcoin_price_dag
[2025-07-23T09:03:26.015+0000] {logging_mixin.py:188} INFO - [2025-07-23T09:03:26.015+0000] {dag.py:3036} INFO - Sync 1 DAGs
[2025-07-23T09:03:26.023+0000] {logging_mixin.py:188} INFO - [2025-07-23T09:03:26.023+0000] {dag.py:3058} INFO - Creating ORM DAG for bitcoin_price_dag
[2025-07-23T09:03:26.031+0000] {logging_mixin.py:188} INFO - [2025-07-23T09:03:26.031+0000] {dag.py:3823} INFO - Setting next_dagrun for bitcoin_price_dag to 2025-07-23 08:30:00+00:00, run_after=2025-07-23 09:00:00+00:00
[2025-07-23T09:03:26.046+0000] {processor.py:183} INFO - Processing /opt/airflow/dags/bitcoin_etl_dag.py took 0.237 seconds
[2025-07-23T09:03:56.295+0000] {processor.py:161} INFO - Started process (PID=1973) to work on /opt/airflow/dags/bitcoin_etl_dag.py
[2025-07-23T09:03:56.295+0000] {processor.py:830} INFO - Processing file /opt/airflow/dags/bitcoin_etl_dag.py for tasks to queue
[2025-07-23T09:03:56.296+0000] {logging_mixin.py:188} INFO - [2025-07-23T09:03:56.296+0000] {dagbag.py:538} INFO - Filling up the DagBag from /opt/airflow/dags/bitcoin_etl_dag.py
[2025-07-23T09:03:56.364+0000] {processor.py:840} INFO - DAG(s) 'bitcoin_price_dag' retrieved from /opt/airflow/dags/bitcoin_etl_dag.py
[2025-07-23T09:03:56.388+0000] {logging_mixin.py:188} INFO - [2025-07-23T09:03:56.388+0000] {dag.py:3036} INFO - Sync 1 DAGs
[2025-07-23T09:03:56.406+0000] {logging_mixin.py:188} INFO - [2025-07-23T09:03:56.406+0000] {dag.py:3823} INFO - Setting next_dagrun for bitcoin_price_dag to 2025-07-23 08:30:00+00:00, run_after=2025-07-23 09:00:00+00:00
[2025-07-23T09:03:56.419+0000] {processor.py:183} INFO - Processing /opt/airflow/dags/bitcoin_etl_dag.py took 0.127 seconds
[2025-07-23T09:04:26.652+0000] {processor.py:161} INFO - Started process (PID=2011) to work on /opt/airflow/dags/bitcoin_etl_dag.py
[2025-07-23T09:04:26.653+0000] {processor.py:830} INFO - Processing file /opt/airflow/dags/bitcoin_etl_dag.py for tasks to queue
[2025-07-23T09:04:26.654+0000] {logging_mixin.py:188} INFO - [2025-07-23T09:04:26.653+0000] {dagbag.py:538} INFO - Filling up the DagBag from /opt/airflow/dags/bitcoin_etl_dag.py
[2025-07-23T09:04:26.720+0000] {processor.py:840} INFO - DAG(s) 'bitcoin_price_dag' retrieved from /opt/airflow/dags/bitcoin_etl_dag.py
[2025-07-23T09:04:26.743+0000] {logging_mixin.py:188} INFO - [2025-07-23T09:04:26.743+0000] {dag.py:3036} INFO - Sync 1 DAGs
[2025-07-23T09:04:26.761+0000] {logging_mixin.py:188} INFO - [2025-07-23T09:04:26.761+0000] {dag.py:3823} INFO - Setting next_dagrun for bitcoin_price_dag to 2025-07-23 08:30:00+00:00, run_after=2025-07-23 09:00:00+00:00
[2025-07-23T09:04:26.775+0000] {processor.py:183} INFO - Processing /opt/airflow/dags/bitcoin_etl_dag.py took 0.125 seconds
[2025-07-23T09:04:57.013+0000] {processor.py:161} INFO - Started process (PID=2049) to work on /opt/airflow/dags/bitcoin_etl_dag.py
[2025-07-23T09:04:57.013+0000] {processor.py:830} INFO - Processing file /opt/airflow/dags/bitcoin_etl_dag.py for tasks to queue
[2025-07-23T09:04:57.014+0000] {logging_mixin.py:188} INFO - [2025-07-23T09:04:57.014+0000] {dagbag.py:538} INFO - Filling up the DagBag from /opt/airflow/dags/bitcoin_etl_dag.py
[2025-07-23T09:04:57.087+0000] {processor.py:840} INFO - DAG(s) 'bitcoin_price_dag' retrieved from /opt/airflow/dags/bitcoin_etl_dag.py
[2025-07-23T09:04:57.111+0000] {logging_mixin.py:188} INFO - [2025-07-23T09:04:57.111+0000] {dag.py:3036} INFO - Sync 1 DAGs
[2025-07-23T09:04:57.130+0000] {logging_mixin.py:188} INFO - [2025-07-23T09:04:57.129+0000] {dag.py:3823} INFO - Setting next_dagrun for bitcoin_price_dag to 2025-07-23 08:30:00+00:00, run_after=2025-07-23 09:00:00+00:00
[2025-07-23T09:04:57.143+0000] {processor.py:183} INFO - Processing /opt/airflow/dags/bitcoin_etl_dag.py took 0.133 seconds
[2025-07-23T09:05:27.387+0000] {processor.py:161} INFO - Started process (PID=2093) to work on /opt/airflow/dags/bitcoin_etl_dag.py
[2025-07-23T09:05:27.388+0000] {processor.py:830} INFO - Processing file /opt/airflow/dags/bitcoin_etl_dag.py for tasks to queue
[2025-07-23T09:05:27.389+0000] {logging_mixin.py:188} INFO - [2025-07-23T09:05:27.388+0000] {dagbag.py:538} INFO - Filling up the DagBag from /opt/airflow/dags/bitcoin_etl_dag.py
[2025-07-23T09:05:27.453+0000] {processor.py:840} INFO - DAG(s) 'bitcoin_price_dag' retrieved from /opt/airflow/dags/bitcoin_etl_dag.py
[2025-07-23T09:05:27.480+0000] {logging_mixin.py:188} INFO - [2025-07-23T09:05:27.480+0000] {dag.py:3036} INFO - Sync 1 DAGs
[2025-07-23T09:05:27.503+0000] {logging_mixin.py:188} INFO - [2025-07-23T09:05:27.502+0000] {dag.py:3823} INFO - Setting next_dagrun for bitcoin_price_dag to 2025-07-23 08:30:00+00:00, run_after=2025-07-23 09:00:00+00:00
[2025-07-23T09:05:27.517+0000] {processor.py:183} INFO - Processing /opt/airflow/dags/bitcoin_etl_dag.py took 0.133 seconds
[2025-07-23T09:05:57.742+0000] {processor.py:161} INFO - Started process (PID=2131) to work on /opt/airflow/dags/bitcoin_etl_dag.py
[2025-07-23T09:05:57.742+0000] {processor.py:830} INFO - Processing file /opt/airflow/dags/bitcoin_etl_dag.py for tasks to queue
[2025-07-23T09:05:57.743+0000] {logging_mixin.py:188} INFO - [2025-07-23T09:05:57.743+0000] {dagbag.py:538} INFO - Filling up the DagBag from /opt/airflow/dags/bitcoin_etl_dag.py
[2025-07-23T09:05:57.827+0000] {processor.py:840} INFO - DAG(s) 'bitcoin_price_dag' retrieved from /opt/airflow/dags/bitcoin_etl_dag.py
[2025-07-23T09:05:57.849+0000] {logging_mixin.py:188} INFO - [2025-07-23T09:05:57.849+0000] {dag.py:3036} INFO - Sync 1 DAGs
[2025-07-23T09:05:57.866+0000] {logging_mixin.py:188} INFO - [2025-07-23T09:05:57.866+0000] {dag.py:3823} INFO - Setting next_dagrun for bitcoin_price_dag to 2025-07-23 08:30:00+00:00, run_after=2025-07-23 09:00:00+00:00
[2025-07-23T09:05:57.879+0000] {processor.py:183} INFO - Processing /opt/airflow/dags/bitcoin_etl_dag.py took 0.140 seconds
[2025-07-23T09:06:28.104+0000] {processor.py:161} INFO - Started process (PID=2170) to work on /opt/airflow/dags/bitcoin_etl_dag.py
[2025-07-23T09:06:28.105+0000] {processor.py:830} INFO - Processing file /opt/airflow/dags/bitcoin_etl_dag.py for tasks to queue
[2025-07-23T09:06:28.106+0000] {logging_mixin.py:188} INFO - [2025-07-23T09:06:28.106+0000] {dagbag.py:538} INFO - Filling up the DagBag from /opt/airflow/dags/bitcoin_etl_dag.py
[2025-07-23T09:06:28.171+0000] {processor.py:840} INFO - DAG(s) 'bitcoin_price_dag' retrieved from /opt/airflow/dags/bitcoin_etl_dag.py
[2025-07-23T09:06:28.196+0000] {logging_mixin.py:188} INFO - [2025-07-23T09:06:28.195+0000] {dag.py:3036} INFO - Sync 1 DAGs
[2025-07-23T09:06:28.214+0000] {logging_mixin.py:188} INFO - [2025-07-23T09:06:28.214+0000] {dag.py:3823} INFO - Setting next_dagrun for bitcoin_price_dag to 2025-07-23 08:30:00+00:00, run_after=2025-07-23 09:00:00+00:00
[2025-07-23T09:06:28.228+0000] {processor.py:183} INFO - Processing /opt/airflow/dags/bitcoin_etl_dag.py took 0.126 seconds
[2025-07-23T09:06:58.458+0000] {processor.py:161} INFO - Started process (PID=2209) to work on /opt/airflow/dags/bitcoin_etl_dag.py
[2025-07-23T09:06:58.459+0000] {processor.py:830} INFO - Processing file /opt/airflow/dags/bitcoin_etl_dag.py for tasks to queue
[2025-07-23T09:06:58.460+0000] {logging_mixin.py:188} INFO - [2025-07-23T09:06:58.459+0000] {dagbag.py:538} INFO - Filling up the DagBag from /opt/airflow/dags/bitcoin_etl_dag.py
[2025-07-23T09:06:58.546+0000] {processor.py:840} INFO - DAG(s) 'bitcoin_price_dag' retrieved from /opt/airflow/dags/bitcoin_etl_dag.py
[2025-07-23T09:06:58.568+0000] {logging_mixin.py:188} INFO - [2025-07-23T09:06:58.568+0000] {dag.py:3036} INFO - Sync 1 DAGs
[2025-07-23T09:06:58.585+0000] {logging_mixin.py:188} INFO - [2025-07-23T09:06:58.585+0000] {dag.py:3823} INFO - Setting next_dagrun for bitcoin_price_dag to 2025-07-23 08:30:00+00:00, run_after=2025-07-23 09:00:00+00:00
[2025-07-23T09:06:58.597+0000] {processor.py:183} INFO - Processing /opt/airflow/dags/bitcoin_etl_dag.py took 0.142 seconds
[2025-07-23T09:07:28.831+0000] {processor.py:161} INFO - Started process (PID=2247) to work on /opt/airflow/dags/bitcoin_etl_dag.py
[2025-07-23T09:07:28.831+0000] {processor.py:830} INFO - Processing file /opt/airflow/dags/bitcoin_etl_dag.py for tasks to queue
[2025-07-23T09:07:28.832+0000] {logging_mixin.py:188} INFO - [2025-07-23T09:07:28.832+0000] {dagbag.py:538} INFO - Filling up the DagBag from /opt/airflow/dags/bitcoin_etl_dag.py
[2025-07-23T09:07:28.894+0000] {processor.py:840} INFO - DAG(s) 'bitcoin_price_dag' retrieved from /opt/airflow/dags/bitcoin_etl_dag.py
[2025-07-23T09:07:28.920+0000] {logging_mixin.py:188} INFO - [2025-07-23T09:07:28.920+0000] {dag.py:3036} INFO - Sync 1 DAGs
[2025-07-23T09:07:28.939+0000] {logging_mixin.py:188} INFO - [2025-07-23T09:07:28.939+0000] {dag.py:3823} INFO - Setting next_dagrun for bitcoin_price_dag to 2025-07-23 08:30:00+00:00, run_after=2025-07-23 09:00:00+00:00
[2025-07-23T09:07:28.954+0000] {processor.py:183} INFO - Processing /opt/airflow/dags/bitcoin_etl_dag.py took 0.126 seconds
[2025-07-23T09:07:59.196+0000] {processor.py:161} INFO - Started process (PID=2285) to work on /opt/airflow/dags/bitcoin_etl_dag.py
[2025-07-23T09:07:59.196+0000] {processor.py:830} INFO - Processing file /opt/airflow/dags/bitcoin_etl_dag.py for tasks to queue
[2025-07-23T09:07:59.197+0000] {logging_mixin.py:188} INFO - [2025-07-23T09:07:59.197+0000] {dagbag.py:538} INFO - Filling up the DagBag from /opt/airflow/dags/bitcoin_etl_dag.py
[2025-07-23T09:07:59.278+0000] {processor.py:840} INFO - DAG(s) 'bitcoin_price_dag' retrieved from /opt/airflow/dags/bitcoin_etl_dag.py
[2025-07-23T09:07:59.309+0000] {logging_mixin.py:188} INFO - [2025-07-23T09:07:59.309+0000] {dag.py:3036} INFO - Sync 1 DAGs
[2025-07-23T09:07:59.338+0000] {logging_mixin.py:188} INFO - [2025-07-23T09:07:59.338+0000] {dag.py:3823} INFO - Setting next_dagrun for bitcoin_price_dag to 2025-07-23 08:30:00+00:00, run_after=2025-07-23 09:00:00+00:00
[2025-07-23T09:07:59.361+0000] {processor.py:183} INFO - Processing /opt/airflow/dags/bitcoin_etl_dag.py took 0.168 seconds
[2025-07-23T09:08:29.662+0000] {processor.py:161} INFO - Started process (PID=2323) to work on /opt/airflow/dags/bitcoin_etl_dag.py
[2025-07-23T09:08:29.662+0000] {processor.py:830} INFO - Processing file /opt/airflow/dags/bitcoin_etl_dag.py for tasks to queue
[2025-07-23T09:08:29.663+0000] {logging_mixin.py:188} INFO - [2025-07-23T09:08:29.663+0000] {dagbag.py:538} INFO - Filling up the DagBag from /opt/airflow/dags/bitcoin_etl_dag.py
[2025-07-23T09:08:29.724+0000] {processor.py:840} INFO - DAG(s) 'bitcoin_price_dag' retrieved from /opt/airflow/dags/bitcoin_etl_dag.py
[2025-07-23T09:08:29.748+0000] {logging_mixin.py:188} INFO - [2025-07-23T09:08:29.747+0000] {dag.py:3036} INFO - Sync 1 DAGs
[2025-07-23T09:08:29.765+0000] {logging_mixin.py:188} INFO - [2025-07-23T09:08:29.765+0000] {dag.py:3823} INFO - Setting next_dagrun for bitcoin_price_dag to 2025-07-23 08:30:00+00:00, run_after=2025-07-23 09:00:00+00:00
[2025-07-23T09:08:29.780+0000] {processor.py:183} INFO - Processing /opt/airflow/dags/bitcoin_etl_dag.py took 0.122 seconds
[2025-07-23T09:09:00.014+0000] {processor.py:161} INFO - Started process (PID=2362) to work on /opt/airflow/dags/bitcoin_etl_dag.py
[2025-07-23T09:09:00.015+0000] {processor.py:830} INFO - Processing file /opt/airflow/dags/bitcoin_etl_dag.py for tasks to queue
[2025-07-23T09:09:00.015+0000] {logging_mixin.py:188} INFO - [2025-07-23T09:09:00.015+0000] {dagbag.py:538} INFO - Filling up the DagBag from /opt/airflow/dags/bitcoin_etl_dag.py
[2025-07-23T09:09:00.102+0000] {processor.py:840} INFO - DAG(s) 'bitcoin_price_dag' retrieved from /opt/airflow/dags/bitcoin_etl_dag.py
[2025-07-23T09:09:00.125+0000] {logging_mixin.py:188} INFO - [2025-07-23T09:09:00.125+0000] {dag.py:3036} INFO - Sync 1 DAGs
[2025-07-23T09:09:00.143+0000] {logging_mixin.py:188} INFO - [2025-07-23T09:09:00.143+0000] {dag.py:3823} INFO - Setting next_dagrun for bitcoin_price_dag to 2025-07-23 08:30:00+00:00, run_after=2025-07-23 09:00:00+00:00
[2025-07-23T09:09:00.155+0000] {processor.py:183} INFO - Processing /opt/airflow/dags/bitcoin_etl_dag.py took 0.144 seconds
[2025-07-23T09:09:30.384+0000] {processor.py:161} INFO - Started process (PID=2400) to work on /opt/airflow/dags/bitcoin_etl_dag.py
[2025-07-23T09:09:30.384+0000] {processor.py:830} INFO - Processing file /opt/airflow/dags/bitcoin_etl_dag.py for tasks to queue
[2025-07-23T09:09:30.385+0000] {logging_mixin.py:188} INFO - [2025-07-23T09:09:30.385+0000] {dagbag.py:538} INFO - Filling up the DagBag from /opt/airflow/dags/bitcoin_etl_dag.py
[2025-07-23T09:09:30.449+0000] {processor.py:840} INFO - DAG(s) 'bitcoin_price_dag' retrieved from /opt/airflow/dags/bitcoin_etl_dag.py
[2025-07-23T09:09:30.472+0000] {logging_mixin.py:188} INFO - [2025-07-23T09:09:30.472+0000] {dag.py:3036} INFO - Sync 1 DAGs
[2025-07-23T09:09:30.491+0000] {logging_mixin.py:188} INFO - [2025-07-23T09:09:30.491+0000] {dag.py:3823} INFO - Setting next_dagrun for bitcoin_price_dag to 2025-07-23 08:30:00+00:00, run_after=2025-07-23 09:00:00+00:00
[2025-07-23T09:09:30.504+0000] {processor.py:183} INFO - Processing /opt/airflow/dags/bitcoin_etl_dag.py took 0.123 seconds
[2025-07-23T09:10:00.734+0000] {processor.py:161} INFO - Started process (PID=2438) to work on /opt/airflow/dags/bitcoin_etl_dag.py
[2025-07-23T09:10:00.734+0000] {processor.py:830} INFO - Processing file /opt/airflow/dags/bitcoin_etl_dag.py for tasks to queue
[2025-07-23T09:10:00.735+0000] {logging_mixin.py:188} INFO - [2025-07-23T09:10:00.735+0000] {dagbag.py:538} INFO - Filling up the DagBag from /opt/airflow/dags/bitcoin_etl_dag.py
[2025-07-23T09:10:00.821+0000] {processor.py:840} INFO - DAG(s) 'bitcoin_price_dag' retrieved from /opt/airflow/dags/bitcoin_etl_dag.py
[2025-07-23T09:10:00.843+0000] {logging_mixin.py:188} INFO - [2025-07-23T09:10:00.843+0000] {dag.py:3036} INFO - Sync 1 DAGs
[2025-07-23T09:10:00.860+0000] {logging_mixin.py:188} INFO - [2025-07-23T09:10:00.860+0000] {dag.py:3823} INFO - Setting next_dagrun for bitcoin_price_dag to 2025-07-23 08:30:00+00:00, run_after=2025-07-23 09:00:00+00:00
[2025-07-23T09:10:00.873+0000] {processor.py:183} INFO - Processing /opt/airflow/dags/bitcoin_etl_dag.py took 0.142 seconds
[2025-07-23T09:10:31.101+0000] {processor.py:161} INFO - Started process (PID=2476) to work on /opt/airflow/dags/bitcoin_etl_dag.py
[2025-07-23T09:10:31.101+0000] {processor.py:830} INFO - Processing file /opt/airflow/dags/bitcoin_etl_dag.py for tasks to queue
[2025-07-23T09:10:31.102+0000] {logging_mixin.py:188} INFO - [2025-07-23T09:10:31.102+0000] {dagbag.py:538} INFO - Filling up the DagBag from /opt/airflow/dags/bitcoin_etl_dag.py
[2025-07-23T09:10:31.159+0000] {processor.py:840} INFO - DAG(s) 'bitcoin_price_dag' retrieved from /opt/airflow/dags/bitcoin_etl_dag.py
[2025-07-23T09:10:31.181+0000] {logging_mixin.py:188} INFO - [2025-07-23T09:10:31.181+0000] {dag.py:3036} INFO - Sync 1 DAGs
[2025-07-23T09:10:31.199+0000] {logging_mixin.py:188} INFO - [2025-07-23T09:10:31.199+0000] {dag.py:3823} INFO - Setting next_dagrun for bitcoin_price_dag to 2025-07-23 08:30:00+00:00, run_after=2025-07-23 09:00:00+00:00
[2025-07-23T09:10:31.211+0000] {processor.py:183} INFO - Processing /opt/airflow/dags/bitcoin_etl_dag.py took 0.113 seconds
[2025-07-23T09:11:01.440+0000] {processor.py:161} INFO - Started process (PID=2514) to work on /opt/airflow/dags/bitcoin_etl_dag.py
[2025-07-23T09:11:01.441+0000] {processor.py:830} INFO - Processing file /opt/airflow/dags/bitcoin_etl_dag.py for tasks to queue
[2025-07-23T09:11:01.441+0000] {logging_mixin.py:188} INFO - [2025-07-23T09:11:01.441+0000] {dagbag.py:538} INFO - Filling up the DagBag from /opt/airflow/dags/bitcoin_etl_dag.py
[2025-07-23T09:11:01.536+0000] {processor.py:840} INFO - DAG(s) 'bitcoin_price_dag' retrieved from /opt/airflow/dags/bitcoin_etl_dag.py
[2025-07-23T09:11:01.560+0000] {logging_mixin.py:188} INFO - [2025-07-23T09:11:01.559+0000] {dag.py:3036} INFO - Sync 1 DAGs
[2025-07-23T09:11:01.584+0000] {logging_mixin.py:188} INFO - [2025-07-23T09:11:01.584+0000] {dag.py:3823} INFO - Setting next_dagrun for bitcoin_price_dag to 2025-07-23 08:30:00+00:00, run_after=2025-07-23 09:00:00+00:00
[2025-07-23T09:11:01.603+0000] {processor.py:183} INFO - Processing /opt/airflow/dags/bitcoin_etl_dag.py took 0.166 seconds
[2025-07-23T09:11:31.844+0000] {processor.py:161} INFO - Started process (PID=2552) to work on /opt/airflow/dags/bitcoin_etl_dag.py
[2025-07-23T09:11:31.845+0000] {processor.py:830} INFO - Processing file /opt/airflow/dags/bitcoin_etl_dag.py for tasks to queue
[2025-07-23T09:11:31.846+0000] {logging_mixin.py:188} INFO - [2025-07-23T09:11:31.845+0000] {dagbag.py:538} INFO - Filling up the DagBag from /opt/airflow/dags/bitcoin_etl_dag.py
[2025-07-23T09:11:31.910+0000] {processor.py:840} INFO - DAG(s) 'bitcoin_price_dag' retrieved from /opt/airflow/dags/bitcoin_etl_dag.py
[2025-07-23T09:11:31.935+0000] {logging_mixin.py:188} INFO - [2025-07-23T09:11:31.935+0000] {dag.py:3036} INFO - Sync 1 DAGs
[2025-07-23T09:11:31.954+0000] {logging_mixin.py:188} INFO - [2025-07-23T09:11:31.954+0000] {dag.py:3823} INFO - Setting next_dagrun for bitcoin_price_dag to 2025-07-23 08:30:00+00:00, run_after=2025-07-23 09:00:00+00:00
[2025-07-23T09:11:31.967+0000] {processor.py:183} INFO - Processing /opt/airflow/dags/bitcoin_etl_dag.py took 0.126 seconds
[2025-07-23T09:12:02.206+0000] {processor.py:161} INFO - Started process (PID=2591) to work on /opt/airflow/dags/bitcoin_etl_dag.py
[2025-07-23T09:12:02.206+0000] {processor.py:830} INFO - Processing file /opt/airflow/dags/bitcoin_etl_dag.py for tasks to queue
[2025-07-23T09:12:02.207+0000] {logging_mixin.py:188} INFO - [2025-07-23T09:12:02.207+0000] {dagbag.py:538} INFO - Filling up the DagBag from /opt/airflow/dags/bitcoin_etl_dag.py
[2025-07-23T09:12:02.267+0000] {processor.py:840} INFO - DAG(s) 'bitcoin_price_dag' retrieved from /opt/airflow/dags/bitcoin_etl_dag.py
[2025-07-23T09:12:02.296+0000] {logging_mixin.py:188} INFO - [2025-07-23T09:12:02.295+0000] {dag.py:3036} INFO - Sync 1 DAGs
[2025-07-23T09:12:02.315+0000] {logging_mixin.py:188} INFO - [2025-07-23T09:12:02.315+0000] {dag.py:3823} INFO - Setting next_dagrun for bitcoin_price_dag to 2025-07-23 08:30:00+00:00, run_after=2025-07-23 09:00:00+00:00
[2025-07-23T09:12:02.328+0000] {processor.py:183} INFO - Processing /opt/airflow/dags/bitcoin_etl_dag.py took 0.125 seconds
[2025-07-23T09:12:32.561+0000] {processor.py:161} INFO - Started process (PID=2629) to work on /opt/airflow/dags/bitcoin_etl_dag.py
[2025-07-23T09:12:32.562+0000] {processor.py:830} INFO - Processing file /opt/airflow/dags/bitcoin_etl_dag.py for tasks to queue
[2025-07-23T09:12:32.562+0000] {logging_mixin.py:188} INFO - [2025-07-23T09:12:32.562+0000] {dagbag.py:538} INFO - Filling up the DagBag from /opt/airflow/dags/bitcoin_etl_dag.py
[2025-07-23T09:12:32.623+0000] {processor.py:840} INFO - DAG(s) 'bitcoin_price_dag' retrieved from /opt/airflow/dags/bitcoin_etl_dag.py
[2025-07-23T09:12:32.652+0000] {logging_mixin.py:188} INFO - [2025-07-23T09:12:32.652+0000] {dag.py:3036} INFO - Sync 1 DAGs
[2025-07-23T09:12:32.671+0000] {logging_mixin.py:188} INFO - [2025-07-23T09:12:32.671+0000] {dag.py:3823} INFO - Setting next_dagrun for bitcoin_price_dag to 2025-07-23 08:30:00+00:00, run_after=2025-07-23 09:00:00+00:00
[2025-07-23T09:12:32.684+0000] {processor.py:183} INFO - Processing /opt/airflow/dags/bitcoin_etl_dag.py took 0.127 seconds
[2025-07-23T09:13:02.917+0000] {processor.py:161} INFO - Started process (PID=2697) to work on /opt/airflow/dags/bitcoin_etl_dag.py
[2025-07-23T09:13:02.918+0000] {processor.py:830} INFO - Processing file /opt/airflow/dags/bitcoin_etl_dag.py for tasks to queue
[2025-07-23T09:13:02.919+0000] {logging_mixin.py:188} INFO - [2025-07-23T09:13:02.919+0000] {dagbag.py:538} INFO - Filling up the DagBag from /opt/airflow/dags/bitcoin_etl_dag.py
[2025-07-23T09:13:02.977+0000] {processor.py:840} INFO - DAG(s) 'bitcoin_price_dag' retrieved from /opt/airflow/dags/bitcoin_etl_dag.py
[2025-07-23T09:13:03.007+0000] {logging_mixin.py:188} INFO - [2025-07-23T09:13:03.007+0000] {dag.py:3036} INFO - Sync 1 DAGs
[2025-07-23T09:13:03.025+0000] {logging_mixin.py:188} INFO - [2025-07-23T09:13:03.025+0000] {dag.py:3823} INFO - Setting next_dagrun for bitcoin_price_dag to 2025-07-23 09:00:00+00:00, run_after=2025-07-23 09:30:00+00:00
[2025-07-23T09:13:03.039+0000] {processor.py:183} INFO - Processing /opt/airflow/dags/bitcoin_etl_dag.py took 0.125 seconds
[2025-07-23T09:13:33.331+0000] {processor.py:161} INFO - Started process (PID=2735) to work on /opt/airflow/dags/bitcoin_etl_dag.py
[2025-07-23T09:13:33.331+0000] {processor.py:830} INFO - Processing file /opt/airflow/dags/bitcoin_etl_dag.py for tasks to queue
[2025-07-23T09:13:33.332+0000] {logging_mixin.py:188} INFO - [2025-07-23T09:13:33.332+0000] {dagbag.py:538} INFO - Filling up the DagBag from /opt/airflow/dags/bitcoin_etl_dag.py
[2025-07-23T09:13:33.397+0000] {processor.py:840} INFO - DAG(s) 'bitcoin_price_dag' retrieved from /opt/airflow/dags/bitcoin_etl_dag.py
[2025-07-23T09:13:33.427+0000] {logging_mixin.py:188} INFO - [2025-07-23T09:13:33.426+0000] {dag.py:3036} INFO - Sync 1 DAGs
[2025-07-23T09:13:33.450+0000] {logging_mixin.py:188} INFO - [2025-07-23T09:13:33.449+0000] {dag.py:3823} INFO - Setting next_dagrun for bitcoin_price_dag to 2025-07-23 09:00:00+00:00, run_after=2025-07-23 09:30:00+00:00
[2025-07-23T09:13:33.466+0000] {processor.py:183} INFO - Processing /opt/airflow/dags/bitcoin_etl_dag.py took 0.139 seconds
[2025-07-23T09:14:03.708+0000] {processor.py:161} INFO - Started process (PID=2788) to work on /opt/airflow/dags/bitcoin_etl_dag.py
[2025-07-23T09:14:03.709+0000] {processor.py:830} INFO - Processing file /opt/airflow/dags/bitcoin_etl_dag.py for tasks to queue
[2025-07-23T09:14:03.709+0000] {logging_mixin.py:188} INFO - [2025-07-23T09:14:03.709+0000] {dagbag.py:538} INFO - Filling up the DagBag from /opt/airflow/dags/bitcoin_etl_dag.py
[2025-07-23T09:14:03.769+0000] {processor.py:840} INFO - DAG(s) 'bitcoin_price_dag' retrieved from /opt/airflow/dags/bitcoin_etl_dag.py
[2025-07-23T09:14:03.794+0000] {logging_mixin.py:188} INFO - [2025-07-23T09:14:03.794+0000] {dag.py:3036} INFO - Sync 1 DAGs
[2025-07-23T09:14:03.812+0000] {logging_mixin.py:188} INFO - [2025-07-23T09:14:03.812+0000] {dag.py:3823} INFO - Setting next_dagrun for bitcoin_price_dag to 2025-07-23 09:00:00+00:00, run_after=2025-07-23 09:30:00+00:00
[2025-07-23T09:14:03.824+0000] {processor.py:183} INFO - Processing /opt/airflow/dags/bitcoin_etl_dag.py took 0.119 seconds
[2025-07-23T09:14:34.047+0000] {processor.py:161} INFO - Started process (PID=2826) to work on /opt/airflow/dags/bitcoin_etl_dag.py
[2025-07-23T09:14:34.047+0000] {processor.py:830} INFO - Processing file /opt/airflow/dags/bitcoin_etl_dag.py for tasks to queue
[2025-07-23T09:14:34.048+0000] {logging_mixin.py:188} INFO - [2025-07-23T09:14:34.048+0000] {dagbag.py:538} INFO - Filling up the DagBag from /opt/airflow/dags/bitcoin_etl_dag.py
[2025-07-23T09:14:34.110+0000] {processor.py:840} INFO - DAG(s) 'bitcoin_price_dag' retrieved from /opt/airflow/dags/bitcoin_etl_dag.py
[2025-07-23T09:14:34.133+0000] {logging_mixin.py:188} INFO - [2025-07-23T09:14:34.133+0000] {dag.py:3036} INFO - Sync 1 DAGs
[2025-07-23T09:14:34.151+0000] {logging_mixin.py:188} INFO - [2025-07-23T09:14:34.151+0000] {dag.py:3823} INFO - Setting next_dagrun for bitcoin_price_dag to 2025-07-23 09:00:00+00:00, run_after=2025-07-23 09:30:00+00:00
[2025-07-23T09:14:34.164+0000] {processor.py:183} INFO - Processing /opt/airflow/dags/bitcoin_etl_dag.py took 0.120 seconds
[2025-07-23T09:15:04.396+0000] {processor.py:161} INFO - Started process (PID=2864) to work on /opt/airflow/dags/bitcoin_etl_dag.py
[2025-07-23T09:15:04.396+0000] {processor.py:830} INFO - Processing file /opt/airflow/dags/bitcoin_etl_dag.py for tasks to queue
[2025-07-23T09:15:04.397+0000] {logging_mixin.py:188} INFO - [2025-07-23T09:15:04.397+0000] {dagbag.py:538} INFO - Filling up the DagBag from /opt/airflow/dags/bitcoin_etl_dag.py
[2025-07-23T09:15:04.460+0000] {processor.py:840} INFO - DAG(s) 'bitcoin_price_dag' retrieved from /opt/airflow/dags/bitcoin_etl_dag.py
[2025-07-23T09:15:04.482+0000] {logging_mixin.py:188} INFO - [2025-07-23T09:15:04.482+0000] {dag.py:3036} INFO - Sync 1 DAGs
[2025-07-23T09:15:04.500+0000] {logging_mixin.py:188} INFO - [2025-07-23T09:15:04.500+0000] {dag.py:3823} INFO - Setting next_dagrun for bitcoin_price_dag to 2025-07-23 09:00:00+00:00, run_after=2025-07-23 09:30:00+00:00
[2025-07-23T09:15:04.512+0000] {processor.py:183} INFO - Processing /opt/airflow/dags/bitcoin_etl_dag.py took 0.119 seconds
[2025-07-23T09:15:34.738+0000] {processor.py:161} INFO - Started process (PID=2902) to work on /opt/airflow/dags/bitcoin_etl_dag.py
[2025-07-23T09:15:34.738+0000] {processor.py:830} INFO - Processing file /opt/airflow/dags/bitcoin_etl_dag.py for tasks to queue
[2025-07-23T09:15:34.739+0000] {logging_mixin.py:188} INFO - [2025-07-23T09:15:34.739+0000] {dagbag.py:538} INFO - Filling up the DagBag from /opt/airflow/dags/bitcoin_etl_dag.py
[2025-07-23T09:15:34.811+0000] {processor.py:840} INFO - DAG(s) 'bitcoin_price_dag' retrieved from /opt/airflow/dags/bitcoin_etl_dag.py
[2025-07-23T09:15:34.835+0000] {logging_mixin.py:188} INFO - [2025-07-23T09:15:34.835+0000] {dag.py:3036} INFO - Sync 1 DAGs
[2025-07-23T09:15:34.853+0000] {logging_mixin.py:188} INFO - [2025-07-23T09:15:34.853+0000] {dag.py:3823} INFO - Setting next_dagrun for bitcoin_price_dag to 2025-07-23 09:00:00+00:00, run_after=2025-07-23 09:30:00+00:00
[2025-07-23T09:15:34.867+0000] {processor.py:183} INFO - Processing /opt/airflow/dags/bitcoin_etl_dag.py took 0.132 seconds
[2025-07-23T09:16:05.095+0000] {processor.py:161} INFO - Started process (PID=2940) to work on /opt/airflow/dags/bitcoin_etl_dag.py
[2025-07-23T09:16:05.096+0000] {processor.py:830} INFO - Processing file /opt/airflow/dags/bitcoin_etl_dag.py for tasks to queue
[2025-07-23T09:16:05.097+0000] {logging_mixin.py:188} INFO - [2025-07-23T09:16:05.097+0000] {dagbag.py:538} INFO - Filling up the DagBag from /opt/airflow/dags/bitcoin_etl_dag.py
[2025-07-23T09:16:05.164+0000] {processor.py:840} INFO - DAG(s) 'bitcoin_price_dag' retrieved from /opt/airflow/dags/bitcoin_etl_dag.py
[2025-07-23T09:16:05.188+0000] {logging_mixin.py:188} INFO - [2025-07-23T09:16:05.187+0000] {dag.py:3036} INFO - Sync 1 DAGs
[2025-07-23T09:16:05.207+0000] {logging_mixin.py:188} INFO - [2025-07-23T09:16:05.207+0000] {dag.py:3823} INFO - Setting next_dagrun for bitcoin_price_dag to 2025-07-23 09:00:00+00:00, run_after=2025-07-23 09:30:00+00:00
[2025-07-23T09:16:05.220+0000] {processor.py:183} INFO - Processing /opt/airflow/dags/bitcoin_etl_dag.py took 0.128 seconds
[2025-07-23T09:16:35.444+0000] {processor.py:161} INFO - Started process (PID=2978) to work on /opt/airflow/dags/bitcoin_etl_dag.py
[2025-07-23T09:16:35.444+0000] {processor.py:830} INFO - Processing file /opt/airflow/dags/bitcoin_etl_dag.py for tasks to queue
[2025-07-23T09:16:35.445+0000] {logging_mixin.py:188} INFO - [2025-07-23T09:16:35.445+0000] {dagbag.py:538} INFO - Filling up the DagBag from /opt/airflow/dags/bitcoin_etl_dag.py
[2025-07-23T09:16:35.516+0000] {processor.py:840} INFO - DAG(s) 'bitcoin_price_dag' retrieved from /opt/airflow/dags/bitcoin_etl_dag.py
[2025-07-23T09:16:35.541+0000] {logging_mixin.py:188} INFO - [2025-07-23T09:16:35.541+0000] {dag.py:3036} INFO - Sync 1 DAGs
[2025-07-23T09:16:35.562+0000] {logging_mixin.py:188} INFO - [2025-07-23T09:16:35.562+0000] {dag.py:3823} INFO - Setting next_dagrun for bitcoin_price_dag to 2025-07-23 09:00:00+00:00, run_after=2025-07-23 09:30:00+00:00
[2025-07-23T09:16:35.575+0000] {processor.py:183} INFO - Processing /opt/airflow/dags/bitcoin_etl_dag.py took 0.134 seconds
[2025-07-23T09:17:05.811+0000] {processor.py:161} INFO - Started process (PID=3016) to work on /opt/airflow/dags/bitcoin_etl_dag.py
[2025-07-23T09:17:05.811+0000] {processor.py:830} INFO - Processing file /opt/airflow/dags/bitcoin_etl_dag.py for tasks to queue
[2025-07-23T09:17:05.812+0000] {logging_mixin.py:188} INFO - [2025-07-23T09:17:05.812+0000] {dagbag.py:538} INFO - Filling up the DagBag from /opt/airflow/dags/bitcoin_etl_dag.py
[2025-07-23T09:17:05.875+0000] {processor.py:840} INFO - DAG(s) 'bitcoin_price_dag' retrieved from /opt/airflow/dags/bitcoin_etl_dag.py
[2025-07-23T09:17:05.898+0000] {logging_mixin.py:188} INFO - [2025-07-23T09:17:05.897+0000] {dag.py:3036} INFO - Sync 1 DAGs
[2025-07-23T09:17:05.915+0000] {logging_mixin.py:188} INFO - [2025-07-23T09:17:05.915+0000] {dag.py:3823} INFO - Setting next_dagrun for bitcoin_price_dag to 2025-07-23 09:00:00+00:00, run_after=2025-07-23 09:30:00+00:00
[2025-07-23T09:17:05.927+0000] {processor.py:183} INFO - Processing /opt/airflow/dags/bitcoin_etl_dag.py took 0.119 seconds
[2025-07-23T09:17:36.149+0000] {processor.py:161} INFO - Started process (PID=3059) to work on /opt/airflow/dags/bitcoin_etl_dag.py
[2025-07-23T09:17:36.149+0000] {processor.py:830} INFO - Processing file /opt/airflow/dags/bitcoin_etl_dag.py for tasks to queue
[2025-07-23T09:17:36.150+0000] {logging_mixin.py:188} INFO - [2025-07-23T09:17:36.150+0000] {dagbag.py:538} INFO - Filling up the DagBag from /opt/airflow/dags/bitcoin_etl_dag.py
[2025-07-23T09:17:36.212+0000] {processor.py:840} INFO - DAG(s) 'bitcoin_price_dag' retrieved from /opt/airflow/dags/bitcoin_etl_dag.py
[2025-07-23T09:17:36.234+0000] {logging_mixin.py:188} INFO - [2025-07-23T09:17:36.234+0000] {dag.py:3036} INFO - Sync 1 DAGs
[2025-07-23T09:17:36.252+0000] {logging_mixin.py:188} INFO - [2025-07-23T09:17:36.252+0000] {dag.py:3823} INFO - Setting next_dagrun for bitcoin_price_dag to 2025-07-23 09:00:00+00:00, run_after=2025-07-23 09:30:00+00:00
[2025-07-23T09:17:36.265+0000] {processor.py:183} INFO - Processing /opt/airflow/dags/bitcoin_etl_dag.py took 0.120 seconds
[2025-07-23T09:18:06.494+0000] {processor.py:161} INFO - Started process (PID=3102) to work on /opt/airflow/dags/bitcoin_etl_dag.py
[2025-07-23T09:18:06.495+0000] {processor.py:830} INFO - Processing file /opt/airflow/dags/bitcoin_etl_dag.py for tasks to queue
[2025-07-23T09:18:06.495+0000] {logging_mixin.py:188} INFO - [2025-07-23T09:18:06.495+0000] {dagbag.py:538} INFO - Filling up the DagBag from /opt/airflow/dags/bitcoin_etl_dag.py
[2025-07-23T09:18:06.559+0000] {processor.py:840} INFO - DAG(s) 'bitcoin_price_dag' retrieved from /opt/airflow/dags/bitcoin_etl_dag.py
[2025-07-23T09:18:06.582+0000] {logging_mixin.py:188} INFO - [2025-07-23T09:18:06.582+0000] {dag.py:3036} INFO - Sync 1 DAGs
[2025-07-23T09:18:06.600+0000] {logging_mixin.py:188} INFO - [2025-07-23T09:18:06.599+0000] {dag.py:3823} INFO - Setting next_dagrun for bitcoin_price_dag to 2025-07-23 09:00:00+00:00, run_after=2025-07-23 09:30:00+00:00
[2025-07-23T09:18:06.613+0000] {processor.py:183} INFO - Processing /opt/airflow/dags/bitcoin_etl_dag.py took 0.122 seconds
[2025-07-23T09:18:36.897+0000] {processor.py:161} INFO - Started process (PID=3145) to work on /opt/airflow/dags/bitcoin_etl_dag.py
[2025-07-23T09:18:36.897+0000] {processor.py:830} INFO - Processing file /opt/airflow/dags/bitcoin_etl_dag.py for tasks to queue
[2025-07-23T09:18:36.898+0000] {logging_mixin.py:188} INFO - [2025-07-23T09:18:36.898+0000] {dagbag.py:538} INFO - Filling up the DagBag from /opt/airflow/dags/bitcoin_etl_dag.py
[2025-07-23T09:18:36.961+0000] {processor.py:840} INFO - DAG(s) 'bitcoin_price_dag' retrieved from /opt/airflow/dags/bitcoin_etl_dag.py
[2025-07-23T09:18:36.982+0000] {logging_mixin.py:188} INFO - [2025-07-23T09:18:36.982+0000] {dag.py:3036} INFO - Sync 1 DAGs
[2025-07-23T09:18:37.001+0000] {logging_mixin.py:188} INFO - [2025-07-23T09:18:37.001+0000] {dag.py:3823} INFO - Setting next_dagrun for bitcoin_price_dag to 2025-07-23 09:00:00+00:00, run_after=2025-07-23 09:30:00+00:00
[2025-07-23T09:18:37.013+0000] {processor.py:183} INFO - Processing /opt/airflow/dags/bitcoin_etl_dag.py took 0.120 seconds
[2025-07-23T09:19:07.241+0000] {processor.py:161} INFO - Started process (PID=3183) to work on /opt/airflow/dags/bitcoin_etl_dag.py
[2025-07-23T09:19:07.241+0000] {processor.py:830} INFO - Processing file /opt/airflow/dags/bitcoin_etl_dag.py for tasks to queue
[2025-07-23T09:19:07.242+0000] {logging_mixin.py:188} INFO - [2025-07-23T09:19:07.242+0000] {dagbag.py:538} INFO - Filling up the DagBag from /opt/airflow/dags/bitcoin_etl_dag.py
[2025-07-23T09:19:07.306+0000] {processor.py:840} INFO - DAG(s) 'bitcoin_price_dag' retrieved from /opt/airflow/dags/bitcoin_etl_dag.py
[2025-07-23T09:19:07.329+0000] {logging_mixin.py:188} INFO - [2025-07-23T09:19:07.329+0000] {dag.py:3036} INFO - Sync 1 DAGs
[2025-07-23T09:19:07.347+0000] {logging_mixin.py:188} INFO - [2025-07-23T09:19:07.347+0000] {dag.py:3823} INFO - Setting next_dagrun for bitcoin_price_dag to 2025-07-23 09:00:00+00:00, run_after=2025-07-23 09:30:00+00:00
[2025-07-23T09:19:07.359+0000] {processor.py:183} INFO - Processing /opt/airflow/dags/bitcoin_etl_dag.py took 0.121 seconds
[2025-07-23T09:19:37.579+0000] {processor.py:161} INFO - Started process (PID=3221) to work on /opt/airflow/dags/bitcoin_etl_dag.py
[2025-07-23T09:19:37.579+0000] {processor.py:830} INFO - Processing file /opt/airflow/dags/bitcoin_etl_dag.py for tasks to queue
[2025-07-23T09:19:37.580+0000] {logging_mixin.py:188} INFO - [2025-07-23T09:19:37.580+0000] {dagbag.py:538} INFO - Filling up the DagBag from /opt/airflow/dags/bitcoin_etl_dag.py
[2025-07-23T09:19:37.643+0000] {processor.py:840} INFO - DAG(s) 'bitcoin_price_dag' retrieved from /opt/airflow/dags/bitcoin_etl_dag.py
[2025-07-23T09:19:37.667+0000] {logging_mixin.py:188} INFO - [2025-07-23T09:19:37.667+0000] {dag.py:3036} INFO - Sync 1 DAGs
[2025-07-23T09:19:37.687+0000] {logging_mixin.py:188} INFO - [2025-07-23T09:19:37.687+0000] {dag.py:3823} INFO - Setting next_dagrun for bitcoin_price_dag to 2025-07-23 09:00:00+00:00, run_after=2025-07-23 09:30:00+00:00
[2025-07-23T09:19:37.712+0000] {processor.py:183} INFO - Processing /opt/airflow/dags/bitcoin_etl_dag.py took 0.136 seconds
[2025-07-23T09:20:07.945+0000] {processor.py:161} INFO - Started process (PID=3259) to work on /opt/airflow/dags/bitcoin_etl_dag.py
[2025-07-23T09:20:07.946+0000] {processor.py:830} INFO - Processing file /opt/airflow/dags/bitcoin_etl_dag.py for tasks to queue
[2025-07-23T09:20:07.947+0000] {logging_mixin.py:188} INFO - [2025-07-23T09:20:07.946+0000] {dagbag.py:538} INFO - Filling up the DagBag from /opt/airflow/dags/bitcoin_etl_dag.py
[2025-07-23T09:20:08.007+0000] {processor.py:840} INFO - DAG(s) 'bitcoin_price_dag' retrieved from /opt/airflow/dags/bitcoin_etl_dag.py
[2025-07-23T09:20:08.031+0000] {logging_mixin.py:188} INFO - [2025-07-23T09:20:08.031+0000] {dag.py:3036} INFO - Sync 1 DAGs
[2025-07-23T09:20:08.048+0000] {logging_mixin.py:188} INFO - [2025-07-23T09:20:08.048+0000] {dag.py:3823} INFO - Setting next_dagrun for bitcoin_price_dag to 2025-07-23 09:00:00+00:00, run_after=2025-07-23 09:30:00+00:00
[2025-07-23T09:20:08.060+0000] {processor.py:183} INFO - Processing /opt/airflow/dags/bitcoin_etl_dag.py took 0.117 seconds
[2025-07-23T09:20:38.290+0000] {processor.py:161} INFO - Started process (PID=3297) to work on /opt/airflow/dags/bitcoin_etl_dag.py
[2025-07-23T09:20:38.291+0000] {processor.py:830} INFO - Processing file /opt/airflow/dags/bitcoin_etl_dag.py for tasks to queue
[2025-07-23T09:20:38.292+0000] {logging_mixin.py:188} INFO - [2025-07-23T09:20:38.292+0000] {dagbag.py:538} INFO - Filling up the DagBag from /opt/airflow/dags/bitcoin_etl_dag.py
[2025-07-23T09:20:38.361+0000] {processor.py:840} INFO - DAG(s) 'bitcoin_price_dag' retrieved from /opt/airflow/dags/bitcoin_etl_dag.py
[2025-07-23T09:20:38.388+0000] {logging_mixin.py:188} INFO - [2025-07-23T09:20:38.388+0000] {dag.py:3036} INFO - Sync 1 DAGs
[2025-07-23T09:20:38.405+0000] {logging_mixin.py:188} INFO - [2025-07-23T09:20:38.405+0000] {dag.py:3823} INFO - Setting next_dagrun for bitcoin_price_dag to 2025-07-23 09:00:00+00:00, run_after=2025-07-23 09:30:00+00:00
[2025-07-23T09:20:38.417+0000] {processor.py:183} INFO - Processing /opt/airflow/dags/bitcoin_etl_dag.py took 0.130 seconds
[2025-07-23T09:21:08.643+0000] {processor.py:161} INFO - Started process (PID=3335) to work on /opt/airflow/dags/bitcoin_etl_dag.py
[2025-07-23T09:21:08.643+0000] {processor.py:830} INFO - Processing file /opt/airflow/dags/bitcoin_etl_dag.py for tasks to queue
[2025-07-23T09:21:08.644+0000] {logging_mixin.py:188} INFO - [2025-07-23T09:21:08.644+0000] {dagbag.py:538} INFO - Filling up the DagBag from /opt/airflow/dags/bitcoin_etl_dag.py
[2025-07-23T09:21:08.709+0000] {processor.py:840} INFO - DAG(s) 'bitcoin_price_dag' retrieved from /opt/airflow/dags/bitcoin_etl_dag.py
[2025-07-23T09:21:08.735+0000] {logging_mixin.py:188} INFO - [2025-07-23T09:21:08.735+0000] {dag.py:3036} INFO - Sync 1 DAGs
[2025-07-23T09:21:08.754+0000] {logging_mixin.py:188} INFO - [2025-07-23T09:21:08.754+0000] {dag.py:3823} INFO - Setting next_dagrun for bitcoin_price_dag to 2025-07-23 09:00:00+00:00, run_after=2025-07-23 09:30:00+00:00
[2025-07-23T09:21:08.768+0000] {processor.py:183} INFO - Processing /opt/airflow/dags/bitcoin_etl_dag.py took 0.128 seconds
[2025-07-23T09:21:38.993+0000] {processor.py:161} INFO - Started process (PID=3373) to work on /opt/airflow/dags/bitcoin_etl_dag.py
[2025-07-23T09:21:38.994+0000] {processor.py:830} INFO - Processing file /opt/airflow/dags/bitcoin_etl_dag.py for tasks to queue
[2025-07-23T09:21:38.995+0000] {logging_mixin.py:188} INFO - [2025-07-23T09:21:38.995+0000] {dagbag.py:538} INFO - Filling up the DagBag from /opt/airflow/dags/bitcoin_etl_dag.py
[2025-07-23T09:21:39.059+0000] {processor.py:840} INFO - DAG(s) 'bitcoin_price_dag' retrieved from /opt/airflow/dags/bitcoin_etl_dag.py
[2025-07-23T09:21:39.082+0000] {logging_mixin.py:188} INFO - [2025-07-23T09:21:39.081+0000] {dag.py:3036} INFO - Sync 1 DAGs
[2025-07-23T09:21:39.100+0000] {logging_mixin.py:188} INFO - [2025-07-23T09:21:39.100+0000] {dag.py:3823} INFO - Setting next_dagrun for bitcoin_price_dag to 2025-07-23 09:00:00+00:00, run_after=2025-07-23 09:30:00+00:00
[2025-07-23T09:21:39.112+0000] {processor.py:183} INFO - Processing /opt/airflow/dags/bitcoin_etl_dag.py took 0.122 seconds
[2025-07-23T09:22:09.337+0000] {processor.py:161} INFO - Started process (PID=3411) to work on /opt/airflow/dags/bitcoin_etl_dag.py
[2025-07-23T09:22:09.338+0000] {processor.py:830} INFO - Processing file /opt/airflow/dags/bitcoin_etl_dag.py for tasks to queue
[2025-07-23T09:22:09.338+0000] {logging_mixin.py:188} INFO - [2025-07-23T09:22:09.338+0000] {dagbag.py:538} INFO - Filling up the DagBag from /opt/airflow/dags/bitcoin_etl_dag.py
[2025-07-23T09:22:09.404+0000] {processor.py:840} INFO - DAG(s) 'bitcoin_price_dag' retrieved from /opt/airflow/dags/bitcoin_etl_dag.py
[2025-07-23T09:22:09.427+0000] {logging_mixin.py:188} INFO - [2025-07-23T09:22:09.427+0000] {dag.py:3036} INFO - Sync 1 DAGs
[2025-07-23T09:22:09.450+0000] {logging_mixin.py:188} INFO - [2025-07-23T09:22:09.450+0000] {dag.py:3823} INFO - Setting next_dagrun for bitcoin_price_dag to 2025-07-23 09:00:00+00:00, run_after=2025-07-23 09:30:00+00:00
[2025-07-23T09:22:09.463+0000] {processor.py:183} INFO - Processing /opt/airflow/dags/bitcoin_etl_dag.py took 0.129 seconds
