[2025-07-23T09:03:25.822+0000] {processor.py:161} INFO - Started process (PID=1938) to work on /opt/airflow/dags/Exchange_etl_dag.py
[2025-07-23T09:03:25.823+0000] {processor.py:830} INFO - Processing file /opt/airflow/dags/Exchange_etl_dag.py for tasks to queue
[2025-07-23T09:03:25.824+0000] {logging_mixin.py:188} INFO - [2025-07-23T09:03:25.823+0000] {dagbag.py:538} INFO - Filling up the DagBag from /opt/airflow/dags/Exchange_etl_dag.py
[2025-07-23T09:03:25.893+0000] {processor.py:840} INFO - DAG(s) 'exchange_rate_dag' retrieved from /opt/airflow/dags/Exchange_etl_dag.py
[2025-07-23T09:03:26.003+0000] {logging_mixin.py:188} INFO - [2025-07-23T09:03:26.002+0000] {override.py:1769} INFO - Created Permission View: can delete on DAG:exchange_rate_dag
[2025-07-23T09:03:26.010+0000] {logging_mixin.py:188} INFO - [2025-07-23T09:03:26.010+0000] {override.py:1769} INFO - Created Permission View: can read on DAG:exchange_rate_dag
[2025-07-23T09:03:26.015+0000] {logging_mixin.py:188} INFO - [2025-07-23T09:03:26.015+0000] {override.py:1769} INFO - Created Permission View: can edit on DAG:exchange_rate_dag
[2025-07-23T09:03:26.015+0000] {logging_mixin.py:188} INFO - [2025-07-23T09:03:26.015+0000] {dag.py:3036} INFO - Sync 1 DAGs
[2025-07-23T09:03:26.023+0000] {logging_mixin.py:188} INFO - [2025-07-23T09:03:26.023+0000] {dag.py:3058} INFO - Creating ORM DAG for exchange_rate_dag
[2025-07-23T09:03:26.031+0000] {logging_mixin.py:188} INFO - [2025-07-23T09:03:26.031+0000] {dag.py:3823} INFO - Setting next_dagrun for exchange_rate_dag to 2025-07-22 08:00:00+00:00, run_after=2025-07-23 08:00:00+00:00
[2025-07-23T09:03:26.044+0000] {processor.py:183} INFO - Processing /opt/airflow/dags/Exchange_etl_dag.py took 0.225 seconds
[2025-07-23T09:03:56.304+0000] {processor.py:161} INFO - Started process (PID=1976) to work on /opt/airflow/dags/Exchange_etl_dag.py
[2025-07-23T09:03:56.305+0000] {processor.py:830} INFO - Processing file /opt/airflow/dags/Exchange_etl_dag.py for tasks to queue
[2025-07-23T09:03:56.305+0000] {logging_mixin.py:188} INFO - [2025-07-23T09:03:56.305+0000] {dagbag.py:538} INFO - Filling up the DagBag from /opt/airflow/dags/Exchange_etl_dag.py
[2025-07-23T09:03:56.373+0000] {processor.py:840} INFO - DAG(s) 'exchange_rate_dag' retrieved from /opt/airflow/dags/Exchange_etl_dag.py
[2025-07-23T09:03:56.395+0000] {logging_mixin.py:188} INFO - [2025-07-23T09:03:56.395+0000] {dag.py:3036} INFO - Sync 1 DAGs
[2025-07-23T09:03:56.412+0000] {logging_mixin.py:188} INFO - [2025-07-23T09:03:56.411+0000] {dag.py:3823} INFO - Setting next_dagrun for exchange_rate_dag to 2025-07-22 08:00:00+00:00, run_after=2025-07-23 08:00:00+00:00
[2025-07-23T09:03:56.424+0000] {processor.py:183} INFO - Processing /opt/airflow/dags/Exchange_etl_dag.py took 0.124 seconds
[2025-07-23T09:04:26.662+0000] {processor.py:161} INFO - Started process (PID=2014) to work on /opt/airflow/dags/Exchange_etl_dag.py
[2025-07-23T09:04:26.663+0000] {processor.py:830} INFO - Processing file /opt/airflow/dags/Exchange_etl_dag.py for tasks to queue
[2025-07-23T09:04:26.664+0000] {logging_mixin.py:188} INFO - [2025-07-23T09:04:26.663+0000] {dagbag.py:538} INFO - Filling up the DagBag from /opt/airflow/dags/Exchange_etl_dag.py
[2025-07-23T09:04:26.727+0000] {processor.py:840} INFO - DAG(s) 'exchange_rate_dag' retrieved from /opt/airflow/dags/Exchange_etl_dag.py
[2025-07-23T09:04:26.750+0000] {logging_mixin.py:188} INFO - [2025-07-23T09:04:26.749+0000] {dag.py:3036} INFO - Sync 1 DAGs
[2025-07-23T09:04:26.766+0000] {logging_mixin.py:188} INFO - [2025-07-23T09:04:26.766+0000] {dag.py:3823} INFO - Setting next_dagrun for exchange_rate_dag to 2025-07-22 08:00:00+00:00, run_after=2025-07-23 08:00:00+00:00
[2025-07-23T09:04:26.780+0000] {processor.py:183} INFO - Processing /opt/airflow/dags/Exchange_etl_dag.py took 0.123 seconds
[2025-07-23T09:04:57.024+0000] {processor.py:161} INFO - Started process (PID=2052) to work on /opt/airflow/dags/Exchange_etl_dag.py
[2025-07-23T09:04:57.025+0000] {processor.py:830} INFO - Processing file /opt/airflow/dags/Exchange_etl_dag.py for tasks to queue
[2025-07-23T09:04:57.026+0000] {logging_mixin.py:188} INFO - [2025-07-23T09:04:57.026+0000] {dagbag.py:538} INFO - Filling up the DagBag from /opt/airflow/dags/Exchange_etl_dag.py
[2025-07-23T09:04:57.092+0000] {processor.py:840} INFO - DAG(s) 'exchange_rate_dag' retrieved from /opt/airflow/dags/Exchange_etl_dag.py
[2025-07-23T09:04:57.115+0000] {logging_mixin.py:188} INFO - [2025-07-23T09:04:57.115+0000] {dag.py:3036} INFO - Sync 1 DAGs
[2025-07-23T09:04:57.134+0000] {logging_mixin.py:188} INFO - [2025-07-23T09:04:57.134+0000] {dag.py:3823} INFO - Setting next_dagrun for exchange_rate_dag to 2025-07-22 08:00:00+00:00, run_after=2025-07-23 08:00:00+00:00
[2025-07-23T09:04:57.148+0000] {processor.py:183} INFO - Processing /opt/airflow/dags/Exchange_etl_dag.py took 0.128 seconds
[2025-07-23T09:05:27.393+0000] {processor.py:161} INFO - Started process (PID=2096) to work on /opt/airflow/dags/Exchange_etl_dag.py
[2025-07-23T09:05:27.393+0000] {processor.py:830} INFO - Processing file /opt/airflow/dags/Exchange_etl_dag.py for tasks to queue
[2025-07-23T09:05:27.394+0000] {logging_mixin.py:188} INFO - [2025-07-23T09:05:27.394+0000] {dagbag.py:538} INFO - Filling up the DagBag from /opt/airflow/dags/Exchange_etl_dag.py
[2025-07-23T09:05:27.458+0000] {processor.py:840} INFO - DAG(s) 'exchange_rate_dag' retrieved from /opt/airflow/dags/Exchange_etl_dag.py
[2025-07-23T09:05:27.480+0000] {logging_mixin.py:188} INFO - [2025-07-23T09:05:27.480+0000] {dag.py:3036} INFO - Sync 1 DAGs
[2025-07-23T09:05:27.500+0000] {logging_mixin.py:188} INFO - [2025-07-23T09:05:27.500+0000] {dag.py:3823} INFO - Setting next_dagrun for exchange_rate_dag to 2025-07-22 08:00:00+00:00, run_after=2025-07-23 08:00:00+00:00
[2025-07-23T09:05:27.515+0000] {processor.py:183} INFO - Processing /opt/airflow/dags/Exchange_etl_dag.py took 0.126 seconds
[2025-07-23T09:05:57.749+0000] {processor.py:161} INFO - Started process (PID=2134) to work on /opt/airflow/dags/Exchange_etl_dag.py
[2025-07-23T09:05:57.749+0000] {processor.py:830} INFO - Processing file /opt/airflow/dags/Exchange_etl_dag.py for tasks to queue
[2025-07-23T09:05:57.750+0000] {logging_mixin.py:188} INFO - [2025-07-23T09:05:57.750+0000] {dagbag.py:538} INFO - Filling up the DagBag from /opt/airflow/dags/Exchange_etl_dag.py
[2025-07-23T09:05:57.827+0000] {processor.py:840} INFO - DAG(s) 'exchange_rate_dag' retrieved from /opt/airflow/dags/Exchange_etl_dag.py
[2025-07-23T09:05:57.849+0000] {logging_mixin.py:188} INFO - [2025-07-23T09:05:57.849+0000] {dag.py:3036} INFO - Sync 1 DAGs
[2025-07-23T09:05:57.866+0000] {logging_mixin.py:188} INFO - [2025-07-23T09:05:57.865+0000] {dag.py:3823} INFO - Setting next_dagrun for exchange_rate_dag to 2025-07-22 08:00:00+00:00, run_after=2025-07-23 08:00:00+00:00
[2025-07-23T09:05:57.879+0000] {processor.py:183} INFO - Processing /opt/airflow/dags/Exchange_etl_dag.py took 0.133 seconds
[2025-07-23T09:06:28.113+0000] {processor.py:161} INFO - Started process (PID=2173) to work on /opt/airflow/dags/Exchange_etl_dag.py
[2025-07-23T09:06:28.114+0000] {processor.py:830} INFO - Processing file /opt/airflow/dags/Exchange_etl_dag.py for tasks to queue
[2025-07-23T09:06:28.115+0000] {logging_mixin.py:188} INFO - [2025-07-23T09:06:28.114+0000] {dagbag.py:538} INFO - Filling up the DagBag from /opt/airflow/dags/Exchange_etl_dag.py
[2025-07-23T09:06:28.181+0000] {processor.py:840} INFO - DAG(s) 'exchange_rate_dag' retrieved from /opt/airflow/dags/Exchange_etl_dag.py
[2025-07-23T09:06:28.203+0000] {logging_mixin.py:188} INFO - [2025-07-23T09:06:28.203+0000] {dag.py:3036} INFO - Sync 1 DAGs
[2025-07-23T09:06:28.221+0000] {logging_mixin.py:188} INFO - [2025-07-23T09:06:28.221+0000] {dag.py:3823} INFO - Setting next_dagrun for exchange_rate_dag to 2025-07-22 08:00:00+00:00, run_after=2025-07-23 08:00:00+00:00
[2025-07-23T09:06:28.234+0000] {processor.py:183} INFO - Processing /opt/airflow/dags/Exchange_etl_dag.py took 0.124 seconds
[2025-07-23T09:06:58.467+0000] {processor.py:161} INFO - Started process (PID=2212) to work on /opt/airflow/dags/Exchange_etl_dag.py
[2025-07-23T09:06:58.468+0000] {processor.py:830} INFO - Processing file /opt/airflow/dags/Exchange_etl_dag.py for tasks to queue
[2025-07-23T09:06:58.468+0000] {logging_mixin.py:188} INFO - [2025-07-23T09:06:58.468+0000] {dagbag.py:538} INFO - Filling up the DagBag from /opt/airflow/dags/Exchange_etl_dag.py
[2025-07-23T09:06:58.546+0000] {processor.py:840} INFO - DAG(s) 'exchange_rate_dag' retrieved from /opt/airflow/dags/Exchange_etl_dag.py
[2025-07-23T09:06:58.568+0000] {logging_mixin.py:188} INFO - [2025-07-23T09:06:58.567+0000] {dag.py:3036} INFO - Sync 1 DAGs
[2025-07-23T09:06:58.584+0000] {logging_mixin.py:188} INFO - [2025-07-23T09:06:58.584+0000] {dag.py:3823} INFO - Setting next_dagrun for exchange_rate_dag to 2025-07-22 08:00:00+00:00, run_after=2025-07-23 08:00:00+00:00
[2025-07-23T09:06:58.596+0000] {processor.py:183} INFO - Processing /opt/airflow/dags/Exchange_etl_dag.py took 0.133 seconds
[2025-07-23T09:07:28.840+0000] {processor.py:161} INFO - Started process (PID=2250) to work on /opt/airflow/dags/Exchange_etl_dag.py
[2025-07-23T09:07:28.841+0000] {processor.py:830} INFO - Processing file /opt/airflow/dags/Exchange_etl_dag.py for tasks to queue
[2025-07-23T09:07:28.842+0000] {logging_mixin.py:188} INFO - [2025-07-23T09:07:28.841+0000] {dagbag.py:538} INFO - Filling up the DagBag from /opt/airflow/dags/Exchange_etl_dag.py
[2025-07-23T09:07:28.905+0000] {processor.py:840} INFO - DAG(s) 'exchange_rate_dag' retrieved from /opt/airflow/dags/Exchange_etl_dag.py
[2025-07-23T09:07:28.929+0000] {logging_mixin.py:188} INFO - [2025-07-23T09:07:28.929+0000] {dag.py:3036} INFO - Sync 1 DAGs
[2025-07-23T09:07:28.947+0000] {logging_mixin.py:188} INFO - [2025-07-23T09:07:28.947+0000] {dag.py:3823} INFO - Setting next_dagrun for exchange_rate_dag to 2025-07-22 08:00:00+00:00, run_after=2025-07-23 08:00:00+00:00
[2025-07-23T09:07:28.963+0000] {processor.py:183} INFO - Processing /opt/airflow/dags/Exchange_etl_dag.py took 0.126 seconds
[2025-07-23T09:07:59.204+0000] {processor.py:161} INFO - Started process (PID=2288) to work on /opt/airflow/dags/Exchange_etl_dag.py
[2025-07-23T09:07:59.204+0000] {processor.py:830} INFO - Processing file /opt/airflow/dags/Exchange_etl_dag.py for tasks to queue
[2025-07-23T09:07:59.205+0000] {logging_mixin.py:188} INFO - [2025-07-23T09:07:59.205+0000] {dagbag.py:538} INFO - Filling up the DagBag from /opt/airflow/dags/Exchange_etl_dag.py
[2025-07-23T09:07:59.295+0000] {processor.py:840} INFO - DAG(s) 'exchange_rate_dag' retrieved from /opt/airflow/dags/Exchange_etl_dag.py
[2025-07-23T09:07:59.333+0000] {logging_mixin.py:188} INFO - [2025-07-23T09:07:59.333+0000] {dag.py:3036} INFO - Sync 1 DAGs
[2025-07-23T09:07:59.357+0000] {logging_mixin.py:188} INFO - [2025-07-23T09:07:59.357+0000] {dag.py:3823} INFO - Setting next_dagrun for exchange_rate_dag to 2025-07-22 08:00:00+00:00, run_after=2025-07-23 08:00:00+00:00
[2025-07-23T09:07:59.372+0000] {processor.py:183} INFO - Processing /opt/airflow/dags/Exchange_etl_dag.py took 0.172 seconds
[2025-07-23T09:08:29.669+0000] {processor.py:161} INFO - Started process (PID=2326) to work on /opt/airflow/dags/Exchange_etl_dag.py
[2025-07-23T09:08:29.670+0000] {processor.py:830} INFO - Processing file /opt/airflow/dags/Exchange_etl_dag.py for tasks to queue
[2025-07-23T09:08:29.670+0000] {logging_mixin.py:188} INFO - [2025-07-23T09:08:29.670+0000] {dagbag.py:538} INFO - Filling up the DagBag from /opt/airflow/dags/Exchange_etl_dag.py
[2025-07-23T09:08:29.732+0000] {processor.py:840} INFO - DAG(s) 'exchange_rate_dag' retrieved from /opt/airflow/dags/Exchange_etl_dag.py
[2025-07-23T09:08:29.755+0000] {logging_mixin.py:188} INFO - [2025-07-23T09:08:29.755+0000] {dag.py:3036} INFO - Sync 1 DAGs
[2025-07-23T09:08:29.773+0000] {logging_mixin.py:188} INFO - [2025-07-23T09:08:29.773+0000] {dag.py:3823} INFO - Setting next_dagrun for exchange_rate_dag to 2025-07-22 08:00:00+00:00, run_after=2025-07-23 08:00:00+00:00
[2025-07-23T09:08:29.786+0000] {processor.py:183} INFO - Processing /opt/airflow/dags/Exchange_etl_dag.py took 0.119 seconds
[2025-07-23T09:09:00.023+0000] {processor.py:161} INFO - Started process (PID=2365) to work on /opt/airflow/dags/Exchange_etl_dag.py
[2025-07-23T09:09:00.023+0000] {processor.py:830} INFO - Processing file /opt/airflow/dags/Exchange_etl_dag.py for tasks to queue
[2025-07-23T09:09:00.024+0000] {logging_mixin.py:188} INFO - [2025-07-23T09:09:00.024+0000] {dagbag.py:538} INFO - Filling up the DagBag from /opt/airflow/dags/Exchange_etl_dag.py
[2025-07-23T09:09:00.102+0000] {processor.py:840} INFO - DAG(s) 'exchange_rate_dag' retrieved from /opt/airflow/dags/Exchange_etl_dag.py
[2025-07-23T09:09:00.125+0000] {logging_mixin.py:188} INFO - [2025-07-23T09:09:00.125+0000] {dag.py:3036} INFO - Sync 1 DAGs
[2025-07-23T09:09:00.142+0000] {logging_mixin.py:188} INFO - [2025-07-23T09:09:00.141+0000] {dag.py:3823} INFO - Setting next_dagrun for exchange_rate_dag to 2025-07-22 08:00:00+00:00, run_after=2025-07-23 08:00:00+00:00
[2025-07-23T09:09:00.153+0000] {processor.py:183} INFO - Processing /opt/airflow/dags/Exchange_etl_dag.py took 0.134 seconds
[2025-07-23T09:09:30.392+0000] {processor.py:161} INFO - Started process (PID=2403) to work on /opt/airflow/dags/Exchange_etl_dag.py
[2025-07-23T09:09:30.393+0000] {processor.py:830} INFO - Processing file /opt/airflow/dags/Exchange_etl_dag.py for tasks to queue
[2025-07-23T09:09:30.393+0000] {logging_mixin.py:188} INFO - [2025-07-23T09:09:30.393+0000] {dagbag.py:538} INFO - Filling up the DagBag from /opt/airflow/dags/Exchange_etl_dag.py
[2025-07-23T09:09:30.459+0000] {processor.py:840} INFO - DAG(s) 'exchange_rate_dag' retrieved from /opt/airflow/dags/Exchange_etl_dag.py
[2025-07-23T09:09:30.478+0000] {logging_mixin.py:188} INFO - [2025-07-23T09:09:30.478+0000] {dag.py:3036} INFO - Sync 1 DAGs
[2025-07-23T09:09:30.494+0000] {logging_mixin.py:188} INFO - [2025-07-23T09:09:30.494+0000] {dag.py:3823} INFO - Setting next_dagrun for exchange_rate_dag to 2025-07-22 08:00:00+00:00, run_after=2025-07-23 08:00:00+00:00
[2025-07-23T09:09:30.505+0000] {processor.py:183} INFO - Processing /opt/airflow/dags/Exchange_etl_dag.py took 0.116 seconds
[2025-07-23T09:10:00.741+0000] {processor.py:161} INFO - Started process (PID=2441) to work on /opt/airflow/dags/Exchange_etl_dag.py
[2025-07-23T09:10:00.741+0000] {processor.py:830} INFO - Processing file /opt/airflow/dags/Exchange_etl_dag.py for tasks to queue
[2025-07-23T09:10:00.742+0000] {logging_mixin.py:188} INFO - [2025-07-23T09:10:00.742+0000] {dagbag.py:538} INFO - Filling up the DagBag from /opt/airflow/dags/Exchange_etl_dag.py
[2025-07-23T09:10:00.821+0000] {processor.py:840} INFO - DAG(s) 'exchange_rate_dag' retrieved from /opt/airflow/dags/Exchange_etl_dag.py
[2025-07-23T09:10:00.843+0000] {logging_mixin.py:188} INFO - [2025-07-23T09:10:00.843+0000] {dag.py:3036} INFO - Sync 1 DAGs
[2025-07-23T09:10:00.860+0000] {logging_mixin.py:188} INFO - [2025-07-23T09:10:00.859+0000] {dag.py:3823} INFO - Setting next_dagrun for exchange_rate_dag to 2025-07-22 08:00:00+00:00, run_after=2025-07-23 08:00:00+00:00
[2025-07-23T09:10:00.872+0000] {processor.py:183} INFO - Processing /opt/airflow/dags/Exchange_etl_dag.py took 0.134 seconds
[2025-07-23T09:10:31.107+0000] {processor.py:161} INFO - Started process (PID=2479) to work on /opt/airflow/dags/Exchange_etl_dag.py
[2025-07-23T09:10:31.107+0000] {processor.py:830} INFO - Processing file /opt/airflow/dags/Exchange_etl_dag.py for tasks to queue
[2025-07-23T09:10:31.108+0000] {logging_mixin.py:188} INFO - [2025-07-23T09:10:31.108+0000] {dagbag.py:538} INFO - Filling up the DagBag from /opt/airflow/dags/Exchange_etl_dag.py
[2025-07-23T09:10:31.165+0000] {processor.py:840} INFO - DAG(s) 'exchange_rate_dag' retrieved from /opt/airflow/dags/Exchange_etl_dag.py
[2025-07-23T09:10:31.184+0000] {logging_mixin.py:188} INFO - [2025-07-23T09:10:31.184+0000] {dag.py:3036} INFO - Sync 1 DAGs
[2025-07-23T09:10:31.200+0000] {logging_mixin.py:188} INFO - [2025-07-23T09:10:31.200+0000] {dag.py:3823} INFO - Setting next_dagrun for exchange_rate_dag to 2025-07-22 08:00:00+00:00, run_after=2025-07-23 08:00:00+00:00
[2025-07-23T09:10:31.212+0000] {processor.py:183} INFO - Processing /opt/airflow/dags/Exchange_etl_dag.py took 0.108 seconds
[2025-07-23T09:11:01.448+0000] {processor.py:161} INFO - Started process (PID=2517) to work on /opt/airflow/dags/Exchange_etl_dag.py
[2025-07-23T09:11:01.449+0000] {processor.py:830} INFO - Processing file /opt/airflow/dags/Exchange_etl_dag.py for tasks to queue
[2025-07-23T09:11:01.450+0000] {logging_mixin.py:188} INFO - [2025-07-23T09:11:01.449+0000] {dagbag.py:538} INFO - Filling up the DagBag from /opt/airflow/dags/Exchange_etl_dag.py
[2025-07-23T09:11:01.536+0000] {processor.py:840} INFO - DAG(s) 'exchange_rate_dag' retrieved from /opt/airflow/dags/Exchange_etl_dag.py
[2025-07-23T09:11:01.560+0000] {logging_mixin.py:188} INFO - [2025-07-23T09:11:01.559+0000] {dag.py:3036} INFO - Sync 1 DAGs
[2025-07-23T09:11:01.584+0000] {logging_mixin.py:188} INFO - [2025-07-23T09:11:01.583+0000] {dag.py:3823} INFO - Setting next_dagrun for exchange_rate_dag to 2025-07-22 08:00:00+00:00, run_after=2025-07-23 08:00:00+00:00
[2025-07-23T09:11:01.604+0000] {processor.py:183} INFO - Processing /opt/airflow/dags/Exchange_etl_dag.py took 0.158 seconds
[2025-07-23T09:11:31.853+0000] {processor.py:161} INFO - Started process (PID=2555) to work on /opt/airflow/dags/Exchange_etl_dag.py
[2025-07-23T09:11:31.853+0000] {processor.py:830} INFO - Processing file /opt/airflow/dags/Exchange_etl_dag.py for tasks to queue
[2025-07-23T09:11:31.855+0000] {logging_mixin.py:188} INFO - [2025-07-23T09:11:31.854+0000] {dagbag.py:538} INFO - Filling up the DagBag from /opt/airflow/dags/Exchange_etl_dag.py
[2025-07-23T09:11:31.917+0000] {processor.py:840} INFO - DAG(s) 'exchange_rate_dag' retrieved from /opt/airflow/dags/Exchange_etl_dag.py
[2025-07-23T09:11:31.938+0000] {logging_mixin.py:188} INFO - [2025-07-23T09:11:31.938+0000] {dag.py:3036} INFO - Sync 1 DAGs
[2025-07-23T09:11:31.955+0000] {logging_mixin.py:188} INFO - [2025-07-23T09:11:31.955+0000] {dag.py:3823} INFO - Setting next_dagrun for exchange_rate_dag to 2025-07-22 08:00:00+00:00, run_after=2025-07-23 08:00:00+00:00
[2025-07-23T09:11:31.967+0000] {processor.py:183} INFO - Processing /opt/airflow/dags/Exchange_etl_dag.py took 0.118 seconds
[2025-07-23T09:12:02.214+0000] {processor.py:161} INFO - Started process (PID=2594) to work on /opt/airflow/dags/Exchange_etl_dag.py
[2025-07-23T09:12:02.214+0000] {processor.py:830} INFO - Processing file /opt/airflow/dags/Exchange_etl_dag.py for tasks to queue
[2025-07-23T09:12:02.215+0000] {logging_mixin.py:188} INFO - [2025-07-23T09:12:02.215+0000] {dagbag.py:538} INFO - Filling up the DagBag from /opt/airflow/dags/Exchange_etl_dag.py
[2025-07-23T09:12:02.278+0000] {processor.py:840} INFO - DAG(s) 'exchange_rate_dag' retrieved from /opt/airflow/dags/Exchange_etl_dag.py
[2025-07-23T09:12:02.305+0000] {logging_mixin.py:188} INFO - [2025-07-23T09:12:02.305+0000] {dag.py:3036} INFO - Sync 1 DAGs
[2025-07-23T09:12:02.322+0000] {logging_mixin.py:188} INFO - [2025-07-23T09:12:02.322+0000] {dag.py:3823} INFO - Setting next_dagrun for exchange_rate_dag to 2025-07-22 08:00:00+00:00, run_after=2025-07-23 08:00:00+00:00
[2025-07-23T09:12:02.335+0000] {processor.py:183} INFO - Processing /opt/airflow/dags/Exchange_etl_dag.py took 0.124 seconds
[2025-07-23T09:12:32.570+0000] {processor.py:161} INFO - Started process (PID=2632) to work on /opt/airflow/dags/Exchange_etl_dag.py
[2025-07-23T09:12:32.571+0000] {processor.py:830} INFO - Processing file /opt/airflow/dags/Exchange_etl_dag.py for tasks to queue
[2025-07-23T09:12:32.572+0000] {logging_mixin.py:188} INFO - [2025-07-23T09:12:32.571+0000] {dagbag.py:538} INFO - Filling up the DagBag from /opt/airflow/dags/Exchange_etl_dag.py
[2025-07-23T09:12:32.631+0000] {processor.py:840} INFO - DAG(s) 'exchange_rate_dag' retrieved from /opt/airflow/dags/Exchange_etl_dag.py
[2025-07-23T09:12:32.656+0000] {logging_mixin.py:188} INFO - [2025-07-23T09:12:32.656+0000] {dag.py:3036} INFO - Sync 1 DAGs
[2025-07-23T09:12:32.672+0000] {logging_mixin.py:188} INFO - [2025-07-23T09:12:32.672+0000] {dag.py:3823} INFO - Setting next_dagrun for exchange_rate_dag to 2025-07-22 08:00:00+00:00, run_after=2025-07-23 08:00:00+00:00
[2025-07-23T09:12:32.684+0000] {processor.py:183} INFO - Processing /opt/airflow/dags/Exchange_etl_dag.py took 0.118 seconds
[2025-07-23T09:13:02.925+0000] {processor.py:161} INFO - Started process (PID=2700) to work on /opt/airflow/dags/Exchange_etl_dag.py
[2025-07-23T09:13:02.926+0000] {processor.py:830} INFO - Processing file /opt/airflow/dags/Exchange_etl_dag.py for tasks to queue
[2025-07-23T09:13:02.926+0000] {logging_mixin.py:188} INFO - [2025-07-23T09:13:02.926+0000] {dagbag.py:538} INFO - Filling up the DagBag from /opt/airflow/dags/Exchange_etl_dag.py
[2025-07-23T09:13:02.984+0000] {processor.py:840} INFO - DAG(s) 'exchange_rate_dag' retrieved from /opt/airflow/dags/Exchange_etl_dag.py
[2025-07-23T09:13:03.011+0000] {logging_mixin.py:188} INFO - [2025-07-23T09:13:03.011+0000] {dag.py:3036} INFO - Sync 1 DAGs
[2025-07-23T09:13:03.028+0000] {logging_mixin.py:188} INFO - [2025-07-23T09:13:03.028+0000] {dag.py:3823} INFO - Setting next_dagrun for exchange_rate_dag to 2025-07-23 08:00:00+00:00, run_after=2025-07-24 08:00:00+00:00
[2025-07-23T09:13:03.041+0000] {processor.py:183} INFO - Processing /opt/airflow/dags/Exchange_etl_dag.py took 0.119 seconds
[2025-07-23T09:13:33.337+0000] {processor.py:161} INFO - Started process (PID=2738) to work on /opt/airflow/dags/Exchange_etl_dag.py
[2025-07-23T09:13:33.338+0000] {processor.py:830} INFO - Processing file /opt/airflow/dags/Exchange_etl_dag.py for tasks to queue
[2025-07-23T09:13:33.339+0000] {logging_mixin.py:188} INFO - [2025-07-23T09:13:33.338+0000] {dagbag.py:538} INFO - Filling up the DagBag from /opt/airflow/dags/Exchange_etl_dag.py
[2025-07-23T09:13:33.401+0000] {processor.py:840} INFO - DAG(s) 'exchange_rate_dag' retrieved from /opt/airflow/dags/Exchange_etl_dag.py
[2025-07-23T09:13:33.430+0000] {logging_mixin.py:188} INFO - [2025-07-23T09:13:33.429+0000] {dag.py:3036} INFO - Sync 1 DAGs
[2025-07-23T09:13:33.451+0000] {logging_mixin.py:188} INFO - [2025-07-23T09:13:33.451+0000] {dag.py:3823} INFO - Setting next_dagrun for exchange_rate_dag to 2025-07-23 08:00:00+00:00, run_after=2025-07-24 08:00:00+00:00
[2025-07-23T09:13:33.466+0000] {processor.py:183} INFO - Processing /opt/airflow/dags/Exchange_etl_dag.py took 0.132 seconds
[2025-07-23T09:14:03.715+0000] {processor.py:161} INFO - Started process (PID=2791) to work on /opt/airflow/dags/Exchange_etl_dag.py
[2025-07-23T09:14:03.716+0000] {processor.py:830} INFO - Processing file /opt/airflow/dags/Exchange_etl_dag.py for tasks to queue
[2025-07-23T09:14:03.716+0000] {logging_mixin.py:188} INFO - [2025-07-23T09:14:03.716+0000] {dagbag.py:538} INFO - Filling up the DagBag from /opt/airflow/dags/Exchange_etl_dag.py
[2025-07-23T09:14:03.777+0000] {processor.py:840} INFO - DAG(s) 'exchange_rate_dag' retrieved from /opt/airflow/dags/Exchange_etl_dag.py
[2025-07-23T09:14:03.797+0000] {logging_mixin.py:188} INFO - [2025-07-23T09:14:03.797+0000] {dag.py:3036} INFO - Sync 1 DAGs
[2025-07-23T09:14:03.814+0000] {logging_mixin.py:188} INFO - [2025-07-23T09:14:03.813+0000] {dag.py:3823} INFO - Setting next_dagrun for exchange_rate_dag to 2025-07-23 08:00:00+00:00, run_after=2025-07-24 08:00:00+00:00
[2025-07-23T09:14:03.825+0000] {processor.py:183} INFO - Processing /opt/airflow/dags/Exchange_etl_dag.py took 0.113 seconds
[2025-07-23T09:14:34.054+0000] {processor.py:161} INFO - Started process (PID=2829) to work on /opt/airflow/dags/Exchange_etl_dag.py
[2025-07-23T09:14:34.055+0000] {processor.py:830} INFO - Processing file /opt/airflow/dags/Exchange_etl_dag.py for tasks to queue
[2025-07-23T09:14:34.055+0000] {logging_mixin.py:188} INFO - [2025-07-23T09:14:34.055+0000] {dagbag.py:538} INFO - Filling up the DagBag from /opt/airflow/dags/Exchange_etl_dag.py
[2025-07-23T09:14:34.118+0000] {processor.py:840} INFO - DAG(s) 'exchange_rate_dag' retrieved from /opt/airflow/dags/Exchange_etl_dag.py
[2025-07-23T09:14:34.139+0000] {logging_mixin.py:188} INFO - [2025-07-23T09:14:34.139+0000] {dag.py:3036} INFO - Sync 1 DAGs
[2025-07-23T09:14:34.156+0000] {logging_mixin.py:188} INFO - [2025-07-23T09:14:34.156+0000] {dag.py:3823} INFO - Setting next_dagrun for exchange_rate_dag to 2025-07-23 08:00:00+00:00, run_after=2025-07-24 08:00:00+00:00
[2025-07-23T09:14:34.168+0000] {processor.py:183} INFO - Processing /opt/airflow/dags/Exchange_etl_dag.py took 0.117 seconds
[2025-07-23T09:15:04.402+0000] {processor.py:161} INFO - Started process (PID=2867) to work on /opt/airflow/dags/Exchange_etl_dag.py
[2025-07-23T09:15:04.403+0000] {processor.py:830} INFO - Processing file /opt/airflow/dags/Exchange_etl_dag.py for tasks to queue
[2025-07-23T09:15:04.404+0000] {logging_mixin.py:188} INFO - [2025-07-23T09:15:04.403+0000] {dagbag.py:538} INFO - Filling up the DagBag from /opt/airflow/dags/Exchange_etl_dag.py
[2025-07-23T09:15:04.466+0000] {processor.py:840} INFO - DAG(s) 'exchange_rate_dag' retrieved from /opt/airflow/dags/Exchange_etl_dag.py
[2025-07-23T09:15:04.487+0000] {logging_mixin.py:188} INFO - [2025-07-23T09:15:04.486+0000] {dag.py:3036} INFO - Sync 1 DAGs
[2025-07-23T09:15:04.503+0000] {logging_mixin.py:188} INFO - [2025-07-23T09:15:04.502+0000] {dag.py:3823} INFO - Setting next_dagrun for exchange_rate_dag to 2025-07-23 08:00:00+00:00, run_after=2025-07-24 08:00:00+00:00
[2025-07-23T09:15:04.515+0000] {processor.py:183} INFO - Processing /opt/airflow/dags/Exchange_etl_dag.py took 0.115 seconds
[2025-07-23T09:15:34.745+0000] {processor.py:161} INFO - Started process (PID=2905) to work on /opt/airflow/dags/Exchange_etl_dag.py
[2025-07-23T09:15:34.746+0000] {processor.py:830} INFO - Processing file /opt/airflow/dags/Exchange_etl_dag.py for tasks to queue
[2025-07-23T09:15:34.746+0000] {logging_mixin.py:188} INFO - [2025-07-23T09:15:34.746+0000] {dagbag.py:538} INFO - Filling up the DagBag from /opt/airflow/dags/Exchange_etl_dag.py
[2025-07-23T09:15:34.819+0000] {processor.py:840} INFO - DAG(s) 'exchange_rate_dag' retrieved from /opt/airflow/dags/Exchange_etl_dag.py
[2025-07-23T09:15:34.841+0000] {logging_mixin.py:188} INFO - [2025-07-23T09:15:34.841+0000] {dag.py:3036} INFO - Sync 1 DAGs
[2025-07-23T09:15:34.858+0000] {logging_mixin.py:188} INFO - [2025-07-23T09:15:34.857+0000] {dag.py:3823} INFO - Setting next_dagrun for exchange_rate_dag to 2025-07-23 08:00:00+00:00, run_after=2025-07-24 08:00:00+00:00
[2025-07-23T09:15:34.871+0000] {processor.py:183} INFO - Processing /opt/airflow/dags/Exchange_etl_dag.py took 0.129 seconds
[2025-07-23T09:16:05.105+0000] {processor.py:161} INFO - Started process (PID=2943) to work on /opt/airflow/dags/Exchange_etl_dag.py
[2025-07-23T09:16:05.105+0000] {processor.py:830} INFO - Processing file /opt/airflow/dags/Exchange_etl_dag.py for tasks to queue
[2025-07-23T09:16:05.106+0000] {logging_mixin.py:188} INFO - [2025-07-23T09:16:05.106+0000] {dagbag.py:538} INFO - Filling up the DagBag from /opt/airflow/dags/Exchange_etl_dag.py
[2025-07-23T09:16:05.174+0000] {processor.py:840} INFO - DAG(s) 'exchange_rate_dag' retrieved from /opt/airflow/dags/Exchange_etl_dag.py
[2025-07-23T09:16:05.194+0000] {logging_mixin.py:188} INFO - [2025-07-23T09:16:05.194+0000] {dag.py:3036} INFO - Sync 1 DAGs
[2025-07-23T09:16:05.213+0000] {logging_mixin.py:188} INFO - [2025-07-23T09:16:05.213+0000] {dag.py:3823} INFO - Setting next_dagrun for exchange_rate_dag to 2025-07-23 08:00:00+00:00, run_after=2025-07-24 08:00:00+00:00
[2025-07-23T09:16:05.226+0000] {processor.py:183} INFO - Processing /opt/airflow/dags/Exchange_etl_dag.py took 0.125 seconds
[2025-07-23T09:16:35.453+0000] {processor.py:161} INFO - Started process (PID=2981) to work on /opt/airflow/dags/Exchange_etl_dag.py
[2025-07-23T09:16:35.453+0000] {processor.py:830} INFO - Processing file /opt/airflow/dags/Exchange_etl_dag.py for tasks to queue
[2025-07-23T09:16:35.454+0000] {logging_mixin.py:188} INFO - [2025-07-23T09:16:35.454+0000] {dagbag.py:538} INFO - Filling up the DagBag from /opt/airflow/dags/Exchange_etl_dag.py
[2025-07-23T09:16:35.526+0000] {processor.py:840} INFO - DAG(s) 'exchange_rate_dag' retrieved from /opt/airflow/dags/Exchange_etl_dag.py
[2025-07-23T09:16:35.547+0000] {logging_mixin.py:188} INFO - [2025-07-23T09:16:35.547+0000] {dag.py:3036} INFO - Sync 1 DAGs
[2025-07-23T09:16:35.566+0000] {logging_mixin.py:188} INFO - [2025-07-23T09:16:35.566+0000] {dag.py:3823} INFO - Setting next_dagrun for exchange_rate_dag to 2025-07-23 08:00:00+00:00, run_after=2025-07-24 08:00:00+00:00
[2025-07-23T09:16:35.579+0000] {processor.py:183} INFO - Processing /opt/airflow/dags/Exchange_etl_dag.py took 0.130 seconds
[2025-07-23T09:17:05.818+0000] {processor.py:161} INFO - Started process (PID=3019) to work on /opt/airflow/dags/Exchange_etl_dag.py
[2025-07-23T09:17:05.818+0000] {processor.py:830} INFO - Processing file /opt/airflow/dags/Exchange_etl_dag.py for tasks to queue
[2025-07-23T09:17:05.819+0000] {logging_mixin.py:188} INFO - [2025-07-23T09:17:05.819+0000] {dagbag.py:538} INFO - Filling up the DagBag from /opt/airflow/dags/Exchange_etl_dag.py
[2025-07-23T09:17:05.881+0000] {processor.py:840} INFO - DAG(s) 'exchange_rate_dag' retrieved from /opt/airflow/dags/Exchange_etl_dag.py
[2025-07-23T09:17:05.901+0000] {logging_mixin.py:188} INFO - [2025-07-23T09:17:05.900+0000] {dag.py:3036} INFO - Sync 1 DAGs
[2025-07-23T09:17:05.916+0000] {logging_mixin.py:188} INFO - [2025-07-23T09:17:05.916+0000] {dag.py:3823} INFO - Setting next_dagrun for exchange_rate_dag to 2025-07-23 08:00:00+00:00, run_after=2025-07-24 08:00:00+00:00
[2025-07-23T09:17:05.928+0000] {processor.py:183} INFO - Processing /opt/airflow/dags/Exchange_etl_dag.py took 0.113 seconds
[2025-07-23T09:17:36.156+0000] {processor.py:161} INFO - Started process (PID=3062) to work on /opt/airflow/dags/Exchange_etl_dag.py
[2025-07-23T09:17:36.156+0000] {processor.py:830} INFO - Processing file /opt/airflow/dags/Exchange_etl_dag.py for tasks to queue
[2025-07-23T09:17:36.157+0000] {logging_mixin.py:188} INFO - [2025-07-23T09:17:36.157+0000] {dagbag.py:538} INFO - Filling up the DagBag from /opt/airflow/dags/Exchange_etl_dag.py
[2025-07-23T09:17:36.220+0000] {processor.py:840} INFO - DAG(s) 'exchange_rate_dag' retrieved from /opt/airflow/dags/Exchange_etl_dag.py
[2025-07-23T09:17:36.240+0000] {logging_mixin.py:188} INFO - [2025-07-23T09:17:36.240+0000] {dag.py:3036} INFO - Sync 1 DAGs
[2025-07-23T09:17:36.256+0000] {logging_mixin.py:188} INFO - [2025-07-23T09:17:36.256+0000] {dag.py:3823} INFO - Setting next_dagrun for exchange_rate_dag to 2025-07-23 08:00:00+00:00, run_after=2025-07-24 08:00:00+00:00
[2025-07-23T09:17:36.269+0000] {processor.py:183} INFO - Processing /opt/airflow/dags/Exchange_etl_dag.py took 0.116 seconds
[2025-07-23T09:18:06.502+0000] {processor.py:161} INFO - Started process (PID=3105) to work on /opt/airflow/dags/Exchange_etl_dag.py
[2025-07-23T09:18:06.502+0000] {processor.py:830} INFO - Processing file /opt/airflow/dags/Exchange_etl_dag.py for tasks to queue
[2025-07-23T09:18:06.503+0000] {logging_mixin.py:188} INFO - [2025-07-23T09:18:06.503+0000] {dagbag.py:538} INFO - Filling up the DagBag from /opt/airflow/dags/Exchange_etl_dag.py
[2025-07-23T09:18:06.567+0000] {processor.py:840} INFO - DAG(s) 'exchange_rate_dag' retrieved from /opt/airflow/dags/Exchange_etl_dag.py
[2025-07-23T09:18:06.587+0000] {logging_mixin.py:188} INFO - [2025-07-23T09:18:06.587+0000] {dag.py:3036} INFO - Sync 1 DAGs
[2025-07-23T09:18:06.604+0000] {logging_mixin.py:188} INFO - [2025-07-23T09:18:06.604+0000] {dag.py:3823} INFO - Setting next_dagrun for exchange_rate_dag to 2025-07-23 08:00:00+00:00, run_after=2025-07-24 08:00:00+00:00
[2025-07-23T09:18:06.617+0000] {processor.py:183} INFO - Processing /opt/airflow/dags/Exchange_etl_dag.py took 0.119 seconds
[2025-07-23T09:18:36.903+0000] {processor.py:161} INFO - Started process (PID=3148) to work on /opt/airflow/dags/Exchange_etl_dag.py
[2025-07-23T09:18:36.904+0000] {processor.py:830} INFO - Processing file /opt/airflow/dags/Exchange_etl_dag.py for tasks to queue
[2025-07-23T09:18:36.904+0000] {logging_mixin.py:188} INFO - [2025-07-23T09:18:36.904+0000] {dagbag.py:538} INFO - Filling up the DagBag from /opt/airflow/dags/Exchange_etl_dag.py
[2025-07-23T09:18:36.965+0000] {processor.py:840} INFO - DAG(s) 'exchange_rate_dag' retrieved from /opt/airflow/dags/Exchange_etl_dag.py
[2025-07-23T09:18:36.985+0000] {logging_mixin.py:188} INFO - [2025-07-23T09:18:36.984+0000] {dag.py:3036} INFO - Sync 1 DAGs
[2025-07-23T09:18:37.001+0000] {logging_mixin.py:188} INFO - [2025-07-23T09:18:37.001+0000] {dag.py:3823} INFO - Setting next_dagrun for exchange_rate_dag to 2025-07-23 08:00:00+00:00, run_after=2025-07-24 08:00:00+00:00
[2025-07-23T09:18:37.013+0000] {processor.py:183} INFO - Processing /opt/airflow/dags/Exchange_etl_dag.py took 0.112 seconds
[2025-07-23T09:19:07.247+0000] {processor.py:161} INFO - Started process (PID=3186) to work on /opt/airflow/dags/Exchange_etl_dag.py
[2025-07-23T09:19:07.248+0000] {processor.py:830} INFO - Processing file /opt/airflow/dags/Exchange_etl_dag.py for tasks to queue
[2025-07-23T09:19:07.249+0000] {logging_mixin.py:188} INFO - [2025-07-23T09:19:07.249+0000] {dagbag.py:538} INFO - Filling up the DagBag from /opt/airflow/dags/Exchange_etl_dag.py
[2025-07-23T09:19:07.310+0000] {processor.py:840} INFO - DAG(s) 'exchange_rate_dag' retrieved from /opt/airflow/dags/Exchange_etl_dag.py
[2025-07-23T09:19:07.329+0000] {logging_mixin.py:188} INFO - [2025-07-23T09:19:07.328+0000] {dag.py:3036} INFO - Sync 1 DAGs
[2025-07-23T09:19:07.345+0000] {logging_mixin.py:188} INFO - [2025-07-23T09:19:07.345+0000] {dag.py:3823} INFO - Setting next_dagrun for exchange_rate_dag to 2025-07-23 08:00:00+00:00, run_after=2025-07-24 08:00:00+00:00
[2025-07-23T09:19:07.358+0000] {processor.py:183} INFO - Processing /opt/airflow/dags/Exchange_etl_dag.py took 0.113 seconds
[2025-07-23T09:19:37.587+0000] {processor.py:161} INFO - Started process (PID=3224) to work on /opt/airflow/dags/Exchange_etl_dag.py
[2025-07-23T09:19:37.587+0000] {processor.py:830} INFO - Processing file /opt/airflow/dags/Exchange_etl_dag.py for tasks to queue
[2025-07-23T09:19:37.588+0000] {logging_mixin.py:188} INFO - [2025-07-23T09:19:37.588+0000] {dagbag.py:538} INFO - Filling up the DagBag from /opt/airflow/dags/Exchange_etl_dag.py
[2025-07-23T09:19:37.650+0000] {processor.py:840} INFO - DAG(s) 'exchange_rate_dag' retrieved from /opt/airflow/dags/Exchange_etl_dag.py
[2025-07-23T09:19:37.672+0000] {logging_mixin.py:188} INFO - [2025-07-23T09:19:37.671+0000] {dag.py:3036} INFO - Sync 1 DAGs
[2025-07-23T09:19:37.690+0000] {logging_mixin.py:188} INFO - [2025-07-23T09:19:37.690+0000] {dag.py:3823} INFO - Setting next_dagrun for exchange_rate_dag to 2025-07-23 08:00:00+00:00, run_after=2025-07-24 08:00:00+00:00
[2025-07-23T09:19:37.712+0000] {processor.py:183} INFO - Processing /opt/airflow/dags/Exchange_etl_dag.py took 0.129 seconds
[2025-07-23T09:20:07.953+0000] {processor.py:161} INFO - Started process (PID=3262) to work on /opt/airflow/dags/Exchange_etl_dag.py
[2025-07-23T09:20:07.954+0000] {processor.py:830} INFO - Processing file /opt/airflow/dags/Exchange_etl_dag.py for tasks to queue
[2025-07-23T09:20:07.954+0000] {logging_mixin.py:188} INFO - [2025-07-23T09:20:07.954+0000] {dagbag.py:538} INFO - Filling up the DagBag from /opt/airflow/dags/Exchange_etl_dag.py
[2025-07-23T09:20:08.014+0000] {processor.py:840} INFO - DAG(s) 'exchange_rate_dag' retrieved from /opt/airflow/dags/Exchange_etl_dag.py
[2025-07-23T09:20:08.036+0000] {logging_mixin.py:188} INFO - [2025-07-23T09:20:08.036+0000] {dag.py:3036} INFO - Sync 1 DAGs
[2025-07-23T09:20:08.053+0000] {logging_mixin.py:188} INFO - [2025-07-23T09:20:08.053+0000] {dag.py:3823} INFO - Setting next_dagrun for exchange_rate_dag to 2025-07-23 08:00:00+00:00, run_after=2025-07-24 08:00:00+00:00
[2025-07-23T09:20:08.065+0000] {processor.py:183} INFO - Processing /opt/airflow/dags/Exchange_etl_dag.py took 0.115 seconds
[2025-07-23T09:20:38.299+0000] {processor.py:161} INFO - Started process (PID=3300) to work on /opt/airflow/dags/Exchange_etl_dag.py
[2025-07-23T09:20:38.299+0000] {processor.py:830} INFO - Processing file /opt/airflow/dags/Exchange_etl_dag.py for tasks to queue
[2025-07-23T09:20:38.300+0000] {logging_mixin.py:188} INFO - [2025-07-23T09:20:38.300+0000] {dagbag.py:538} INFO - Filling up the DagBag from /opt/airflow/dags/Exchange_etl_dag.py
[2025-07-23T09:20:38.370+0000] {processor.py:840} INFO - DAG(s) 'exchange_rate_dag' retrieved from /opt/airflow/dags/Exchange_etl_dag.py
[2025-07-23T09:20:38.393+0000] {logging_mixin.py:188} INFO - [2025-07-23T09:20:38.393+0000] {dag.py:3036} INFO - Sync 1 DAGs
[2025-07-23T09:20:38.410+0000] {logging_mixin.py:188} INFO - [2025-07-23T09:20:38.409+0000] {dag.py:3823} INFO - Setting next_dagrun for exchange_rate_dag to 2025-07-23 08:00:00+00:00, run_after=2025-07-24 08:00:00+00:00
[2025-07-23T09:20:38.422+0000] {processor.py:183} INFO - Processing /opt/airflow/dags/Exchange_etl_dag.py took 0.127 seconds
[2025-07-23T09:21:08.652+0000] {processor.py:161} INFO - Started process (PID=3338) to work on /opt/airflow/dags/Exchange_etl_dag.py
[2025-07-23T09:21:08.652+0000] {processor.py:830} INFO - Processing file /opt/airflow/dags/Exchange_etl_dag.py for tasks to queue
[2025-07-23T09:21:08.653+0000] {logging_mixin.py:188} INFO - [2025-07-23T09:21:08.653+0000] {dagbag.py:538} INFO - Filling up the DagBag from /opt/airflow/dags/Exchange_etl_dag.py
[2025-07-23T09:21:08.718+0000] {processor.py:840} INFO - DAG(s) 'exchange_rate_dag' retrieved from /opt/airflow/dags/Exchange_etl_dag.py
[2025-07-23T09:21:08.740+0000] {logging_mixin.py:188} INFO - [2025-07-23T09:21:08.740+0000] {dag.py:3036} INFO - Sync 1 DAGs
[2025-07-23T09:21:08.757+0000] {logging_mixin.py:188} INFO - [2025-07-23T09:21:08.756+0000] {dag.py:3823} INFO - Setting next_dagrun for exchange_rate_dag to 2025-07-23 08:00:00+00:00, run_after=2025-07-24 08:00:00+00:00
[2025-07-23T09:21:08.769+0000] {processor.py:183} INFO - Processing /opt/airflow/dags/Exchange_etl_dag.py took 0.121 seconds
[2025-07-23T09:21:39.000+0000] {processor.py:161} INFO - Started process (PID=3376) to work on /opt/airflow/dags/Exchange_etl_dag.py
[2025-07-23T09:21:39.001+0000] {processor.py:830} INFO - Processing file /opt/airflow/dags/Exchange_etl_dag.py for tasks to queue
[2025-07-23T09:21:39.002+0000] {logging_mixin.py:188} INFO - [2025-07-23T09:21:39.002+0000] {dagbag.py:538} INFO - Filling up the DagBag from /opt/airflow/dags/Exchange_etl_dag.py
[2025-07-23T09:21:39.065+0000] {processor.py:840} INFO - DAG(s) 'exchange_rate_dag' retrieved from /opt/airflow/dags/Exchange_etl_dag.py
[2025-07-23T09:21:39.085+0000] {logging_mixin.py:188} INFO - [2025-07-23T09:21:39.085+0000] {dag.py:3036} INFO - Sync 1 DAGs
[2025-07-23T09:21:39.102+0000] {logging_mixin.py:188} INFO - [2025-07-23T09:21:39.102+0000] {dag.py:3823} INFO - Setting next_dagrun for exchange_rate_dag to 2025-07-23 08:00:00+00:00, run_after=2025-07-24 08:00:00+00:00
[2025-07-23T09:21:39.114+0000] {processor.py:183} INFO - Processing /opt/airflow/dags/Exchange_etl_dag.py took 0.116 seconds
[2025-07-23T09:22:09.345+0000] {processor.py:161} INFO - Started process (PID=3414) to work on /opt/airflow/dags/Exchange_etl_dag.py
[2025-07-23T09:22:09.346+0000] {processor.py:830} INFO - Processing file /opt/airflow/dags/Exchange_etl_dag.py for tasks to queue
[2025-07-23T09:22:09.347+0000] {logging_mixin.py:188} INFO - [2025-07-23T09:22:09.347+0000] {dagbag.py:538} INFO - Filling up the DagBag from /opt/airflow/dags/Exchange_etl_dag.py
[2025-07-23T09:22:09.412+0000] {processor.py:840} INFO - DAG(s) 'exchange_rate_dag' retrieved from /opt/airflow/dags/Exchange_etl_dag.py
[2025-07-23T09:22:09.433+0000] {logging_mixin.py:188} INFO - [2025-07-23T09:22:09.433+0000] {dag.py:3036} INFO - Sync 1 DAGs
[2025-07-23T09:22:09.454+0000] {logging_mixin.py:188} INFO - [2025-07-23T09:22:09.454+0000] {dag.py:3823} INFO - Setting next_dagrun for exchange_rate_dag to 2025-07-23 08:00:00+00:00, run_after=2025-07-24 08:00:00+00:00
[2025-07-23T09:22:09.467+0000] {processor.py:183} INFO - Processing /opt/airflow/dags/Exchange_etl_dag.py took 0.125 seconds
