[2025-07-23T08:36:01.065+0000] {processor.py:161} INFO - Started process (PID=2380) to work on /opt/airflow/dags/MexicoairQ_etl_dag.py
[2025-07-23T08:36:01.066+0000] {processor.py:830} INFO - Processing file /opt/airflow/dags/MexicoairQ_etl_dag.py for tasks to queue
[2025-07-23T08:36:01.067+0000] {logging_mixin.py:188} INFO - [2025-07-23T08:36:01.066+0000] {dagbag.py:538} INFO - Filling up the DagBag from /opt/airflow/dags/MexicoairQ_etl_dag.py
[2025-07-23T08:36:01.130+0000] {processor.py:840} INFO - DAG(s) 'openaq_mexico_air_quality_etl' retrieved from /opt/airflow/dags/MexicoairQ_etl_dag.py
[2025-07-23T08:36:01.364+0000] {logging_mixin.py:188} INFO - [2025-07-23T08:36:01.364+0000] {override.py:1769} INFO - Created Permission View: can read on DAG:openaq_mexico_air_quality_etl
[2025-07-23T08:36:01.373+0000] {logging_mixin.py:188} INFO - [2025-07-23T08:36:01.372+0000] {override.py:1769} INFO - Created Permission View: can delete on DAG:openaq_mexico_air_quality_etl
[2025-07-23T08:36:01.378+0000] {logging_mixin.py:188} INFO - [2025-07-23T08:36:01.378+0000] {override.py:1769} INFO - Created Permission View: can edit on DAG:openaq_mexico_air_quality_etl
[2025-07-23T08:36:01.379+0000] {logging_mixin.py:188} INFO - [2025-07-23T08:36:01.379+0000] {dag.py:3036} INFO - Sync 1 DAGs
[2025-07-23T08:36:01.390+0000] {logging_mixin.py:188} INFO - [2025-07-23T08:36:01.390+0000] {dag.py:3058} INFO - Creating ORM DAG for openaq_mexico_air_quality_etl
[2025-07-23T08:36:01.399+0000] {logging_mixin.py:188} INFO - [2025-07-23T08:36:01.399+0000] {dag.py:3823} INFO - Setting next_dagrun for openaq_mexico_air_quality_etl to 2025-07-22 03:00:00+00:00, run_after=2025-07-23 03:00:00+00:00
[2025-07-23T08:36:01.416+0000] {processor.py:183} INFO - Processing /opt/airflow/dags/MexicoairQ_etl_dag.py took 0.353 seconds
[2025-07-23T08:36:32.358+0000] {processor.py:161} INFO - Started process (PID=2413) to work on /opt/airflow/dags/MexicoairQ_etl_dag.py
[2025-07-23T08:36:32.358+0000] {processor.py:830} INFO - Processing file /opt/airflow/dags/MexicoairQ_etl_dag.py for tasks to queue
[2025-07-23T08:36:32.359+0000] {logging_mixin.py:188} INFO - [2025-07-23T08:36:32.359+0000] {dagbag.py:538} INFO - Filling up the DagBag from /opt/airflow/dags/MexicoairQ_etl_dag.py
[2025-07-23T08:36:32.419+0000] {processor.py:840} INFO - DAG(s) 'openaq_mexico_air_quality_etl' retrieved from /opt/airflow/dags/MexicoairQ_etl_dag.py
[2025-07-23T08:36:32.444+0000] {logging_mixin.py:188} INFO - [2025-07-23T08:36:32.444+0000] {dag.py:3036} INFO - Sync 1 DAGs
[2025-07-23T08:36:32.461+0000] {logging_mixin.py:188} INFO - [2025-07-23T08:36:32.461+0000] {dag.py:3823} INFO - Setting next_dagrun for openaq_mexico_air_quality_etl to 2025-07-22 03:00:00+00:00, run_after=2025-07-23 03:00:00+00:00
[2025-07-23T08:36:32.473+0000] {processor.py:183} INFO - Processing /opt/airflow/dags/MexicoairQ_etl_dag.py took 0.118 seconds
[2025-07-23T08:37:02.681+0000] {processor.py:161} INFO - Started process (PID=2447) to work on /opt/airflow/dags/MexicoairQ_etl_dag.py
[2025-07-23T08:37:02.682+0000] {processor.py:830} INFO - Processing file /opt/airflow/dags/MexicoairQ_etl_dag.py for tasks to queue
[2025-07-23T08:37:02.682+0000] {logging_mixin.py:188} INFO - [2025-07-23T08:37:02.682+0000] {dagbag.py:538} INFO - Filling up the DagBag from /opt/airflow/dags/MexicoairQ_etl_dag.py
[2025-07-23T08:37:02.739+0000] {processor.py:840} INFO - DAG(s) 'openaq_mexico_air_quality_etl' retrieved from /opt/airflow/dags/MexicoairQ_etl_dag.py
[2025-07-23T08:37:02.757+0000] {logging_mixin.py:188} INFO - [2025-07-23T08:37:02.757+0000] {dag.py:3036} INFO - Sync 1 DAGs
[2025-07-23T08:37:02.772+0000] {logging_mixin.py:188} INFO - [2025-07-23T08:37:02.771+0000] {dag.py:3823} INFO - Setting next_dagrun for openaq_mexico_air_quality_etl to 2025-07-22 03:00:00+00:00, run_after=2025-07-23 03:00:00+00:00
[2025-07-23T08:37:02.783+0000] {processor.py:183} INFO - Processing /opt/airflow/dags/MexicoairQ_etl_dag.py took 0.105 seconds
[2025-07-23T08:37:32.999+0000] {processor.py:161} INFO - Started process (PID=2480) to work on /opt/airflow/dags/MexicoairQ_etl_dag.py
[2025-07-23T08:37:33.000+0000] {processor.py:830} INFO - Processing file /opt/airflow/dags/MexicoairQ_etl_dag.py for tasks to queue
[2025-07-23T08:37:33.001+0000] {logging_mixin.py:188} INFO - [2025-07-23T08:37:33.000+0000] {dagbag.py:538} INFO - Filling up the DagBag from /opt/airflow/dags/MexicoairQ_etl_dag.py
[2025-07-23T08:37:33.060+0000] {processor.py:840} INFO - DAG(s) 'openaq_mexico_air_quality_etl' retrieved from /opt/airflow/dags/MexicoairQ_etl_dag.py
[2025-07-23T08:37:33.081+0000] {logging_mixin.py:188} INFO - [2025-07-23T08:37:33.081+0000] {dag.py:3036} INFO - Sync 1 DAGs
[2025-07-23T08:37:33.097+0000] {logging_mixin.py:188} INFO - [2025-07-23T08:37:33.097+0000] {dag.py:3823} INFO - Setting next_dagrun for openaq_mexico_air_quality_etl to 2025-07-22 03:00:00+00:00, run_after=2025-07-23 03:00:00+00:00
[2025-07-23T08:37:33.110+0000] {processor.py:183} INFO - Processing /opt/airflow/dags/MexicoairQ_etl_dag.py took 0.114 seconds
[2025-07-23T08:38:03.308+0000] {processor.py:161} INFO - Started process (PID=2513) to work on /opt/airflow/dags/MexicoairQ_etl_dag.py
[2025-07-23T08:38:03.309+0000] {processor.py:830} INFO - Processing file /opt/airflow/dags/MexicoairQ_etl_dag.py for tasks to queue
[2025-07-23T08:38:03.309+0000] {logging_mixin.py:188} INFO - [2025-07-23T08:38:03.309+0000] {dagbag.py:538} INFO - Filling up the DagBag from /opt/airflow/dags/MexicoairQ_etl_dag.py
[2025-07-23T08:38:03.370+0000] {processor.py:840} INFO - DAG(s) 'openaq_mexico_air_quality_etl' retrieved from /opt/airflow/dags/MexicoairQ_etl_dag.py
[2025-07-23T08:38:03.390+0000] {logging_mixin.py:188} INFO - [2025-07-23T08:38:03.390+0000] {dag.py:3036} INFO - Sync 1 DAGs
[2025-07-23T08:38:03.407+0000] {logging_mixin.py:188} INFO - [2025-07-23T08:38:03.407+0000] {dag.py:3823} INFO - Setting next_dagrun for openaq_mexico_air_quality_etl to 2025-07-22 03:00:00+00:00, run_after=2025-07-23 03:00:00+00:00
[2025-07-23T08:38:03.418+0000] {processor.py:183} INFO - Processing /opt/airflow/dags/MexicoairQ_etl_dag.py took 0.113 seconds
[2025-07-23T08:38:24.374+0000] {processor.py:161} INFO - Started process (PID=168) to work on /opt/airflow/dags/MexicoairQ_etl_dag.py
[2025-07-23T08:38:24.376+0000] {processor.py:830} INFO - Processing file /opt/airflow/dags/MexicoairQ_etl_dag.py for tasks to queue
[2025-07-23T08:38:24.380+0000] {logging_mixin.py:188} INFO - [2025-07-23T08:38:24.379+0000] {dagbag.py:538} INFO - Filling up the DagBag from /opt/airflow/dags/MexicoairQ_etl_dag.py
[2025-07-23T08:38:24.467+0000] {processor.py:840} INFO - DAG(s) 'openaq_mexico_air_quality_etl' retrieved from /opt/airflow/dags/MexicoairQ_etl_dag.py
[2025-07-23T08:38:24.509+0000] {logging_mixin.py:188} INFO - [2025-07-23T08:38:24.509+0000] {dag.py:3036} INFO - Sync 1 DAGs
[2025-07-23T08:38:24.527+0000] {logging_mixin.py:188} INFO - [2025-07-23T08:38:24.527+0000] {dag.py:3823} INFO - Setting next_dagrun for openaq_mexico_air_quality_etl to 2025-07-22 03:00:00+00:00, run_after=2025-07-23 03:00:00+00:00
[2025-07-23T08:38:24.540+0000] {processor.py:183} INFO - Processing /opt/airflow/dags/MexicoairQ_etl_dag.py took 0.170 seconds
[2025-07-23T08:38:54.749+0000] {processor.py:161} INFO - Started process (PID=216) to work on /opt/airflow/dags/MexicoairQ_etl_dag.py
[2025-07-23T08:38:54.750+0000] {processor.py:830} INFO - Processing file /opt/airflow/dags/MexicoairQ_etl_dag.py for tasks to queue
[2025-07-23T08:38:54.751+0000] {logging_mixin.py:188} INFO - [2025-07-23T08:38:54.751+0000] {dagbag.py:538} INFO - Filling up the DagBag from /opt/airflow/dags/MexicoairQ_etl_dag.py
[2025-07-23T08:38:54.815+0000] {processor.py:840} INFO - DAG(s) 'openaq_mexico_air_quality_etl' retrieved from /opt/airflow/dags/MexicoairQ_etl_dag.py
[2025-07-23T08:38:54.841+0000] {logging_mixin.py:188} INFO - [2025-07-23T08:38:54.840+0000] {dag.py:3036} INFO - Sync 1 DAGs
[2025-07-23T08:38:54.859+0000] {logging_mixin.py:188} INFO - [2025-07-23T08:38:54.859+0000] {dag.py:3823} INFO - Setting next_dagrun for openaq_mexico_air_quality_etl to 2025-07-23 03:00:00+00:00, run_after=2025-07-24 03:00:00+00:00
[2025-07-23T08:38:54.874+0000] {processor.py:183} INFO - Processing /opt/airflow/dags/MexicoairQ_etl_dag.py took 0.127 seconds
[2025-07-23T08:39:25.087+0000] {processor.py:161} INFO - Started process (PID=254) to work on /opt/airflow/dags/MexicoairQ_etl_dag.py
[2025-07-23T08:39:25.088+0000] {processor.py:830} INFO - Processing file /opt/airflow/dags/MexicoairQ_etl_dag.py for tasks to queue
[2025-07-23T08:39:25.089+0000] {logging_mixin.py:188} INFO - [2025-07-23T08:39:25.088+0000] {dagbag.py:538} INFO - Filling up the DagBag from /opt/airflow/dags/MexicoairQ_etl_dag.py
[2025-07-23T08:39:25.149+0000] {processor.py:840} INFO - DAG(s) 'openaq_mexico_air_quality_etl' retrieved from /opt/airflow/dags/MexicoairQ_etl_dag.py
[2025-07-23T08:39:25.171+0000] {logging_mixin.py:188} INFO - [2025-07-23T08:39:25.171+0000] {dag.py:3036} INFO - Sync 1 DAGs
[2025-07-23T08:39:25.189+0000] {logging_mixin.py:188} INFO - [2025-07-23T08:39:25.189+0000] {dag.py:3823} INFO - Setting next_dagrun for openaq_mexico_air_quality_etl to 2025-07-23 03:00:00+00:00, run_after=2025-07-24 03:00:00+00:00
[2025-07-23T08:39:25.202+0000] {processor.py:183} INFO - Processing /opt/airflow/dags/MexicoairQ_etl_dag.py took 0.118 seconds
[2025-07-23T08:39:55.405+0000] {processor.py:161} INFO - Started process (PID=300) to work on /opt/airflow/dags/MexicoairQ_etl_dag.py
[2025-07-23T08:39:55.406+0000] {processor.py:830} INFO - Processing file /opt/airflow/dags/MexicoairQ_etl_dag.py for tasks to queue
[2025-07-23T08:39:55.407+0000] {logging_mixin.py:188} INFO - [2025-07-23T08:39:55.407+0000] {dagbag.py:538} INFO - Filling up the DagBag from /opt/airflow/dags/MexicoairQ_etl_dag.py
[2025-07-23T08:39:55.466+0000] {processor.py:840} INFO - DAG(s) 'openaq_mexico_air_quality_etl' retrieved from /opt/airflow/dags/MexicoairQ_etl_dag.py
[2025-07-23T08:39:55.490+0000] {logging_mixin.py:188} INFO - [2025-07-23T08:39:55.490+0000] {dag.py:3036} INFO - Sync 1 DAGs
[2025-07-23T08:39:55.509+0000] {logging_mixin.py:188} INFO - [2025-07-23T08:39:55.509+0000] {dag.py:3823} INFO - Setting next_dagrun for openaq_mexico_air_quality_etl to 2025-07-23 03:00:00+00:00, run_after=2025-07-24 03:00:00+00:00
[2025-07-23T08:39:55.525+0000] {processor.py:183} INFO - Processing /opt/airflow/dags/MexicoairQ_etl_dag.py took 0.123 seconds
[2025-07-23T08:40:25.722+0000] {processor.py:161} INFO - Started process (PID=333) to work on /opt/airflow/dags/MexicoairQ_etl_dag.py
[2025-07-23T08:40:25.722+0000] {processor.py:830} INFO - Processing file /opt/airflow/dags/MexicoairQ_etl_dag.py for tasks to queue
[2025-07-23T08:40:25.723+0000] {logging_mixin.py:188} INFO - [2025-07-23T08:40:25.723+0000] {dagbag.py:538} INFO - Filling up the DagBag from /opt/airflow/dags/MexicoairQ_etl_dag.py
[2025-07-23T08:40:25.778+0000] {processor.py:840} INFO - DAG(s) 'openaq_mexico_air_quality_etl' retrieved from /opt/airflow/dags/MexicoairQ_etl_dag.py
[2025-07-23T08:40:25.800+0000] {logging_mixin.py:188} INFO - [2025-07-23T08:40:25.800+0000] {dag.py:3036} INFO - Sync 1 DAGs
[2025-07-23T08:40:25.818+0000] {logging_mixin.py:188} INFO - [2025-07-23T08:40:25.818+0000] {dag.py:3823} INFO - Setting next_dagrun for openaq_mexico_air_quality_etl to 2025-07-23 03:00:00+00:00, run_after=2025-07-24 03:00:00+00:00
[2025-07-23T08:40:25.831+0000] {processor.py:183} INFO - Processing /opt/airflow/dags/MexicoairQ_etl_dag.py took 0.113 seconds
[2025-07-23T08:40:56.031+0000] {processor.py:161} INFO - Started process (PID=366) to work on /opt/airflow/dags/MexicoairQ_etl_dag.py
[2025-07-23T08:40:56.032+0000] {processor.py:830} INFO - Processing file /opt/airflow/dags/MexicoairQ_etl_dag.py for tasks to queue
[2025-07-23T08:40:56.033+0000] {logging_mixin.py:188} INFO - [2025-07-23T08:40:56.033+0000] {dagbag.py:538} INFO - Filling up the DagBag from /opt/airflow/dags/MexicoairQ_etl_dag.py
[2025-07-23T08:40:56.094+0000] {processor.py:840} INFO - DAG(s) 'openaq_mexico_air_quality_etl' retrieved from /opt/airflow/dags/MexicoairQ_etl_dag.py
[2025-07-23T08:40:56.116+0000] {logging_mixin.py:188} INFO - [2025-07-23T08:40:56.116+0000] {dag.py:3036} INFO - Sync 1 DAGs
[2025-07-23T08:40:56.135+0000] {logging_mixin.py:188} INFO - [2025-07-23T08:40:56.134+0000] {dag.py:3823} INFO - Setting next_dagrun for openaq_mexico_air_quality_etl to 2025-07-23 03:00:00+00:00, run_after=2025-07-24 03:00:00+00:00
[2025-07-23T08:40:56.148+0000] {processor.py:183} INFO - Processing /opt/airflow/dags/MexicoairQ_etl_dag.py took 0.120 seconds
[2025-07-23T08:41:26.352+0000] {processor.py:161} INFO - Started process (PID=399) to work on /opt/airflow/dags/MexicoairQ_etl_dag.py
[2025-07-23T08:41:26.353+0000] {processor.py:830} INFO - Processing file /opt/airflow/dags/MexicoairQ_etl_dag.py for tasks to queue
[2025-07-23T08:41:26.353+0000] {logging_mixin.py:188} INFO - [2025-07-23T08:41:26.353+0000] {dagbag.py:538} INFO - Filling up the DagBag from /opt/airflow/dags/MexicoairQ_etl_dag.py
[2025-07-23T08:41:26.411+0000] {processor.py:840} INFO - DAG(s) 'openaq_mexico_air_quality_etl' retrieved from /opt/airflow/dags/MexicoairQ_etl_dag.py
[2025-07-23T08:41:26.434+0000] {logging_mixin.py:188} INFO - [2025-07-23T08:41:26.434+0000] {dag.py:3036} INFO - Sync 1 DAGs
[2025-07-23T08:41:26.451+0000] {logging_mixin.py:188} INFO - [2025-07-23T08:41:26.451+0000] {dag.py:3823} INFO - Setting next_dagrun for openaq_mexico_air_quality_etl to 2025-07-23 03:00:00+00:00, run_after=2025-07-24 03:00:00+00:00
[2025-07-23T08:41:26.464+0000] {processor.py:183} INFO - Processing /opt/airflow/dags/MexicoairQ_etl_dag.py took 0.115 seconds
[2025-07-23T08:41:56.666+0000] {processor.py:161} INFO - Started process (PID=432) to work on /opt/airflow/dags/MexicoairQ_etl_dag.py
[2025-07-23T08:41:56.666+0000] {processor.py:830} INFO - Processing file /opt/airflow/dags/MexicoairQ_etl_dag.py for tasks to queue
[2025-07-23T08:41:56.667+0000] {logging_mixin.py:188} INFO - [2025-07-23T08:41:56.667+0000] {dagbag.py:538} INFO - Filling up the DagBag from /opt/airflow/dags/MexicoairQ_etl_dag.py
[2025-07-23T08:41:56.724+0000] {processor.py:840} INFO - DAG(s) 'openaq_mexico_air_quality_etl' retrieved from /opt/airflow/dags/MexicoairQ_etl_dag.py
[2025-07-23T08:41:56.747+0000] {logging_mixin.py:188} INFO - [2025-07-23T08:41:56.747+0000] {dag.py:3036} INFO - Sync 1 DAGs
[2025-07-23T08:41:56.764+0000] {logging_mixin.py:188} INFO - [2025-07-23T08:41:56.764+0000] {dag.py:3823} INFO - Setting next_dagrun for openaq_mexico_air_quality_etl to 2025-07-23 03:00:00+00:00, run_after=2025-07-24 03:00:00+00:00
[2025-07-23T08:41:56.777+0000] {processor.py:183} INFO - Processing /opt/airflow/dags/MexicoairQ_etl_dag.py took 0.115 seconds
[2025-07-23T08:42:26.983+0000] {processor.py:161} INFO - Started process (PID=465) to work on /opt/airflow/dags/MexicoairQ_etl_dag.py
[2025-07-23T08:42:26.983+0000] {processor.py:830} INFO - Processing file /opt/airflow/dags/MexicoairQ_etl_dag.py for tasks to queue
[2025-07-23T08:42:26.984+0000] {logging_mixin.py:188} INFO - [2025-07-23T08:42:26.984+0000] {dagbag.py:538} INFO - Filling up the DagBag from /opt/airflow/dags/MexicoairQ_etl_dag.py
[2025-07-23T08:42:27.043+0000] {processor.py:840} INFO - DAG(s) 'openaq_mexico_air_quality_etl' retrieved from /opt/airflow/dags/MexicoairQ_etl_dag.py
[2025-07-23T08:42:27.069+0000] {logging_mixin.py:188} INFO - [2025-07-23T08:42:27.069+0000] {dag.py:3036} INFO - Sync 1 DAGs
[2025-07-23T08:42:27.086+0000] {logging_mixin.py:188} INFO - [2025-07-23T08:42:27.086+0000] {dag.py:3823} INFO - Setting next_dagrun for openaq_mexico_air_quality_etl to 2025-07-23 03:00:00+00:00, run_after=2025-07-24 03:00:00+00:00
[2025-07-23T08:42:27.100+0000] {processor.py:183} INFO - Processing /opt/airflow/dags/MexicoairQ_etl_dag.py took 0.120 seconds
[2025-07-23T08:42:57.311+0000] {processor.py:161} INFO - Started process (PID=498) to work on /opt/airflow/dags/MexicoairQ_etl_dag.py
[2025-07-23T08:42:57.311+0000] {processor.py:830} INFO - Processing file /opt/airflow/dags/MexicoairQ_etl_dag.py for tasks to queue
[2025-07-23T08:42:57.312+0000] {logging_mixin.py:188} INFO - [2025-07-23T08:42:57.312+0000] {dagbag.py:538} INFO - Filling up the DagBag from /opt/airflow/dags/MexicoairQ_etl_dag.py
[2025-07-23T08:42:57.365+0000] {processor.py:840} INFO - DAG(s) 'openaq_mexico_air_quality_etl' retrieved from /opt/airflow/dags/MexicoairQ_etl_dag.py
[2025-07-23T08:42:57.388+0000] {logging_mixin.py:188} INFO - [2025-07-23T08:42:57.387+0000] {dag.py:3036} INFO - Sync 1 DAGs
[2025-07-23T08:42:57.404+0000] {logging_mixin.py:188} INFO - [2025-07-23T08:42:57.404+0000] {dag.py:3823} INFO - Setting next_dagrun for openaq_mexico_air_quality_etl to 2025-07-23 03:00:00+00:00, run_after=2025-07-24 03:00:00+00:00
[2025-07-23T08:42:57.418+0000] {processor.py:183} INFO - Processing /opt/airflow/dags/MexicoairQ_etl_dag.py took 0.110 seconds
[2025-07-23T08:43:27.664+0000] {processor.py:161} INFO - Started process (PID=531) to work on /opt/airflow/dags/MexicoairQ_etl_dag.py
[2025-07-23T08:43:27.664+0000] {processor.py:830} INFO - Processing file /opt/airflow/dags/MexicoairQ_etl_dag.py for tasks to queue
[2025-07-23T08:43:27.665+0000] {logging_mixin.py:188} INFO - [2025-07-23T08:43:27.665+0000] {dagbag.py:538} INFO - Filling up the DagBag from /opt/airflow/dags/MexicoairQ_etl_dag.py
[2025-07-23T08:43:27.727+0000] {processor.py:840} INFO - DAG(s) 'openaq_mexico_air_quality_etl' retrieved from /opt/airflow/dags/MexicoairQ_etl_dag.py
[2025-07-23T08:43:27.754+0000] {logging_mixin.py:188} INFO - [2025-07-23T08:43:27.754+0000] {dag.py:3036} INFO - Sync 1 DAGs
[2025-07-23T08:43:27.780+0000] {logging_mixin.py:188} INFO - [2025-07-23T08:43:27.780+0000] {dag.py:3823} INFO - Setting next_dagrun for openaq_mexico_air_quality_etl to 2025-07-23 03:00:00+00:00, run_after=2025-07-24 03:00:00+00:00
[2025-07-23T08:43:27.809+0000] {processor.py:183} INFO - Processing /opt/airflow/dags/MexicoairQ_etl_dag.py took 0.149 seconds
[2025-07-23T08:43:58.026+0000] {processor.py:161} INFO - Started process (PID=568) to work on /opt/airflow/dags/MexicoairQ_etl_dag.py
[2025-07-23T08:43:58.027+0000] {processor.py:830} INFO - Processing file /opt/airflow/dags/MexicoairQ_etl_dag.py for tasks to queue
[2025-07-23T08:43:58.028+0000] {logging_mixin.py:188} INFO - [2025-07-23T08:43:58.028+0000] {dagbag.py:538} INFO - Filling up the DagBag from /opt/airflow/dags/MexicoairQ_etl_dag.py
[2025-07-23T08:43:58.114+0000] {processor.py:840} INFO - DAG(s) 'openaq_mexico_air_quality_etl' retrieved from /opt/airflow/dags/MexicoairQ_etl_dag.py
[2025-07-23T08:43:58.150+0000] {logging_mixin.py:188} INFO - [2025-07-23T08:43:58.149+0000] {dag.py:3036} INFO - Sync 1 DAGs
[2025-07-23T08:43:58.191+0000] {logging_mixin.py:188} INFO - [2025-07-23T08:43:58.190+0000] {dag.py:3823} INFO - Setting next_dagrun for openaq_mexico_air_quality_etl to 2025-07-23 03:00:00+00:00, run_after=2025-07-24 03:00:00+00:00
[2025-07-23T08:43:58.213+0000] {processor.py:183} INFO - Processing /opt/airflow/dags/MexicoairQ_etl_dag.py took 0.190 seconds
[2025-07-23T08:44:28.433+0000] {processor.py:161} INFO - Started process (PID=612) to work on /opt/airflow/dags/MexicoairQ_etl_dag.py
[2025-07-23T08:44:28.433+0000] {processor.py:830} INFO - Processing file /opt/airflow/dags/MexicoairQ_etl_dag.py for tasks to queue
[2025-07-23T08:44:28.434+0000] {logging_mixin.py:188} INFO - [2025-07-23T08:44:28.434+0000] {dagbag.py:538} INFO - Filling up the DagBag from /opt/airflow/dags/MexicoairQ_etl_dag.py
[2025-07-23T08:44:28.489+0000] {processor.py:840} INFO - DAG(s) 'openaq_mexico_air_quality_etl' retrieved from /opt/airflow/dags/MexicoairQ_etl_dag.py
[2025-07-23T08:44:28.510+0000] {logging_mixin.py:188} INFO - [2025-07-23T08:44:28.510+0000] {dag.py:3036} INFO - Sync 1 DAGs
[2025-07-23T08:44:28.527+0000] {logging_mixin.py:188} INFO - [2025-07-23T08:44:28.527+0000] {dag.py:3823} INFO - Setting next_dagrun for openaq_mexico_air_quality_etl to 2025-07-23 03:00:00+00:00, run_after=2025-07-24 03:00:00+00:00
[2025-07-23T08:44:28.540+0000] {processor.py:183} INFO - Processing /opt/airflow/dags/MexicoairQ_etl_dag.py took 0.111 seconds
[2025-07-23T08:44:58.756+0000] {processor.py:161} INFO - Started process (PID=651) to work on /opt/airflow/dags/MexicoairQ_etl_dag.py
[2025-07-23T08:44:58.758+0000] {processor.py:830} INFO - Processing file /opt/airflow/dags/MexicoairQ_etl_dag.py for tasks to queue
[2025-07-23T08:44:58.762+0000] {logging_mixin.py:188} INFO - [2025-07-23T08:44:58.762+0000] {dagbag.py:538} INFO - Filling up the DagBag from /opt/airflow/dags/MexicoairQ_etl_dag.py
[2025-07-23T08:44:58.828+0000] {processor.py:840} INFO - DAG(s) 'openaq_mexico_air_quality_etl' retrieved from /opt/airflow/dags/MexicoairQ_etl_dag.py
[2025-07-23T08:44:58.850+0000] {logging_mixin.py:188} INFO - [2025-07-23T08:44:58.850+0000] {dag.py:3036} INFO - Sync 1 DAGs
[2025-07-23T08:44:58.867+0000] {logging_mixin.py:188} INFO - [2025-07-23T08:44:58.867+0000] {dag.py:3823} INFO - Setting next_dagrun for openaq_mexico_air_quality_etl to 2025-07-23 03:00:00+00:00, run_after=2025-07-24 03:00:00+00:00
[2025-07-23T08:44:58.882+0000] {processor.py:183} INFO - Processing /opt/airflow/dags/MexicoairQ_etl_dag.py took 0.130 seconds
[2025-07-23T08:45:29.088+0000] {processor.py:161} INFO - Started process (PID=684) to work on /opt/airflow/dags/MexicoairQ_etl_dag.py
[2025-07-23T08:45:29.089+0000] {processor.py:830} INFO - Processing file /opt/airflow/dags/MexicoairQ_etl_dag.py for tasks to queue
[2025-07-23T08:45:29.090+0000] {logging_mixin.py:188} INFO - [2025-07-23T08:45:29.089+0000] {dagbag.py:538} INFO - Filling up the DagBag from /opt/airflow/dags/MexicoairQ_etl_dag.py
[2025-07-23T08:45:29.147+0000] {processor.py:840} INFO - DAG(s) 'openaq_mexico_air_quality_etl' retrieved from /opt/airflow/dags/MexicoairQ_etl_dag.py
[2025-07-23T08:45:29.168+0000] {logging_mixin.py:188} INFO - [2025-07-23T08:45:29.167+0000] {dag.py:3036} INFO - Sync 1 DAGs
[2025-07-23T08:45:29.185+0000] {logging_mixin.py:188} INFO - [2025-07-23T08:45:29.185+0000] {dag.py:3823} INFO - Setting next_dagrun for openaq_mexico_air_quality_etl to 2025-07-23 03:00:00+00:00, run_after=2025-07-24 03:00:00+00:00
[2025-07-23T08:45:29.198+0000] {processor.py:183} INFO - Processing /opt/airflow/dags/MexicoairQ_etl_dag.py took 0.113 seconds
[2025-07-23T08:45:59.403+0000] {processor.py:161} INFO - Started process (PID=717) to work on /opt/airflow/dags/MexicoairQ_etl_dag.py
[2025-07-23T08:45:59.403+0000] {processor.py:830} INFO - Processing file /opt/airflow/dags/MexicoairQ_etl_dag.py for tasks to queue
[2025-07-23T08:45:59.404+0000] {logging_mixin.py:188} INFO - [2025-07-23T08:45:59.404+0000] {dagbag.py:538} INFO - Filling up the DagBag from /opt/airflow/dags/MexicoairQ_etl_dag.py
[2025-07-23T08:45:59.463+0000] {processor.py:840} INFO - DAG(s) 'openaq_mexico_air_quality_etl' retrieved from /opt/airflow/dags/MexicoairQ_etl_dag.py
[2025-07-23T08:45:59.487+0000] {logging_mixin.py:188} INFO - [2025-07-23T08:45:59.487+0000] {dag.py:3036} INFO - Sync 1 DAGs
[2025-07-23T08:45:59.505+0000] {logging_mixin.py:188} INFO - [2025-07-23T08:45:59.505+0000] {dag.py:3823} INFO - Setting next_dagrun for openaq_mexico_air_quality_etl to 2025-07-23 03:00:00+00:00, run_after=2025-07-24 03:00:00+00:00
[2025-07-23T08:45:59.522+0000] {processor.py:183} INFO - Processing /opt/airflow/dags/MexicoairQ_etl_dag.py took 0.122 seconds
[2025-07-23T08:46:29.730+0000] {processor.py:161} INFO - Started process (PID=750) to work on /opt/airflow/dags/MexicoairQ_etl_dag.py
[2025-07-23T08:46:29.731+0000] {processor.py:830} INFO - Processing file /opt/airflow/dags/MexicoairQ_etl_dag.py for tasks to queue
[2025-07-23T08:46:29.732+0000] {logging_mixin.py:188} INFO - [2025-07-23T08:46:29.731+0000] {dagbag.py:538} INFO - Filling up the DagBag from /opt/airflow/dags/MexicoairQ_etl_dag.py
[2025-07-23T08:46:29.789+0000] {processor.py:840} INFO - DAG(s) 'openaq_mexico_air_quality_etl' retrieved from /opt/airflow/dags/MexicoairQ_etl_dag.py
[2025-07-23T08:46:29.812+0000] {logging_mixin.py:188} INFO - [2025-07-23T08:46:29.812+0000] {dag.py:3036} INFO - Sync 1 DAGs
[2025-07-23T08:46:29.831+0000] {logging_mixin.py:188} INFO - [2025-07-23T08:46:29.831+0000] {dag.py:3823} INFO - Setting next_dagrun for openaq_mexico_air_quality_etl to 2025-07-23 03:00:00+00:00, run_after=2025-07-24 03:00:00+00:00
[2025-07-23T08:46:29.845+0000] {processor.py:183} INFO - Processing /opt/airflow/dags/MexicoairQ_etl_dag.py took 0.118 seconds
[2025-07-23T08:47:00.044+0000] {processor.py:161} INFO - Started process (PID=783) to work on /opt/airflow/dags/MexicoairQ_etl_dag.py
[2025-07-23T08:47:00.045+0000] {processor.py:830} INFO - Processing file /opt/airflow/dags/MexicoairQ_etl_dag.py for tasks to queue
[2025-07-23T08:47:00.046+0000] {logging_mixin.py:188} INFO - [2025-07-23T08:47:00.046+0000] {dagbag.py:538} INFO - Filling up the DagBag from /opt/airflow/dags/MexicoairQ_etl_dag.py
[2025-07-23T08:47:00.101+0000] {processor.py:840} INFO - DAG(s) 'openaq_mexico_air_quality_etl' retrieved from /opt/airflow/dags/MexicoairQ_etl_dag.py
[2025-07-23T08:47:00.124+0000] {logging_mixin.py:188} INFO - [2025-07-23T08:47:00.123+0000] {dag.py:3036} INFO - Sync 1 DAGs
[2025-07-23T08:47:00.143+0000] {logging_mixin.py:188} INFO - [2025-07-23T08:47:00.142+0000] {dag.py:3823} INFO - Setting next_dagrun for openaq_mexico_air_quality_etl to 2025-07-23 03:00:00+00:00, run_after=2025-07-24 03:00:00+00:00
[2025-07-23T08:47:00.156+0000] {processor.py:183} INFO - Processing /opt/airflow/dags/MexicoairQ_etl_dag.py took 0.115 seconds
[2025-07-23T08:47:30.357+0000] {processor.py:161} INFO - Started process (PID=816) to work on /opt/airflow/dags/MexicoairQ_etl_dag.py
[2025-07-23T08:47:30.357+0000] {processor.py:830} INFO - Processing file /opt/airflow/dags/MexicoairQ_etl_dag.py for tasks to queue
[2025-07-23T08:47:30.358+0000] {logging_mixin.py:188} INFO - [2025-07-23T08:47:30.358+0000] {dagbag.py:538} INFO - Filling up the DagBag from /opt/airflow/dags/MexicoairQ_etl_dag.py
[2025-07-23T08:47:30.414+0000] {processor.py:840} INFO - DAG(s) 'openaq_mexico_air_quality_etl' retrieved from /opt/airflow/dags/MexicoairQ_etl_dag.py
[2025-07-23T08:47:30.438+0000] {logging_mixin.py:188} INFO - [2025-07-23T08:47:30.438+0000] {dag.py:3036} INFO - Sync 1 DAGs
[2025-07-23T08:47:30.458+0000] {logging_mixin.py:188} INFO - [2025-07-23T08:47:30.458+0000] {dag.py:3823} INFO - Setting next_dagrun for openaq_mexico_air_quality_etl to 2025-07-23 03:00:00+00:00, run_after=2025-07-24 03:00:00+00:00
[2025-07-23T08:47:30.471+0000] {processor.py:183} INFO - Processing /opt/airflow/dags/MexicoairQ_etl_dag.py took 0.118 seconds
[2025-07-23T08:48:00.667+0000] {processor.py:161} INFO - Started process (PID=849) to work on /opt/airflow/dags/MexicoairQ_etl_dag.py
[2025-07-23T08:48:00.668+0000] {processor.py:830} INFO - Processing file /opt/airflow/dags/MexicoairQ_etl_dag.py for tasks to queue
[2025-07-23T08:48:00.668+0000] {logging_mixin.py:188} INFO - [2025-07-23T08:48:00.668+0000] {dagbag.py:538} INFO - Filling up the DagBag from /opt/airflow/dags/MexicoairQ_etl_dag.py
[2025-07-23T08:48:00.722+0000] {processor.py:840} INFO - DAG(s) 'openaq_mexico_air_quality_etl' retrieved from /opt/airflow/dags/MexicoairQ_etl_dag.py
[2025-07-23T08:48:00.746+0000] {logging_mixin.py:188} INFO - [2025-07-23T08:48:00.746+0000] {dag.py:3036} INFO - Sync 1 DAGs
[2025-07-23T08:48:00.763+0000] {logging_mixin.py:188} INFO - [2025-07-23T08:48:00.763+0000] {dag.py:3823} INFO - Setting next_dagrun for openaq_mexico_air_quality_etl to 2025-07-23 03:00:00+00:00, run_after=2025-07-24 03:00:00+00:00
[2025-07-23T08:48:00.776+0000] {processor.py:183} INFO - Processing /opt/airflow/dags/MexicoairQ_etl_dag.py took 0.112 seconds
[2025-07-23T08:48:31.052+0000] {processor.py:161} INFO - Started process (PID=889) to work on /opt/airflow/dags/MexicoairQ_etl_dag.py
[2025-07-23T08:48:31.053+0000] {processor.py:830} INFO - Processing file /opt/airflow/dags/MexicoairQ_etl_dag.py for tasks to queue
[2025-07-23T08:48:31.053+0000] {logging_mixin.py:188} INFO - [2025-07-23T08:48:31.053+0000] {dagbag.py:538} INFO - Filling up the DagBag from /opt/airflow/dags/MexicoairQ_etl_dag.py
[2025-07-23T08:48:31.109+0000] {processor.py:840} INFO - DAG(s) 'openaq_mexico_air_quality_etl' retrieved from /opt/airflow/dags/MexicoairQ_etl_dag.py
[2025-07-23T08:48:31.134+0000] {logging_mixin.py:188} INFO - [2025-07-23T08:48:31.134+0000] {dag.py:3036} INFO - Sync 1 DAGs
[2025-07-23T08:48:31.152+0000] {logging_mixin.py:188} INFO - [2025-07-23T08:48:31.152+0000] {dag.py:3823} INFO - Setting next_dagrun for openaq_mexico_air_quality_etl to 2025-07-23 03:00:00+00:00, run_after=2025-07-24 03:00:00+00:00
[2025-07-23T08:48:31.167+0000] {processor.py:183} INFO - Processing /opt/airflow/dags/MexicoairQ_etl_dag.py took 0.119 seconds
[2025-07-23T08:49:01.442+0000] {processor.py:161} INFO - Started process (PID=927) to work on /opt/airflow/dags/MexicoairQ_etl_dag.py
[2025-07-23T08:49:01.442+0000] {processor.py:830} INFO - Processing file /opt/airflow/dags/MexicoairQ_etl_dag.py for tasks to queue
[2025-07-23T08:49:01.443+0000] {logging_mixin.py:188} INFO - [2025-07-23T08:49:01.443+0000] {dagbag.py:538} INFO - Filling up the DagBag from /opt/airflow/dags/MexicoairQ_etl_dag.py
[2025-07-23T08:49:01.496+0000] {processor.py:840} INFO - DAG(s) 'openaq_mexico_air_quality_etl' retrieved from /opt/airflow/dags/MexicoairQ_etl_dag.py
[2025-07-23T08:49:01.519+0000] {logging_mixin.py:188} INFO - [2025-07-23T08:49:01.518+0000] {dag.py:3036} INFO - Sync 1 DAGs
[2025-07-23T08:49:01.540+0000] {logging_mixin.py:188} INFO - [2025-07-23T08:49:01.540+0000] {dag.py:3823} INFO - Setting next_dagrun for openaq_mexico_air_quality_etl to 2025-07-23 03:00:00+00:00, run_after=2025-07-24 03:00:00+00:00
[2025-07-23T08:49:01.554+0000] {processor.py:183} INFO - Processing /opt/airflow/dags/MexicoairQ_etl_dag.py took 0.115 seconds
[2025-07-23T08:49:31.852+0000] {processor.py:161} INFO - Started process (PID=967) to work on /opt/airflow/dags/MexicoairQ_etl_dag.py
[2025-07-23T08:49:31.853+0000] {processor.py:830} INFO - Processing file /opt/airflow/dags/MexicoairQ_etl_dag.py for tasks to queue
[2025-07-23T08:49:31.853+0000] {logging_mixin.py:188} INFO - [2025-07-23T08:49:31.853+0000] {dagbag.py:538} INFO - Filling up the DagBag from /opt/airflow/dags/MexicoairQ_etl_dag.py
[2025-07-23T08:49:31.907+0000] {processor.py:840} INFO - DAG(s) 'openaq_mexico_air_quality_etl' retrieved from /opt/airflow/dags/MexicoairQ_etl_dag.py
[2025-07-23T08:49:31.929+0000] {logging_mixin.py:188} INFO - [2025-07-23T08:49:31.929+0000] {dag.py:3036} INFO - Sync 1 DAGs
[2025-07-23T08:49:31.947+0000] {logging_mixin.py:188} INFO - [2025-07-23T08:49:31.947+0000] {dag.py:3823} INFO - Setting next_dagrun for openaq_mexico_air_quality_etl to 2025-07-23 03:00:00+00:00, run_after=2025-07-24 03:00:00+00:00
[2025-07-23T08:49:31.960+0000] {processor.py:183} INFO - Processing /opt/airflow/dags/MexicoairQ_etl_dag.py took 0.111 seconds
[2025-07-23T08:50:02.249+0000] {processor.py:161} INFO - Started process (PID=1005) to work on /opt/airflow/dags/MexicoairQ_etl_dag.py
[2025-07-23T08:50:02.250+0000] {processor.py:830} INFO - Processing file /opt/airflow/dags/MexicoairQ_etl_dag.py for tasks to queue
[2025-07-23T08:50:02.251+0000] {logging_mixin.py:188} INFO - [2025-07-23T08:50:02.250+0000] {dagbag.py:538} INFO - Filling up the DagBag from /opt/airflow/dags/MexicoairQ_etl_dag.py
[2025-07-23T08:50:02.309+0000] {processor.py:840} INFO - DAG(s) 'openaq_mexico_air_quality_etl' retrieved from /opt/airflow/dags/MexicoairQ_etl_dag.py
[2025-07-23T08:50:02.335+0000] {logging_mixin.py:188} INFO - [2025-07-23T08:50:02.334+0000] {dag.py:3036} INFO - Sync 1 DAGs
[2025-07-23T08:50:02.354+0000] {logging_mixin.py:188} INFO - [2025-07-23T08:50:02.354+0000] {dag.py:3823} INFO - Setting next_dagrun for openaq_mexico_air_quality_etl to 2025-07-23 03:00:00+00:00, run_after=2025-07-24 03:00:00+00:00
[2025-07-23T08:50:02.368+0000] {processor.py:183} INFO - Processing /opt/airflow/dags/MexicoairQ_etl_dag.py took 0.122 seconds
[2025-07-23T08:50:32.672+0000] {processor.py:161} INFO - Started process (PID=1044) to work on /opt/airflow/dags/MexicoairQ_etl_dag.py
[2025-07-23T08:50:32.673+0000] {processor.py:830} INFO - Processing file /opt/airflow/dags/MexicoairQ_etl_dag.py for tasks to queue
[2025-07-23T08:50:32.674+0000] {logging_mixin.py:188} INFO - [2025-07-23T08:50:32.674+0000] {dagbag.py:538} INFO - Filling up the DagBag from /opt/airflow/dags/MexicoairQ_etl_dag.py
[2025-07-23T08:50:32.735+0000] {processor.py:840} INFO - DAG(s) 'openaq_mexico_air_quality_etl' retrieved from /opt/airflow/dags/MexicoairQ_etl_dag.py
[2025-07-23T08:50:32.761+0000] {logging_mixin.py:188} INFO - [2025-07-23T08:50:32.761+0000] {dag.py:3036} INFO - Sync 1 DAGs
[2025-07-23T08:50:32.779+0000] {logging_mixin.py:188} INFO - [2025-07-23T08:50:32.779+0000] {dag.py:3823} INFO - Setting next_dagrun for openaq_mexico_air_quality_etl to 2025-07-23 03:00:00+00:00, run_after=2025-07-24 03:00:00+00:00
[2025-07-23T08:50:32.793+0000] {processor.py:183} INFO - Processing /opt/airflow/dags/MexicoairQ_etl_dag.py took 0.124 seconds
[2025-07-23T08:51:03.070+0000] {processor.py:161} INFO - Started process (PID=1082) to work on /opt/airflow/dags/MexicoairQ_etl_dag.py
[2025-07-23T08:51:03.070+0000] {processor.py:830} INFO - Processing file /opt/airflow/dags/MexicoairQ_etl_dag.py for tasks to queue
[2025-07-23T08:51:03.071+0000] {logging_mixin.py:188} INFO - [2025-07-23T08:51:03.071+0000] {dagbag.py:538} INFO - Filling up the DagBag from /opt/airflow/dags/MexicoairQ_etl_dag.py
[2025-07-23T08:51:03.134+0000] {processor.py:840} INFO - DAG(s) 'openaq_mexico_air_quality_etl' retrieved from /opt/airflow/dags/MexicoairQ_etl_dag.py
[2025-07-23T08:51:03.162+0000] {logging_mixin.py:188} INFO - [2025-07-23T08:51:03.162+0000] {dag.py:3036} INFO - Sync 1 DAGs
[2025-07-23T08:51:03.182+0000] {logging_mixin.py:188} INFO - [2025-07-23T08:51:03.182+0000] {dag.py:3823} INFO - Setting next_dagrun for openaq_mexico_air_quality_etl to 2025-07-23 03:00:00+00:00, run_after=2025-07-24 03:00:00+00:00
[2025-07-23T08:51:03.198+0000] {processor.py:183} INFO - Processing /opt/airflow/dags/MexicoairQ_etl_dag.py took 0.132 seconds
[2025-07-23T08:51:33.541+0000] {processor.py:161} INFO - Started process (PID=1120) to work on /opt/airflow/dags/MexicoairQ_etl_dag.py
[2025-07-23T08:51:33.541+0000] {processor.py:830} INFO - Processing file /opt/airflow/dags/MexicoairQ_etl_dag.py for tasks to queue
[2025-07-23T08:51:33.542+0000] {logging_mixin.py:188} INFO - [2025-07-23T08:51:33.542+0000] {dagbag.py:538} INFO - Filling up the DagBag from /opt/airflow/dags/MexicoairQ_etl_dag.py
[2025-07-23T08:51:33.612+0000] {processor.py:840} INFO - DAG(s) 'openaq_mexico_air_quality_etl' retrieved from /opt/airflow/dags/MexicoairQ_etl_dag.py
[2025-07-23T08:51:33.642+0000] {logging_mixin.py:188} INFO - [2025-07-23T08:51:33.641+0000] {dag.py:3036} INFO - Sync 1 DAGs
[2025-07-23T08:51:33.661+0000] {logging_mixin.py:188} INFO - [2025-07-23T08:51:33.661+0000] {dag.py:3823} INFO - Setting next_dagrun for openaq_mexico_air_quality_etl to 2025-07-23 03:00:00+00:00, run_after=2025-07-24 03:00:00+00:00
[2025-07-23T08:51:33.676+0000] {processor.py:183} INFO - Processing /opt/airflow/dags/MexicoairQ_etl_dag.py took 0.138 seconds
[2025-07-23T08:52:03.967+0000] {processor.py:161} INFO - Started process (PID=1158) to work on /opt/airflow/dags/MexicoairQ_etl_dag.py
[2025-07-23T08:52:03.968+0000] {processor.py:830} INFO - Processing file /opt/airflow/dags/MexicoairQ_etl_dag.py for tasks to queue
[2025-07-23T08:52:03.968+0000] {logging_mixin.py:188} INFO - [2025-07-23T08:52:03.968+0000] {dagbag.py:538} INFO - Filling up the DagBag from /opt/airflow/dags/MexicoairQ_etl_dag.py
[2025-07-23T08:52:04.025+0000] {processor.py:840} INFO - DAG(s) 'openaq_mexico_air_quality_etl' retrieved from /opt/airflow/dags/MexicoairQ_etl_dag.py
[2025-07-23T08:52:04.049+0000] {logging_mixin.py:188} INFO - [2025-07-23T08:52:04.049+0000] {dag.py:3036} INFO - Sync 1 DAGs
[2025-07-23T08:52:04.068+0000] {logging_mixin.py:188} INFO - [2025-07-23T08:52:04.068+0000] {dag.py:3823} INFO - Setting next_dagrun for openaq_mexico_air_quality_etl to 2025-07-23 03:00:00+00:00, run_after=2025-07-24 03:00:00+00:00
[2025-07-23T08:52:04.082+0000] {processor.py:183} INFO - Processing /opt/airflow/dags/MexicoairQ_etl_dag.py took 0.118 seconds
[2025-07-23T08:52:34.410+0000] {processor.py:161} INFO - Started process (PID=1196) to work on /opt/airflow/dags/MexicoairQ_etl_dag.py
[2025-07-23T08:52:34.411+0000] {processor.py:830} INFO - Processing file /opt/airflow/dags/MexicoairQ_etl_dag.py for tasks to queue
[2025-07-23T08:52:34.412+0000] {logging_mixin.py:188} INFO - [2025-07-23T08:52:34.412+0000] {dagbag.py:538} INFO - Filling up the DagBag from /opt/airflow/dags/MexicoairQ_etl_dag.py
[2025-07-23T08:52:34.483+0000] {processor.py:840} INFO - DAG(s) 'openaq_mexico_air_quality_etl' retrieved from /opt/airflow/dags/MexicoairQ_etl_dag.py
[2025-07-23T08:52:34.511+0000] {logging_mixin.py:188} INFO - [2025-07-23T08:52:34.510+0000] {dag.py:3036} INFO - Sync 1 DAGs
[2025-07-23T08:52:34.531+0000] {logging_mixin.py:188} INFO - [2025-07-23T08:52:34.530+0000] {dag.py:3823} INFO - Setting next_dagrun for openaq_mexico_air_quality_etl to 2025-07-23 03:00:00+00:00, run_after=2025-07-24 03:00:00+00:00
[2025-07-23T08:52:34.545+0000] {processor.py:183} INFO - Processing /opt/airflow/dags/MexicoairQ_etl_dag.py took 0.140 seconds
[2025-07-23T08:53:04.852+0000] {processor.py:161} INFO - Started process (PID=1234) to work on /opt/airflow/dags/MexicoairQ_etl_dag.py
[2025-07-23T08:53:04.853+0000] {processor.py:830} INFO - Processing file /opt/airflow/dags/MexicoairQ_etl_dag.py for tasks to queue
[2025-07-23T08:53:04.854+0000] {logging_mixin.py:188} INFO - [2025-07-23T08:53:04.854+0000] {dagbag.py:538} INFO - Filling up the DagBag from /opt/airflow/dags/MexicoairQ_etl_dag.py
[2025-07-23T08:53:04.913+0000] {processor.py:840} INFO - DAG(s) 'openaq_mexico_air_quality_etl' retrieved from /opt/airflow/dags/MexicoairQ_etl_dag.py
[2025-07-23T08:53:04.938+0000] {logging_mixin.py:188} INFO - [2025-07-23T08:53:04.937+0000] {dag.py:3036} INFO - Sync 1 DAGs
[2025-07-23T08:53:04.956+0000] {logging_mixin.py:188} INFO - [2025-07-23T08:53:04.956+0000] {dag.py:3823} INFO - Setting next_dagrun for openaq_mexico_air_quality_etl to 2025-07-23 03:00:00+00:00, run_after=2025-07-24 03:00:00+00:00
[2025-07-23T08:53:04.971+0000] {processor.py:183} INFO - Processing /opt/airflow/dags/MexicoairQ_etl_dag.py took 0.123 seconds
[2025-07-23T08:53:35.281+0000] {processor.py:161} INFO - Started process (PID=1275) to work on /opt/airflow/dags/MexicoairQ_etl_dag.py
[2025-07-23T08:53:35.281+0000] {processor.py:830} INFO - Processing file /opt/airflow/dags/MexicoairQ_etl_dag.py for tasks to queue
[2025-07-23T08:53:35.282+0000] {logging_mixin.py:188} INFO - [2025-07-23T08:53:35.282+0000] {dagbag.py:538} INFO - Filling up the DagBag from /opt/airflow/dags/MexicoairQ_etl_dag.py
[2025-07-23T08:53:35.336+0000] {processor.py:840} INFO - DAG(s) 'openaq_mexico_air_quality_etl' retrieved from /opt/airflow/dags/MexicoairQ_etl_dag.py
[2025-07-23T08:53:35.358+0000] {logging_mixin.py:188} INFO - [2025-07-23T08:53:35.358+0000] {dag.py:3036} INFO - Sync 1 DAGs
[2025-07-23T08:53:35.376+0000] {logging_mixin.py:188} INFO - [2025-07-23T08:53:35.375+0000] {dag.py:3823} INFO - Setting next_dagrun for openaq_mexico_air_quality_etl to 2025-07-23 03:00:00+00:00, run_after=2025-07-24 03:00:00+00:00
[2025-07-23T08:53:35.388+0000] {processor.py:183} INFO - Processing /opt/airflow/dags/MexicoairQ_etl_dag.py took 0.111 seconds
[2025-07-23T08:54:05.664+0000] {processor.py:161} INFO - Started process (PID=1313) to work on /opt/airflow/dags/MexicoairQ_etl_dag.py
[2025-07-23T08:54:05.665+0000] {processor.py:830} INFO - Processing file /opt/airflow/dags/MexicoairQ_etl_dag.py for tasks to queue
[2025-07-23T08:54:05.666+0000] {logging_mixin.py:188} INFO - [2025-07-23T08:54:05.666+0000] {dagbag.py:538} INFO - Filling up the DagBag from /opt/airflow/dags/MexicoairQ_etl_dag.py
[2025-07-23T08:54:05.719+0000] {processor.py:840} INFO - DAG(s) 'openaq_mexico_air_quality_etl' retrieved from /opt/airflow/dags/MexicoairQ_etl_dag.py
[2025-07-23T08:54:05.742+0000] {logging_mixin.py:188} INFO - [2025-07-23T08:54:05.741+0000] {dag.py:3036} INFO - Sync 1 DAGs
[2025-07-23T08:54:05.761+0000] {logging_mixin.py:188} INFO - [2025-07-23T08:54:05.761+0000] {dag.py:3823} INFO - Setting next_dagrun for openaq_mexico_air_quality_etl to 2025-07-23 03:00:00+00:00, run_after=2025-07-24 03:00:00+00:00
[2025-07-23T08:54:05.774+0000] {processor.py:183} INFO - Processing /opt/airflow/dags/MexicoairQ_etl_dag.py took 0.113 seconds
[2025-07-23T08:54:36.053+0000] {processor.py:161} INFO - Started process (PID=1351) to work on /opt/airflow/dags/MexicoairQ_etl_dag.py
[2025-07-23T08:54:36.053+0000] {processor.py:830} INFO - Processing file /opt/airflow/dags/MexicoairQ_etl_dag.py for tasks to queue
[2025-07-23T08:54:36.054+0000] {logging_mixin.py:188} INFO - [2025-07-23T08:54:36.054+0000] {dagbag.py:538} INFO - Filling up the DagBag from /opt/airflow/dags/MexicoairQ_etl_dag.py
[2025-07-23T08:54:36.106+0000] {processor.py:840} INFO - DAG(s) 'openaq_mexico_air_quality_etl' retrieved from /opt/airflow/dags/MexicoairQ_etl_dag.py
[2025-07-23T08:54:36.128+0000] {logging_mixin.py:188} INFO - [2025-07-23T08:54:36.128+0000] {dag.py:3036} INFO - Sync 1 DAGs
[2025-07-23T08:54:36.145+0000] {logging_mixin.py:188} INFO - [2025-07-23T08:54:36.145+0000] {dag.py:3823} INFO - Setting next_dagrun for openaq_mexico_air_quality_etl to 2025-07-23 03:00:00+00:00, run_after=2025-07-24 03:00:00+00:00
[2025-07-23T08:54:36.158+0000] {processor.py:183} INFO - Processing /opt/airflow/dags/MexicoairQ_etl_dag.py took 0.109 seconds
[2025-07-23T08:55:06.423+0000] {processor.py:161} INFO - Started process (PID=1389) to work on /opt/airflow/dags/MexicoairQ_etl_dag.py
[2025-07-23T08:55:06.424+0000] {processor.py:830} INFO - Processing file /opt/airflow/dags/MexicoairQ_etl_dag.py for tasks to queue
[2025-07-23T08:55:06.424+0000] {logging_mixin.py:188} INFO - [2025-07-23T08:55:06.424+0000] {dagbag.py:538} INFO - Filling up the DagBag from /opt/airflow/dags/MexicoairQ_etl_dag.py
[2025-07-23T08:55:06.478+0000] {processor.py:840} INFO - DAG(s) 'openaq_mexico_air_quality_etl' retrieved from /opt/airflow/dags/MexicoairQ_etl_dag.py
[2025-07-23T08:55:06.500+0000] {logging_mixin.py:188} INFO - [2025-07-23T08:55:06.500+0000] {dag.py:3036} INFO - Sync 1 DAGs
[2025-07-23T08:55:06.518+0000] {logging_mixin.py:188} INFO - [2025-07-23T08:55:06.518+0000] {dag.py:3823} INFO - Setting next_dagrun for openaq_mexico_air_quality_etl to 2025-07-23 03:00:00+00:00, run_after=2025-07-24 03:00:00+00:00
[2025-07-23T08:55:06.531+0000] {processor.py:183} INFO - Processing /opt/airflow/dags/MexicoairQ_etl_dag.py took 0.111 seconds
[2025-07-23T08:55:36.812+0000] {processor.py:161} INFO - Started process (PID=1427) to work on /opt/airflow/dags/MexicoairQ_etl_dag.py
[2025-07-23T08:55:36.812+0000] {processor.py:830} INFO - Processing file /opt/airflow/dags/MexicoairQ_etl_dag.py for tasks to queue
[2025-07-23T08:55:36.813+0000] {logging_mixin.py:188} INFO - [2025-07-23T08:55:36.813+0000] {dagbag.py:538} INFO - Filling up the DagBag from /opt/airflow/dags/MexicoairQ_etl_dag.py
[2025-07-23T08:55:36.868+0000] {processor.py:840} INFO - DAG(s) 'openaq_mexico_air_quality_etl' retrieved from /opt/airflow/dags/MexicoairQ_etl_dag.py
[2025-07-23T08:55:36.890+0000] {logging_mixin.py:188} INFO - [2025-07-23T08:55:36.890+0000] {dag.py:3036} INFO - Sync 1 DAGs
[2025-07-23T08:55:36.907+0000] {logging_mixin.py:188} INFO - [2025-07-23T08:55:36.907+0000] {dag.py:3823} INFO - Setting next_dagrun for openaq_mexico_air_quality_etl to 2025-07-23 03:00:00+00:00, run_after=2025-07-24 03:00:00+00:00
[2025-07-23T08:55:36.921+0000] {processor.py:183} INFO - Processing /opt/airflow/dags/MexicoairQ_etl_dag.py took 0.112 seconds
[2025-07-23T08:56:07.205+0000] {processor.py:161} INFO - Started process (PID=1465) to work on /opt/airflow/dags/MexicoairQ_etl_dag.py
[2025-07-23T08:56:07.205+0000] {processor.py:830} INFO - Processing file /opt/airflow/dags/MexicoairQ_etl_dag.py for tasks to queue
[2025-07-23T08:56:07.206+0000] {logging_mixin.py:188} INFO - [2025-07-23T08:56:07.206+0000] {dagbag.py:538} INFO - Filling up the DagBag from /opt/airflow/dags/MexicoairQ_etl_dag.py
[2025-07-23T08:56:07.265+0000] {processor.py:840} INFO - DAG(s) 'openaq_mexico_air_quality_etl' retrieved from /opt/airflow/dags/MexicoairQ_etl_dag.py
[2025-07-23T08:56:07.287+0000] {logging_mixin.py:188} INFO - [2025-07-23T08:56:07.287+0000] {dag.py:3036} INFO - Sync 1 DAGs
[2025-07-23T08:56:07.306+0000] {logging_mixin.py:188} INFO - [2025-07-23T08:56:07.305+0000] {dag.py:3823} INFO - Setting next_dagrun for openaq_mexico_air_quality_etl to 2025-07-23 03:00:00+00:00, run_after=2025-07-24 03:00:00+00:00
[2025-07-23T08:56:07.319+0000] {processor.py:183} INFO - Processing /opt/airflow/dags/MexicoairQ_etl_dag.py took 0.117 seconds
[2025-07-23T08:56:37.601+0000] {processor.py:161} INFO - Started process (PID=1503) to work on /opt/airflow/dags/MexicoairQ_etl_dag.py
[2025-07-23T08:56:37.602+0000] {processor.py:830} INFO - Processing file /opt/airflow/dags/MexicoairQ_etl_dag.py for tasks to queue
[2025-07-23T08:56:37.603+0000] {logging_mixin.py:188} INFO - [2025-07-23T08:56:37.602+0000] {dagbag.py:538} INFO - Filling up the DagBag from /opt/airflow/dags/MexicoairQ_etl_dag.py
[2025-07-23T08:56:37.657+0000] {processor.py:840} INFO - DAG(s) 'openaq_mexico_air_quality_etl' retrieved from /opt/airflow/dags/MexicoairQ_etl_dag.py
[2025-07-23T08:56:37.679+0000] {logging_mixin.py:188} INFO - [2025-07-23T08:56:37.679+0000] {dag.py:3036} INFO - Sync 1 DAGs
[2025-07-23T08:56:37.698+0000] {logging_mixin.py:188} INFO - [2025-07-23T08:56:37.697+0000] {dag.py:3823} INFO - Setting next_dagrun for openaq_mexico_air_quality_etl to 2025-07-23 03:00:00+00:00, run_after=2025-07-24 03:00:00+00:00
[2025-07-23T08:56:37.710+0000] {processor.py:183} INFO - Processing /opt/airflow/dags/MexicoairQ_etl_dag.py took 0.112 seconds
[2025-07-23T08:57:07.991+0000] {processor.py:161} INFO - Started process (PID=1541) to work on /opt/airflow/dags/MexicoairQ_etl_dag.py
[2025-07-23T08:57:07.992+0000] {processor.py:830} INFO - Processing file /opt/airflow/dags/MexicoairQ_etl_dag.py for tasks to queue
[2025-07-23T08:57:07.992+0000] {logging_mixin.py:188} INFO - [2025-07-23T08:57:07.992+0000] {dagbag.py:538} INFO - Filling up the DagBag from /opt/airflow/dags/MexicoairQ_etl_dag.py
[2025-07-23T08:57:08.046+0000] {processor.py:840} INFO - DAG(s) 'openaq_mexico_air_quality_etl' retrieved from /opt/airflow/dags/MexicoairQ_etl_dag.py
[2025-07-23T08:57:08.067+0000] {logging_mixin.py:188} INFO - [2025-07-23T08:57:08.067+0000] {dag.py:3036} INFO - Sync 1 DAGs
[2025-07-23T08:57:08.085+0000] {logging_mixin.py:188} INFO - [2025-07-23T08:57:08.084+0000] {dag.py:3823} INFO - Setting next_dagrun for openaq_mexico_air_quality_etl to 2025-07-23 03:00:00+00:00, run_after=2025-07-24 03:00:00+00:00
[2025-07-23T08:57:08.097+0000] {processor.py:183} INFO - Processing /opt/airflow/dags/MexicoairQ_etl_dag.py took 0.109 seconds
[2025-07-23T08:57:38.390+0000] {processor.py:161} INFO - Started process (PID=1579) to work on /opt/airflow/dags/MexicoairQ_etl_dag.py
[2025-07-23T08:57:38.390+0000] {processor.py:830} INFO - Processing file /opt/airflow/dags/MexicoairQ_etl_dag.py for tasks to queue
[2025-07-23T08:57:38.391+0000] {logging_mixin.py:188} INFO - [2025-07-23T08:57:38.391+0000] {dagbag.py:538} INFO - Filling up the DagBag from /opt/airflow/dags/MexicoairQ_etl_dag.py
[2025-07-23T08:57:38.445+0000] {processor.py:840} INFO - DAG(s) 'openaq_mexico_air_quality_etl' retrieved from /opt/airflow/dags/MexicoairQ_etl_dag.py
[2025-07-23T08:57:38.469+0000] {logging_mixin.py:188} INFO - [2025-07-23T08:57:38.469+0000] {dag.py:3036} INFO - Sync 1 DAGs
[2025-07-23T08:57:38.487+0000] {logging_mixin.py:188} INFO - [2025-07-23T08:57:38.486+0000] {dag.py:3823} INFO - Setting next_dagrun for openaq_mexico_air_quality_etl to 2025-07-23 03:00:00+00:00, run_after=2025-07-24 03:00:00+00:00
[2025-07-23T08:57:38.499+0000] {processor.py:183} INFO - Processing /opt/airflow/dags/MexicoairQ_etl_dag.py took 0.113 seconds
[2025-07-23T08:58:08.822+0000] {processor.py:161} INFO - Started process (PID=1617) to work on /opt/airflow/dags/MexicoairQ_etl_dag.py
[2025-07-23T08:58:08.823+0000] {processor.py:830} INFO - Processing file /opt/airflow/dags/MexicoairQ_etl_dag.py for tasks to queue
[2025-07-23T08:58:08.825+0000] {logging_mixin.py:188} INFO - [2025-07-23T08:58:08.824+0000] {dagbag.py:538} INFO - Filling up the DagBag from /opt/airflow/dags/MexicoairQ_etl_dag.py
[2025-07-23T08:58:08.908+0000] {processor.py:840} INFO - DAG(s) 'openaq_mexico_air_quality_etl' retrieved from /opt/airflow/dags/MexicoairQ_etl_dag.py
[2025-07-23T08:58:08.932+0000] {logging_mixin.py:188} INFO - [2025-07-23T08:58:08.932+0000] {dag.py:3036} INFO - Sync 1 DAGs
[2025-07-23T08:58:08.950+0000] {logging_mixin.py:188} INFO - [2025-07-23T08:58:08.950+0000] {dag.py:3823} INFO - Setting next_dagrun for openaq_mexico_air_quality_etl to 2025-07-23 03:00:00+00:00, run_after=2025-07-24 03:00:00+00:00
[2025-07-23T08:58:08.963+0000] {processor.py:183} INFO - Processing /opt/airflow/dags/MexicoairQ_etl_dag.py took 0.146 seconds
[2025-07-23T08:58:39.448+0000] {processor.py:161} INFO - Started process (PID=1665) to work on /opt/airflow/dags/MexicoairQ_etl_dag.py
[2025-07-23T08:58:39.449+0000] {processor.py:830} INFO - Processing file /opt/airflow/dags/MexicoairQ_etl_dag.py for tasks to queue
[2025-07-23T08:58:39.450+0000] {logging_mixin.py:188} INFO - [2025-07-23T08:58:39.449+0000] {dagbag.py:538} INFO - Filling up the DagBag from /opt/airflow/dags/MexicoairQ_etl_dag.py
[2025-07-23T08:58:39.505+0000] {processor.py:840} INFO - DAG(s) 'openaq_mexico_air_quality_etl' retrieved from /opt/airflow/dags/MexicoairQ_etl_dag.py
[2025-07-23T08:58:39.528+0000] {logging_mixin.py:188} INFO - [2025-07-23T08:58:39.528+0000] {dag.py:3036} INFO - Sync 1 DAGs
[2025-07-23T08:58:39.544+0000] {logging_mixin.py:188} INFO - [2025-07-23T08:58:39.544+0000] {dag.py:3823} INFO - Setting next_dagrun for openaq_mexico_air_quality_etl to 2025-07-23 03:00:00+00:00, run_after=2025-07-24 03:00:00+00:00
[2025-07-23T08:58:39.556+0000] {processor.py:183} INFO - Processing /opt/airflow/dags/MexicoairQ_etl_dag.py took 0.110 seconds
